[0.008s] Invoking command in '/bumperbot_ws/build/bumperbot_planning': CMAKE_PREFIX_PATH=${CMAKE_PREFIX_PATH}:/opt/ros/jazzy /usr/bin/cmake --build /bumperbot_ws/build/bumperbot_planning -- -j16 -l16
[0.027s] -- Found ament_cmake: 2.5.4 (/opt/ros/jazzy/share/ament_cmake/cmake)
[0.187s] -- Found rclcpp: 28.1.12 (/opt/ros/jazzy/share/rclcpp/cmake)
[0.209s] -- Found rosidl_generator_c: 4.6.6 (/opt/ros/jazzy/share/rosidl_generator_c/cmake)
[0.217s] -- Found rosidl_generator_cpp: 4.6.6 (/opt/ros/jazzy/share/rosidl_generator_cpp/cmake)
[0.227s] -- Using all available rosidl_typesupport_c: rosidl_typesupport_fastrtps_c;rosidl_typesupport_introspection_c
[0.237s] -- Using all available rosidl_typesupport_cpp: rosidl_typesupport_fastrtps_cpp;rosidl_typesupport_introspection_cpp
[0.291s] -- Found rmw_implementation_cmake: 7.3.2 (/opt/ros/jazzy/share/rmw_implementation_cmake/cmake)
[0.293s] -- Found rmw_zenoh_cpp: 0.2.7 (/opt/ros/jazzy/share/rmw_zenoh_cpp/cmake)
[0.293s] -- Using RMW implementation 'rmw_zenoh_cpp' as default
[0.345s] -- Found rclpy: 7.1.5 (/opt/ros/jazzy/share/rclpy/cmake)
[0.345s] -- Found nav_msgs: 5.3.6 (/opt/ros/jazzy/share/nav_msgs/cmake)
[0.393s] -- Found tf2_ros: 0.36.14 (/opt/ros/jazzy/share/tf2_ros/cmake)
[0.640s] -- Configuring done (0.6s)
[0.660s] -- Generating done (0.0s)
[0.665s] -- Build files have been written to: /bumperbot_ws/build/bumperbot_planning
[0.700s] [ 25%] Built target ament_cmake_python_copy_bumperbot_planning
[0.701s] [ 25%] Building CXX object CMakeFiles/dijkstra_planner.dir/src/dijkstra_planner.cpp.o
[0.701s] [ 75%] Built target a_star_planner
[0.876s] running egg_info
[0.891s] writing bumperbot_planning.egg-info/PKG-INFO
[0.891s] writing dependency_links to bumperbot_planning.egg-info/dependency_links.txt
[0.891s] writing top-level names to bumperbot_planning.egg-info/top_level.txt
[0.941s] reading manifest file 'bumperbot_planning.egg-info/SOURCES.txt'
[0.941s] writing manifest file 'bumperbot_planning.egg-info/SOURCES.txt'
[0.943s] In file included from /bumperbot_ws/src/bumperbot_planning/src/dijkstra_planner.cpp:4:
[0.944s] /bumperbot_ws/src/bumperbot_planning/include/bumperbot_planning/dijkstra_planner.hpp:13:10: fatal error: nav2_core/global_planner.hpp: No such file or directory
[0.944s]    13 | #include "nav2_core/global_planner.hpp"
[0.944s]       |          ^~~~~~~~~~~~~~~~~~~~~~~~~~~~~~
[0.944s] compilation terminated.
[0.947s] gmake[2]: *** [CMakeFiles/dijkstra_planner.dir/build.make:76: CMakeFiles/dijkstra_planner.dir/src/dijkstra_planner.cpp.o] Error 1
[0.947s] gmake[1]: *** [CMakeFiles/Makefile2:194: CMakeFiles/dijkstra_planner.dir/all] Error 2
[0.947s] gmake[1]: *** Waiting for unfinished jobs....
[0.977s] [ 75%] Built target ament_cmake_python_build_bumperbot_planning_egg
[0.979s] gmake: *** [Makefile:146: all] Error 2
[0.980s] Invoked command in '/bumperbot_ws/build/bumperbot_planning' returned '2': CMAKE_PREFIX_PATH=${CMAKE_PREFIX_PATH}:/opt/ros/jazzy /usr/bin/cmake --build /bumperbot_ws/build/bumperbot_planning -- -j16 -l16
