[0.008s] Invoking command in '/bumperbot_ws/build/bumperbot_mapping': CMAKE_PREFIX_PATH=${CMAKE_PREFIX_PATH}:/opt/ros/jazzy /usr/bin/cmake /bumperbot_ws/src/bumperbot_mapping -DCMAKE_INSTALL_PREFIX=/bumperbot_ws/install/bumperbot_mapping
[0.092s] -- The C compiler identification is GNU 13.3.0
[0.171s] -- The CXX compiler identification is GNU 13.3.0
[0.185s] -- Detecting C compiler ABI info
[0.250s] -- Detecting C compiler ABI info - done
[0.257s] -- Check for working C compiler: /usr/bin/cc - skipped
[0.257s] -- Detecting C compile features
[0.258s] -- Detecting C compile features - done
[0.264s] -- Detecting CXX compiler ABI info
[0.331s] -- Detecting CXX compiler ABI info - done
[0.336s] -- Check for working CXX compiler: /usr/bin/c++ - skipped
[0.336s] -- Detecting CXX compile features
[0.337s] -- Detecting CXX compile features - done
[0.343s] -- Found ament_cmake: 2.5.4 (/opt/ros/jazzy/share/ament_cmake/cmake)
[0.439s] -- Found Python3: /usr/bin/python3 (found version "3.12.3") found components: Interpreter 
[0.545s] -- Found rclcpp: 28.1.12 (/opt/ros/jazzy/share/rclcpp/cmake)
[0.585s] -- Found rosidl_generator_c: 4.6.6 (/opt/ros/jazzy/share/rosidl_generator_c/cmake)
[0.598s] -- Found rosidl_generator_cpp: 4.6.6 (/opt/ros/jazzy/share/rosidl_generator_cpp/cmake)
[0.614s] -- Using all available rosidl_typesupport_c: rosidl_typesupport_fastrtps_c;rosidl_typesupport_introspection_c
[0.630s] -- Using all available rosidl_typesupport_cpp: rosidl_typesupport_fastrtps_cpp;rosidl_typesupport_introspection_cpp
[0.697s] -- Found rmw_implementation_cmake: 7.3.2 (/opt/ros/jazzy/share/rmw_implementation_cmake/cmake)
[0.700s] -- Found rmw_zenoh_cpp: 0.2.7 (/opt/ros/jazzy/share/rmw_zenoh_cpp/cmake)
[0.701s] -- Using RMW implementation 'rmw_zenoh_cpp' as default
[0.760s] -- Found rclpy: 7.1.5 (/opt/ros/jazzy/share/rclpy/cmake)
[0.762s] -- Found sensor_msgs: 5.3.6 (/opt/ros/jazzy/share/sensor_msgs/cmake)
[0.806s] -- Found nav_msgs: 5.3.6 (/opt/ros/jazzy/share/nav_msgs/cmake)
[0.830s] -- Found tf2_ros: 0.36.14 (/opt/ros/jazzy/share/tf2_ros/cmake)
[1.068s] -- Configuring done (1.1s)
[1.079s] -- Generating done (0.0s)
[1.082s] -- Build files have been written to: /bumperbot_ws/build/bumperbot_mapping
[1.087s] Invoked command in '/bumperbot_ws/build/bumperbot_mapping' returned '0': CMAKE_PREFIX_PATH=${CMAKE_PREFIX_PATH}:/opt/ros/jazzy /usr/bin/cmake /bumperbot_ws/src/bumperbot_mapping -DCMAKE_INSTALL_PREFIX=/bumperbot_ws/install/bumperbot_mapping
[1.088s] Invoking command in '/bumperbot_ws/build/bumperbot_mapping': CMAKE_PREFIX_PATH=${CMAKE_PREFIX_PATH}:/opt/ros/jazzy /usr/bin/cmake --build /bumperbot_ws/build/bumperbot_mapping -- -j16 -l16
[1.128s] [ 50%] [32mBuilding CXX object CMakeFiles/mapping_with_known_poses.dir/src/mapping_with_known_poses.cpp.o[0m
[1.135s] [ 50%] Built target ament_cmake_python_copy_bumperbot_mapping
[1.333s] running egg_info
[1.334s] creating bumperbot_mapping.egg-info
[1.352s] writing bumperbot_mapping.egg-info/PKG-INFO
[1.352s] writing dependency_links to bumperbot_mapping.egg-info/dependency_links.txt
[1.352s] writing top-level names to bumperbot_mapping.egg-info/top_level.txt
[1.352s] writing manifest file 'bumperbot_mapping.egg-info/SOURCES.txt'
[1.404s] reading manifest file 'bumperbot_mapping.egg-info/SOURCES.txt'
[1.405s] writing manifest file 'bumperbot_mapping.egg-info/SOURCES.txt'
[1.435s] [ 50%] Built target ament_cmake_python_build_bumperbot_mapping_egg
[7.743s] [100%] [32m[1mLinking CXX executable mapping_with_known_poses[0m
[8.050s] [100%] Built target mapping_with_known_poses
[8.059s] Invoked command in '/bumperbot_ws/build/bumperbot_mapping' returned '0': CMAKE_PREFIX_PATH=${CMAKE_PREFIX_PATH}:/opt/ros/jazzy /usr/bin/cmake --build /bumperbot_ws/build/bumperbot_mapping -- -j16 -l16
[8.060s] Invoking command in '/bumperbot_ws/build/bumperbot_mapping': CMAKE_PREFIX_PATH=${CMAKE_PREFIX_PATH}:/opt/ros/jazzy /usr/bin/cmake --install /bumperbot_ws/build/bumperbot_mapping
[8.067s] -- Install configuration: ""
[8.068s] -- Installing: /bumperbot_ws/install/bumperbot_mapping/share/bumperbot_mapping/environment/pythonpath.sh
[8.068s] -- Installing: /bumperbot_ws/install/bumperbot_mapping/share/bumperbot_mapping/environment/pythonpath.dsv
[8.068s] -- Installing: /bumperbot_ws/install/bumperbot_mapping/lib/python3.12/site-packages/bumperbot_mapping-0.0.0-py3.12.egg-info
[8.068s] -- Installing: /bumperbot_ws/install/bumperbot_mapping/lib/python3.12/site-packages/bumperbot_mapping-0.0.0-py3.12.egg-info/top_level.txt
[8.068s] -- Installing: /bumperbot_ws/install/bumperbot_mapping/lib/python3.12/site-packages/bumperbot_mapping-0.0.0-py3.12.egg-info/PKG-INFO
[8.068s] -- Installing: /bumperbot_ws/install/bumperbot_mapping/lib/python3.12/site-packages/bumperbot_mapping-0.0.0-py3.12.egg-info/SOURCES.txt
[8.068s] -- Installing: /bumperbot_ws/install/bumperbot_mapping/lib/python3.12/site-packages/bumperbot_mapping-0.0.0-py3.12.egg-info/dependency_links.txt
[8.068s] -- Installing: /bumperbot_ws/install/bumperbot_mapping/lib/python3.12/site-packages/bumperbot_mapping
[8.068s] -- Installing: /bumperbot_ws/install/bumperbot_mapping/lib/python3.12/site-packages/bumperbot_mapping/__init__.py
[8.068s] -- Installing: /bumperbot_ws/install/bumperbot_mapping/lib/python3.12/site-packages/bumperbot_mapping/mapping_with_known_poses.py
[8.099s] Listing '/bumperbot_ws/install/bumperbot_mapping/lib/python3.12/site-packages/bumperbot_mapping'...
[8.100s] Compiling '/bumperbot_ws/install/bumperbot_mapping/lib/python3.12/site-packages/bumperbot_mapping/__init__.py'...
[8.100s] Compiling '/bumperbot_ws/install/bumperbot_mapping/lib/python3.12/site-packages/bumperbot_mapping/mapping_with_known_poses.py'...
[8.105s] -- Installing: /bumperbot_ws/install/bumperbot_mapping/include/include
[8.105s] -- Installing: /bumperbot_ws/install/bumperbot_mapping/include/include/bumperbot_mapping
[8.105s] -- Installing: /bumperbot_ws/install/bumperbot_mapping/include/include/bumperbot_mapping/mapping_with_known_poses.hpp
[8.105s] -- Installing: /bumperbot_ws/install/bumperbot_mapping/lib/bumperbot_mapping/mapping_with_known_poses
[8.108s] -- Set non-toolchain portion of runtime path of "/bumperbot_ws/install/bumperbot_mapping/lib/bumperbot_mapping/mapping_with_known_poses" to ""
[8.108s] -- Installing: /bumperbot_ws/install/bumperbot_mapping/share/bumperbot_mapping/config
[8.108s] -- Installing: /bumperbot_ws/install/bumperbot_mapping/share/bumperbot_mapping/config/slam_toolbox.yaml
[8.108s] -- Installing: /bumperbot_ws/install/bumperbot_mapping/share/bumperbot_mapping/launch
[8.108s] -- Installing: /bumperbot_ws/install/bumperbot_mapping/share/bumperbot_mapping/launch/slam.launch.py
[8.108s] -- Installing: /bumperbot_ws/install/bumperbot_mapping/share/bumperbot_mapping/maps
[8.109s] -- Installing: /bumperbot_ws/install/bumperbot_mapping/share/bumperbot_mapping/maps/small_warehouse
[8.109s] -- Installing: /bumperbot_ws/install/bumperbot_mapping/share/bumperbot_mapping/maps/small_warehouse/map.pgm
[8.109s] -- Installing: /bumperbot_ws/install/bumperbot_mapping/share/bumperbot_mapping/maps/small_warehouse/map.yaml
[8.109s] -- Installing: /bumperbot_ws/install/bumperbot_mapping/share/bumperbot_mapping/maps/small_house
[8.109s] -- Installing: /bumperbot_ws/install/bumperbot_mapping/share/bumperbot_mapping/maps/small_house/map.pgm
[8.109s] -- Installing: /bumperbot_ws/install/bumperbot_mapping/share/bumperbot_mapping/maps/small_house/map.yaml
[8.109s] -- Installing: /bumperbot_ws/install/bumperbot_mapping/share/bumperbot_mapping/rviz
[8.109s] -- Installing: /bumperbot_ws/install/bumperbot_mapping/share/bumperbot_mapping/rviz/slam.rviz
[8.109s] -- Installing: /bumperbot_ws/install/bumperbot_mapping/lib/bumperbot_mapping/mapping_with_known_poses.py
[8.109s] -- Installing: /bumperbot_ws/install/bumperbot_mapping/share/ament_index/resource_index/package_run_dependencies/bumperbot_mapping
[8.109s] -- Installing: /bumperbot_ws/install/bumperbot_mapping/share/ament_index/resource_index/parent_prefix_path/bumperbot_mapping
[8.109s] -- Installing: /bumperbot_ws/install/bumperbot_mapping/share/bumperbot_mapping/environment/ament_prefix_path.sh
[8.109s] -- Installing: /bumperbot_ws/install/bumperbot_mapping/share/bumperbot_mapping/environment/ament_prefix_path.dsv
[8.109s] -- Installing: /bumperbot_ws/install/bumperbot_mapping/share/bumperbot_mapping/environment/path.sh
[8.109s] -- Installing: /bumperbot_ws/install/bumperbot_mapping/share/bumperbot_mapping/environment/path.dsv
[8.110s] -- Installing: /bumperbot_ws/install/bumperbot_mapping/share/bumperbot_mapping/local_setup.bash
[8.110s] -- Installing: /bumperbot_ws/install/bumperbot_mapping/share/bumperbot_mapping/local_setup.sh
[8.110s] -- Installing: /bumperbot_ws/install/bumperbot_mapping/share/bumperbot_mapping/local_setup.zsh
[8.110s] -- Installing: /bumperbot_ws/install/bumperbot_mapping/share/bumperbot_mapping/local_setup.dsv
[8.110s] -- Installing: /bumperbot_ws/install/bumperbot_mapping/share/bumperbot_mapping/package.dsv
[8.110s] -- Installing: /bumperbot_ws/install/bumperbot_mapping/share/ament_index/resource_index/packages/bumperbot_mapping
[8.110s] -- Installing: /bumperbot_ws/install/bumperbot_mapping/share/bumperbot_mapping/cmake/bumperbot_mappingConfig.cmake
[8.110s] -- Installing: /bumperbot_ws/install/bumperbot_mapping/share/bumperbot_mapping/cmake/bumperbot_mappingConfig-version.cmake
[8.110s] -- Installing: /bumperbot_ws/install/bumperbot_mapping/share/bumperbot_mapping/package.xml
[8.112s] Invoked command in '/bumperbot_ws/build/bumperbot_mapping' returned '0': CMAKE_PREFIX_PATH=${CMAKE_PREFIX_PATH}:/opt/ros/jazzy /usr/bin/cmake --install /bumperbot_ws/build/bumperbot_mapping
