[0.015s] Invoking command in '/bumperbot_ws/build/bumperbot_planning': CMAKE_PREFIX_PATH=${CMAKE_PREFIX_PATH}:/opt/ros/jazzy /usr/bin/cmake --build /bumperbot_ws/build/bumperbot_planning -- -j16 -l16
[0.036s] -- Found ament_cmake: 2.5.4 (/opt/ros/jazzy/share/ament_cmake/cmake)
[0.194s] -- Found rclcpp: 28.1.12 (/opt/ros/jazzy/share/rclcpp/cmake)
[0.212s] -- Found rosidl_generator_c: 4.6.6 (/opt/ros/jazzy/share/rosidl_generator_c/cmake)
[0.218s] -- Found rosidl_generator_cpp: 4.6.6 (/opt/ros/jazzy/share/rosidl_generator_cpp/cmake)
[0.226s] -- Using all available rosidl_typesupport_c: rosidl_typesupport_fastrtps_c;rosidl_typesupport_introspection_c
[0.236s] -- Using all available rosidl_typesupport_cpp: rosidl_typesupport_fastrtps_cpp;rosidl_typesupport_introspection_cpp
[0.279s] -- Found rmw_implementation_cmake: 7.3.2 (/opt/ros/jazzy/share/rmw_implementation_cmake/cmake)
[0.281s] -- Found rmw_zenoh_cpp: 0.2.7 (/opt/ros/jazzy/share/rmw_zenoh_cpp/cmake)
[0.281s] -- Using RMW implementation 'rmw_zenoh_cpp' as default
[0.334s] -- Found rclcpp_action: 28.1.12 (/opt/ros/jazzy/share/rclcpp_action/cmake)
[0.360s] -- Found rclpy: 7.1.5 (/opt/ros/jazzy/share/rclpy/cmake)
[0.360s] -- Found nav_msgs: 5.3.6 (/opt/ros/jazzy/share/nav_msgs/cmake)
[0.404s] -- Found tf2_ros: 0.36.14 (/opt/ros/jazzy/share/tf2_ros/cmake)
[0.465s] -- Found nav2_core: 1.3.8 (/opt/ros/jazzy/share/nav2_core/cmake)
[0.619s] -- Found eigen3_cmake_module: 0.3.0 (/opt/ros/jazzy/share/eigen3_cmake_module/cmake)
[0.620s] -- Ensuring Eigen3 include directory is part of orocos-kdl CMake target
[0.628s] -- Found TinyXML2 via Config file: /usr/lib/x86_64-linux-gnu/cmake/tinyxml2
[0.851s] -- Configuring done (0.8s)
[0.908s] -- Generating done (0.0s)
[0.913s] -- Build files have been written to: /bumperbot_ws/build/bumperbot_planning
[0.943s] [  0%] Built target ament_cmake_python_copy_bumperbot_planning
[0.944s] [ 25%] [32mBuilding CXX object CMakeFiles/a_star_planner.dir/src/a_star_planner.cpp.o[0m
[0.946s] [ 50%] [32mBuilding CXX object CMakeFiles/dijkstra_planner.dir/src/dijkstra_planner.cpp.o[0m
[1.073s] running egg_info
[1.086s] writing bumperbot_planning.egg-info/PKG-INFO
[1.086s] writing dependency_links to bumperbot_planning.egg-info/dependency_links.txt
[1.086s] writing top-level names to bumperbot_planning.egg-info/top_level.txt
[1.118s] reading manifest file 'bumperbot_planning.egg-info/SOURCES.txt'
[1.118s] writing manifest file 'bumperbot_planning.egg-info/SOURCES.txt'
[1.135s] [ 50%] Built target ament_cmake_python_build_bumperbot_planning_egg
[4.100s] [ 75%] [32m[1mLinking CXX shared library libdijkstra_planner.so[0m
[4.273s] [ 75%] Built target dijkstra_planner
[7.737s] [100%] [32m[1mLinking CXX shared library liba_star_planner.so[0m
[8.171s] [100%] Built target a_star_planner
[8.178s] Invoked command in '/bumperbot_ws/build/bumperbot_planning' returned '0': CMAKE_PREFIX_PATH=${CMAKE_PREFIX_PATH}:/opt/ros/jazzy /usr/bin/cmake --build /bumperbot_ws/build/bumperbot_planning -- -j16 -l16
[8.178s] Invoking command in '/bumperbot_ws/build/bumperbot_planning': CMAKE_PREFIX_PATH=${CMAKE_PREFIX_PATH}:/opt/ros/jazzy /usr/bin/cmake --install /bumperbot_ws/build/bumperbot_planning
[8.183s] -- Install configuration: ""
[8.183s] -- Up-to-date: /bumperbot_ws/install/bumperbot_planning/share/bumperbot_planning/environment/pythonpath.sh
[8.183s] -- Up-to-date: /bumperbot_ws/install/bumperbot_planning/share/bumperbot_planning/environment/pythonpath.dsv
[8.183s] -- Up-to-date: /bumperbot_ws/install/bumperbot_planning/lib/python3.12/site-packages/bumperbot_planning-0.0.0-py3.12.egg-info
[8.183s] -- Installing: /bumperbot_ws/install/bumperbot_planning/lib/python3.12/site-packages/bumperbot_planning-0.0.0-py3.12.egg-info/top_level.txt
[8.183s] -- Installing: /bumperbot_ws/install/bumperbot_planning/lib/python3.12/site-packages/bumperbot_planning-0.0.0-py3.12.egg-info/PKG-INFO
[8.183s] -- Installing: /bumperbot_ws/install/bumperbot_planning/lib/python3.12/site-packages/bumperbot_planning-0.0.0-py3.12.egg-info/SOURCES.txt
[8.183s] -- Installing: /bumperbot_ws/install/bumperbot_planning/lib/python3.12/site-packages/bumperbot_planning-0.0.0-py3.12.egg-info/dependency_links.txt
[8.184s] -- Up-to-date: /bumperbot_ws/install/bumperbot_planning/lib/python3.12/site-packages/bumperbot_planning
[8.184s] -- Up-to-date: /bumperbot_ws/install/bumperbot_planning/lib/python3.12/site-packages/bumperbot_planning/a_star_planner.py
[8.184s] -- Up-to-date: /bumperbot_ws/install/bumperbot_planning/lib/python3.12/site-packages/bumperbot_planning/__init__.py
[8.184s] -- Up-to-date: /bumperbot_ws/install/bumperbot_planning/lib/python3.12/site-packages/bumperbot_planning/dijkstra_planner.py
[8.205s] Listing '/bumperbot_ws/install/bumperbot_planning/lib/python3.12/site-packages/bumperbot_planning'...
[8.208s] -- Installing: /bumperbot_ws/install/bumperbot_planning/share/bumperbot_planning/global_planner_plugins.xml
[8.209s] -- Installing: /bumperbot_ws/install/bumperbot_planning/lib/libdijkstra_planner.so
[8.209s] -- Set non-toolchain portion of runtime path of "/bumperbot_ws/install/bumperbot_planning/lib/libdijkstra_planner.so" to ""
[8.209s] -- Installing: /bumperbot_ws/install/bumperbot_planning/lib/liba_star_planner.so
[8.213s] -- Set non-toolchain portion of runtime path of "/bumperbot_ws/install/bumperbot_planning/lib/liba_star_planner.so" to ""
[8.213s] -- Up-to-date: /bumperbot_ws/install/bumperbot_planning/include/include
[8.213s] -- Up-to-date: /bumperbot_ws/install/bumperbot_planning/include/include/bumperbot_planning
[8.213s] -- Installing: /bumperbot_ws/install/bumperbot_planning/include/include/bumperbot_planning/dijkstra_planner.hpp
[8.213s] -- Up-to-date: /bumperbot_ws/install/bumperbot_planning/include/include/bumperbot_planning/a_star_planner.hpp
[8.213s] -- Up-to-date: /bumperbot_ws/install/bumperbot_planning/share/bumperbot_planning/global_planner_plugins.xml
[8.213s] -- Up-to-date: /bumperbot_ws/install/bumperbot_planning/lib/bumperbot_planning/a_star_planner.py
[8.213s] -- Up-to-date: /bumperbot_ws/install/bumperbot_planning/lib/bumperbot_planning/dijkstra_planner.py
[8.213s] -- Installing: /bumperbot_ws/install/bumperbot_planning/share/bumperbot_planning/environment/library_path.sh
[8.213s] -- Installing: /bumperbot_ws/install/bumperbot_planning/share/bumperbot_planning/environment/library_path.dsv
[8.213s] -- Installing: /bumperbot_ws/install/bumperbot_planning/share/ament_index/resource_index/package_run_dependencies/bumperbot_planning
[8.214s] -- Installing: /bumperbot_ws/install/bumperbot_planning/share/ament_index/resource_index/parent_prefix_path/bumperbot_planning
[8.214s] -- Up-to-date: /bumperbot_ws/install/bumperbot_planning/share/bumperbot_planning/environment/ament_prefix_path.sh
[8.214s] -- Up-to-date: /bumperbot_ws/install/bumperbot_planning/share/bumperbot_planning/environment/ament_prefix_path.dsv
[8.214s] -- Up-to-date: /bumperbot_ws/install/bumperbot_planning/share/bumperbot_planning/environment/path.sh
[8.214s] -- Up-to-date: /bumperbot_ws/install/bumperbot_planning/share/bumperbot_planning/environment/path.dsv
[8.214s] -- Up-to-date: /bumperbot_ws/install/bumperbot_planning/share/bumperbot_planning/local_setup.bash
[8.214s] -- Installing: /bumperbot_ws/install/bumperbot_planning/share/bumperbot_planning/local_setup.sh
[8.214s] -- Up-to-date: /bumperbot_ws/install/bumperbot_planning/share/bumperbot_planning/local_setup.zsh
[8.214s] -- Installing: /bumperbot_ws/install/bumperbot_planning/share/bumperbot_planning/local_setup.dsv
[8.214s] -- Installing: /bumperbot_ws/install/bumperbot_planning/share/bumperbot_planning/package.dsv
[8.214s] -- Up-to-date: /bumperbot_ws/install/bumperbot_planning/share/ament_index/resource_index/packages/bumperbot_planning
[8.214s] -- Up-to-date: /bumperbot_ws/install/bumperbot_planning/share/ament_index/resource_index/nav2_core__pluginlib__plugin/bumperbot_planning
[8.214s] -- Up-to-date: /bumperbot_ws/install/bumperbot_planning/share/bumperbot_planning/cmake/ament_cmake_export_include_directories-extras.cmake
[8.214s] -- Installing: /bumperbot_ws/install/bumperbot_planning/share/bumperbot_planning/cmake/ament_cmake_export_libraries-extras.cmake
[8.214s] -- Installing: /bumperbot_ws/install/bumperbot_planning/share/bumperbot_planning/cmake/ament_cmake_export_dependencies-extras.cmake
[8.214s] -- Installing: /bumperbot_ws/install/bumperbot_planning/share/bumperbot_planning/cmake/bumperbot_planningConfig.cmake
[8.214s] -- Up-to-date: /bumperbot_ws/install/bumperbot_planning/share/bumperbot_planning/cmake/bumperbot_planningConfig-version.cmake
[8.214s] -- Installing: /bumperbot_ws/install/bumperbot_planning/share/bumperbot_planning/package.xml
[8.215s] Invoked command in '/bumperbot_ws/build/bumperbot_planning' returned '0': CMAKE_PREFIX_PATH=${CMAKE_PREFIX_PATH}:/opt/ros/jazzy /usr/bin/cmake --install /bumperbot_ws/build/bumperbot_planning
