[0.024s] Invoking command in '/bumperbot_ws/build/bumperbot_controller': CMAKE_PREFIX_PATH=${CMAKE_PREFIX_PATH}:/opt/ros/jazzy /usr/bin/cmake --build /bumperbot_ws/build/bumperbot_controller -- -j16 -l16
[0.101s] [ 33%] Built target twist_relay
[0.131s] [ 66%] Built target simple_controller
[0.131s] [100%] Built target noisy_controller
[0.135s] [100%] Built target ament_cmake_python_copy_bumperbot_controller
[0.244s] running egg_info
[0.255s] writing bumperbot_controller.egg-info/PKG-INFO
[0.255s] writing dependency_links to bumperbot_controller.egg-info/dependency_links.txt
[0.256s] writing top-level names to bumperbot_controller.egg-info/top_level.txt
[0.287s] reading manifest file 'bumperbot_controller.egg-info/SOURCES.txt'
[0.287s] writing manifest file 'bumperbot_controller.egg-info/SOURCES.txt'
[0.320s] [100%] Built target ament_cmake_python_build_bumperbot_controller_egg
[0.334s] Invoked command in '/bumperbot_ws/build/bumperbot_controller' returned '0': CMAKE_PREFIX_PATH=${CMAKE_PREFIX_PATH}:/opt/ros/jazzy /usr/bin/cmake --build /bumperbot_ws/build/bumperbot_controller -- -j16 -l16
[0.335s] Invoking command in '/bumperbot_ws/build/bumperbot_controller': CMAKE_PREFIX_PATH=${CMAKE_PREFIX_PATH}:/opt/ros/jazzy /usr/bin/cmake --install /bumperbot_ws/build/bumperbot_controller
[0.341s] -- Install configuration: ""
[0.341s] -- Up-to-date: /bumperbot_ws/install/bumperbot_controller/share/bumperbot_controller/environment/pythonpath.sh
[0.341s] -- Up-to-date: /bumperbot_ws/install/bumperbot_controller/share/bumperbot_controller/environment/pythonpath.dsv
[0.341s] -- Up-to-date: /bumperbot_ws/install/bumperbot_controller/lib/python3.12/site-packages/bumperbot_controller-0.0.0-py3.12.egg-info
[0.341s] -- Installing: /bumperbot_ws/install/bumperbot_controller/lib/python3.12/site-packages/bumperbot_controller-0.0.0-py3.12.egg-info/top_level.txt
[0.341s] -- Installing: /bumperbot_ws/install/bumperbot_controller/lib/python3.12/site-packages/bumperbot_controller-0.0.0-py3.12.egg-info/PKG-INFO
[0.341s] -- Installing: /bumperbot_ws/install/bumperbot_controller/lib/python3.12/site-packages/bumperbot_controller-0.0.0-py3.12.egg-info/SOURCES.txt
[0.341s] -- Installing: /bumperbot_ws/install/bumperbot_controller/lib/python3.12/site-packages/bumperbot_controller-0.0.0-py3.12.egg-info/dependency_links.txt
[0.341s] -- Up-to-date: /bumperbot_ws/install/bumperbot_controller/lib/python3.12/site-packages/bumperbot_controller
[0.341s] -- Up-to-date: /bumperbot_ws/install/bumperbot_controller/lib/python3.12/site-packages/bumperbot_controller/twist_relay.py
[0.341s] -- Up-to-date: /bumperbot_ws/install/bumperbot_controller/lib/python3.12/site-packages/bumperbot_controller/noisy_controller.py
[0.341s] -- Up-to-date: /bumperbot_ws/install/bumperbot_controller/lib/python3.12/site-packages/bumperbot_controller/simple_controller.py
[0.341s] -- Up-to-date: /bumperbot_ws/install/bumperbot_controller/lib/python3.12/site-packages/bumperbot_controller/__init__.py
[0.368s] Listing '/bumperbot_ws/install/bumperbot_controller/lib/python3.12/site-packages/bumperbot_controller'...
[0.373s] -- Up-to-date: /bumperbot_ws/install/bumperbot_controller/include/include
[0.374s] -- Up-to-date: /bumperbot_ws/install/bumperbot_controller/include/include/bumperbot_controller
[0.374s] -- Up-to-date: /bumperbot_ws/install/bumperbot_controller/include/include/bumperbot_controller/noisy_controller.hpp
[0.374s] -- Up-to-date: /bumperbot_ws/install/bumperbot_controller/include/include/bumperbot_controller/simple_controller.hpp
[0.374s] -- Up-to-date: /bumperbot_ws/install/bumperbot_controller/lib/bumperbot_controller/simple_controller
[0.374s] -- Up-to-date: /bumperbot_ws/install/bumperbot_controller/lib/bumperbot_controller/noisy_controller
[0.374s] -- Up-to-date: /bumperbot_ws/install/bumperbot_controller/lib/bumperbot_controller/twist_relay
[0.374s] -- Up-to-date: /bumperbot_ws/install/bumperbot_controller/share/bumperbot_controller/launch
[0.375s] -- Up-to-date: /bumperbot_ws/install/bumperbot_controller/share/bumperbot_controller/launch/joystick_teleop.launch.py
[0.375s] -- Up-to-date: /bumperbot_ws/install/bumperbot_controller/share/bumperbot_controller/launch/controller.launch.py
[0.375s] -- Up-to-date: /bumperbot_ws/install/bumperbot_controller/share/bumperbot_controller/config
[0.375s] -- Up-to-date: /bumperbot_ws/install/bumperbot_controller/share/bumperbot_controller/config/twist_mux_topics.yaml
[0.375s] -- Up-to-date: /bumperbot_ws/install/bumperbot_controller/share/bumperbot_controller/config/joy_teleop.yaml
[0.375s] -- Up-to-date: /bumperbot_ws/install/bumperbot_controller/share/bumperbot_controller/config/bumperbot_controllers.yaml
[0.375s] -- Up-to-date: /bumperbot_ws/install/bumperbot_controller/share/bumperbot_controller/config/twist_mux_joy.yaml
[0.375s] -- Up-to-date: /bumperbot_ws/install/bumperbot_controller/share/bumperbot_controller/config/joy_config.yaml
[0.376s] -- Up-to-date: /bumperbot_ws/install/bumperbot_controller/share/bumperbot_controller/config/twist_mux_locks.yaml
[0.376s] -- Up-to-date: /bumperbot_ws/install/bumperbot_controller/lib/bumperbot_controller/simple_controller.py
[0.376s] -- Up-to-date: /bumperbot_ws/install/bumperbot_controller/lib/bumperbot_controller/noisy_controller.py
[0.376s] -- Up-to-date: /bumperbot_ws/install/bumperbot_controller/lib/bumperbot_controller/twist_relay.py
[0.376s] -- Up-to-date: /bumperbot_ws/install/bumperbot_controller/share/ament_index/resource_index/package_run_dependencies/bumperbot_controller
[0.376s] -- Up-to-date: /bumperbot_ws/install/bumperbot_controller/share/ament_index/resource_index/parent_prefix_path/bumperbot_controller
[0.376s] -- Up-to-date: /bumperbot_ws/install/bumperbot_controller/share/bumperbot_controller/environment/ament_prefix_path.sh
[0.376s] -- Up-to-date: /bumperbot_ws/install/bumperbot_controller/share/bumperbot_controller/environment/ament_prefix_path.dsv
[0.377s] -- Up-to-date: /bumperbot_ws/install/bumperbot_controller/share/bumperbot_controller/environment/path.sh
[0.377s] -- Up-to-date: /bumperbot_ws/install/bumperbot_controller/share/bumperbot_controller/environment/path.dsv
[0.377s] -- Up-to-date: /bumperbot_ws/install/bumperbot_controller/share/bumperbot_controller/local_setup.bash
[0.377s] -- Up-to-date: /bumperbot_ws/install/bumperbot_controller/share/bumperbot_controller/local_setup.sh
[0.377s] -- Up-to-date: /bumperbot_ws/install/bumperbot_controller/share/bumperbot_controller/local_setup.zsh
[0.377s] -- Up-to-date: /bumperbot_ws/install/bumperbot_controller/share/bumperbot_controller/local_setup.dsv
[0.377s] -- Installing: /bumperbot_ws/install/bumperbot_controller/share/bumperbot_controller/package.dsv
[0.377s] -- Up-to-date: /bumperbot_ws/install/bumperbot_controller/share/ament_index/resource_index/packages/bumperbot_controller
[0.377s] -- Up-to-date: /bumperbot_ws/install/bumperbot_controller/share/bumperbot_controller/cmake/bumperbot_controllerConfig.cmake
[0.377s] -- Up-to-date: /bumperbot_ws/install/bumperbot_controller/share/bumperbot_controller/cmake/bumperbot_controllerConfig-version.cmake
[0.377s] -- Up-to-date: /bumperbot_ws/install/bumperbot_controller/share/bumperbot_controller/package.xml
[0.399s] Invoked command in '/bumperbot_ws/build/bumperbot_controller' returned '0': CMAKE_PREFIX_PATH=${CMAKE_PREFIX_PATH}:/opt/ros/jazzy /usr/bin/cmake --install /bumperbot_ws/build/bumperbot_controller
