-- Found ament_cmake: 2.5.4 (/opt/ros/jazzy/share/ament_cmake/cmake)
-- Override CMake install command with custom implementation using symlinks instead of copying resources
-- Found nav2_common: 1.3.9 (/bumperbot_ws/install/nav2_common/share/nav2_common/cmake)
-- Found rclcpp: 28.1.12 (/opt/ros/jazzy/share/rclcpp/cmake)
-- Found rosidl_generator_c: 4.6.6 (/opt/ros/jazzy/share/rosidl_generator_c/cmake)
-- Found rosidl_generator_cpp: 4.6.6 (/opt/ros/jazzy/share/rosidl_generator_cpp/cmake)
-- Using all available rosidl_typesupport_c: rosidl_typesupport_fastrtps_c;rosidl_typesupport_introspection_c
-- Using all available rosidl_typesupport_cpp: rosidl_typesupport_fastrtps_cpp;rosidl_typesupport_introspection_cpp
-- Found rmw_implementation_cmake: 7.3.2 (/opt/ros/jazzy/share/rmw_implementation_cmake/cmake)
-- Found rmw_zenoh_cpp: 0.2.7 (/opt/ros/jazzy/share/rmw_zenoh_cpp/cmake)
-- Using RMW implementation 'rmw_zenoh_cpp' as default
-- Found ament_lint_auto: 0.17.3 (/opt/ros/jazzy/share/ament_lint_auto/cmake)
-- Found gtest sources under '/opt/ros/jazzy/src/gtest_vendor': C++ tests using 'Google Test' will be built
-- Added test 'cppcheck' to perform static code analysis on C / C++ code
-- Configured cppcheck include dirs: /bumperbot_ws/src/navigation2/nav2_voxel_grid/include
-- Configured cppcheck exclude dirs and/or files: 
-- Added test 'cpplint' to check C / C++ code against the Google style
-- Configured cpplint exclude dirs and/or files: 
-- Added test 'lint_cmake' to check CMake code style
-- Added test 'uncrustify' to check C / C++ code style
-- Configured uncrustify additional arguments: 
-- Added test 'xmllint' to check XML markup files
-- Configuring done (0.3s)
-- Generating done (0.0s)
-- Build files have been written to: /bumperbot_ws/build/nav2_voxel_grid
[ 10%] Building CXX object gtest/CMakeFiles/gtest_main.dir/src/gtest_main.cc.o
[ 20%] Building CXX object gtest/CMakeFiles/gtest.dir/src/gtest-all.cc.o
[ 30%] Building CXX object CMakeFiles/voxel_grid.dir/src/voxel_grid.cpp.o
[ 40%] Linking CXX static library libgtest_main.a
[ 40%] Built target gtest_main
[ 50%] Linking CXX shared library libvoxel_grid.so
[ 50%] Built target voxel_grid
[ 60%] Linking CXX static library libgtest.a
[ 60%] Built target gtest
[ 80%] Building CXX object test/CMakeFiles/voxel_grid_tests.dir/voxel_grid_tests.cpp.o
[ 80%] Building CXX object test/CMakeFiles/voxel_grid_bresenham_3d.dir/voxel_grid_bresenham_3d.cpp.o
[ 90%] Linking CXX executable voxel_grid_bresenham_3d
[100%] Built target voxel_grid_bresenham_3d
[100%] Linking CXX executable voxel_grid_tests
[100%] Built target voxel_grid_tests
-- Install configuration: "Release"
-- Execute custom install script
-- Up-to-date symlink: /bumperbot_ws/install/nav2_voxel_grid/lib/libvoxel_grid.so
-- Up-to-date symlink: /bumperbot_ws/install/nav2_voxel_grid/include/nav2_voxel_grid/voxel_grid.hpp
-- Up-to-date symlink: /bumperbot_ws/install/nav2_voxel_grid/share/nav2_voxel_grid/environment/library_path.sh
-- Up-to-date symlink: /bumperbot_ws/install/nav2_voxel_grid/share/nav2_voxel_grid/environment/library_path.dsv
-- Up-to-date symlink: /bumperbot_ws/install/nav2_voxel_grid/share/ament_index/resource_index/package_run_dependencies/nav2_voxel_grid
-- Up-to-date symlink: /bumperbot_ws/install/nav2_voxel_grid/share/ament_index/resource_index/parent_prefix_path/nav2_voxel_grid
-- Up-to-date symlink: /bumperbot_ws/install/nav2_voxel_grid/share/nav2_voxel_grid/environment/ament_prefix_path.sh
-- Up-to-date symlink: /bumperbot_ws/install/nav2_voxel_grid/share/nav2_voxel_grid/environment/ament_prefix_path.dsv
-- Up-to-date symlink: /bumperbot_ws/install/nav2_voxel_grid/share/nav2_voxel_grid/environment/path.sh
-- Up-to-date symlink: /bumperbot_ws/install/nav2_voxel_grid/share/nav2_voxel_grid/environment/path.dsv
-- Up-to-date symlink: /bumperbot_ws/install/nav2_voxel_grid/share/nav2_voxel_grid/local_setup.bash
-- Up-to-date symlink: /bumperbot_ws/install/nav2_voxel_grid/share/nav2_voxel_grid/local_setup.sh
-- Up-to-date symlink: /bumperbot_ws/install/nav2_voxel_grid/share/nav2_voxel_grid/local_setup.zsh
-- Up-to-date symlink: /bumperbot_ws/install/nav2_voxel_grid/share/nav2_voxel_grid/local_setup.dsv
-- Symlinking: /bumperbot_ws/install/nav2_voxel_grid/share/nav2_voxel_grid/package.dsv
-- Up-to-date symlink: /bumperbot_ws/install/nav2_voxel_grid/share/ament_index/resource_index/packages/nav2_voxel_grid
-- Up-to-date symlink: /bumperbot_ws/install/nav2_voxel_grid/share/nav2_voxel_grid/cmake/ament_cmake_export_dependencies-extras.cmake
-- Up-to-date symlink: /bumperbot_ws/install/nav2_voxel_grid/share/nav2_voxel_grid/cmake/ament_cmake_export_include_directories-extras.cmake
-- Up-to-date symlink: /bumperbot_ws/install/nav2_voxel_grid/share/nav2_voxel_grid/cmake/ament_cmake_export_libraries-extras.cmake
-- Up-to-date symlink: /bumperbot_ws/install/nav2_voxel_grid/share/nav2_voxel_grid/cmake/nav2_voxel_gridConfig.cmake
-- Up-to-date symlink: /bumperbot_ws/install/nav2_voxel_grid/share/nav2_voxel_grid/cmake/nav2_voxel_gridConfig-version.cmake
-- Up-to-date symlink: /bumperbot_ws/install/nav2_voxel_grid/share/nav2_voxel_grid/package.xml
