[0.005s] Invoking command in '/bumperbot_ws/build/nav2_voxel_grid': AMENT_PREFIX_PATH=/bumperbot_ws/install/nav2_common:${AMENT_PREFIX_PATH} CMAKE_PREFIX_PATH=/bumperbot_ws/install/nav2_common:/opt/ros/jazzy/opt/gz_sim_vendor:/opt/ros/jazzy/opt/gz_sensors_vendor:/opt/ros/jazzy/opt/gz_physics_vendor:/opt/ros/jazzy/opt/sdformat_vendor:/opt/ros/jazzy/opt/gz_gui_vendor:/opt/ros/jazzy/opt/gz_transport_vendor:/opt/ros/jazzy/opt/gz_rendering_vendor:/opt/ros/jazzy/opt/gz_plugin_vendor:/opt/ros/jazzy/opt/gz_fuel_tools_vendor:/opt/ros/jazzy/opt/gz_msgs_vendor:/opt/ros/jazzy/opt/gz_common_vendor:/opt/ros/jazzy/opt/gz_math_vendor:/opt/ros/jazzy/opt/gz_utils_vendor:/opt/ros/jazzy/opt/gz_tools_vendor:/opt/ros/jazzy/opt/gz_ogre_next_vendor:/opt/ros/jazzy/opt/gz_dartsim_vendor:/opt/ros/jazzy/opt/gz_cmake_vendor:/opt/ros/jazzy PYTHONPATH=/bumperbot_ws/install/nav2_common/lib/python3.12/site-packages:${PYTHONPATH} /usr/bin/cmake --build /bumperbot_ws/build/nav2_voxel_grid -- -j16 -l16
[0.022s] -- Found ament_cmake: 2.5.4 (/opt/ros/jazzy/share/ament_cmake/cmake)
[0.144s] -- Override CMake install command with custom implementation using symlinks instead of copying resources
[0.149s] -- Found nav2_common: 1.3.9 (/bumperbot_ws/install/nav2_common/share/nav2_common/cmake)
[0.149s] -- Found rclcpp: 28.1.12 (/opt/ros/jazzy/share/rclcpp/cmake)
[0.167s] -- Found rosidl_generator_c: 4.6.6 (/opt/ros/jazzy/share/rosidl_generator_c/cmake)
[0.173s] -- Found rosidl_generator_cpp: 4.6.6 (/opt/ros/jazzy/share/rosidl_generator_cpp/cmake)
[0.180s] -- Using all available rosidl_typesupport_c: rosidl_typesupport_fastrtps_c;rosidl_typesupport_introspection_c
[0.189s] -- Using all available rosidl_typesupport_cpp: rosidl_typesupport_fastrtps_cpp;rosidl_typesupport_introspection_cpp
[0.232s] -- Found rmw_implementation_cmake: 7.3.2 (/opt/ros/jazzy/share/rmw_implementation_cmake/cmake)
[0.233s] -- Found rmw_zenoh_cpp: 0.2.7 (/opt/ros/jazzy/share/rmw_zenoh_cpp/cmake)
[0.233s] -- Using RMW implementation 'rmw_zenoh_cpp' as default
[0.280s] -- Found ament_lint_auto: 0.17.3 (/opt/ros/jazzy/share/ament_lint_auto/cmake)
[0.343s] -- Found gtest sources under '/opt/ros/jazzy/src/gtest_vendor': C++ tests using 'Google Test' will be built
[0.350s] -- Added test 'cppcheck' to perform static code analysis on C / C++ code
[0.350s] -- Configured cppcheck include dirs: /bumperbot_ws/src/navigation2/nav2_voxel_grid/include
[0.350s] -- Configured cppcheck exclude dirs and/or files: 
[0.351s] -- Added test 'cpplint' to check C / C++ code against the Google style
[0.351s] -- Configured cpplint exclude dirs and/or files: 
[0.351s] -- Added test 'lint_cmake' to check CMake code style
[0.352s] -- Added test 'uncrustify' to check C / C++ code style
[0.352s] -- Configured uncrustify additional arguments: 
[0.352s] -- Added test 'xmllint' to check XML markup files
[0.354s] -- Configuring done (0.3s)
[0.366s] -- Generating done (0.0s)
[0.371s] -- Build files have been written to: /bumperbot_ws/build/nav2_voxel_grid
[0.403s] [ 10%] Building CXX object gtest/CMakeFiles/gtest_main.dir/src/gtest_main.cc.o
[0.404s] [ 20%] Building CXX object gtest/CMakeFiles/gtest.dir/src/gtest-all.cc.o
[0.411s] [ 30%] Building CXX object CMakeFiles/voxel_grid.dir/src/voxel_grid.cpp.o
[1.005s] [ 40%] Linking CXX static library libgtest_main.a
[1.028s] [ 40%] Built target gtest_main
[2.503s] [ 50%] Linking CXX shared library libvoxel_grid.so
[2.567s] [ 50%] Built target voxel_grid
[6.285s] [ 60%] Linking CXX static library libgtest.a
[6.310s] [ 60%] Built target gtest
[6.332s] [ 80%] Building CXX object test/CMakeFiles/voxel_grid_tests.dir/voxel_grid_tests.cpp.o
[6.332s] [ 80%] Building CXX object test/CMakeFiles/voxel_grid_bresenham_3d.dir/voxel_grid_bresenham_3d.cpp.o
[8.774s] [ 90%] Linking CXX executable voxel_grid_bresenham_3d
[8.849s] [100%] Built target voxel_grid_bresenham_3d
[8.849s] [100%] Linking CXX executable voxel_grid_tests
[8.925s] [100%] Built target voxel_grid_tests
[8.932s] Invoked command in '/bumperbot_ws/build/nav2_voxel_grid' returned '0': AMENT_PREFIX_PATH=/bumperbot_ws/install/nav2_common:${AMENT_PREFIX_PATH} CMAKE_PREFIX_PATH=/bumperbot_ws/install/nav2_common:/opt/ros/jazzy/opt/gz_sim_vendor:/opt/ros/jazzy/opt/gz_sensors_vendor:/opt/ros/jazzy/opt/gz_physics_vendor:/opt/ros/jazzy/opt/sdformat_vendor:/opt/ros/jazzy/opt/gz_gui_vendor:/opt/ros/jazzy/opt/gz_transport_vendor:/opt/ros/jazzy/opt/gz_rendering_vendor:/opt/ros/jazzy/opt/gz_plugin_vendor:/opt/ros/jazzy/opt/gz_fuel_tools_vendor:/opt/ros/jazzy/opt/gz_msgs_vendor:/opt/ros/jazzy/opt/gz_common_vendor:/opt/ros/jazzy/opt/gz_math_vendor:/opt/ros/jazzy/opt/gz_utils_vendor:/opt/ros/jazzy/opt/gz_tools_vendor:/opt/ros/jazzy/opt/gz_ogre_next_vendor:/opt/ros/jazzy/opt/gz_dartsim_vendor:/opt/ros/jazzy/opt/gz_cmake_vendor:/opt/ros/jazzy PYTHONPATH=/bumperbot_ws/install/nav2_common/lib/python3.12/site-packages:${PYTHONPATH} /usr/bin/cmake --build /bumperbot_ws/build/nav2_voxel_grid -- -j16 -l16
[8.933s] Invoking command in '/bumperbot_ws/build/nav2_voxel_grid': AMENT_PREFIX_PATH=/bumperbot_ws/install/nav2_common:${AMENT_PREFIX_PATH} CMAKE_PREFIX_PATH=/bumperbot_ws/install/nav2_common:/opt/ros/jazzy/opt/gz_sim_vendor:/opt/ros/jazzy/opt/gz_sensors_vendor:/opt/ros/jazzy/opt/gz_physics_vendor:/opt/ros/jazzy/opt/sdformat_vendor:/opt/ros/jazzy/opt/gz_gui_vendor:/opt/ros/jazzy/opt/gz_transport_vendor:/opt/ros/jazzy/opt/gz_rendering_vendor:/opt/ros/jazzy/opt/gz_plugin_vendor:/opt/ros/jazzy/opt/gz_fuel_tools_vendor:/opt/ros/jazzy/opt/gz_msgs_vendor:/opt/ros/jazzy/opt/gz_common_vendor:/opt/ros/jazzy/opt/gz_math_vendor:/opt/ros/jazzy/opt/gz_utils_vendor:/opt/ros/jazzy/opt/gz_tools_vendor:/opt/ros/jazzy/opt/gz_ogre_next_vendor:/opt/ros/jazzy/opt/gz_dartsim_vendor:/opt/ros/jazzy/opt/gz_cmake_vendor:/opt/ros/jazzy PYTHONPATH=/bumperbot_ws/install/nav2_common/lib/python3.12/site-packages:${PYTHONPATH} /usr/bin/cmake --install /bumperbot_ws/build/nav2_voxel_grid
[8.938s] -- Install configuration: "Release"
[8.938s] -- Execute custom install script
[8.938s] -- Up-to-date symlink: /bumperbot_ws/install/nav2_voxel_grid/lib/libvoxel_grid.so
[8.938s] -- Up-to-date symlink: /bumperbot_ws/install/nav2_voxel_grid/include/nav2_voxel_grid/voxel_grid.hpp
[8.939s] -- Up-to-date symlink: /bumperbot_ws/install/nav2_voxel_grid/share/nav2_voxel_grid/environment/library_path.sh
[8.939s] -- Up-to-date symlink: /bumperbot_ws/install/nav2_voxel_grid/share/nav2_voxel_grid/environment/library_path.dsv
[8.939s] -- Up-to-date symlink: /bumperbot_ws/install/nav2_voxel_grid/share/ament_index/resource_index/package_run_dependencies/nav2_voxel_grid
[8.939s] -- Up-to-date symlink: /bumperbot_ws/install/nav2_voxel_grid/share/ament_index/resource_index/parent_prefix_path/nav2_voxel_grid
[8.939s] -- Up-to-date symlink: /bumperbot_ws/install/nav2_voxel_grid/share/nav2_voxel_grid/environment/ament_prefix_path.sh
[8.939s] -- Up-to-date symlink: /bumperbot_ws/install/nav2_voxel_grid/share/nav2_voxel_grid/environment/ament_prefix_path.dsv
[8.939s] -- Up-to-date symlink: /bumperbot_ws/install/nav2_voxel_grid/share/nav2_voxel_grid/environment/path.sh
[8.939s] -- Up-to-date symlink: /bumperbot_ws/install/nav2_voxel_grid/share/nav2_voxel_grid/environment/path.dsv
[8.939s] -- Up-to-date symlink: /bumperbot_ws/install/nav2_voxel_grid/share/nav2_voxel_grid/local_setup.bash
[8.939s] -- Up-to-date symlink: /bumperbot_ws/install/nav2_voxel_grid/share/nav2_voxel_grid/local_setup.sh
[8.939s] -- Up-to-date symlink: /bumperbot_ws/install/nav2_voxel_grid/share/nav2_voxel_grid/local_setup.zsh
[8.939s] -- Up-to-date symlink: /bumperbot_ws/install/nav2_voxel_grid/share/nav2_voxel_grid/local_setup.dsv
[8.940s] -- Symlinking: /bumperbot_ws/install/nav2_voxel_grid/share/nav2_voxel_grid/package.dsv
[8.946s] -- Up-to-date symlink: /bumperbot_ws/install/nav2_voxel_grid/share/ament_index/resource_index/packages/nav2_voxel_grid
[8.946s] -- Up-to-date symlink: /bumperbot_ws/install/nav2_voxel_grid/share/nav2_voxel_grid/cmake/ament_cmake_export_dependencies-extras.cmake
[8.946s] -- Up-to-date symlink: /bumperbot_ws/install/nav2_voxel_grid/share/nav2_voxel_grid/cmake/ament_cmake_export_include_directories-extras.cmake
[8.946s] -- Up-to-date symlink: /bumperbot_ws/install/nav2_voxel_grid/share/nav2_voxel_grid/cmake/ament_cmake_export_libraries-extras.cmake
[8.946s] -- Up-to-date symlink: /bumperbot_ws/install/nav2_voxel_grid/share/nav2_voxel_grid/cmake/nav2_voxel_gridConfig.cmake
[8.946s] -- Up-to-date symlink: /bumperbot_ws/install/nav2_voxel_grid/share/nav2_voxel_grid/cmake/nav2_voxel_gridConfig-version.cmake
[8.946s] -- Up-to-date symlink: /bumperbot_ws/install/nav2_voxel_grid/share/nav2_voxel_grid/package.xml
[8.947s] Invoked command in '/bumperbot_ws/build/nav2_voxel_grid' returned '0': AMENT_PREFIX_PATH=/bumperbot_ws/install/nav2_common:${AMENT_PREFIX_PATH} CMAKE_PREFIX_PATH=/bumperbot_ws/install/nav2_common:/opt/ros/jazzy/opt/gz_sim_vendor:/opt/ros/jazzy/opt/gz_sensors_vendor:/opt/ros/jazzy/opt/gz_physics_vendor:/opt/ros/jazzy/opt/sdformat_vendor:/opt/ros/jazzy/opt/gz_gui_vendor:/opt/ros/jazzy/opt/gz_transport_vendor:/opt/ros/jazzy/opt/gz_rendering_vendor:/opt/ros/jazzy/opt/gz_plugin_vendor:/opt/ros/jazzy/opt/gz_fuel_tools_vendor:/opt/ros/jazzy/opt/gz_msgs_vendor:/opt/ros/jazzy/opt/gz_common_vendor:/opt/ros/jazzy/opt/gz_math_vendor:/opt/ros/jazzy/opt/gz_utils_vendor:/opt/ros/jazzy/opt/gz_tools_vendor:/opt/ros/jazzy/opt/gz_ogre_next_vendor:/opt/ros/jazzy/opt/gz_dartsim_vendor:/opt/ros/jazzy/opt/gz_cmake_vendor:/opt/ros/jazzy PYTHONPATH=/bumperbot_ws/install/nav2_common/lib/python3.12/site-packages:${PYTHONPATH} /usr/bin/cmake --install /bumperbot_ws/build/nav2_voxel_grid
