[0.012s] Invoking command in '/bumperbot_ws/build/bumperbot_motion': CMAKE_PREFIX_PATH=${CMAKE_PREFIX_PATH}:/opt/ros/jazzy /usr/bin/cmake --build /bumperbot_ws/build/bumperbot_motion -- -j16 -l16
[0.097s] [100%] Built target pd_motion_planner
[0.120s] Invoked command in '/bumperbot_ws/build/bumperbot_motion' returned '0': CMAKE_PREFIX_PATH=${CMAKE_PREFIX_PATH}:/opt/ros/jazzy /usr/bin/cmake --build /bumperbot_ws/build/bumperbot_motion -- -j16 -l16
[0.120s] Invoking command in '/bumperbot_ws/build/bumperbot_motion': CMAKE_PREFIX_PATH=${CMAKE_PREFIX_PATH}:/opt/ros/jazzy /usr/bin/cmake --install /bumperbot_ws/build/bumperbot_motion
[0.126s] -- Install configuration: ""
[0.126s] -- Up-to-date: /bumperbot_ws/install/bumperbot_motion/include/
[0.126s] -- Up-to-date: /bumperbot_ws/install/bumperbot_motion/include//bumperbot_motion
[0.126s] -- Up-to-date: /bumperbot_ws/install/bumperbot_motion/include//bumperbot_motion/pd_motion_planner.hpp
[0.126s] -- Up-to-date: /bumperbot_ws/install/bumperbot_motion/lib/bumperbot_motion/pd_motion_planner
[0.126s] -- Up-to-date: /bumperbot_ws/install/bumperbot_motion/share/ament_index/resource_index/package_run_dependencies/bumperbot_motion
[0.126s] -- Up-to-date: /bumperbot_ws/install/bumperbot_motion/share/ament_index/resource_index/parent_prefix_path/bumperbot_motion
[0.126s] -- Up-to-date: /bumperbot_ws/install/bumperbot_motion/share/bumperbot_motion/environment/ament_prefix_path.sh
[0.126s] -- Up-to-date: /bumperbot_ws/install/bumperbot_motion/share/bumperbot_motion/environment/ament_prefix_path.dsv
[0.126s] -- Up-to-date: /bumperbot_ws/install/bumperbot_motion/share/bumperbot_motion/environment/path.sh
[0.126s] -- Up-to-date: /bumperbot_ws/install/bumperbot_motion/share/bumperbot_motion/environment/path.dsv
[0.126s] -- Up-to-date: /bumperbot_ws/install/bumperbot_motion/share/bumperbot_motion/local_setup.bash
[0.126s] -- Up-to-date: /bumperbot_ws/install/bumperbot_motion/share/bumperbot_motion/local_setup.sh
[0.126s] -- Up-to-date: /bumperbot_ws/install/bumperbot_motion/share/bumperbot_motion/local_setup.zsh
[0.126s] -- Up-to-date: /bumperbot_ws/install/bumperbot_motion/share/bumperbot_motion/local_setup.dsv
[0.126s] -- Installing: /bumperbot_ws/install/bumperbot_motion/share/bumperbot_motion/package.dsv
[0.126s] -- Up-to-date: /bumperbot_ws/install/bumperbot_motion/share/ament_index/resource_index/packages/bumperbot_motion
[0.126s] -- Up-to-date: /bumperbot_ws/install/bumperbot_motion/share/bumperbot_motion/cmake/ament_cmake_export_include_directories-extras.cmake
[0.126s] -- Up-to-date: /bumperbot_ws/install/bumperbot_motion/share/bumperbot_motion/cmake/ament_cmake_export_dependencies-extras.cmake
[0.126s] -- Up-to-date: /bumperbot_ws/install/bumperbot_motion/share/bumperbot_motion/cmake/bumperbot_motionConfig.cmake
[0.127s] -- Up-to-date: /bumperbot_ws/install/bumperbot_motion/share/bumperbot_motion/cmake/bumperbot_motionConfig-version.cmake
[0.127s] -- Up-to-date: /bumperbot_ws/install/bumperbot_motion/share/bumperbot_motion/package.xml
[0.127s] Invoked command in '/bumperbot_ws/build/bumperbot_motion' returned '0': CMAKE_PREFIX_PATH=${CMAKE_PREFIX_PATH}:/opt/ros/jazzy /usr/bin/cmake --install /bumperbot_ws/build/bumperbot_motion
