[0.011s] Invoking command in '/bumperbot_ws/build/bumperbot_controller': CMAKE_PREFIX_PATH=${CMAKE_PREFIX_PATH}:/opt/ros/jazzy /usr/bin/cmake /bumperbot_ws/src/bumperbot_controller -DCMAKE_INSTALL_PREFIX=/bumperbot_ws/install/bumperbot_controller
[0.099s] -- The C compiler identification is GNU 13.3.0
[0.178s] -- The CXX compiler identification is GNU 13.3.0
[0.191s] -- Detecting C compiler ABI info
[0.257s] -- Detecting C compiler ABI info - done
[0.263s] -- Check for working C compiler: /usr/bin/cc - skipped
[0.264s] -- Detecting C compile features
[0.265s] -- Detecting C compile features - done
[0.271s] -- Detecting CXX compiler ABI info
[0.338s] -- Detecting CXX compiler ABI info - done
[0.344s] -- Check for working CXX compiler: /usr/bin/c++ - skipped
[0.344s] -- Detecting CXX compile features
[0.344s] -- Detecting CXX compile features - done
[0.350s] -- Found ament_cmake: 2.5.4 (/opt/ros/jazzy/share/ament_cmake/cmake)
[0.446s] -- Found Python3: /usr/bin/python3 (found version "3.12.3") found components: Interpreter 
[0.552s] -- Found rclcpp: 28.1.12 (/opt/ros/jazzy/share/rclcpp/cmake)
[0.592s] -- Found rosidl_generator_c: 4.6.6 (/opt/ros/jazzy/share/rosidl_generator_c/cmake)
[0.604s] -- Found rosidl_generator_cpp: 4.6.6 (/opt/ros/jazzy/share/rosidl_generator_cpp/cmake)
[0.621s] -- Using all available rosidl_typesupport_c: rosidl_typesupport_fastrtps_c;rosidl_typesupport_introspection_c
[0.637s] -- Using all available rosidl_typesupport_cpp: rosidl_typesupport_fastrtps_cpp;rosidl_typesupport_introspection_cpp
[0.703s] -- Found rmw_implementation_cmake: 7.3.2 (/opt/ros/jazzy/share/rmw_implementation_cmake/cmake)
[0.707s] -- Found rmw_zenoh_cpp: 0.2.7 (/opt/ros/jazzy/share/rmw_zenoh_cpp/cmake)
[0.708s] -- Using RMW implementation 'rmw_zenoh_cpp' as default
[0.766s] -- Found rclpy: 7.1.5 (/opt/ros/jazzy/share/rclpy/cmake)
[0.769s] -- Found geometry_msgs: 5.3.6 (/opt/ros/jazzy/share/geometry_msgs/cmake)
[0.793s] -- Found sensor_msgs: 5.3.6 (/opt/ros/jazzy/share/sensor_msgs/cmake)
[0.811s] -- Found nav_msgs: 5.3.6 (/opt/ros/jazzy/share/nav_msgs/cmake)
[0.831s] -- Found tf2_ros: 0.36.14 (/opt/ros/jazzy/share/tf2_ros/cmake)
[1.074s] -- Configuring done (1.1s)
[1.092s] -- Generating done (0.0s)
[1.097s] -- Build files have been written to: /bumperbot_ws/build/bumperbot_controller
[1.103s] Invoked command in '/bumperbot_ws/build/bumperbot_controller' returned '0': CMAKE_PREFIX_PATH=${CMAKE_PREFIX_PATH}:/opt/ros/jazzy /usr/bin/cmake /bumperbot_ws/src/bumperbot_controller -DCMAKE_INSTALL_PREFIX=/bumperbot_ws/install/bumperbot_controller
[1.104s] Invoking command in '/bumperbot_ws/build/bumperbot_controller': CMAKE_PREFIX_PATH=${CMAKE_PREFIX_PATH}:/opt/ros/jazzy /usr/bin/cmake --build /bumperbot_ws/build/bumperbot_controller -- -j16 -l16
[1.141s] [ 16%] [32mBuilding CXX object CMakeFiles/twist_relay.dir/src/twist_relay.cpp.o[0m
[1.146s] [ 33%] [32mBuilding CXX object CMakeFiles/simple_controller.dir/src/simple_controller.cpp.o[0m
[1.146s] [ 50%] [32mBuilding CXX object CMakeFiles/noisy_controller.dir/src/noisy_controller.cpp.o[0m
[1.148s] [ 50%] Built target ament_cmake_python_copy_bumperbot_controller
[1.298s] running egg_info
[1.298s] creating bumperbot_controller.egg-info
[1.309s] writing bumperbot_controller.egg-info/PKG-INFO
[1.309s] writing dependency_links to bumperbot_controller.egg-info/dependency_links.txt
[1.310s] writing top-level names to bumperbot_controller.egg-info/top_level.txt
[1.310s] writing manifest file 'bumperbot_controller.egg-info/SOURCES.txt'
[1.342s] reading manifest file 'bumperbot_controller.egg-info/SOURCES.txt'
[1.342s] writing manifest file 'bumperbot_controller.egg-info/SOURCES.txt'
[1.364s] [ 50%] Built target ament_cmake_python_build_bumperbot_controller_egg
[7.403s] [ 66%] [32m[1mLinking CXX executable noisy_controller[0m
[7.661s] [ 66%] Built target noisy_controller
[7.906s] [ 83%] [32m[1mLinking CXX executable twist_relay[0m
[8.178s] [ 83%] Built target twist_relay
[9.825s] [100%] [32m[1mLinking CXX executable simple_controller[0m
[10.100s] [100%] Built target simple_controller
[10.107s] Invoked command in '/bumperbot_ws/build/bumperbot_controller' returned '0': CMAKE_PREFIX_PATH=${CMAKE_PREFIX_PATH}:/opt/ros/jazzy /usr/bin/cmake --build /bumperbot_ws/build/bumperbot_controller -- -j16 -l16
[10.108s] Invoking command in '/bumperbot_ws/build/bumperbot_controller': CMAKE_PREFIX_PATH=${CMAKE_PREFIX_PATH}:/opt/ros/jazzy /usr/bin/cmake --install /bumperbot_ws/build/bumperbot_controller
[10.113s] -- Install configuration: ""
[10.113s] -- Installing: /bumperbot_ws/install/bumperbot_controller/share/bumperbot_controller/environment/pythonpath.sh
[10.113s] -- Installing: /bumperbot_ws/install/bumperbot_controller/share/bumperbot_controller/environment/pythonpath.dsv
[10.113s] -- Installing: /bumperbot_ws/install/bumperbot_controller/lib/python3.12/site-packages/bumperbot_controller-0.0.0-py3.12.egg-info
[10.113s] -- Installing: /bumperbot_ws/install/bumperbot_controller/lib/python3.12/site-packages/bumperbot_controller-0.0.0-py3.12.egg-info/top_level.txt
[10.113s] -- Installing: /bumperbot_ws/install/bumperbot_controller/lib/python3.12/site-packages/bumperbot_controller-0.0.0-py3.12.egg-info/PKG-INFO
[10.113s] -- Installing: /bumperbot_ws/install/bumperbot_controller/lib/python3.12/site-packages/bumperbot_controller-0.0.0-py3.12.egg-info/SOURCES.txt
[10.113s] -- Installing: /bumperbot_ws/install/bumperbot_controller/lib/python3.12/site-packages/bumperbot_controller-0.0.0-py3.12.egg-info/dependency_links.txt
[10.113s] -- Installing: /bumperbot_ws/install/bumperbot_controller/lib/python3.12/site-packages/bumperbot_controller
[10.113s] -- Installing: /bumperbot_ws/install/bumperbot_controller/lib/python3.12/site-packages/bumperbot_controller/twist_relay.py
[10.113s] -- Installing: /bumperbot_ws/install/bumperbot_controller/lib/python3.12/site-packages/bumperbot_controller/noisy_controller.py
[10.113s] -- Installing: /bumperbot_ws/install/bumperbot_controller/lib/python3.12/site-packages/bumperbot_controller/simple_controller.py
[10.113s] -- Installing: /bumperbot_ws/install/bumperbot_controller/lib/python3.12/site-packages/bumperbot_controller/__init__.py
[10.137s] Listing '/bumperbot_ws/install/bumperbot_controller/lib/python3.12/site-packages/bumperbot_controller'...
[10.137s] Compiling '/bumperbot_ws/install/bumperbot_controller/lib/python3.12/site-packages/bumperbot_controller/__init__.py'...
[10.137s] Compiling '/bumperbot_ws/install/bumperbot_controller/lib/python3.12/site-packages/bumperbot_controller/noisy_controller.py'...
[10.137s] Compiling '/bumperbot_ws/install/bumperbot_controller/lib/python3.12/site-packages/bumperbot_controller/simple_controller.py'...
[10.137s] Compiling '/bumperbot_ws/install/bumperbot_controller/lib/python3.12/site-packages/bumperbot_controller/twist_relay.py'...
[10.141s] -- Installing: /bumperbot_ws/install/bumperbot_controller/include/include
[10.141s] -- Installing: /bumperbot_ws/install/bumperbot_controller/include/include/bumperbot_controller
[10.141s] -- Installing: /bumperbot_ws/install/bumperbot_controller/include/include/bumperbot_controller/noisy_controller.hpp
[10.141s] -- Installing: /bumperbot_ws/install/bumperbot_controller/include/include/bumperbot_controller/simple_controller.hpp
[10.141s] -- Installing: /bumperbot_ws/install/bumperbot_controller/lib/bumperbot_controller/simple_controller
[10.146s] -- Set non-toolchain portion of runtime path of "/bumperbot_ws/install/bumperbot_controller/lib/bumperbot_controller/simple_controller" to ""
[10.146s] -- Installing: /bumperbot_ws/install/bumperbot_controller/lib/bumperbot_controller/noisy_controller
[10.149s] -- Set non-toolchain portion of runtime path of "/bumperbot_ws/install/bumperbot_controller/lib/bumperbot_controller/noisy_controller" to ""
[10.149s] -- Installing: /bumperbot_ws/install/bumperbot_controller/lib/bumperbot_controller/twist_relay
[10.153s] -- Set non-toolchain portion of runtime path of "/bumperbot_ws/install/bumperbot_controller/lib/bumperbot_controller/twist_relay" to ""
[10.153s] -- Installing: /bumperbot_ws/install/bumperbot_controller/share/bumperbot_controller/launch
[10.153s] -- Installing: /bumperbot_ws/install/bumperbot_controller/share/bumperbot_controller/launch/joystick_teleop.launch.py
[10.153s] -- Installing: /bumperbot_ws/install/bumperbot_controller/share/bumperbot_controller/launch/controller.launch.py
[10.153s] -- Installing: /bumperbot_ws/install/bumperbot_controller/share/bumperbot_controller/config
[10.153s] -- Installing: /bumperbot_ws/install/bumperbot_controller/share/bumperbot_controller/config/twist_mux_topics.yaml
[10.153s] -- Installing: /bumperbot_ws/install/bumperbot_controller/share/bumperbot_controller/config/joy_teleop.yaml
[10.153s] -- Installing: /bumperbot_ws/install/bumperbot_controller/share/bumperbot_controller/config/bumperbot_controllers.yaml
[10.153s] -- Installing: /bumperbot_ws/install/bumperbot_controller/share/bumperbot_controller/config/twist_mux_joy.yaml
[10.153s] -- Installing: /bumperbot_ws/install/bumperbot_controller/share/bumperbot_controller/config/joy_config.yaml
[10.153s] -- Installing: /bumperbot_ws/install/bumperbot_controller/share/bumperbot_controller/config/twist_mux_locks.yaml
[10.153s] -- Installing: /bumperbot_ws/install/bumperbot_controller/lib/bumperbot_controller/simple_controller.py
[10.153s] -- Installing: /bumperbot_ws/install/bumperbot_controller/lib/bumperbot_controller/noisy_controller.py
[10.153s] -- Installing: /bumperbot_ws/install/bumperbot_controller/lib/bumperbot_controller/twist_relay.py
[10.153s] -- Installing: /bumperbot_ws/install/bumperbot_controller/share/ament_index/resource_index/package_run_dependencies/bumperbot_controller
[10.153s] -- Installing: /bumperbot_ws/install/bumperbot_controller/share/ament_index/resource_index/parent_prefix_path/bumperbot_controller
[10.153s] -- Installing: /bumperbot_ws/install/bumperbot_controller/share/bumperbot_controller/environment/ament_prefix_path.sh
[10.153s] -- Installing: /bumperbot_ws/install/bumperbot_controller/share/bumperbot_controller/environment/ament_prefix_path.dsv
[10.154s] -- Installing: /bumperbot_ws/install/bumperbot_controller/share/bumperbot_controller/environment/path.sh
[10.154s] -- Installing: /bumperbot_ws/install/bumperbot_controller/share/bumperbot_controller/environment/path.dsv
[10.154s] -- Installing: /bumperbot_ws/install/bumperbot_controller/share/bumperbot_controller/local_setup.bash
[10.154s] -- Installing: /bumperbot_ws/install/bumperbot_controller/share/bumperbot_controller/local_setup.sh
[10.154s] -- Installing: /bumperbot_ws/install/bumperbot_controller/share/bumperbot_controller/local_setup.zsh
[10.154s] -- Installing: /bumperbot_ws/install/bumperbot_controller/share/bumperbot_controller/local_setup.dsv
[10.154s] -- Installing: /bumperbot_ws/install/bumperbot_controller/share/bumperbot_controller/package.dsv
[10.154s] -- Installing: /bumperbot_ws/install/bumperbot_controller/share/ament_index/resource_index/packages/bumperbot_controller
[10.154s] -- Installing: /bumperbot_ws/install/bumperbot_controller/share/bumperbot_controller/cmake/bumperbot_controllerConfig.cmake
[10.154s] -- Installing: /bumperbot_ws/install/bumperbot_controller/share/bumperbot_controller/cmake/bumperbot_controllerConfig-version.cmake
[10.154s] -- Installing: /bumperbot_ws/install/bumperbot_controller/share/bumperbot_controller/package.xml
[10.155s] Invoked command in '/bumperbot_ws/build/bumperbot_controller' returned '0': CMAKE_PREFIX_PATH=${CMAKE_PREFIX_PATH}:/opt/ros/jazzy /usr/bin/cmake --install /bumperbot_ws/build/bumperbot_controller
