-- The C compiler identification is GNU 13.3.0
-- The CXX compiler identification is GNU 13.3.0
-- Detecting C compiler ABI info
-- Detecting C compiler ABI info - done
-- Check for working C compiler: /usr/bin/cc - skipped
-- Detecting C compile features
-- Detecting C compile features - done
-- Detecting CXX compiler ABI info
-- Detecting CXX compiler ABI info - done
-- Check for working CXX compiler: /usr/bin/c++ - skipped
-- Detecting CXX compile features
-- Detecting CXX compile features - done
-- Found ament_cmake: 2.5.4 (/opt/ros/jazzy/share/ament_cmake/cmake)
-- Found Python3: /usr/bin/python3 (found version "3.12.3") found components: Interpreter 
-- Found rclcpp: 28.1.12 (/opt/ros/jazzy/share/rclcpp/cmake)
-- Found rosidl_generator_c: 4.6.6 (/opt/ros/jazzy/share/rosidl_generator_c/cmake)
-- Found rosidl_generator_cpp: 4.6.6 (/opt/ros/jazzy/share/rosidl_generator_cpp/cmake)
-- Using all available rosidl_typesupport_c: rosidl_typesupport_fastrtps_c;rosidl_typesupport_introspection_c
-- Using all available rosidl_typesupport_cpp: rosidl_typesupport_fastrtps_cpp;rosidl_typesupport_introspection_cpp
-- Found rmw_implementation_cmake: 7.3.2 (/opt/ros/jazzy/share/rmw_implementation_cmake/cmake)
-- Found rmw_zenoh_cpp: 0.2.7 (/opt/ros/jazzy/share/rmw_zenoh_cpp/cmake)
-- Using RMW implementation 'rmw_zenoh_cpp' as default
-- Found std_msgs: 5.3.6 (/opt/ros/jazzy/share/std_msgs/cmake)
-- Found rclcpp_lifecycle: 28.1.12 (/opt/ros/jazzy/share/rclcpp_lifecycle/cmake)
-- Configuring done (1.5s)
-- Generating done (0.0s)
-- Build files have been written to: /bumperbot/build/bumperbot_cpp_examples
[ 10%] [32mBuilding CXX object CMakeFiles/simple_publisher.dir/src/simple_publisher.cpp.o[0m
[ 20%] [32mBuilding CXX object CMakeFiles/simple_subscriber.dir/src/simple_subscriber.cpp.o[0m
[ 30%] [32mBuilding CXX object CMakeFiles/simple_lifecycle_node.dir/src/simple_lifecycle_node.cpp.o[0m
[ 40%] [32mBuilding CXX object CMakeFiles/simple_qos_subscriber.dir/src/simple_qos_subscriber.cpp.o[0m
[ 50%] [32mBuilding CXX object CMakeFiles/simple_qos_publisher.dir/src/simple_qos_publisher.cpp.o[0m
[ 60%] [32m[1mLinking CXX executable simple_qos_publisher[0m
[ 60%] Built target simple_qos_publisher
[ 70%] [32m[1mLinking CXX executable simple_publisher[0m
[ 70%] Built target simple_publisher
[ 80%] [32m[1mLinking CXX executable simple_lifecycle_node[0m
[ 80%] Built target simple_lifecycle_node
[ 90%] [32m[1mLinking CXX executable simple_qos_subscriber[0m
[100%] [32m[1mLinking CXX executable simple_subscriber[0m
[100%] Built target simple_qos_subscriber
[100%] Built target simple_subscriber
-- Install configuration: ""
-- Installing: /bumperbot/install/bumperbot_cpp_examples/lib/bumperbot_cpp_examples/simple_publisher
-- Set non-toolchain portion of runtime path of "/bumperbot/install/bumperbot_cpp_examples/lib/bumperbot_cpp_examples/simple_publisher" to ""
-- Installing: /bumperbot/install/bumperbot_cpp_examples/lib/bumperbot_cpp_examples/simple_subscriber
-- Set non-toolchain portion of runtime path of "/bumperbot/install/bumperbot_cpp_examples/lib/bumperbot_cpp_examples/simple_subscriber" to ""
-- Installing: /bumperbot/install/bumperbot_cpp_examples/lib/bumperbot_cpp_examples/simple_lifecycle_node
-- Set non-toolchain portion of runtime path of "/bumperbot/install/bumperbot_cpp_examples/lib/bumperbot_cpp_examples/simple_lifecycle_node" to ""
-- Installing: /bumperbot/install/bumperbot_cpp_examples/lib/bumperbot_cpp_examples/simple_qos_publisher
-- Set non-toolchain portion of runtime path of "/bumperbot/install/bumperbot_cpp_examples/lib/bumperbot_cpp_examples/simple_qos_publisher" to ""
-- Installing: /bumperbot/install/bumperbot_cpp_examples/lib/bumperbot_cpp_examples/simple_qos_subscriber
-- Set non-toolchain portion of runtime path of "/bumperbot/install/bumperbot_cpp_examples/lib/bumperbot_cpp_examples/simple_qos_subscriber" to ""
-- Installing: /bumperbot/install/bumperbot_cpp_examples/share/ament_index/resource_index/package_run_dependencies/bumperbot_cpp_examples
-- Installing: /bumperbot/install/bumperbot_cpp_examples/share/ament_index/resource_index/parent_prefix_path/bumperbot_cpp_examples
-- Installing: /bumperbot/install/bumperbot_cpp_examples/share/bumperbot_cpp_examples/environment/ament_prefix_path.sh
-- Installing: /bumperbot/install/bumperbot_cpp_examples/share/bumperbot_cpp_examples/environment/ament_prefix_path.dsv
-- Installing: /bumperbot/install/bumperbot_cpp_examples/share/bumperbot_cpp_examples/environment/path.sh
-- Installing: /bumperbot/install/bumperbot_cpp_examples/share/bumperbot_cpp_examples/environment/path.dsv
-- Installing: /bumperbot/install/bumperbot_cpp_examples/share/bumperbot_cpp_examples/local_setup.bash
-- Installing: /bumperbot/install/bumperbot_cpp_examples/share/bumperbot_cpp_examples/local_setup.sh
-- Installing: /bumperbot/install/bumperbot_cpp_examples/share/bumperbot_cpp_examples/local_setup.zsh
-- Installing: /bumperbot/install/bumperbot_cpp_examples/share/bumperbot_cpp_examples/local_setup.dsv
-- Installing: /bumperbot/install/bumperbot_cpp_examples/share/bumperbot_cpp_examples/package.dsv
-- Installing: /bumperbot/install/bumperbot_cpp_examples/share/ament_index/resource_index/packages/bumperbot_cpp_examples
-- Installing: /bumperbot/install/bumperbot_cpp_examples/share/bumperbot_cpp_examples/cmake/bumperbot_cpp_examplesConfig.cmake
-- Installing: /bumperbot/install/bumperbot_cpp_examples/share/bumperbot_cpp_examples/cmake/bumperbot_cpp_examplesConfig-version.cmake
-- Installing: /bumperbot/install/bumperbot_cpp_examples/share/bumperbot_cpp_examples/package.xml
