[0.015s] Invoking command in '/bumperbot/build/bumperbot_cpp_examples': CMAKE_PREFIX_PATH=/opt/ros/jazzy /usr/bin/cmake /bumperbot/src/bumperbot_cpp_examples -DCMAKE_INSTALL_PREFIX=/bumperbot/install/bumperbot_cpp_examples
[0.218s] -- The C compiler identification is GNU 13.3.0
[0.361s] -- The CXX compiler identification is GNU 13.3.0
[0.385s] -- Detecting C compiler ABI info
[0.502s] -- Detecting C compiler ABI info - done
[0.514s] -- Check for working C compiler: /usr/bin/cc - skipped
[0.516s] -- Detecting C compile features
[0.516s] -- Detecting C compile features - done
[0.530s] -- Detecting CXX compiler ABI info
[0.639s] -- Detecting CXX compiler ABI info - done
[0.650s] -- Check for working CXX compiler: /usr/bin/c++ - skipped
[0.650s] -- Detecting CXX compile features
[0.651s] -- Detecting CXX compile features - done
[0.662s] -- Found ament_cmake: 2.5.4 (/opt/ros/jazzy/share/ament_cmake/cmake)
[0.843s] -- Found Python3: /usr/bin/python3 (found version "3.12.3") found components: Interpreter 
[0.990s] -- Found rclcpp: 28.1.12 (/opt/ros/jazzy/share/rclcpp/cmake)
[1.046s] -- Found rosidl_generator_c: 4.6.6 (/opt/ros/jazzy/share/rosidl_generator_c/cmake)
[1.064s] -- Found rosidl_generator_cpp: 4.6.6 (/opt/ros/jazzy/share/rosidl_generator_cpp/cmake)
[1.089s] -- Using all available rosidl_typesupport_c: rosidl_typesupport_fastrtps_c;rosidl_typesupport_introspection_c
[1.116s] -- Using all available rosidl_typesupport_cpp: rosidl_typesupport_fastrtps_cpp;rosidl_typesupport_introspection_cpp
[1.230s] -- Found rmw_implementation_cmake: 7.3.2 (/opt/ros/jazzy/share/rmw_implementation_cmake/cmake)
[1.233s] -- Found rmw_zenoh_cpp: 0.2.7 (/opt/ros/jazzy/share/rmw_zenoh_cpp/cmake)
[1.235s] -- Using RMW implementation 'rmw_zenoh_cpp' as default
[1.342s] -- Found std_msgs: 5.3.6 (/opt/ros/jazzy/share/std_msgs/cmake)
[1.369s] -- Found rclcpp_lifecycle: 28.1.12 (/opt/ros/jazzy/share/rclcpp_lifecycle/cmake)
[1.535s] -- Configuring done (1.5s)
[1.563s] -- Generating done (0.0s)
[1.573s] -- Build files have been written to: /bumperbot/build/bumperbot_cpp_examples
[1.581s] Invoked command in '/bumperbot/build/bumperbot_cpp_examples' returned '0': CMAKE_PREFIX_PATH=/opt/ros/jazzy /usr/bin/cmake /bumperbot/src/bumperbot_cpp_examples -DCMAKE_INSTALL_PREFIX=/bumperbot/install/bumperbot_cpp_examples
[1.582s] Invoking command in '/bumperbot/build/bumperbot_cpp_examples': CMAKE_PREFIX_PATH=/opt/ros/jazzy /usr/bin/cmake --build /bumperbot/build/bumperbot_cpp_examples -- -j8 -l8
[1.643s] [ 10%] [32mBuilding CXX object CMakeFiles/simple_publisher.dir/src/simple_publisher.cpp.o[0m
[1.647s] [ 20%] [32mBuilding CXX object CMakeFiles/simple_subscriber.dir/src/simple_subscriber.cpp.o[0m
[1.649s] [ 30%] [32mBuilding CXX object CMakeFiles/simple_lifecycle_node.dir/src/simple_lifecycle_node.cpp.o[0m
[1.653s] [ 40%] [32mBuilding CXX object CMakeFiles/simple_qos_subscriber.dir/src/simple_qos_subscriber.cpp.o[0m
[1.657s] [ 50%] [32mBuilding CXX object CMakeFiles/simple_qos_publisher.dir/src/simple_qos_publisher.cpp.o[0m
[8.006s] [ 60%] [32m[1mLinking CXX executable simple_qos_publisher[0m
[8.438s] [ 60%] Built target simple_qos_publisher
[9.149s] [ 70%] [32m[1mLinking CXX executable simple_publisher[0m
[9.415s] [ 70%] Built target simple_publisher
[11.840s] [ 80%] [32m[1mLinking CXX executable simple_lifecycle_node[0m
[12.327s] [ 80%] Built target simple_lifecycle_node
[13.050s] [ 90%] [32m[1mLinking CXX executable simple_qos_subscriber[0m
[13.286s] [100%] [32m[1mLinking CXX executable simple_subscriber[0m
[13.415s] [100%] Built target simple_qos_subscriber
[13.620s] [100%] Built target simple_subscriber
[13.631s] Invoked command in '/bumperbot/build/bumperbot_cpp_examples' returned '0': CMAKE_PREFIX_PATH=/opt/ros/jazzy /usr/bin/cmake --build /bumperbot/build/bumperbot_cpp_examples -- -j8 -l8
[13.642s] Invoking command in '/bumperbot/build/bumperbot_cpp_examples': CMAKE_PREFIX_PATH=/opt/ros/jazzy /usr/bin/cmake --install /bumperbot/build/bumperbot_cpp_examples
[13.650s] -- Install configuration: ""
[13.651s] -- Installing: /bumperbot/install/bumperbot_cpp_examples/lib/bumperbot_cpp_examples/simple_publisher
[13.653s] -- Set non-toolchain portion of runtime path of "/bumperbot/install/bumperbot_cpp_examples/lib/bumperbot_cpp_examples/simple_publisher" to ""
[13.653s] -- Installing: /bumperbot/install/bumperbot_cpp_examples/lib/bumperbot_cpp_examples/simple_subscriber
[13.658s] -- Set non-toolchain portion of runtime path of "/bumperbot/install/bumperbot_cpp_examples/lib/bumperbot_cpp_examples/simple_subscriber" to ""
[13.659s] -- Installing: /bumperbot/install/bumperbot_cpp_examples/lib/bumperbot_cpp_examples/simple_lifecycle_node
[13.663s] -- Set non-toolchain portion of runtime path of "/bumperbot/install/bumperbot_cpp_examples/lib/bumperbot_cpp_examples/simple_lifecycle_node" to ""
[13.663s] -- Installing: /bumperbot/install/bumperbot_cpp_examples/lib/bumperbot_cpp_examples/simple_qos_publisher
[13.665s] -- Set non-toolchain portion of runtime path of "/bumperbot/install/bumperbot_cpp_examples/lib/bumperbot_cpp_examples/simple_qos_publisher" to ""
[13.665s] -- Installing: /bumperbot/install/bumperbot_cpp_examples/lib/bumperbot_cpp_examples/simple_qos_subscriber
[13.670s] -- Set non-toolchain portion of runtime path of "/bumperbot/install/bumperbot_cpp_examples/lib/bumperbot_cpp_examples/simple_qos_subscriber" to ""
[13.671s] -- Installing: /bumperbot/install/bumperbot_cpp_examples/share/ament_index/resource_index/package_run_dependencies/bumperbot_cpp_examples
[13.671s] -- Installing: /bumperbot/install/bumperbot_cpp_examples/share/ament_index/resource_index/parent_prefix_path/bumperbot_cpp_examples
[13.671s] -- Installing: /bumperbot/install/bumperbot_cpp_examples/share/bumperbot_cpp_examples/environment/ament_prefix_path.sh
[13.672s] -- Installing: /bumperbot/install/bumperbot_cpp_examples/share/bumperbot_cpp_examples/environment/ament_prefix_path.dsv
[13.672s] -- Installing: /bumperbot/install/bumperbot_cpp_examples/share/bumperbot_cpp_examples/environment/path.sh
[13.672s] -- Installing: /bumperbot/install/bumperbot_cpp_examples/share/bumperbot_cpp_examples/environment/path.dsv
[13.672s] -- Installing: /bumperbot/install/bumperbot_cpp_examples/share/bumperbot_cpp_examples/local_setup.bash
[13.673s] -- Installing: /bumperbot/install/bumperbot_cpp_examples/share/bumperbot_cpp_examples/local_setup.sh
[13.673s] -- Installing: /bumperbot/install/bumperbot_cpp_examples/share/bumperbot_cpp_examples/local_setup.zsh
[13.673s] -- Installing: /bumperbot/install/bumperbot_cpp_examples/share/bumperbot_cpp_examples/local_setup.dsv
[13.674s] -- Installing: /bumperbot/install/bumperbot_cpp_examples/share/bumperbot_cpp_examples/package.dsv
[13.674s] -- Installing: /bumperbot/install/bumperbot_cpp_examples/share/ament_index/resource_index/packages/bumperbot_cpp_examples
[13.674s] -- Installing: /bumperbot/install/bumperbot_cpp_examples/share/bumperbot_cpp_examples/cmake/bumperbot_cpp_examplesConfig.cmake
[13.674s] -- Installing: /bumperbot/install/bumperbot_cpp_examples/share/bumperbot_cpp_examples/cmake/bumperbot_cpp_examplesConfig-version.cmake
[13.674s] -- Installing: /bumperbot/install/bumperbot_cpp_examples/share/bumperbot_cpp_examples/package.xml
[13.676s] Invoked command in '/bumperbot/build/bumperbot_cpp_examples' returned '0': CMAKE_PREFIX_PATH=/opt/ros/jazzy /usr/bin/cmake --install /bumperbot/build/bumperbot_cpp_examples
