[0.031s] Invoking command in '/bumperbot_ws/build/bumperbot_localization': CMAKE_PREFIX_PATH=${CMAKE_PREFIX_PATH}:/opt/ros/jazzy /usr/bin/cmake --build /bumperbot_ws/build/bumperbot_localization -- -j16 -l16
[0.179s] [ 33%] Built target imu_republisher
[0.201s] [ 66%] Built target kalman_filter
[0.246s] [100%] Built target odometry_motion_model
[0.246s] [100%] Built target ament_cmake_python_copy_bumperbot_localization
[0.450s] running egg_info
[0.471s] writing bumperbot_localization.egg-info/PKG-INFO
[0.471s] writing dependency_links to bumperbot_localization.egg-info/dependency_links.txt
[0.471s] writing top-level names to bumperbot_localization.egg-info/top_level.txt
[0.521s] reading manifest file 'bumperbot_localization.egg-info/SOURCES.txt'
[0.522s] writing manifest file 'bumperbot_localization.egg-info/SOURCES.txt'
[0.557s] [100%] Built target ament_cmake_python_build_bumperbot_localization_egg
[0.574s] Invoked command in '/bumperbot_ws/build/bumperbot_localization' returned '0': CMAKE_PREFIX_PATH=${CMAKE_PREFIX_PATH}:/opt/ros/jazzy /usr/bin/cmake --build /bumperbot_ws/build/bumperbot_localization -- -j16 -l16
[0.575s] Invoking command in '/bumperbot_ws/build/bumperbot_localization': CMAKE_PREFIX_PATH=${CMAKE_PREFIX_PATH}:/opt/ros/jazzy /usr/bin/cmake --install /bumperbot_ws/build/bumperbot_localization
[0.584s] -- Install configuration: ""
[0.584s] -- Up-to-date: /bumperbot_ws/install/bumperbot_localization/share/bumperbot_localization/environment/pythonpath.sh
[0.586s] -- Up-to-date: /bumperbot_ws/install/bumperbot_localization/share/bumperbot_localization/environment/pythonpath.dsv
[0.586s] -- Up-to-date: /bumperbot_ws/install/bumperbot_localization/lib/python3.12/site-packages/bumperbot_localization-0.0.0-py3.12.egg-info
[0.586s] -- Installing: /bumperbot_ws/install/bumperbot_localization/lib/python3.12/site-packages/bumperbot_localization-0.0.0-py3.12.egg-info/top_level.txt
[0.586s] -- Installing: /bumperbot_ws/install/bumperbot_localization/lib/python3.12/site-packages/bumperbot_localization-0.0.0-py3.12.egg-info/PKG-INFO
[0.586s] -- Installing: /bumperbot_ws/install/bumperbot_localization/lib/python3.12/site-packages/bumperbot_localization-0.0.0-py3.12.egg-info/SOURCES.txt
[0.586s] -- Installing: /bumperbot_ws/install/bumperbot_localization/lib/python3.12/site-packages/bumperbot_localization-0.0.0-py3.12.egg-info/dependency_links.txt
[0.586s] -- Up-to-date: /bumperbot_ws/install/bumperbot_localization/lib/python3.12/site-packages/bumperbot_localization
[0.586s] -- Up-to-date: /bumperbot_ws/install/bumperbot_localization/lib/python3.12/site-packages/bumperbot_localization/__init__.py
[0.586s] -- Up-to-date: /bumperbot_ws/install/bumperbot_localization/lib/python3.12/site-packages/bumperbot_localization/kalman_filter.py
[0.586s] -- Up-to-date: /bumperbot_ws/install/bumperbot_localization/lib/python3.12/site-packages/bumperbot_localization/imu_republisher.py
[0.586s] -- Up-to-date: /bumperbot_ws/install/bumperbot_localization/lib/python3.12/site-packages/bumperbot_localization/odometry_motion_model.py
[0.635s] Listing '/bumperbot_ws/install/bumperbot_localization/lib/python3.12/site-packages/bumperbot_localization'...
[0.637s] -- Up-to-date: /bumperbot_ws/install/bumperbot_localization/include/include
[0.638s] -- Up-to-date: /bumperbot_ws/install/bumperbot_localization/include/include/bumperbot_localization
[0.639s] -- Up-to-date: /bumperbot_ws/install/bumperbot_localization/include/include/bumperbot_localization/odometry_motion_model.hpp
[0.639s] -- Up-to-date: /bumperbot_ws/install/bumperbot_localization/include/include/bumperbot_localization/kalman_filter.hpp
[0.640s] -- Up-to-date: /bumperbot_ws/install/bumperbot_localization/bin/odometry_motion_model
[0.640s] -- Up-to-date: /bumperbot_ws/install/bumperbot_localization/lib/bumperbot_localization/kalman_filter
[0.640s] -- Up-to-date: /bumperbot_ws/install/bumperbot_localization/lib/bumperbot_localization/imu_republisher
[0.640s] -- Up-to-date: /bumperbot_ws/install/bumperbot_localization/lib/bumperbot_localization/odometry_motion_model
[0.640s] -- Up-to-date: /bumperbot_ws/install/bumperbot_localization/share/bumperbot_localization/launch
[0.640s] -- Up-to-date: /bumperbot_ws/install/bumperbot_localization/share/bumperbot_localization/launch/global_localization.launch.py
[0.641s] -- Up-to-date: /bumperbot_ws/install/bumperbot_localization/share/bumperbot_localization/launch/local_localization.launch.py
[0.641s] -- Up-to-date: /bumperbot_ws/install/bumperbot_localization/share/bumperbot_localization/config
[0.641s] -- Up-to-date: /bumperbot_ws/install/bumperbot_localization/share/bumperbot_localization/config/odometry_motion_model.rviz
[0.641s] -- Up-to-date: /bumperbot_ws/install/bumperbot_localization/share/bumperbot_localization/config/amcl.yaml
[0.641s] -- Up-to-date: /bumperbot_ws/install/bumperbot_localization/share/bumperbot_localization/config/ekf.yaml
[0.641s] -- Up-to-date: /bumperbot_ws/install/bumperbot_localization/share/bumperbot_localization/rviz
[0.641s] -- Up-to-date: /bumperbot_ws/install/bumperbot_localization/share/bumperbot_localization/rviz/global_localization.rviz
[0.642s] -- Up-to-date: /bumperbot_ws/install/bumperbot_localization/lib/bumperbot_localization/kalman_filter.py
[0.642s] -- Up-to-date: /bumperbot_ws/install/bumperbot_localization/lib/bumperbot_localization/imu_republisher.py
[0.642s] -- Up-to-date: /bumperbot_ws/install/bumperbot_localization/lib/bumperbot_localization/odometry_motion_model.py
[0.642s] -- Up-to-date: /bumperbot_ws/install/bumperbot_localization/share/ament_index/resource_index/package_run_dependencies/bumperbot_localization
[0.642s] -- Up-to-date: /bumperbot_ws/install/bumperbot_localization/share/ament_index/resource_index/parent_prefix_path/bumperbot_localization
[0.642s] -- Up-to-date: /bumperbot_ws/install/bumperbot_localization/share/bumperbot_localization/environment/ament_prefix_path.sh
[0.642s] -- Up-to-date: /bumperbot_ws/install/bumperbot_localization/share/bumperbot_localization/environment/ament_prefix_path.dsv
[0.642s] -- Up-to-date: /bumperbot_ws/install/bumperbot_localization/share/bumperbot_localization/environment/path.sh
[0.642s] -- Up-to-date: /bumperbot_ws/install/bumperbot_localization/share/bumperbot_localization/environment/path.dsv
[0.642s] -- Up-to-date: /bumperbot_ws/install/bumperbot_localization/share/bumperbot_localization/local_setup.bash
[0.642s] -- Up-to-date: /bumperbot_ws/install/bumperbot_localization/share/bumperbot_localization/local_setup.sh
[0.642s] -- Up-to-date: /bumperbot_ws/install/bumperbot_localization/share/bumperbot_localization/local_setup.zsh
[0.643s] -- Up-to-date: /bumperbot_ws/install/bumperbot_localization/share/bumperbot_localization/local_setup.dsv
[0.643s] -- Installing: /bumperbot_ws/install/bumperbot_localization/share/bumperbot_localization/package.dsv
[0.643s] -- Up-to-date: /bumperbot_ws/install/bumperbot_localization/share/ament_index/resource_index/packages/bumperbot_localization
[0.643s] -- Up-to-date: /bumperbot_ws/install/bumperbot_localization/share/bumperbot_localization/cmake/bumperbot_localizationConfig.cmake
[0.643s] -- Up-to-date: /bumperbot_ws/install/bumperbot_localization/share/bumperbot_localization/cmake/bumperbot_localizationConfig-version.cmake
[0.643s] -- Up-to-date: /bumperbot_ws/install/bumperbot_localization/share/bumperbot_localization/package.xml
[0.679s] Invoked command in '/bumperbot_ws/build/bumperbot_localization' returned '0': CMAKE_PREFIX_PATH=${CMAKE_PREFIX_PATH}:/opt/ros/jazzy /usr/bin/cmake --install /bumperbot_ws/build/bumperbot_localization
