[0.028s] Invoking command in '/bumperbot_ws/build/bumperbot_navigation': CMAKE_PREFIX_PATH=${CMAKE_PREFIX_PATH}:/opt/ros/jazzy /usr/bin/cmake --build /bumperbot_ws/build/bumperbot_navigation -- -j16 -l16
[0.054s] -- Found ament_cmake: 2.5.4 (/opt/ros/jazzy/share/ament_cmake/cmake)
[0.321s] -- Found ament_lint_auto: 0.17.3 (/opt/ros/jazzy/share/ament_lint_auto/cmake)
[0.450s] -- Added test 'flake8' to check Python code syntax and style conventions
[0.450s] -- Configured 'flake8' exclude dirs and/or files: 
[0.451s] -- Added test 'lint_cmake' to check CMake code style
[0.451s] -- Added test 'pep257' to check Python code against some of the docstring style conventions in PEP 257
[0.452s] -- Added test 'xmllint' to check XML markup files
[0.453s] -- Configuring done (0.4s)
[0.459s] -- Generating done (0.0s)
[0.459s] -- Build files have been written to: /bumperbot_ws/build/bumperbot_navigation
[0.486s] Invoked command in '/bumperbot_ws/build/bumperbot_navigation' returned '0': CMAKE_PREFIX_PATH=${CMAKE_PREFIX_PATH}:/opt/ros/jazzy /usr/bin/cmake --build /bumperbot_ws/build/bumperbot_navigation -- -j16 -l16
[0.486s] Invoking command in '/bumperbot_ws/build/bumperbot_navigation': CMAKE_PREFIX_PATH=${CMAKE_PREFIX_PATH}:/opt/ros/jazzy /usr/bin/cmake --install /bumperbot_ws/build/bumperbot_navigation
[0.494s] -- Install configuration: ""
[0.494s] -- Up-to-date: /bumperbot_ws/install/bumperbot_navigation/share/bumperbot_navigation/config
[0.494s] -- Installing: /bumperbot_ws/install/bumperbot_navigation/share/bumperbot_navigation/config/bt_navigator.yaml
[0.495s] -- Up-to-date: /bumperbot_ws/install/bumperbot_navigation/share/bumperbot_navigation/config/planner_server.yaml
[0.495s] -- Up-to-date: /bumperbot_ws/install/bumperbot_navigation/share/bumperbot_navigation/config/costmap.yaml
[0.495s] -- Up-to-date: /bumperbot_ws/install/bumperbot_navigation/share/bumperbot_navigation/config/controller_server.yaml
[0.495s] -- Up-to-date: /bumperbot_ws/install/bumperbot_navigation/share/bumperbot_navigation/config/smoother_server.yaml
[0.495s] -- Up-to-date: /bumperbot_ws/install/bumperbot_navigation/share/bumperbot_navigation/launch
[0.495s] -- Up-to-date: /bumperbot_ws/install/bumperbot_navigation/share/bumperbot_navigation/launch/navigation.launch.py
[0.495s] -- Installing: /bumperbot_ws/install/bumperbot_navigation/share/bumperbot_navigation/behavior_tree
[0.495s] -- Installing: /bumperbot_ws/install/bumperbot_navigation/share/bumperbot_navigation/behavior_tree/simple_navigation.xml
[0.496s] -- Up-to-date: /bumperbot_ws/install/bumperbot_navigation/share/ament_index/resource_index/package_run_dependencies/bumperbot_navigation
[0.496s] -- Up-to-date: /bumperbot_ws/install/bumperbot_navigation/share/ament_index/resource_index/parent_prefix_path/bumperbot_navigation
[0.496s] -- Up-to-date: /bumperbot_ws/install/bumperbot_navigation/share/bumperbot_navigation/environment/ament_prefix_path.sh
[0.496s] -- Up-to-date: /bumperbot_ws/install/bumperbot_navigation/share/bumperbot_navigation/environment/ament_prefix_path.dsv
[0.496s] -- Up-to-date: /bumperbot_ws/install/bumperbot_navigation/share/bumperbot_navigation/environment/path.sh
[0.496s] -- Up-to-date: /bumperbot_ws/install/bumperbot_navigation/share/bumperbot_navigation/environment/path.dsv
[0.497s] -- Up-to-date: /bumperbot_ws/install/bumperbot_navigation/share/bumperbot_navigation/local_setup.bash
[0.498s] -- Up-to-date: /bumperbot_ws/install/bumperbot_navigation/share/bumperbot_navigation/local_setup.sh
[0.499s] -- Up-to-date: /bumperbot_ws/install/bumperbot_navigation/share/bumperbot_navigation/local_setup.zsh
[0.499s] -- Up-to-date: /bumperbot_ws/install/bumperbot_navigation/share/bumperbot_navigation/local_setup.dsv
[0.499s] -- Installing: /bumperbot_ws/install/bumperbot_navigation/share/bumperbot_navigation/package.dsv
[0.500s] -- Up-to-date: /bumperbot_ws/install/bumperbot_navigation/share/ament_index/resource_index/packages/bumperbot_navigation
[0.500s] -- Up-to-date: /bumperbot_ws/install/bumperbot_navigation/share/bumperbot_navigation/cmake/bumperbot_navigationConfig.cmake
[0.500s] -- Up-to-date: /bumperbot_ws/install/bumperbot_navigation/share/bumperbot_navigation/cmake/bumperbot_navigationConfig-version.cmake
[0.500s] -- Up-to-date: /bumperbot_ws/install/bumperbot_navigation/share/bumperbot_navigation/package.xml
[0.501s] Invoked command in '/bumperbot_ws/build/bumperbot_navigation' returned '0': CMAKE_PREFIX_PATH=${CMAKE_PREFIX_PATH}:/opt/ros/jazzy /usr/bin/cmake --install /bumperbot_ws/build/bumperbot_navigation
