[0.013s] Invoking command in '/bumperbot_ws/build/bumperbot_motion': CMAKE_PREFIX_PATH=${CMAKE_PREFIX_PATH}:/opt/ros/jazzy /usr/bin/cmake /bumperbot_ws/src/bumperbot_motion -DCMAKE_INSTALL_PREFIX=/bumperbot_ws/install/bumperbot_motion
[0.050s] -- The C compiler identification is GNU 13.3.0
[0.091s] -- The CXX compiler identification is GNU 13.3.0
[0.101s] -- Detecting C compiler ABI info
[0.165s] -- Detecting C compiler ABI info - done
[0.174s] -- Check for working C compiler: /usr/bin/cc - skipped
[0.174s] -- Detecting C compile features
[0.174s] -- Detecting C compile features - done
[0.180s] -- Detecting CXX compiler ABI info
[0.249s] -- Detecting CXX compiler ABI info - done
[0.257s] -- Check for working CXX compiler: /usr/bin/c++ - skipped
[0.257s] -- Detecting CXX compile features
[0.257s] -- Detecting CXX compile features - done
[0.262s] -- Found ament_cmake: 2.5.4 (/opt/ros/jazzy/share/ament_cmake/cmake)
[0.376s] -- Found Python3: /usr/bin/python3 (found version "3.12.3") found components: Interpreter 
[0.492s] -- Found rclcpp: 28.1.12 (/opt/ros/jazzy/share/rclcpp/cmake)
[0.548s] -- Found rosidl_generator_c: 4.6.6 (/opt/ros/jazzy/share/rosidl_generator_c/cmake)
[0.565s] -- Found rosidl_generator_cpp: 4.6.6 (/opt/ros/jazzy/share/rosidl_generator_cpp/cmake)
[0.581s] -- Using all available rosidl_typesupport_c: rosidl_typesupport_fastrtps_c;rosidl_typesupport_introspection_c
[0.599s] -- Using all available rosidl_typesupport_cpp: rosidl_typesupport_fastrtps_cpp;rosidl_typesupport_introspection_cpp
[0.676s] -- Found rmw_implementation_cmake: 7.3.2 (/opt/ros/jazzy/share/rmw_implementation_cmake/cmake)
[0.681s] -- Found rmw_zenoh_cpp: 0.2.7 (/opt/ros/jazzy/share/rmw_zenoh_cpp/cmake)
[0.682s] -- Using RMW implementation 'rmw_zenoh_cpp' as default
[0.746s] -- Found rclpy: 7.1.5 (/opt/ros/jazzy/share/rclpy/cmake)
[0.749s] -- Found nav_msgs: 5.3.6 (/opt/ros/jazzy/share/nav_msgs/cmake)
[0.802s] -- Found tf2: 0.36.14 (/opt/ros/jazzy/share/tf2/cmake)
[0.808s] -- Found tf2_ros: 0.36.14 (/opt/ros/jazzy/share/tf2_ros/cmake)
[0.921s] -- Found tf2_geometry_msgs: 0.36.14 (/opt/ros/jazzy/share/tf2_geometry_msgs/cmake)
[0.943s] -- Found eigen3_cmake_module: 0.3.0 (/opt/ros/jazzy/share/eigen3_cmake_module/cmake)
[0.943s] -- Found Eigen3: TRUE (found version "3.4.0") 
[0.944s] -- Ensuring Eigen3 include directory is part of orocos-kdl CMake target
[0.948s] -- Found nav2_core: 1.3.8 (/opt/ros/jazzy/share/nav2_core/cmake)
[1.170s] -- Found TinyXML2 via Config file: /usr/lib/x86_64-linux-gnu/cmake/tinyxml2
[1.541s] -- Configuring done (1.5s)
[1.629s] -- Generating done (0.1s)
[1.635s] -- Build files have been written to: /bumperbot_ws/build/bumperbot_motion
[1.645s] Invoked command in '/bumperbot_ws/build/bumperbot_motion' returned '0': CMAKE_PREFIX_PATH=${CMAKE_PREFIX_PATH}:/opt/ros/jazzy /usr/bin/cmake /bumperbot_ws/src/bumperbot_motion -DCMAKE_INSTALL_PREFIX=/bumperbot_ws/install/bumperbot_motion
[1.646s] Invoking command in '/bumperbot_ws/build/bumperbot_motion': CMAKE_PREFIX_PATH=${CMAKE_PREFIX_PATH}:/opt/ros/jazzy /usr/bin/cmake --build /bumperbot_ws/build/bumperbot_motion -- -j16 -l16
[1.703s] [ 25%] [32mBuilding CXX object CMakeFiles/pd_motion_planner.dir/src/pd_motion_planner.cpp.o[0m
[1.706s] [ 50%] [32mBuilding CXX object CMakeFiles/pure_pursuit.dir/src/pure_pursuit.cpp.o[0m
[1.716s] [ 50%] Built target ament_cmake_python_copy_bumperbot_motion
[1.983s] running egg_info
[1.983s] creating bumperbot_motion.egg-info
[2.017s] writing bumperbot_motion.egg-info/PKG-INFO
[2.017s] writing dependency_links to bumperbot_motion.egg-info/dependency_links.txt
[2.017s] writing top-level names to bumperbot_motion.egg-info/top_level.txt
[2.017s] writing manifest file 'bumperbot_motion.egg-info/SOURCES.txt'
[2.074s] reading manifest file 'bumperbot_motion.egg-info/SOURCES.txt'
[2.075s] writing manifest file 'bumperbot_motion.egg-info/SOURCES.txt'
[2.113s] [ 50%] Built target ament_cmake_python_build_bumperbot_motion_egg
[8.861s] [ 75%] [32m[1mLinking CXX shared library libpure_pursuit.so[0m
[8.961s] [100%] [32m[1mLinking CXX shared library libpd_motion_planner.so[0m
[9.337s] [100%] Built target pure_pursuit
[9.485s] [100%] Built target pd_motion_planner
[9.498s] Invoked command in '/bumperbot_ws/build/bumperbot_motion' returned '0': CMAKE_PREFIX_PATH=${CMAKE_PREFIX_PATH}:/opt/ros/jazzy /usr/bin/cmake --build /bumperbot_ws/build/bumperbot_motion -- -j16 -l16
[9.499s] Invoking command in '/bumperbot_ws/build/bumperbot_motion': CMAKE_PREFIX_PATH=${CMAKE_PREFIX_PATH}:/opt/ros/jazzy /usr/bin/cmake --install /bumperbot_ws/build/bumperbot_motion
[9.509s] -- Install configuration: ""
[9.509s] -- Installing: /bumperbot_ws/install/bumperbot_motion/share/bumperbot_motion/environment/pythonpath.sh
[9.509s] -- Installing: /bumperbot_ws/install/bumperbot_motion/share/bumperbot_motion/environment/pythonpath.dsv
[9.509s] -- Installing: /bumperbot_ws/install/bumperbot_motion/lib/python3.12/site-packages/bumperbot_motion-0.0.0-py3.12.egg-info
[9.509s] -- Installing: /bumperbot_ws/install/bumperbot_motion/lib/python3.12/site-packages/bumperbot_motion-0.0.0-py3.12.egg-info/top_level.txt
[9.509s] -- Installing: /bumperbot_ws/install/bumperbot_motion/lib/python3.12/site-packages/bumperbot_motion-0.0.0-py3.12.egg-info/PKG-INFO
[9.509s] -- Installing: /bumperbot_ws/install/bumperbot_motion/lib/python3.12/site-packages/bumperbot_motion-0.0.0-py3.12.egg-info/SOURCES.txt
[9.509s] -- Installing: /bumperbot_ws/install/bumperbot_motion/lib/python3.12/site-packages/bumperbot_motion-0.0.0-py3.12.egg-info/dependency_links.txt
[9.509s] -- Installing: /bumperbot_ws/install/bumperbot_motion/lib/python3.12/site-packages/bumperbot_motion
[9.509s] -- Installing: /bumperbot_ws/install/bumperbot_motion/lib/python3.12/site-packages/bumperbot_motion/pure_pursuit.py
[9.510s] -- Installing: /bumperbot_ws/install/bumperbot_motion/lib/python3.12/site-packages/bumperbot_motion/pd_motion_planner.py
[9.510s] -- Installing: /bumperbot_ws/install/bumperbot_motion/lib/python3.12/site-packages/bumperbot_motion/__init__.py
[9.543s] Listing '/bumperbot_ws/install/bumperbot_motion/lib/python3.12/site-packages/bumperbot_motion'...
[9.543s] Compiling '/bumperbot_ws/install/bumperbot_motion/lib/python3.12/site-packages/bumperbot_motion/__init__.py'...
[9.543s] Compiling '/bumperbot_ws/install/bumperbot_motion/lib/python3.12/site-packages/bumperbot_motion/pd_motion_planner.py'...
[9.543s] Compiling '/bumperbot_ws/install/bumperbot_motion/lib/python3.12/site-packages/bumperbot_motion/pure_pursuit.py'...
[9.548s] -- Installing: /bumperbot_ws/install/bumperbot_motion/share/bumperbot_motion/motion_planner_plugins.xml
[9.548s] -- Installing: /bumperbot_ws/install/bumperbot_motion/lib/libpd_motion_planner.so
[9.549s] -- Set non-toolchain portion of runtime path of "/bumperbot_ws/install/bumperbot_motion/lib/libpd_motion_planner.so" to ""
[9.549s] -- Installing: /bumperbot_ws/install/bumperbot_motion/lib/libpure_pursuit.so
[9.551s] -- Set non-toolchain portion of runtime path of "/bumperbot_ws/install/bumperbot_motion/lib/libpure_pursuit.so" to ""
[9.551s] -- Installing: /bumperbot_ws/install/bumperbot_motion/include/include
[9.551s] -- Installing: /bumperbot_ws/install/bumperbot_motion/include/include/bumperbot_motion
[9.551s] -- Installing: /bumperbot_ws/install/bumperbot_motion/include/include/bumperbot_motion/pure_pursuit.hpp
[9.551s] -- Installing: /bumperbot_ws/install/bumperbot_motion/include/include/bumperbot_motion/pd_motion_planner.hpp
[9.551s] -- Installing: /bumperbot_ws/install/bumperbot_motion/lib/bumperbot_motion/pd_motion_planner.py
[9.551s] -- Installing: /bumperbot_ws/install/bumperbot_motion/lib/bumperbot_motion/pure_pursuit.py
[9.551s] -- Installing: /bumperbot_ws/install/bumperbot_motion/share/bumperbot_motion/environment/library_path.sh
[9.551s] -- Installing: /bumperbot_ws/install/bumperbot_motion/share/bumperbot_motion/environment/library_path.dsv
[9.551s] -- Installing: /bumperbot_ws/install/bumperbot_motion/share/ament_index/resource_index/package_run_dependencies/bumperbot_motion
[9.552s] -- Installing: /bumperbot_ws/install/bumperbot_motion/share/ament_index/resource_index/parent_prefix_path/bumperbot_motion
[9.552s] -- Installing: /bumperbot_ws/install/bumperbot_motion/share/bumperbot_motion/environment/ament_prefix_path.sh
[9.552s] -- Installing: /bumperbot_ws/install/bumperbot_motion/share/bumperbot_motion/environment/ament_prefix_path.dsv
[9.552s] -- Installing: /bumperbot_ws/install/bumperbot_motion/share/bumperbot_motion/environment/path.sh
[9.552s] -- Installing: /bumperbot_ws/install/bumperbot_motion/share/bumperbot_motion/environment/path.dsv
[9.552s] -- Installing: /bumperbot_ws/install/bumperbot_motion/share/bumperbot_motion/local_setup.bash
[9.552s] -- Installing: /bumperbot_ws/install/bumperbot_motion/share/bumperbot_motion/local_setup.sh
[9.552s] -- Installing: /bumperbot_ws/install/bumperbot_motion/share/bumperbot_motion/local_setup.zsh
[9.552s] -- Installing: /bumperbot_ws/install/bumperbot_motion/share/bumperbot_motion/local_setup.dsv
[9.553s] -- Installing: /bumperbot_ws/install/bumperbot_motion/share/bumperbot_motion/package.dsv
[9.553s] -- Installing: /bumperbot_ws/install/bumperbot_motion/share/ament_index/resource_index/packages/bumperbot_motion
[9.553s] -- Installing: /bumperbot_ws/install/bumperbot_motion/share/ament_index/resource_index/nav2_core__pluginlib__plugin/bumperbot_motion
[9.553s] -- Installing: /bumperbot_ws/install/bumperbot_motion/share/bumperbot_motion/cmake/ament_cmake_export_include_directories-extras.cmake
[9.553s] -- Installing: /bumperbot_ws/install/bumperbot_motion/share/bumperbot_motion/cmake/ament_cmake_export_libraries-extras.cmake
[9.553s] -- Installing: /bumperbot_ws/install/bumperbot_motion/share/bumperbot_motion/cmake/ament_cmake_export_dependencies-extras.cmake
[9.553s] -- Installing: /bumperbot_ws/install/bumperbot_motion/share/bumperbot_motion/cmake/bumperbot_motionConfig.cmake
[9.553s] -- Installing: /bumperbot_ws/install/bumperbot_motion/share/bumperbot_motion/cmake/bumperbot_motionConfig-version.cmake
[9.553s] -- Installing: /bumperbot_ws/install/bumperbot_motion/share/bumperbot_motion/package.xml
[9.555s] Invoked command in '/bumperbot_ws/build/bumperbot_motion' returned '0': CMAKE_PREFIX_PATH=${CMAKE_PREFIX_PATH}:/opt/ros/jazzy /usr/bin/cmake --install /bumperbot_ws/build/bumperbot_motion
