[0.012s] Invoking command in '/bumperbot_ws/build/bumperbot_mapping': CMAKE_PREFIX_PATH=${CMAKE_PREFIX_PATH}:/opt/ros/jazzy /usr/bin/cmake --build /bumperbot_ws/build/bumperbot_mapping -- -j16 -l16
[0.069s] [100%] Built target mapping_with_known_poses
[0.091s] [100%] Built target ament_cmake_python_copy_bumperbot_mapping
[0.203s] running egg_info
[0.215s] writing bumperbot_mapping.egg-info/PKG-INFO
[0.215s] writing dependency_links to bumperbot_mapping.egg-info/dependency_links.txt
[0.215s] writing top-level names to bumperbot_mapping.egg-info/top_level.txt
[0.247s] reading manifest file 'bumperbot_mapping.egg-info/SOURCES.txt'
[0.247s] writing manifest file 'bumperbot_mapping.egg-info/SOURCES.txt'
[0.273s] [100%] Built target ament_cmake_python_build_bumperbot_mapping_egg
[0.282s] Invoked command in '/bumperbot_ws/build/bumperbot_mapping' returned '0': CMAKE_PREFIX_PATH=${CMAKE_PREFIX_PATH}:/opt/ros/jazzy /usr/bin/cmake --build /bumperbot_ws/build/bumperbot_mapping -- -j16 -l16
[0.283s] Invoking command in '/bumperbot_ws/build/bumperbot_mapping': CMAKE_PREFIX_PATH=${CMAKE_PREFIX_PATH}:/opt/ros/jazzy /usr/bin/cmake --install /bumperbot_ws/build/bumperbot_mapping
[0.291s] -- Install configuration: ""
[0.291s] -- Up-to-date: /bumperbot_ws/install/bumperbot_mapping/share/bumperbot_mapping/environment/pythonpath.sh
[0.291s] -- Up-to-date: /bumperbot_ws/install/bumperbot_mapping/share/bumperbot_mapping/environment/pythonpath.dsv
[0.291s] -- Up-to-date: /bumperbot_ws/install/bumperbot_mapping/lib/python3.12/site-packages/bumperbot_mapping-0.0.0-py3.12.egg-info
[0.291s] -- Installing: /bumperbot_ws/install/bumperbot_mapping/lib/python3.12/site-packages/bumperbot_mapping-0.0.0-py3.12.egg-info/top_level.txt
[0.291s] -- Installing: /bumperbot_ws/install/bumperbot_mapping/lib/python3.12/site-packages/bumperbot_mapping-0.0.0-py3.12.egg-info/PKG-INFO
[0.291s] -- Installing: /bumperbot_ws/install/bumperbot_mapping/lib/python3.12/site-packages/bumperbot_mapping-0.0.0-py3.12.egg-info/SOURCES.txt
[0.291s] -- Installing: /bumperbot_ws/install/bumperbot_mapping/lib/python3.12/site-packages/bumperbot_mapping-0.0.0-py3.12.egg-info/dependency_links.txt
[0.291s] -- Up-to-date: /bumperbot_ws/install/bumperbot_mapping/lib/python3.12/site-packages/bumperbot_mapping
[0.291s] -- Up-to-date: /bumperbot_ws/install/bumperbot_mapping/lib/python3.12/site-packages/bumperbot_mapping/__init__.py
[0.291s] -- Up-to-date: /bumperbot_ws/install/bumperbot_mapping/lib/python3.12/site-packages/bumperbot_mapping/mapping_with_known_poses.py
[0.314s] Listing '/bumperbot_ws/install/bumperbot_mapping/lib/python3.12/site-packages/bumperbot_mapping'...
[0.318s] -- Up-to-date: /bumperbot_ws/install/bumperbot_mapping/include/include
[0.319s] -- Up-to-date: /bumperbot_ws/install/bumperbot_mapping/include/include/bumperbot_mapping
[0.319s] -- Up-to-date: /bumperbot_ws/install/bumperbot_mapping/include/include/bumperbot_mapping/mapping_with_known_poses.hpp
[0.319s] -- Up-to-date: /bumperbot_ws/install/bumperbot_mapping/lib/bumperbot_mapping/mapping_with_known_poses
[0.319s] -- Up-to-date: /bumperbot_ws/install/bumperbot_mapping/share/bumperbot_mapping/config
[0.319s] -- Up-to-date: /bumperbot_ws/install/bumperbot_mapping/share/bumperbot_mapping/config/slam_toolbox.yaml
[0.319s] -- Up-to-date: /bumperbot_ws/install/bumperbot_mapping/share/bumperbot_mapping/launch
[0.319s] -- Up-to-date: /bumperbot_ws/install/bumperbot_mapping/share/bumperbot_mapping/launch/slam.launch.py
[0.319s] -- Up-to-date: /bumperbot_ws/install/bumperbot_mapping/share/bumperbot_mapping/maps
[0.319s] -- Up-to-date: /bumperbot_ws/install/bumperbot_mapping/share/bumperbot_mapping/maps/small_warehouse
[0.319s] -- Up-to-date: /bumperbot_ws/install/bumperbot_mapping/share/bumperbot_mapping/maps/small_warehouse/map.pgm
[0.319s] -- Up-to-date: /bumperbot_ws/install/bumperbot_mapping/share/bumperbot_mapping/maps/small_warehouse/map.yaml
[0.319s] -- Up-to-date: /bumperbot_ws/install/bumperbot_mapping/share/bumperbot_mapping/maps/small_house
[0.320s] -- Up-to-date: /bumperbot_ws/install/bumperbot_mapping/share/bumperbot_mapping/maps/small_house/map.pgm
[0.320s] -- Up-to-date: /bumperbot_ws/install/bumperbot_mapping/share/bumperbot_mapping/maps/small_house/map.yaml
[0.320s] -- Up-to-date: /bumperbot_ws/install/bumperbot_mapping/share/bumperbot_mapping/rviz
[0.320s] -- Up-to-date: /bumperbot_ws/install/bumperbot_mapping/share/bumperbot_mapping/rviz/slam.rviz
[0.320s] -- Up-to-date: /bumperbot_ws/install/bumperbot_mapping/lib/bumperbot_mapping/mapping_with_known_poses.py
[0.320s] -- Up-to-date: /bumperbot_ws/install/bumperbot_mapping/share/ament_index/resource_index/package_run_dependencies/bumperbot_mapping
[0.320s] -- Up-to-date: /bumperbot_ws/install/bumperbot_mapping/share/ament_index/resource_index/parent_prefix_path/bumperbot_mapping
[0.320s] -- Up-to-date: /bumperbot_ws/install/bumperbot_mapping/share/bumperbot_mapping/environment/ament_prefix_path.sh
[0.320s] -- Up-to-date: /bumperbot_ws/install/bumperbot_mapping/share/bumperbot_mapping/environment/ament_prefix_path.dsv
[0.320s] -- Up-to-date: /bumperbot_ws/install/bumperbot_mapping/share/bumperbot_mapping/environment/path.sh
[0.320s] -- Up-to-date: /bumperbot_ws/install/bumperbot_mapping/share/bumperbot_mapping/environment/path.dsv
[0.320s] -- Up-to-date: /bumperbot_ws/install/bumperbot_mapping/share/bumperbot_mapping/local_setup.bash
[0.320s] -- Up-to-date: /bumperbot_ws/install/bumperbot_mapping/share/bumperbot_mapping/local_setup.sh
[0.320s] -- Up-to-date: /bumperbot_ws/install/bumperbot_mapping/share/bumperbot_mapping/local_setup.zsh
[0.320s] -- Up-to-date: /bumperbot_ws/install/bumperbot_mapping/share/bumperbot_mapping/local_setup.dsv
[0.320s] -- Installing: /bumperbot_ws/install/bumperbot_mapping/share/bumperbot_mapping/package.dsv
[0.320s] -- Up-to-date: /bumperbot_ws/install/bumperbot_mapping/share/ament_index/resource_index/packages/bumperbot_mapping
[0.321s] -- Up-to-date: /bumperbot_ws/install/bumperbot_mapping/share/bumperbot_mapping/cmake/bumperbot_mappingConfig.cmake
[0.321s] -- Up-to-date: /bumperbot_ws/install/bumperbot_mapping/share/bumperbot_mapping/cmake/bumperbot_mappingConfig-version.cmake
[0.321s] -- Up-to-date: /bumperbot_ws/install/bumperbot_mapping/share/bumperbot_mapping/package.xml
[0.343s] Invoked command in '/bumperbot_ws/build/bumperbot_mapping' returned '0': CMAKE_PREFIX_PATH=${CMAKE_PREFIX_PATH}:/opt/ros/jazzy /usr/bin/cmake --install /bumperbot_ws/build/bumperbot_mapping
