[0.015s] Invoking command in '/bumperbot_ws/build/bumperbot_controller': CMAKE_PREFIX_PATH=${CMAKE_PREFIX_PATH}:/opt/ros/jazzy /usr/bin/cmake --build /bumperbot_ws/build/bumperbot_controller -- -j16 -l16
[0.092s] [  0%] Built target ament_cmake_python_copy_bumperbot_controller
[0.092s] [ 33%] Built target twist_relay
[0.092s] [ 66%] Built target noisy_controller
[0.106s] [100%] Built target simple_controller
[0.208s] running egg_info
[0.219s] writing bumperbot_controller.egg-info/PKG-INFO
[0.219s] writing dependency_links to bumperbot_controller.egg-info/dependency_links.txt
[0.219s] writing top-level names to bumperbot_controller.egg-info/top_level.txt
[0.246s] reading manifest file 'bumperbot_controller.egg-info/SOURCES.txt'
[0.247s] writing manifest file 'bumperbot_controller.egg-info/SOURCES.txt'
[0.264s] [100%] Built target ament_cmake_python_build_bumperbot_controller_egg
[0.272s] Invoked command in '/bumperbot_ws/build/bumperbot_controller' returned '0': CMAKE_PREFIX_PATH=${CMAKE_PREFIX_PATH}:/opt/ros/jazzy /usr/bin/cmake --build /bumperbot_ws/build/bumperbot_controller -- -j16 -l16
[0.273s] Invoking command in '/bumperbot_ws/build/bumperbot_controller': CMAKE_PREFIX_PATH=${CMAKE_PREFIX_PATH}:/opt/ros/jazzy /usr/bin/cmake --install /bumperbot_ws/build/bumperbot_controller
[0.278s] -- Install configuration: ""
[0.278s] -- Up-to-date: /bumperbot_ws/install/bumperbot_controller/share/bumperbot_controller/environment/pythonpath.sh
[0.278s] -- Up-to-date: /bumperbot_ws/install/bumperbot_controller/share/bumperbot_controller/environment/pythonpath.dsv
[0.278s] -- Up-to-date: /bumperbot_ws/install/bumperbot_controller/lib/python3.12/site-packages/bumperbot_controller-0.0.0-py3.12.egg-info
[0.278s] -- Installing: /bumperbot_ws/install/bumperbot_controller/lib/python3.12/site-packages/bumperbot_controller-0.0.0-py3.12.egg-info/top_level.txt
[0.278s] -- Installing: /bumperbot_ws/install/bumperbot_controller/lib/python3.12/site-packages/bumperbot_controller-0.0.0-py3.12.egg-info/PKG-INFO
[0.278s] -- Installing: /bumperbot_ws/install/bumperbot_controller/lib/python3.12/site-packages/bumperbot_controller-0.0.0-py3.12.egg-info/SOURCES.txt
[0.279s] -- Installing: /bumperbot_ws/install/bumperbot_controller/lib/python3.12/site-packages/bumperbot_controller-0.0.0-py3.12.egg-info/dependency_links.txt
[0.279s] -- Up-to-date: /bumperbot_ws/install/bumperbot_controller/lib/python3.12/site-packages/bumperbot_controller
[0.279s] -- Up-to-date: /bumperbot_ws/install/bumperbot_controller/lib/python3.12/site-packages/bumperbot_controller/twist_relay.py
[0.279s] -- Up-to-date: /bumperbot_ws/install/bumperbot_controller/lib/python3.12/site-packages/bumperbot_controller/noisy_controller.py
[0.279s] -- Up-to-date: /bumperbot_ws/install/bumperbot_controller/lib/python3.12/site-packages/bumperbot_controller/simple_controller.py
[0.279s] -- Up-to-date: /bumperbot_ws/install/bumperbot_controller/lib/python3.12/site-packages/bumperbot_controller/__init__.py
[0.303s] Listing '/bumperbot_ws/install/bumperbot_controller/lib/python3.12/site-packages/bumperbot_controller'...
[0.306s] -- Up-to-date: /bumperbot_ws/install/bumperbot_controller/include/include
[0.306s] -- Up-to-date: /bumperbot_ws/install/bumperbot_controller/include/include/bumperbot_controller
[0.306s] -- Up-to-date: /bumperbot_ws/install/bumperbot_controller/include/include/bumperbot_controller/noisy_controller.hpp
[0.306s] -- Up-to-date: /bumperbot_ws/install/bumperbot_controller/include/include/bumperbot_controller/simple_controller.hpp
[0.306s] -- Up-to-date: /bumperbot_ws/install/bumperbot_controller/lib/bumperbot_controller/simple_controller
[0.306s] -- Up-to-date: /bumperbot_ws/install/bumperbot_controller/lib/bumperbot_controller/noisy_controller
[0.307s] -- Up-to-date: /bumperbot_ws/install/bumperbot_controller/lib/bumperbot_controller/twist_relay
[0.307s] -- Up-to-date: /bumperbot_ws/install/bumperbot_controller/share/bumperbot_controller/launch
[0.307s] -- Up-to-date: /bumperbot_ws/install/bumperbot_controller/share/bumperbot_controller/launch/joystick_teleop.launch.py
[0.307s] -- Up-to-date: /bumperbot_ws/install/bumperbot_controller/share/bumperbot_controller/launch/controller.launch.py
[0.307s] -- Up-to-date: /bumperbot_ws/install/bumperbot_controller/share/bumperbot_controller/config
[0.307s] -- Up-to-date: /bumperbot_ws/install/bumperbot_controller/share/bumperbot_controller/config/twist_mux_topics.yaml
[0.307s] -- Up-to-date: /bumperbot_ws/install/bumperbot_controller/share/bumperbot_controller/config/joy_teleop.yaml
[0.307s] -- Up-to-date: /bumperbot_ws/install/bumperbot_controller/share/bumperbot_controller/config/bumperbot_controllers.yaml
[0.307s] -- Up-to-date: /bumperbot_ws/install/bumperbot_controller/share/bumperbot_controller/config/twist_mux_joy.yaml
[0.307s] -- Up-to-date: /bumperbot_ws/install/bumperbot_controller/share/bumperbot_controller/config/joy_config.yaml
[0.307s] -- Up-to-date: /bumperbot_ws/install/bumperbot_controller/share/bumperbot_controller/config/twist_mux_locks.yaml
[0.307s] -- Up-to-date: /bumperbot_ws/install/bumperbot_controller/lib/bumperbot_controller/simple_controller.py
[0.308s] -- Up-to-date: /bumperbot_ws/install/bumperbot_controller/lib/bumperbot_controller/noisy_controller.py
[0.308s] -- Up-to-date: /bumperbot_ws/install/bumperbot_controller/lib/bumperbot_controller/twist_relay.py
[0.308s] -- Up-to-date: /bumperbot_ws/install/bumperbot_controller/share/ament_index/resource_index/package_run_dependencies/bumperbot_controller
[0.308s] -- Up-to-date: /bumperbot_ws/install/bumperbot_controller/share/ament_index/resource_index/parent_prefix_path/bumperbot_controller
[0.308s] -- Up-to-date: /bumperbot_ws/install/bumperbot_controller/share/bumperbot_controller/environment/ament_prefix_path.sh
[0.308s] -- Up-to-date: /bumperbot_ws/install/bumperbot_controller/share/bumperbot_controller/environment/ament_prefix_path.dsv
[0.308s] -- Up-to-date: /bumperbot_ws/install/bumperbot_controller/share/bumperbot_controller/environment/path.sh
[0.308s] -- Up-to-date: /bumperbot_ws/install/bumperbot_controller/share/bumperbot_controller/environment/path.dsv
[0.308s] -- Up-to-date: /bumperbot_ws/install/bumperbot_controller/share/bumperbot_controller/local_setup.bash
[0.308s] -- Up-to-date: /bumperbot_ws/install/bumperbot_controller/share/bumperbot_controller/local_setup.sh
[0.308s] -- Up-to-date: /bumperbot_ws/install/bumperbot_controller/share/bumperbot_controller/local_setup.zsh
[0.308s] -- Up-to-date: /bumperbot_ws/install/bumperbot_controller/share/bumperbot_controller/local_setup.dsv
[0.308s] -- Installing: /bumperbot_ws/install/bumperbot_controller/share/bumperbot_controller/package.dsv
[0.308s] -- Up-to-date: /bumperbot_ws/install/bumperbot_controller/share/ament_index/resource_index/packages/bumperbot_controller
[0.308s] -- Up-to-date: /bumperbot_ws/install/bumperbot_controller/share/bumperbot_controller/cmake/bumperbot_controllerConfig.cmake
[0.308s] -- Up-to-date: /bumperbot_ws/install/bumperbot_controller/share/bumperbot_controller/cmake/bumperbot_controllerConfig-version.cmake
[0.308s] -- Up-to-date: /bumperbot_ws/install/bumperbot_controller/share/bumperbot_controller/package.xml
[0.327s] Invoked command in '/bumperbot_ws/build/bumperbot_controller' returned '0': CMAKE_PREFIX_PATH=${CMAKE_PREFIX_PATH}:/opt/ros/jazzy /usr/bin/cmake --install /bumperbot_ws/build/bumperbot_controller
