[0.023s] Invoking command in '/bumperbot/build/bumperbot_controller': CMAKE_PREFIX_PATH=${CMAKE_PREFIX_PATH}:/opt/ros/jazzy /usr/bin/cmake /bumperbot/src/bumperbot_controller -DCMAKE_INSTALL_PREFIX=/bumperbot/install/bumperbot_controller
[0.109s] -- The C compiler identification is GNU 13.3.0
[0.313s] -- The CXX compiler identification is GNU 13.3.0
[0.313s] -- Detecting C compiler ABI info
[0.381s] -- Detecting C compiler ABI info - done
[0.393s] -- Check for working C compiler: /usr/bin/cc - skipped
[0.393s] -- Detecting C compile features
[0.394s] -- Detecting C compile features - done
[0.404s] -- Detecting CXX compiler ABI info
[0.511s] -- Detecting CXX compiler ABI info - done
[0.523s] -- Check for working CXX compiler: /usr/bin/c++ - skipped
[0.524s] -- Detecting CXX compile features
[0.524s] -- Detecting CXX compile features - done
[0.528s] -- Found ament_cmake: 2.5.4 (/opt/ros/jazzy/share/ament_cmake/cmake)
[0.675s] -- Found Python3: /usr/bin/python3 (found version "3.12.3") found components: Interpreter 
[0.800s] -- Found rclcpp: 28.1.12 (/opt/ros/jazzy/share/rclcpp/cmake)
[0.843s] -- Found rosidl_generator_c: 4.6.6 (/opt/ros/jazzy/share/rosidl_generator_c/cmake)
[0.862s] -- Found rosidl_generator_cpp: 4.6.6 (/opt/ros/jazzy/share/rosidl_generator_cpp/cmake)
[0.882s] -- Using all available rosidl_typesupport_c: rosidl_typesupport_fastrtps_c;rosidl_typesupport_introspection_c
[0.905s] -- Using all available rosidl_typesupport_cpp: rosidl_typesupport_fastrtps_cpp;rosidl_typesupport_introspection_cpp
[1.003s] -- Found rmw_implementation_cmake: 7.3.2 (/opt/ros/jazzy/share/rmw_implementation_cmake/cmake)
[1.007s] -- Found rmw_zenoh_cpp: 0.2.7 (/opt/ros/jazzy/share/rmw_zenoh_cpp/cmake)
[1.008s] -- Using RMW implementation 'rmw_zenoh_cpp' as default
[1.106s] -- Found rclpy: 7.1.5 (/opt/ros/jazzy/share/rclpy/cmake)
[1.108s] -- Found geometry_msgs: 5.3.6 (/opt/ros/jazzy/share/geometry_msgs/cmake)
[1.152s] -- Found sensor_msgs: 5.3.6 (/opt/ros/jazzy/share/sensor_msgs/cmake)
[1.183s] -- Found nav_msgs: 5.3.6 (/opt/ros/jazzy/share/nav_msgs/cmake)
[1.219s] -- Found tf2_ros: 0.36.14 (/opt/ros/jazzy/share/tf2_ros/cmake)
[1.644s] -- Configuring done (1.6s)
[1.678s] -- Generating done (0.0s)
[1.688s] -- Build files have been written to: /bumperbot/build/bumperbot_controller
[1.697s] Invoked command in '/bumperbot/build/bumperbot_controller' returned '0': CMAKE_PREFIX_PATH=${CMAKE_PREFIX_PATH}:/opt/ros/jazzy /usr/bin/cmake /bumperbot/src/bumperbot_controller -DCMAKE_INSTALL_PREFIX=/bumperbot/install/bumperbot_controller
[1.698s] Invoking command in '/bumperbot/build/bumperbot_controller': CMAKE_PREFIX_PATH=${CMAKE_PREFIX_PATH}:/opt/ros/jazzy /usr/bin/cmake --build /bumperbot/build/bumperbot_controller -- -j8 -l8
[1.754s] [ 16%] [32mBuilding CXX object CMakeFiles/simple_controller.dir/src/simple_controller.cpp.o[0m
[1.757s] [ 33%] [32mBuilding CXX object CMakeFiles/twist_relay.dir/src/twist_relay.cpp.o[0m
[1.757s] [ 50%] [32mBuilding CXX object CMakeFiles/noisy_controller.dir/src/noisy_controller.cpp.o[0m
[1.763s] [ 50%] Built target ament_cmake_python_copy_bumperbot_controller
[2.079s] running egg_info
[2.081s] creating bumperbot_controller.egg-info
[2.103s] writing bumperbot_controller.egg-info/PKG-INFO
[2.103s] writing dependency_links to bumperbot_controller.egg-info/dependency_links.txt
[2.103s] writing top-level names to bumperbot_controller.egg-info/top_level.txt
[2.103s] writing manifest file 'bumperbot_controller.egg-info/SOURCES.txt'
[2.160s] reading manifest file 'bumperbot_controller.egg-info/SOURCES.txt'
[2.161s] writing manifest file 'bumperbot_controller.egg-info/SOURCES.txt'
[2.203s] [ 50%] Built target ament_cmake_python_build_bumperbot_controller_egg
[12.079s] [ 66%] [32m[1mLinking CXX executable noisy_controller[0m
[12.791s] [ 66%] Built target noisy_controller
[13.291s] [ 83%] [32m[1mLinking CXX executable twist_relay[0m
[13.750s] [ 83%] Built target twist_relay
[16.578s] [100%] [32m[1mLinking CXX executable simple_controller[0m
[17.241s] [100%] Built target simple_controller
[17.253s] Invoked command in '/bumperbot/build/bumperbot_controller' returned '0': CMAKE_PREFIX_PATH=${CMAKE_PREFIX_PATH}:/opt/ros/jazzy /usr/bin/cmake --build /bumperbot/build/bumperbot_controller -- -j8 -l8
[17.255s] Invoking command in '/bumperbot/build/bumperbot_controller': CMAKE_PREFIX_PATH=${CMAKE_PREFIX_PATH}:/opt/ros/jazzy /usr/bin/cmake --install /bumperbot/build/bumperbot_controller
[17.264s] -- Install configuration: ""
[17.265s] -- Installing: /bumperbot/install/bumperbot_controller/share/bumperbot_controller/environment/pythonpath.sh
[17.266s] -- Installing: /bumperbot/install/bumperbot_controller/share/bumperbot_controller/environment/pythonpath.dsv
[17.267s] -- Installing: /bumperbot/install/bumperbot_controller/lib/python3.12/site-packages/bumperbot_controller-0.0.0-py3.12.egg-info
[17.267s] -- Installing: /bumperbot/install/bumperbot_controller/lib/python3.12/site-packages/bumperbot_controller-0.0.0-py3.12.egg-info/dependency_links.txt
[17.267s] -- Installing: /bumperbot/install/bumperbot_controller/lib/python3.12/site-packages/bumperbot_controller-0.0.0-py3.12.egg-info/SOURCES.txt
[17.268s] -- Installing: /bumperbot/install/bumperbot_controller/lib/python3.12/site-packages/bumperbot_controller-0.0.0-py3.12.egg-info/PKG-INFO
[17.268s] -- Installing: /bumperbot/install/bumperbot_controller/lib/python3.12/site-packages/bumperbot_controller-0.0.0-py3.12.egg-info/top_level.txt
[17.268s] -- Installing: /bumperbot/install/bumperbot_controller/lib/python3.12/site-packages/bumperbot_controller
[17.269s] -- Installing: /bumperbot/install/bumperbot_controller/lib/python3.12/site-packages/bumperbot_controller/simple_controller.py
[17.269s] -- Installing: /bumperbot/install/bumperbot_controller/lib/python3.12/site-packages/bumperbot_controller/noisy_controller.py
[17.269s] -- Installing: /bumperbot/install/bumperbot_controller/lib/python3.12/site-packages/bumperbot_controller/twist_relay.py
[17.269s] -- Installing: /bumperbot/install/bumperbot_controller/lib/python3.12/site-packages/bumperbot_controller/__init__.py
[17.335s] Listing '/bumperbot/install/bumperbot_controller/lib/python3.12/site-packages/bumperbot_controller'...
[17.335s] Compiling '/bumperbot/install/bumperbot_controller/lib/python3.12/site-packages/bumperbot_controller/__init__.py'...
[17.335s] Compiling '/bumperbot/install/bumperbot_controller/lib/python3.12/site-packages/bumperbot_controller/noisy_controller.py'...
[17.335s] Compiling '/bumperbot/install/bumperbot_controller/lib/python3.12/site-packages/bumperbot_controller/simple_controller.py'...
[17.336s] Compiling '/bumperbot/install/bumperbot_controller/lib/python3.12/site-packages/bumperbot_controller/twist_relay.py'...
[17.343s] -- Installing: /bumperbot/install/bumperbot_controller/include/include
[17.344s] -- Installing: /bumperbot/install/bumperbot_controller/include/include/bumperbot_controller
[17.344s] -- Installing: /bumperbot/install/bumperbot_controller/include/include/bumperbot_controller/noisy_controller.hpp
[17.344s] -- Installing: /bumperbot/install/bumperbot_controller/include/include/bumperbot_controller/simple_controller.hpp
[17.344s] -- Installing: /bumperbot/install/bumperbot_controller/lib/bumperbot_controller/simple_controller
[17.354s] -- Set non-toolchain portion of runtime path of "/bumperbot/install/bumperbot_controller/lib/bumperbot_controller/simple_controller" to ""
[17.354s] -- Installing: /bumperbot/install/bumperbot_controller/lib/bumperbot_controller/noisy_controller
[17.360s] -- Set non-toolchain portion of runtime path of "/bumperbot/install/bumperbot_controller/lib/bumperbot_controller/noisy_controller" to ""
[17.360s] -- Installing: /bumperbot/install/bumperbot_controller/lib/bumperbot_controller/twist_relay
[17.368s] -- Set non-toolchain portion of runtime path of "/bumperbot/install/bumperbot_controller/lib/bumperbot_controller/twist_relay" to ""
[17.368s] -- Installing: /bumperbot/install/bumperbot_controller/share/bumperbot_controller/launch
[17.368s] -- Installing: /bumperbot/install/bumperbot_controller/share/bumperbot_controller/launch/joystick_teleop.launch.py
[17.369s] -- Installing: /bumperbot/install/bumperbot_controller/share/bumperbot_controller/launch/controller.launch.py
[17.369s] -- Installing: /bumperbot/install/bumperbot_controller/share/bumperbot_controller/config
[17.369s] -- Installing: /bumperbot/install/bumperbot_controller/share/bumperbot_controller/config/bumperbot_controllers.yaml
[17.370s] -- Installing: /bumperbot/install/bumperbot_controller/share/bumperbot_controller/config/twist_mux_locks.yaml
[17.370s] -- Installing: /bumperbot/install/bumperbot_controller/share/bumperbot_controller/config/joy_config.yaml
[17.370s] -- Installing: /bumperbot/install/bumperbot_controller/share/bumperbot_controller/config/twist_mux_topics.yaml
[17.370s] -- Installing: /bumperbot/install/bumperbot_controller/share/bumperbot_controller/config/twist_mux_joy.yaml
[17.370s] -- Installing: /bumperbot/install/bumperbot_controller/share/bumperbot_controller/config/joy_teleop.yaml
[17.371s] -- Installing: /bumperbot/install/bumperbot_controller/lib/bumperbot_controller/simple_controller.py
[17.371s] -- Installing: /bumperbot/install/bumperbot_controller/lib/bumperbot_controller/noisy_controller.py
[17.371s] -- Installing: /bumperbot/install/bumperbot_controller/lib/bumperbot_controller/twist_relay.py
[17.371s] -- Installing: /bumperbot/install/bumperbot_controller/share/ament_index/resource_index/package_run_dependencies/bumperbot_controller
[17.372s] -- Installing: /bumperbot/install/bumperbot_controller/share/ament_index/resource_index/parent_prefix_path/bumperbot_controller
[17.373s] -- Installing: /bumperbot/install/bumperbot_controller/share/bumperbot_controller/environment/ament_prefix_path.sh
[17.373s] -- Installing: /bumperbot/install/bumperbot_controller/share/bumperbot_controller/environment/ament_prefix_path.dsv
[17.373s] -- Installing: /bumperbot/install/bumperbot_controller/share/bumperbot_controller/environment/path.sh
[17.374s] -- Installing: /bumperbot/install/bumperbot_controller/share/bumperbot_controller/environment/path.dsv
[17.374s] -- Installing: /bumperbot/install/bumperbot_controller/share/bumperbot_controller/local_setup.bash
[17.374s] -- Installing: /bumperbot/install/bumperbot_controller/share/bumperbot_controller/local_setup.sh
[17.375s] -- Installing: /bumperbot/install/bumperbot_controller/share/bumperbot_controller/local_setup.zsh
[17.375s] -- Installing: /bumperbot/install/bumperbot_controller/share/bumperbot_controller/local_setup.dsv
[17.375s] -- Installing: /bumperbot/install/bumperbot_controller/share/bumperbot_controller/package.dsv
[17.375s] -- Installing: /bumperbot/install/bumperbot_controller/share/ament_index/resource_index/packages/bumperbot_controller
[17.376s] -- Installing: /bumperbot/install/bumperbot_controller/share/bumperbot_controller/cmake/bumperbot_controllerConfig.cmake
[17.376s] -- Installing: /bumperbot/install/bumperbot_controller/share/bumperbot_controller/cmake/bumperbot_controllerConfig-version.cmake
[17.378s] -- Installing: /bumperbot/install/bumperbot_controller/share/bumperbot_controller/package.xml
[17.380s] Invoked command in '/bumperbot/build/bumperbot_controller' returned '0': CMAKE_PREFIX_PATH=${CMAKE_PREFIX_PATH}:/opt/ros/jazzy /usr/bin/cmake --install /bumperbot/build/bumperbot_controller
