[0.060s] DEBUG:colcon:Command line arguments: ['/usr/bin/colcon', 'build']
[0.060s] DEBUG:colcon:Parsed command line arguments: Namespace(log_base=None, log_level=None, verb_name='build', build_base='build', install_base='install', merge_install=False, symlink_install=False, test_result_base=None, continue_on_error=False, executor='parallel', parallel_workers=16, event_handlers=None, ignore_user_meta=False, metas=['./colcon.meta'], base_paths=['.'], packages_ignore=None, packages_ignore_regex=None, paths=None, packages_up_to=None, packages_up_to_regex=None, packages_above=None, packages_above_and_dependencies=None, packages_above_depth=None, packages_select_by_dep=None, packages_skip_by_dep=None, packages_skip_up_to=None, packages_select_build_failed=False, packages_skip_build_finished=False, packages_select_test_failures=False, packages_skip_test_passed=False, packages_select=None, packages_skip=None, packages_select_regex=None, packages_skip_regex=None, packages_start=None, packages_end=None, cmake_args=None, cmake_target=None, cmake_target_skip_unavailable=False, cmake_clean_cache=False, cmake_clean_first=False, cmake_force_configure=False, ament_cmake_args=None, catkin_cmake_args=None, catkin_skip_building_tests=False, mixin_files=None, mixin=None, verb_parser=<colcon_mixin.mixin.mixin_argument.MixinArgumentDecorator object at 0x7f8201bd0530>, verb_extension=<colcon_core.verb.build.BuildVerb object at 0x7f8201cec170>, main=<bound method BuildVerb.main of <colcon_core.verb.build.BuildVerb object at 0x7f8201cec170>>, mixin_verb=('build',))
[0.082s] Level 1:colcon.colcon_core.package_discovery:discover_packages(colcon_meta) check parameters
[0.082s] Level 1:colcon.colcon_core.package_discovery:discover_packages(recursive) check parameters
[0.082s] Level 1:colcon.colcon_core.package_discovery:discover_packages(ignore) check parameters
[0.082s] Level 1:colcon.colcon_core.package_discovery:discover_packages(path) check parameters
[0.082s] Level 1:colcon.colcon_core.package_discovery:discover_packages(colcon_meta) discover
[0.082s] Level 1:colcon.colcon_core.package_discovery:discover_packages(recursive) discover
[0.082s] INFO:colcon.colcon_core.package_discovery:Crawling recursively for packages in '/bumperbot_ws'
[0.082s] Level 1:colcon.colcon_core.package_identification:_identify(.) by extensions ['ignore', 'ignore_ament_install']
[0.082s] Level 1:colcon.colcon_core.package_identification:_identify(.) by extension 'ignore'
[0.082s] Level 1:colcon.colcon_core.package_identification:_identify(.) by extension 'ignore_ament_install'
[0.083s] Level 1:colcon.colcon_core.package_identification:_identify(.) by extensions ['colcon_pkg']
[0.083s] Level 1:colcon.colcon_core.package_identification:_identify(.) by extension 'colcon_pkg'
[0.083s] Level 1:colcon.colcon_core.package_identification:_identify(.) by extensions ['colcon_meta']
[0.083s] Level 1:colcon.colcon_core.package_identification:_identify(.) by extension 'colcon_meta'
[0.083s] Level 1:colcon.colcon_core.package_identification:_identify(.) by extensions ['ros']
[0.083s] Level 1:colcon.colcon_core.package_identification:_identify(.) by extension 'ros'
[0.097s] Level 1:colcon.colcon_core.package_identification:_identify(.) by extensions ['cmake', 'python']
[0.097s] Level 1:colcon.colcon_core.package_identification:_identify(.) by extension 'cmake'
[0.097s] Level 1:colcon.colcon_core.package_identification:_identify(.) by extension 'python'
[0.097s] Level 1:colcon.colcon_core.package_identification:_identify(.) by extensions ['python_setup_py']
[0.097s] Level 1:colcon.colcon_core.package_identification:_identify(.) by extension 'python_setup_py'
[0.097s] Level 1:colcon.colcon_core.package_identification:_identify(build) by extensions ['ignore', 'ignore_ament_install']
[0.097s] Level 1:colcon.colcon_core.package_identification:_identify(build) by extension 'ignore'
[0.097s] Level 1:colcon.colcon_core.package_identification:_identify(build) ignored
[0.097s] Level 1:colcon.colcon_core.package_identification:_identify(install) by extensions ['ignore', 'ignore_ament_install']
[0.097s] Level 1:colcon.colcon_core.package_identification:_identify(install) by extension 'ignore'
[0.097s] Level 1:colcon.colcon_core.package_identification:_identify(install) ignored
[0.097s] Level 1:colcon.colcon_core.package_identification:_identify(log) by extensions ['ignore', 'ignore_ament_install']
[0.097s] Level 1:colcon.colcon_core.package_identification:_identify(log) by extension 'ignore'
[0.097s] Level 1:colcon.colcon_core.package_identification:_identify(log) ignored
[0.098s] Level 1:colcon.colcon_core.package_identification:_identify(src) by extensions ['ignore', 'ignore_ament_install']
[0.098s] Level 1:colcon.colcon_core.package_identification:_identify(src) by extension 'ignore'
[0.098s] Level 1:colcon.colcon_core.package_identification:_identify(src) by extension 'ignore_ament_install'
[0.098s] Level 1:colcon.colcon_core.package_identification:_identify(src) by extensions ['colcon_pkg']
[0.098s] Level 1:colcon.colcon_core.package_identification:_identify(src) by extension 'colcon_pkg'
[0.098s] Level 1:colcon.colcon_core.package_identification:_identify(src) by extensions ['colcon_meta']
[0.098s] Level 1:colcon.colcon_core.package_identification:_identify(src) by extension 'colcon_meta'
[0.098s] Level 1:colcon.colcon_core.package_identification:_identify(src) by extensions ['ros']
[0.098s] Level 1:colcon.colcon_core.package_identification:_identify(src) by extension 'ros'
[0.098s] Level 1:colcon.colcon_core.package_identification:_identify(src) by extensions ['cmake', 'python']
[0.098s] Level 1:colcon.colcon_core.package_identification:_identify(src) by extension 'cmake'
[0.098s] Level 1:colcon.colcon_core.package_identification:_identify(src) by extension 'python'
[0.098s] Level 1:colcon.colcon_core.package_identification:_identify(src) by extensions ['python_setup_py']
[0.098s] Level 1:colcon.colcon_core.package_identification:_identify(src) by extension 'python_setup_py'
[0.098s] Level 1:colcon.colcon_core.package_identification:_identify(src/bumperbot_bringup) by extensions ['ignore', 'ignore_ament_install']
[0.098s] Level 1:colcon.colcon_core.package_identification:_identify(src/bumperbot_bringup) by extension 'ignore'
[0.098s] Level 1:colcon.colcon_core.package_identification:_identify(src/bumperbot_bringup) by extension 'ignore_ament_install'
[0.098s] Level 1:colcon.colcon_core.package_identification:_identify(src/bumperbot_bringup) by extensions ['colcon_pkg']
[0.098s] Level 1:colcon.colcon_core.package_identification:_identify(src/bumperbot_bringup) by extension 'colcon_pkg'
[0.098s] Level 1:colcon.colcon_core.package_identification:_identify(src/bumperbot_bringup) by extensions ['colcon_meta']
[0.098s] Level 1:colcon.colcon_core.package_identification:_identify(src/bumperbot_bringup) by extension 'colcon_meta'
[0.098s] Level 1:colcon.colcon_core.package_identification:_identify(src/bumperbot_bringup) by extensions ['ros']
[0.098s] Level 1:colcon.colcon_core.package_identification:_identify(src/bumperbot_bringup) by extension 'ros'
[0.100s] DEBUG:colcon.colcon_core.package_identification:Package 'src/bumperbot_bringup' with type 'ros.ament_cmake' and name 'bumperbot_bringup'
[0.100s] Level 1:colcon.colcon_core.package_identification:_identify(src/bumperbot_controller) by extensions ['ignore', 'ignore_ament_install']
[0.100s] Level 1:colcon.colcon_core.package_identification:_identify(src/bumperbot_controller) by extension 'ignore'
[0.100s] Level 1:colcon.colcon_core.package_identification:_identify(src/bumperbot_controller) by extension 'ignore_ament_install'
[0.100s] Level 1:colcon.colcon_core.package_identification:_identify(src/bumperbot_controller) by extensions ['colcon_pkg']
[0.100s] Level 1:colcon.colcon_core.package_identification:_identify(src/bumperbot_controller) by extension 'colcon_pkg'
[0.100s] Level 1:colcon.colcon_core.package_identification:_identify(src/bumperbot_controller) by extensions ['colcon_meta']
[0.100s] Level 1:colcon.colcon_core.package_identification:_identify(src/bumperbot_controller) by extension 'colcon_meta'
[0.100s] Level 1:colcon.colcon_core.package_identification:_identify(src/bumperbot_controller) by extensions ['ros']
[0.100s] Level 1:colcon.colcon_core.package_identification:_identify(src/bumperbot_controller) by extension 'ros'
[0.101s] DEBUG:colcon.colcon_core.package_identification:Package 'src/bumperbot_controller' with type 'ros.ament_cmake' and name 'bumperbot_controller'
[0.101s] Level 1:colcon.colcon_core.package_identification:_identify(src/bumperbot_cpp_examples) by extensions ['ignore', 'ignore_ament_install']
[0.101s] Level 1:colcon.colcon_core.package_identification:_identify(src/bumperbot_cpp_examples) by extension 'ignore'
[0.101s] Level 1:colcon.colcon_core.package_identification:_identify(src/bumperbot_cpp_examples) by extension 'ignore_ament_install'
[0.101s] Level 1:colcon.colcon_core.package_identification:_identify(src/bumperbot_cpp_examples) by extensions ['colcon_pkg']
[0.101s] Level 1:colcon.colcon_core.package_identification:_identify(src/bumperbot_cpp_examples) by extension 'colcon_pkg'
[0.101s] Level 1:colcon.colcon_core.package_identification:_identify(src/bumperbot_cpp_examples) by extensions ['colcon_meta']
[0.101s] Level 1:colcon.colcon_core.package_identification:_identify(src/bumperbot_cpp_examples) by extension 'colcon_meta'
[0.101s] Level 1:colcon.colcon_core.package_identification:_identify(src/bumperbot_cpp_examples) by extensions ['ros']
[0.101s] Level 1:colcon.colcon_core.package_identification:_identify(src/bumperbot_cpp_examples) by extension 'ros'
[0.101s] Level 1:colcon.colcon_core.package_identification:_identify(src/bumperbot_cpp_examples) by extensions ['cmake', 'python']
[0.101s] Level 1:colcon.colcon_core.package_identification:_identify(src/bumperbot_cpp_examples) by extension 'cmake'
[0.101s] Level 1:colcon.colcon_core.package_identification:_identify(src/bumperbot_cpp_examples) by extension 'python'
[0.101s] Level 1:colcon.colcon_core.package_identification:_identify(src/bumperbot_cpp_examples) by extensions ['python_setup_py']
[0.101s] Level 1:colcon.colcon_core.package_identification:_identify(src/bumperbot_cpp_examples) by extension 'python_setup_py'
[0.101s] Level 1:colcon.colcon_core.package_identification:_identify(src/bumperbot_cpp_examples/include) by extensions ['ignore', 'ignore_ament_install']
[0.101s] Level 1:colcon.colcon_core.package_identification:_identify(src/bumperbot_cpp_examples/include) by extension 'ignore'
[0.101s] Level 1:colcon.colcon_core.package_identification:_identify(src/bumperbot_cpp_examples/include) by extension 'ignore_ament_install'
[0.101s] Level 1:colcon.colcon_core.package_identification:_identify(src/bumperbot_cpp_examples/include) by extensions ['colcon_pkg']
[0.101s] Level 1:colcon.colcon_core.package_identification:_identify(src/bumperbot_cpp_examples/include) by extension 'colcon_pkg'
[0.101s] Level 1:colcon.colcon_core.package_identification:_identify(src/bumperbot_cpp_examples/include) by extensions ['colcon_meta']
[0.101s] Level 1:colcon.colcon_core.package_identification:_identify(src/bumperbot_cpp_examples/include) by extension 'colcon_meta'
[0.101s] Level 1:colcon.colcon_core.package_identification:_identify(src/bumperbot_cpp_examples/include) by extensions ['ros']
[0.101s] Level 1:colcon.colcon_core.package_identification:_identify(src/bumperbot_cpp_examples/include) by extension 'ros'
[0.101s] Level 1:colcon.colcon_core.package_identification:_identify(src/bumperbot_cpp_examples/include) by extensions ['cmake', 'python']
[0.101s] Level 1:colcon.colcon_core.package_identification:_identify(src/bumperbot_cpp_examples/include) by extension 'cmake'
[0.101s] Level 1:colcon.colcon_core.package_identification:_identify(src/bumperbot_cpp_examples/include) by extension 'python'
[0.101s] Level 1:colcon.colcon_core.package_identification:_identify(src/bumperbot_cpp_examples/include) by extensions ['python_setup_py']
[0.101s] Level 1:colcon.colcon_core.package_identification:_identify(src/bumperbot_cpp_examples/include) by extension 'python_setup_py'
[0.101s] Level 1:colcon.colcon_core.package_identification:_identify(src/bumperbot_cpp_examples/include/bumperbot_cpp_examples) by extensions ['ignore', 'ignore_ament_install']
[0.101s] Level 1:colcon.colcon_core.package_identification:_identify(src/bumperbot_cpp_examples/include/bumperbot_cpp_examples) by extension 'ignore'
[0.101s] Level 1:colcon.colcon_core.package_identification:_identify(src/bumperbot_cpp_examples/include/bumperbot_cpp_examples) by extension 'ignore_ament_install'
[0.101s] Level 1:colcon.colcon_core.package_identification:_identify(src/bumperbot_cpp_examples/include/bumperbot_cpp_examples) by extensions ['colcon_pkg']
[0.101s] Level 1:colcon.colcon_core.package_identification:_identify(src/bumperbot_cpp_examples/include/bumperbot_cpp_examples) by extension 'colcon_pkg'
[0.101s] Level 1:colcon.colcon_core.package_identification:_identify(src/bumperbot_cpp_examples/include/bumperbot_cpp_examples) by extensions ['colcon_meta']
[0.101s] Level 1:colcon.colcon_core.package_identification:_identify(src/bumperbot_cpp_examples/include/bumperbot_cpp_examples) by extension 'colcon_meta'
[0.102s] Level 1:colcon.colcon_core.package_identification:_identify(src/bumperbot_cpp_examples/include/bumperbot_cpp_examples) by extensions ['ros']
[0.102s] Level 1:colcon.colcon_core.package_identification:_identify(src/bumperbot_cpp_examples/include/bumperbot_cpp_examples) by extension 'ros'
[0.102s] Level 1:colcon.colcon_core.package_identification:_identify(src/bumperbot_cpp_examples/include/bumperbot_cpp_examples) by extensions ['cmake', 'python']
[0.102s] Level 1:colcon.colcon_core.package_identification:_identify(src/bumperbot_cpp_examples/include/bumperbot_cpp_examples) by extension 'cmake'
[0.102s] Level 1:colcon.colcon_core.package_identification:_identify(src/bumperbot_cpp_examples/include/bumperbot_cpp_examples) by extension 'python'
[0.102s] Level 1:colcon.colcon_core.package_identification:_identify(src/bumperbot_cpp_examples/include/bumperbot_cpp_examples) by extensions ['python_setup_py']
[0.102s] Level 1:colcon.colcon_core.package_identification:_identify(src/bumperbot_cpp_examples/include/bumperbot_cpp_examples) by extension 'python_setup_py'
[0.102s] Level 1:colcon.colcon_core.package_identification:_identify(src/bumperbot_description) by extensions ['ignore', 'ignore_ament_install']
[0.102s] Level 1:colcon.colcon_core.package_identification:_identify(src/bumperbot_description) by extension 'ignore'
[0.102s] Level 1:colcon.colcon_core.package_identification:_identify(src/bumperbot_description) by extension 'ignore_ament_install'
[0.102s] Level 1:colcon.colcon_core.package_identification:_identify(src/bumperbot_description) by extensions ['colcon_pkg']
[0.102s] Level 1:colcon.colcon_core.package_identification:_identify(src/bumperbot_description) by extension 'colcon_pkg'
[0.102s] Level 1:colcon.colcon_core.package_identification:_identify(src/bumperbot_description) by extensions ['colcon_meta']
[0.102s] Level 1:colcon.colcon_core.package_identification:_identify(src/bumperbot_description) by extension 'colcon_meta'
[0.102s] Level 1:colcon.colcon_core.package_identification:_identify(src/bumperbot_description) by extensions ['ros']
[0.102s] Level 1:colcon.colcon_core.package_identification:_identify(src/bumperbot_description) by extension 'ros'
[0.103s] DEBUG:colcon.colcon_core.package_identification:Package 'src/bumperbot_description' with type 'ros.ament_cmake' and name 'bumperbot_description'
[0.104s] Level 1:colcon.colcon_core.package_identification:_identify(src/bumperbot_localization) by extensions ['ignore', 'ignore_ament_install']
[0.104s] Level 1:colcon.colcon_core.package_identification:_identify(src/bumperbot_localization) by extension 'ignore'
[0.104s] Level 1:colcon.colcon_core.package_identification:_identify(src/bumperbot_localization) by extension 'ignore_ament_install'
[0.104s] Level 1:colcon.colcon_core.package_identification:_identify(src/bumperbot_localization) by extensions ['colcon_pkg']
[0.104s] Level 1:colcon.colcon_core.package_identification:_identify(src/bumperbot_localization) by extension 'colcon_pkg'
[0.104s] Level 1:colcon.colcon_core.package_identification:_identify(src/bumperbot_localization) by extensions ['colcon_meta']
[0.104s] Level 1:colcon.colcon_core.package_identification:_identify(src/bumperbot_localization) by extension 'colcon_meta'
[0.104s] Level 1:colcon.colcon_core.package_identification:_identify(src/bumperbot_localization) by extensions ['ros']
[0.104s] Level 1:colcon.colcon_core.package_identification:_identify(src/bumperbot_localization) by extension 'ros'
[0.104s] DEBUG:colcon.colcon_core.package_identification:Package 'src/bumperbot_localization' with type 'ros.ament_cmake' and name 'bumperbot_localization'
[0.104s] Level 1:colcon.colcon_core.package_identification:_identify(src/bumperbot_mapping) by extensions ['ignore', 'ignore_ament_install']
[0.104s] Level 1:colcon.colcon_core.package_identification:_identify(src/bumperbot_mapping) by extension 'ignore'
[0.104s] Level 1:colcon.colcon_core.package_identification:_identify(src/bumperbot_mapping) by extension 'ignore_ament_install'
[0.104s] Level 1:colcon.colcon_core.package_identification:_identify(src/bumperbot_mapping) by extensions ['colcon_pkg']
[0.104s] Level 1:colcon.colcon_core.package_identification:_identify(src/bumperbot_mapping) by extension 'colcon_pkg'
[0.104s] Level 1:colcon.colcon_core.package_identification:_identify(src/bumperbot_mapping) by extensions ['colcon_meta']
[0.104s] Level 1:colcon.colcon_core.package_identification:_identify(src/bumperbot_mapping) by extension 'colcon_meta'
[0.104s] Level 1:colcon.colcon_core.package_identification:_identify(src/bumperbot_mapping) by extensions ['ros']
[0.104s] Level 1:colcon.colcon_core.package_identification:_identify(src/bumperbot_mapping) by extension 'ros'
[0.105s] DEBUG:colcon.colcon_core.package_identification:Package 'src/bumperbot_mapping' with type 'ros.ament_cmake' and name 'bumperbot_mapping'
[0.105s] Level 1:colcon.colcon_core.package_identification:_identify(src/bumperbot_planning) by extensions ['ignore', 'ignore_ament_install']
[0.105s] Level 1:colcon.colcon_core.package_identification:_identify(src/bumperbot_planning) by extension 'ignore'
[0.105s] Level 1:colcon.colcon_core.package_identification:_identify(src/bumperbot_planning) by extension 'ignore_ament_install'
[0.105s] Level 1:colcon.colcon_core.package_identification:_identify(src/bumperbot_planning) by extensions ['colcon_pkg']
[0.105s] Level 1:colcon.colcon_core.package_identification:_identify(src/bumperbot_planning) by extension 'colcon_pkg'
[0.105s] Level 1:colcon.colcon_core.package_identification:_identify(src/bumperbot_planning) by extensions ['colcon_meta']
[0.105s] Level 1:colcon.colcon_core.package_identification:_identify(src/bumperbot_planning) by extension 'colcon_meta'
[0.105s] Level 1:colcon.colcon_core.package_identification:_identify(src/bumperbot_planning) by extensions ['ros']
[0.105s] Level 1:colcon.colcon_core.package_identification:_identify(src/bumperbot_planning) by extension 'ros'
[0.105s] DEBUG:colcon.colcon_core.package_identification:Package 'src/bumperbot_planning' with type 'ros.ament_cmake' and name 'bumperbot_planning'
[0.105s] Level 1:colcon.colcon_core.package_discovery:discover_packages(recursive) using defaults
[0.106s] Level 1:colcon.colcon_core.package_discovery:discover_packages(ignore) discover
[0.106s] Level 1:colcon.colcon_core.package_discovery:discover_packages(ignore) using defaults
[0.106s] Level 1:colcon.colcon_core.package_discovery:discover_packages(path) discover
[0.106s] Level 1:colcon.colcon_core.package_discovery:discover_packages(path) using defaults
[0.117s] Level 5:colcon.colcon_core.verb:set package 'bumperbot_controller' build argument 'cmake_args' from command line to 'None'
[0.117s] Level 5:colcon.colcon_core.verb:set package 'bumperbot_controller' build argument 'cmake_target' from command line to 'None'
[0.117s] Level 5:colcon.colcon_core.verb:set package 'bumperbot_controller' build argument 'cmake_target_skip_unavailable' from command line to 'False'
[0.117s] Level 5:colcon.colcon_core.verb:set package 'bumperbot_controller' build argument 'cmake_clean_cache' from command line to 'False'
[0.117s] Level 5:colcon.colcon_core.verb:set package 'bumperbot_controller' build argument 'cmake_clean_first' from command line to 'False'
[0.117s] Level 5:colcon.colcon_core.verb:set package 'bumperbot_controller' build argument 'cmake_force_configure' from command line to 'False'
[0.117s] Level 5:colcon.colcon_core.verb:set package 'bumperbot_controller' build argument 'ament_cmake_args' from command line to 'None'
[0.117s] Level 5:colcon.colcon_core.verb:set package 'bumperbot_controller' build argument 'catkin_cmake_args' from command line to 'None'
[0.117s] Level 5:colcon.colcon_core.verb:set package 'bumperbot_controller' build argument 'catkin_skip_building_tests' from command line to 'False'
[0.117s] DEBUG:colcon.colcon_core.verb:Building package 'bumperbot_controller' with the following arguments: {'ament_cmake_args': None, 'build_base': '/bumperbot_ws/build/bumperbot_controller', 'catkin_cmake_args': None, 'catkin_skip_building_tests': False, 'cmake_args': None, 'cmake_clean_cache': False, 'cmake_clean_first': False, 'cmake_force_configure': False, 'cmake_target': None, 'cmake_target_skip_unavailable': False, 'install_base': '/bumperbot_ws/install/bumperbot_controller', 'merge_install': False, 'path': '/bumperbot_ws/src/bumperbot_controller', 'symlink_install': False, 'test_result_base': None}
[0.117s] Level 5:colcon.colcon_core.verb:set package 'bumperbot_description' build argument 'cmake_args' from command line to 'None'
[0.117s] Level 5:colcon.colcon_core.verb:set package 'bumperbot_description' build argument 'cmake_target' from command line to 'None'
[0.117s] Level 5:colcon.colcon_core.verb:set package 'bumperbot_description' build argument 'cmake_target_skip_unavailable' from command line to 'False'
[0.117s] Level 5:colcon.colcon_core.verb:set package 'bumperbot_description' build argument 'cmake_clean_cache' from command line to 'False'
[0.117s] Level 5:colcon.colcon_core.verb:set package 'bumperbot_description' build argument 'cmake_clean_first' from command line to 'False'
[0.117s] Level 5:colcon.colcon_core.verb:set package 'bumperbot_description' build argument 'cmake_force_configure' from command line to 'False'
[0.117s] Level 5:colcon.colcon_core.verb:set package 'bumperbot_description' build argument 'ament_cmake_args' from command line to 'None'
[0.117s] Level 5:colcon.colcon_core.verb:set package 'bumperbot_description' build argument 'catkin_cmake_args' from command line to 'None'
[0.117s] Level 5:colcon.colcon_core.verb:set package 'bumperbot_description' build argument 'catkin_skip_building_tests' from command line to 'False'
[0.117s] DEBUG:colcon.colcon_core.verb:Building package 'bumperbot_description' with the following arguments: {'ament_cmake_args': None, 'build_base': '/bumperbot_ws/build/bumperbot_description', 'catkin_cmake_args': None, 'catkin_skip_building_tests': False, 'cmake_args': None, 'cmake_clean_cache': False, 'cmake_clean_first': False, 'cmake_force_configure': False, 'cmake_target': None, 'cmake_target_skip_unavailable': False, 'install_base': '/bumperbot_ws/install/bumperbot_description', 'merge_install': False, 'path': '/bumperbot_ws/src/bumperbot_description', 'symlink_install': False, 'test_result_base': None}
[0.117s] Level 5:colcon.colcon_core.verb:set package 'bumperbot_localization' build argument 'cmake_args' from command line to 'None'
[0.117s] Level 5:colcon.colcon_core.verb:set package 'bumperbot_localization' build argument 'cmake_target' from command line to 'None'
[0.117s] Level 5:colcon.colcon_core.verb:set package 'bumperbot_localization' build argument 'cmake_target_skip_unavailable' from command line to 'False'
[0.117s] Level 5:colcon.colcon_core.verb:set package 'bumperbot_localization' build argument 'cmake_clean_cache' from command line to 'False'
[0.117s] Level 5:colcon.colcon_core.verb:set package 'bumperbot_localization' build argument 'cmake_clean_first' from command line to 'False'
[0.117s] Level 5:colcon.colcon_core.verb:set package 'bumperbot_localization' build argument 'cmake_force_configure' from command line to 'False'
[0.117s] Level 5:colcon.colcon_core.verb:set package 'bumperbot_localization' build argument 'ament_cmake_args' from command line to 'None'
[0.117s] Level 5:colcon.colcon_core.verb:set package 'bumperbot_localization' build argument 'catkin_cmake_args' from command line to 'None'
[0.117s] Level 5:colcon.colcon_core.verb:set package 'bumperbot_localization' build argument 'catkin_skip_building_tests' from command line to 'False'
[0.117s] DEBUG:colcon.colcon_core.verb:Building package 'bumperbot_localization' with the following arguments: {'ament_cmake_args': None, 'build_base': '/bumperbot_ws/build/bumperbot_localization', 'catkin_cmake_args': None, 'catkin_skip_building_tests': False, 'cmake_args': None, 'cmake_clean_cache': False, 'cmake_clean_first': False, 'cmake_force_configure': False, 'cmake_target': None, 'cmake_target_skip_unavailable': False, 'install_base': '/bumperbot_ws/install/bumperbot_localization', 'merge_install': False, 'path': '/bumperbot_ws/src/bumperbot_localization', 'symlink_install': False, 'test_result_base': None}
[0.117s] Level 5:colcon.colcon_core.verb:set package 'bumperbot_mapping' build argument 'cmake_args' from command line to 'None'
[0.117s] Level 5:colcon.colcon_core.verb:set package 'bumperbot_mapping' build argument 'cmake_target' from command line to 'None'
[0.117s] Level 5:colcon.colcon_core.verb:set package 'bumperbot_mapping' build argument 'cmake_target_skip_unavailable' from command line to 'False'
[0.117s] Level 5:colcon.colcon_core.verb:set package 'bumperbot_mapping' build argument 'cmake_clean_cache' from command line to 'False'
[0.117s] Level 5:colcon.colcon_core.verb:set package 'bumperbot_mapping' build argument 'cmake_clean_first' from command line to 'False'
[0.117s] Level 5:colcon.colcon_core.verb:set package 'bumperbot_mapping' build argument 'cmake_force_configure' from command line to 'False'
[0.117s] Level 5:colcon.colcon_core.verb:set package 'bumperbot_mapping' build argument 'ament_cmake_args' from command line to 'None'
[0.117s] Level 5:colcon.colcon_core.verb:set package 'bumperbot_mapping' build argument 'catkin_cmake_args' from command line to 'None'
[0.117s] Level 5:colcon.colcon_core.verb:set package 'bumperbot_mapping' build argument 'catkin_skip_building_tests' from command line to 'False'
[0.117s] DEBUG:colcon.colcon_core.verb:Building package 'bumperbot_mapping' with the following arguments: {'ament_cmake_args': None, 'build_base': '/bumperbot_ws/build/bumperbot_mapping', 'catkin_cmake_args': None, 'catkin_skip_building_tests': False, 'cmake_args': None, 'cmake_clean_cache': False, 'cmake_clean_first': False, 'cmake_force_configure': False, 'cmake_target': None, 'cmake_target_skip_unavailable': False, 'install_base': '/bumperbot_ws/install/bumperbot_mapping', 'merge_install': False, 'path': '/bumperbot_ws/src/bumperbot_mapping', 'symlink_install': False, 'test_result_base': None}
[0.118s] Level 5:colcon.colcon_core.verb:set package 'bumperbot_planning' build argument 'cmake_args' from command line to 'None'
[0.118s] Level 5:colcon.colcon_core.verb:set package 'bumperbot_planning' build argument 'cmake_target' from command line to 'None'
[0.118s] Level 5:colcon.colcon_core.verb:set package 'bumperbot_planning' build argument 'cmake_target_skip_unavailable' from command line to 'False'
[0.118s] Level 5:colcon.colcon_core.verb:set package 'bumperbot_planning' build argument 'cmake_clean_cache' from command line to 'False'
[0.118s] Level 5:colcon.colcon_core.verb:set package 'bumperbot_planning' build argument 'cmake_clean_first' from command line to 'False'
[0.118s] Level 5:colcon.colcon_core.verb:set package 'bumperbot_planning' build argument 'cmake_force_configure' from command line to 'False'
[0.118s] Level 5:colcon.colcon_core.verb:set package 'bumperbot_planning' build argument 'ament_cmake_args' from command line to 'None'
[0.118s] Level 5:colcon.colcon_core.verb:set package 'bumperbot_planning' build argument 'catkin_cmake_args' from command line to 'None'
[0.118s] Level 5:colcon.colcon_core.verb:set package 'bumperbot_planning' build argument 'catkin_skip_building_tests' from command line to 'False'
[0.118s] DEBUG:colcon.colcon_core.verb:Building package 'bumperbot_planning' with the following arguments: {'ament_cmake_args': None, 'build_base': '/bumperbot_ws/build/bumperbot_planning', 'catkin_cmake_args': None, 'catkin_skip_building_tests': False, 'cmake_args': None, 'cmake_clean_cache': False, 'cmake_clean_first': False, 'cmake_force_configure': False, 'cmake_target': None, 'cmake_target_skip_unavailable': False, 'install_base': '/bumperbot_ws/install/bumperbot_planning', 'merge_install': False, 'path': '/bumperbot_ws/src/bumperbot_planning', 'symlink_install': False, 'test_result_base': None}
[0.118s] Level 5:colcon.colcon_core.verb:set package 'bumperbot_bringup' build argument 'cmake_args' from command line to 'None'
[0.118s] Level 5:colcon.colcon_core.verb:set package 'bumperbot_bringup' build argument 'cmake_target' from command line to 'None'
[0.118s] Level 5:colcon.colcon_core.verb:set package 'bumperbot_bringup' build argument 'cmake_target_skip_unavailable' from command line to 'False'
[0.118s] Level 5:colcon.colcon_core.verb:set package 'bumperbot_bringup' build argument 'cmake_clean_cache' from command line to 'False'
[0.118s] Level 5:colcon.colcon_core.verb:set package 'bumperbot_bringup' build argument 'cmake_clean_first' from command line to 'False'
[0.118s] Level 5:colcon.colcon_core.verb:set package 'bumperbot_bringup' build argument 'cmake_force_configure' from command line to 'False'
[0.118s] Level 5:colcon.colcon_core.verb:set package 'bumperbot_bringup' build argument 'ament_cmake_args' from command line to 'None'
[0.118s] Level 5:colcon.colcon_core.verb:set package 'bumperbot_bringup' build argument 'catkin_cmake_args' from command line to 'None'
[0.118s] Level 5:colcon.colcon_core.verb:set package 'bumperbot_bringup' build argument 'catkin_skip_building_tests' from command line to 'False'
[0.118s] DEBUG:colcon.colcon_core.verb:Building package 'bumperbot_bringup' with the following arguments: {'ament_cmake_args': None, 'build_base': '/bumperbot_ws/build/bumperbot_bringup', 'catkin_cmake_args': None, 'catkin_skip_building_tests': False, 'cmake_args': None, 'cmake_clean_cache': False, 'cmake_clean_first': False, 'cmake_force_configure': False, 'cmake_target': None, 'cmake_target_skip_unavailable': False, 'install_base': '/bumperbot_ws/install/bumperbot_bringup', 'merge_install': False, 'path': '/bumperbot_ws/src/bumperbot_bringup', 'symlink_install': False, 'test_result_base': None}
[0.118s] INFO:colcon.colcon_core.executor:Executing jobs using 'parallel' executor
[0.118s] DEBUG:colcon.colcon_parallel_executor.executor.parallel:run_until_complete
[0.119s] INFO:colcon.colcon_ros.task.ament_cmake.build:Building ROS package in '/bumperbot_ws/src/bumperbot_controller' with build type 'ament_cmake'
[0.119s] INFO:colcon.colcon_cmake.task.cmake.build:Building CMake package in '/bumperbot_ws/src/bumperbot_controller'
[0.120s] INFO:colcon.colcon_core.plugin_system:Skipping extension 'colcon_core.shell.bat': Not used on non-Windows systems
[0.120s] INFO:colcon.colcon_core.shell:Skip shell extension 'powershell' for command environment: Not usable outside of PowerShell
[0.120s] DEBUG:colcon.colcon_core.shell:Skip shell extension 'dsv' for command environment
[0.122s] INFO:colcon.colcon_ros.task.ament_cmake.build:Building ROS package in '/bumperbot_ws/src/bumperbot_description' with build type 'ament_cmake'
[0.122s] INFO:colcon.colcon_cmake.task.cmake.build:Building CMake package in '/bumperbot_ws/src/bumperbot_description'
[0.122s] INFO:colcon.colcon_core.shell:Skip shell extension 'powershell' for command environment: Not usable outside of PowerShell
[0.123s] DEBUG:colcon.colcon_core.shell:Skip shell extension 'dsv' for command environment
[0.124s] INFO:colcon.colcon_ros.task.ament_cmake.build:Building ROS package in '/bumperbot_ws/src/bumperbot_localization' with build type 'ament_cmake'
[0.124s] INFO:colcon.colcon_cmake.task.cmake.build:Building CMake package in '/bumperbot_ws/src/bumperbot_localization'
[0.124s] INFO:colcon.colcon_core.shell:Skip shell extension 'powershell' for command environment: Not usable outside of PowerShell
[0.124s] DEBUG:colcon.colcon_core.shell:Skip shell extension 'dsv' for command environment
[0.125s] INFO:colcon.colcon_ros.task.ament_cmake.build:Building ROS package in '/bumperbot_ws/src/bumperbot_mapping' with build type 'ament_cmake'
[0.126s] INFO:colcon.colcon_cmake.task.cmake.build:Building CMake package in '/bumperbot_ws/src/bumperbot_mapping'
[0.126s] INFO:colcon.colcon_core.shell:Skip shell extension 'powershell' for command environment: Not usable outside of PowerShell
[0.126s] DEBUG:colcon.colcon_core.shell:Skip shell extension 'dsv' for command environment
[0.127s] INFO:colcon.colcon_ros.task.ament_cmake.build:Building ROS package in '/bumperbot_ws/src/bumperbot_planning' with build type 'ament_cmake'
[0.127s] INFO:colcon.colcon_cmake.task.cmake.build:Building CMake package in '/bumperbot_ws/src/bumperbot_planning'
[0.127s] INFO:colcon.colcon_core.shell:Skip shell extension 'powershell' for command environment: Not usable outside of PowerShell
[0.127s] DEBUG:colcon.colcon_core.shell:Skip shell extension 'dsv' for command environment
[0.130s] DEBUG:colcon.colcon_core.event_handler.log_command:Invoking command in '/bumperbot_ws/build/bumperbot_controller': CMAKE_PREFIX_PATH=${CMAKE_PREFIX_PATH}:/opt/ros/jazzy /usr/bin/cmake /bumperbot_ws/src/bumperbot_controller -DCMAKE_INSTALL_PREFIX=/bumperbot_ws/install/bumperbot_controller
[0.131s] DEBUG:colcon.colcon_core.event_handler.log_command:Invoking command in '/bumperbot_ws/build/bumperbot_description': CMAKE_PREFIX_PATH=${CMAKE_PREFIX_PATH}:/opt/ros/jazzy /usr/bin/cmake /bumperbot_ws/src/bumperbot_description -DCMAKE_INSTALL_PREFIX=/bumperbot_ws/install/bumperbot_description
[0.133s] DEBUG:colcon.colcon_core.event_handler.log_command:Invoking command in '/bumperbot_ws/build/bumperbot_localization': CMAKE_PREFIX_PATH=${CMAKE_PREFIX_PATH}:/opt/ros/jazzy /usr/bin/cmake /bumperbot_ws/src/bumperbot_localization -DCMAKE_INSTALL_PREFIX=/bumperbot_ws/install/bumperbot_localization
[0.134s] DEBUG:colcon.colcon_core.event_handler.log_command:Invoking command in '/bumperbot_ws/build/bumperbot_mapping': CMAKE_PREFIX_PATH=${CMAKE_PREFIX_PATH}:/opt/ros/jazzy /usr/bin/cmake /bumperbot_ws/src/bumperbot_mapping -DCMAKE_INSTALL_PREFIX=/bumperbot_ws/install/bumperbot_mapping
[0.136s] DEBUG:colcon.colcon_core.event_handler.log_command:Invoking command in '/bumperbot_ws/build/bumperbot_planning': CMAKE_PREFIX_PATH=${CMAKE_PREFIX_PATH}:/opt/ros/jazzy /usr/bin/cmake /bumperbot_ws/src/bumperbot_planning -DCMAKE_INSTALL_PREFIX=/bumperbot_ws/install/bumperbot_planning
[0.880s] DEBUG:colcon.colcon_core.event_handler.log_command:Invoked command in '/bumperbot_ws/build/bumperbot_description' returned '0': CMAKE_PREFIX_PATH=${CMAKE_PREFIX_PATH}:/opt/ros/jazzy /usr/bin/cmake /bumperbot_ws/src/bumperbot_description -DCMAKE_INSTALL_PREFIX=/bumperbot_ws/install/bumperbot_description
[0.880s] DEBUG:colcon.colcon_core.event_handler.log_command:Invoking command in '/bumperbot_ws/build/bumperbot_description': CMAKE_PREFIX_PATH=${CMAKE_PREFIX_PATH}:/opt/ros/jazzy /usr/bin/cmake --build /bumperbot_ws/build/bumperbot_description -- -j16 -l16
[0.905s] DEBUG:colcon.colcon_core.event_handler.log_command:Invoked command in '/bumperbot_ws/build/bumperbot_description' returned '0': CMAKE_PREFIX_PATH=${CMAKE_PREFIX_PATH}:/opt/ros/jazzy /usr/bin/cmake --build /bumperbot_ws/build/bumperbot_description -- -j16 -l16
[0.911s] DEBUG:colcon.colcon_core.event_handler.log_command:Invoking command in '/bumperbot_ws/build/bumperbot_description': CMAKE_PREFIX_PATH=${CMAKE_PREFIX_PATH}:/opt/ros/jazzy /usr/bin/cmake --install /bumperbot_ws/build/bumperbot_description
[1.012s] Level 1:colcon.colcon_core.environment:create_environment_scripts_only(bumperbot_description)
[1.013s] DEBUG:colcon.colcon_core.event_handler.log_command:Invoked command in '/bumperbot_ws/build/bumperbot_description' returned '0': CMAKE_PREFIX_PATH=${CMAKE_PREFIX_PATH}:/opt/ros/jazzy /usr/bin/cmake --install /bumperbot_ws/build/bumperbot_description
[1.014s] Level 1:colcon.colcon_core.environment:checking '/bumperbot_ws/install/bumperbot_description' for CMake module files
[1.014s] Level 1:colcon.colcon_core.environment:checking '/bumperbot_ws/install/bumperbot_description' for CMake config files
[1.014s] Level 1:colcon.colcon_core.shell:create_environment_hook('bumperbot_description', 'cmake_prefix_path')
[1.014s] INFO:colcon.colcon_core.shell:Creating environment hook '/bumperbot_ws/install/bumperbot_description/share/bumperbot_description/hook/cmake_prefix_path.ps1'
[1.015s] INFO:colcon.colcon_core.shell:Creating environment descriptor '/bumperbot_ws/install/bumperbot_description/share/bumperbot_description/hook/cmake_prefix_path.dsv'
[1.015s] INFO:colcon.colcon_core.shell:Creating environment hook '/bumperbot_ws/install/bumperbot_description/share/bumperbot_description/hook/cmake_prefix_path.sh'
[1.015s] Level 1:colcon.colcon_core.environment:checking '/bumperbot_ws/install/bumperbot_description/bin'
[1.016s] Level 1:colcon.colcon_core.environment:checking '/bumperbot_ws/install/bumperbot_description/lib/pkgconfig/bumperbot_description.pc'
[1.017s] Level 1:colcon.colcon_core.environment:checking '/bumperbot_ws/install/bumperbot_description/lib/python3.12/site-packages'
[1.017s] Level 1:colcon.colcon_core.environment:checking '/bumperbot_ws/install/bumperbot_description/bin'
[1.017s] INFO:colcon.colcon_core.shell:Creating package script '/bumperbot_ws/install/bumperbot_description/share/bumperbot_description/package.ps1'
[1.017s] INFO:colcon.colcon_core.shell:Creating package descriptor '/bumperbot_ws/install/bumperbot_description/share/bumperbot_description/package.dsv'
[1.018s] INFO:colcon.colcon_core.shell:Creating package script '/bumperbot_ws/install/bumperbot_description/share/bumperbot_description/package.sh'
[1.018s] INFO:colcon.colcon_core.shell:Creating package script '/bumperbot_ws/install/bumperbot_description/share/bumperbot_description/package.bash'
[1.018s] INFO:colcon.colcon_core.shell:Creating package script '/bumperbot_ws/install/bumperbot_description/share/bumperbot_description/package.zsh'
[1.019s] Level 1:colcon.colcon_core.environment:create_file_with_runtime_dependencies(/bumperbot_ws/install/bumperbot_description/share/colcon-core/packages/bumperbot_description)
[1.019s] Level 1:colcon.colcon_core.environment:create_environment_scripts_only(bumperbot_description)
[1.019s] Level 1:colcon.colcon_core.environment:checking '/bumperbot_ws/install/bumperbot_description' for CMake module files
[1.019s] Level 1:colcon.colcon_core.environment:checking '/bumperbot_ws/install/bumperbot_description' for CMake config files
[1.020s] Level 1:colcon.colcon_core.shell:create_environment_hook('bumperbot_description', 'cmake_prefix_path')
[1.020s] INFO:colcon.colcon_core.shell:Creating environment hook '/bumperbot_ws/install/bumperbot_description/share/bumperbot_description/hook/cmake_prefix_path.ps1'
[1.020s] INFO:colcon.colcon_core.shell:Creating environment descriptor '/bumperbot_ws/install/bumperbot_description/share/bumperbot_description/hook/cmake_prefix_path.dsv'
[1.020s] INFO:colcon.colcon_core.shell:Creating environment hook '/bumperbot_ws/install/bumperbot_description/share/bumperbot_description/hook/cmake_prefix_path.sh'
[1.021s] Level 1:colcon.colcon_core.environment:checking '/bumperbot_ws/install/bumperbot_description/bin'
[1.021s] Level 1:colcon.colcon_core.environment:checking '/bumperbot_ws/install/bumperbot_description/lib/pkgconfig/bumperbot_description.pc'
[1.021s] Level 1:colcon.colcon_core.environment:checking '/bumperbot_ws/install/bumperbot_description/lib/python3.12/site-packages'
[1.021s] Level 1:colcon.colcon_core.environment:checking '/bumperbot_ws/install/bumperbot_description/bin'
[1.021s] INFO:colcon.colcon_core.shell:Creating package script '/bumperbot_ws/install/bumperbot_description/share/bumperbot_description/package.ps1'
[1.021s] INFO:colcon.colcon_core.shell:Creating package descriptor '/bumperbot_ws/install/bumperbot_description/share/bumperbot_description/package.dsv'
[1.021s] INFO:colcon.colcon_core.shell:Creating package script '/bumperbot_ws/install/bumperbot_description/share/bumperbot_description/package.sh'
[1.022s] INFO:colcon.colcon_core.shell:Creating package script '/bumperbot_ws/install/bumperbot_description/share/bumperbot_description/package.bash'
[1.022s] INFO:colcon.colcon_core.shell:Creating package script '/bumperbot_ws/install/bumperbot_description/share/bumperbot_description/package.zsh'
[1.022s] Level 1:colcon.colcon_core.environment:create_file_with_runtime_dependencies(/bumperbot_ws/install/bumperbot_description/share/colcon-core/packages/bumperbot_description)
[1.107s] DEBUG:colcon.colcon_core.event_handler.log_command:Invoked command in '/bumperbot_ws/build/bumperbot_localization' returned '0': CMAKE_PREFIX_PATH=${CMAKE_PREFIX_PATH}:/opt/ros/jazzy /usr/bin/cmake /bumperbot_ws/src/bumperbot_localization -DCMAKE_INSTALL_PREFIX=/bumperbot_ws/install/bumperbot_localization
[1.108s] DEBUG:colcon.colcon_core.event_handler.log_command:Invoking command in '/bumperbot_ws/build/bumperbot_localization': CMAKE_PREFIX_PATH=${CMAKE_PREFIX_PATH}:/opt/ros/jazzy /usr/bin/cmake --build /bumperbot_ws/build/bumperbot_localization -- -j16 -l16
[1.110s] DEBUG:colcon.colcon_core.event_handler.log_command:Invoked command in '/bumperbot_ws/build/bumperbot_planning' returned '0': CMAKE_PREFIX_PATH=${CMAKE_PREFIX_PATH}:/opt/ros/jazzy /usr/bin/cmake /bumperbot_ws/src/bumperbot_planning -DCMAKE_INSTALL_PREFIX=/bumperbot_ws/install/bumperbot_planning
[1.110s] DEBUG:colcon.colcon_core.event_handler.log_command:Invoking command in '/bumperbot_ws/build/bumperbot_planning': CMAKE_PREFIX_PATH=${CMAKE_PREFIX_PATH}:/opt/ros/jazzy /usr/bin/cmake --build /bumperbot_ws/build/bumperbot_planning -- -j16 -l16
[1.213s] DEBUG:colcon.colcon_core.event_handler.log_command:Invoked command in '/bumperbot_ws/build/bumperbot_mapping' returned '0': CMAKE_PREFIX_PATH=${CMAKE_PREFIX_PATH}:/opt/ros/jazzy /usr/bin/cmake /bumperbot_ws/src/bumperbot_mapping -DCMAKE_INSTALL_PREFIX=/bumperbot_ws/install/bumperbot_mapping
[1.213s] DEBUG:colcon.colcon_core.event_handler.log_command:Invoking command in '/bumperbot_ws/build/bumperbot_mapping': CMAKE_PREFIX_PATH=${CMAKE_PREFIX_PATH}:/opt/ros/jazzy /usr/bin/cmake --build /bumperbot_ws/build/bumperbot_mapping -- -j16 -l16
[1.222s] DEBUG:colcon.colcon_core.event_handler.log_command:Invoked command in '/bumperbot_ws/build/bumperbot_controller' returned '0': CMAKE_PREFIX_PATH=${CMAKE_PREFIX_PATH}:/opt/ros/jazzy /usr/bin/cmake /bumperbot_ws/src/bumperbot_controller -DCMAKE_INSTALL_PREFIX=/bumperbot_ws/install/bumperbot_controller
[1.223s] DEBUG:colcon.colcon_core.event_handler.log_command:Invoking command in '/bumperbot_ws/build/bumperbot_controller': CMAKE_PREFIX_PATH=${CMAKE_PREFIX_PATH}:/opt/ros/jazzy /usr/bin/cmake --build /bumperbot_ws/build/bumperbot_controller -- -j16 -l16
[8.185s] DEBUG:colcon.colcon_core.event_handler.log_command:Invoked command in '/bumperbot_ws/build/bumperbot_mapping' returned '0': CMAKE_PREFIX_PATH=${CMAKE_PREFIX_PATH}:/opt/ros/jazzy /usr/bin/cmake --build /bumperbot_ws/build/bumperbot_mapping -- -j16 -l16
[8.186s] DEBUG:colcon.colcon_core.event_handler.log_command:Invoking command in '/bumperbot_ws/build/bumperbot_mapping': CMAKE_PREFIX_PATH=${CMAKE_PREFIX_PATH}:/opt/ros/jazzy /usr/bin/cmake --install /bumperbot_ws/build/bumperbot_mapping
[8.237s] Level 1:colcon.colcon_core.environment:create_environment_scripts_only(bumperbot_mapping)
[8.237s] Level 1:colcon.colcon_core.environment:checking '/bumperbot_ws/install/bumperbot_mapping' for CMake module files
[8.238s] DEBUG:colcon.colcon_core.event_handler.log_command:Invoked command in '/bumperbot_ws/build/bumperbot_mapping' returned '0': CMAKE_PREFIX_PATH=${CMAKE_PREFIX_PATH}:/opt/ros/jazzy /usr/bin/cmake --install /bumperbot_ws/build/bumperbot_mapping
[8.238s] Level 1:colcon.colcon_core.environment:checking '/bumperbot_ws/install/bumperbot_mapping' for CMake config files
[8.239s] Level 1:colcon.colcon_core.shell:create_environment_hook('bumperbot_mapping', 'cmake_prefix_path')
[8.239s] INFO:colcon.colcon_core.shell:Creating environment hook '/bumperbot_ws/install/bumperbot_mapping/share/bumperbot_mapping/hook/cmake_prefix_path.ps1'
[8.239s] INFO:colcon.colcon_core.shell:Creating environment descriptor '/bumperbot_ws/install/bumperbot_mapping/share/bumperbot_mapping/hook/cmake_prefix_path.dsv'
[8.240s] INFO:colcon.colcon_core.shell:Creating environment hook '/bumperbot_ws/install/bumperbot_mapping/share/bumperbot_mapping/hook/cmake_prefix_path.sh'
[8.240s] Level 1:colcon.colcon_core.environment:checking '/bumperbot_ws/install/bumperbot_mapping/lib'
[8.240s] Level 1:colcon.colcon_core.environment:checking '/bumperbot_ws/install/bumperbot_mapping/bin'
[8.240s] Level 1:colcon.colcon_core.environment:checking '/bumperbot_ws/install/bumperbot_mapping/lib/pkgconfig/bumperbot_mapping.pc'
[8.241s] Level 1:colcon.colcon_core.environment:checking '/bumperbot_ws/install/bumperbot_mapping/lib/python3.12/site-packages'
[8.241s] Level 1:colcon.colcon_core.shell:create_environment_hook('bumperbot_mapping', 'pythonpath')
[8.241s] INFO:colcon.colcon_core.shell:Creating environment hook '/bumperbot_ws/install/bumperbot_mapping/share/bumperbot_mapping/hook/pythonpath.ps1'
[8.241s] INFO:colcon.colcon_core.shell:Creating environment descriptor '/bumperbot_ws/install/bumperbot_mapping/share/bumperbot_mapping/hook/pythonpath.dsv'
[8.241s] INFO:colcon.colcon_core.shell:Creating environment hook '/bumperbot_ws/install/bumperbot_mapping/share/bumperbot_mapping/hook/pythonpath.sh'
[8.242s] Level 1:colcon.colcon_core.environment:checking '/bumperbot_ws/install/bumperbot_mapping/bin'
[8.242s] INFO:colcon.colcon_core.shell:Creating package script '/bumperbot_ws/install/bumperbot_mapping/share/bumperbot_mapping/package.ps1'
[8.243s] INFO:colcon.colcon_core.shell:Creating package descriptor '/bumperbot_ws/install/bumperbot_mapping/share/bumperbot_mapping/package.dsv'
[8.243s] INFO:colcon.colcon_core.shell:Creating package script '/bumperbot_ws/install/bumperbot_mapping/share/bumperbot_mapping/package.sh'
[8.243s] INFO:colcon.colcon_core.shell:Creating package script '/bumperbot_ws/install/bumperbot_mapping/share/bumperbot_mapping/package.bash'
[8.243s] INFO:colcon.colcon_core.shell:Creating package script '/bumperbot_ws/install/bumperbot_mapping/share/bumperbot_mapping/package.zsh'
[8.244s] Level 1:colcon.colcon_core.environment:create_file_with_runtime_dependencies(/bumperbot_ws/install/bumperbot_mapping/share/colcon-core/packages/bumperbot_mapping)
[8.244s] Level 1:colcon.colcon_core.environment:create_environment_scripts_only(bumperbot_mapping)
[8.244s] Level 1:colcon.colcon_core.environment:checking '/bumperbot_ws/install/bumperbot_mapping' for CMake module files
[8.244s] Level 1:colcon.colcon_core.environment:checking '/bumperbot_ws/install/bumperbot_mapping' for CMake config files
[8.245s] Level 1:colcon.colcon_core.shell:create_environment_hook('bumperbot_mapping', 'cmake_prefix_path')
[8.245s] INFO:colcon.colcon_core.shell:Creating environment hook '/bumperbot_ws/install/bumperbot_mapping/share/bumperbot_mapping/hook/cmake_prefix_path.ps1'
[8.245s] INFO:colcon.colcon_core.shell:Creating environment descriptor '/bumperbot_ws/install/bumperbot_mapping/share/bumperbot_mapping/hook/cmake_prefix_path.dsv'
[8.245s] INFO:colcon.colcon_core.shell:Creating environment hook '/bumperbot_ws/install/bumperbot_mapping/share/bumperbot_mapping/hook/cmake_prefix_path.sh'
[8.246s] Level 1:colcon.colcon_core.environment:checking '/bumperbot_ws/install/bumperbot_mapping/lib'
[8.246s] Level 1:colcon.colcon_core.environment:checking '/bumperbot_ws/install/bumperbot_mapping/bin'
[8.246s] Level 1:colcon.colcon_core.environment:checking '/bumperbot_ws/install/bumperbot_mapping/lib/pkgconfig/bumperbot_mapping.pc'
[8.246s] Level 1:colcon.colcon_core.environment:checking '/bumperbot_ws/install/bumperbot_mapping/lib/python3.12/site-packages'
[8.246s] Level 1:colcon.colcon_core.shell:create_environment_hook('bumperbot_mapping', 'pythonpath')
[8.246s] INFO:colcon.colcon_core.shell:Creating environment hook '/bumperbot_ws/install/bumperbot_mapping/share/bumperbot_mapping/hook/pythonpath.ps1'
[8.246s] INFO:colcon.colcon_core.shell:Creating environment descriptor '/bumperbot_ws/install/bumperbot_mapping/share/bumperbot_mapping/hook/pythonpath.dsv'
[8.247s] INFO:colcon.colcon_core.shell:Creating environment hook '/bumperbot_ws/install/bumperbot_mapping/share/bumperbot_mapping/hook/pythonpath.sh'
[8.247s] Level 1:colcon.colcon_core.environment:checking '/bumperbot_ws/install/bumperbot_mapping/bin'
[8.247s] INFO:colcon.colcon_core.shell:Creating package script '/bumperbot_ws/install/bumperbot_mapping/share/bumperbot_mapping/package.ps1'
[8.247s] INFO:colcon.colcon_core.shell:Creating package descriptor '/bumperbot_ws/install/bumperbot_mapping/share/bumperbot_mapping/package.dsv'
[8.248s] INFO:colcon.colcon_core.shell:Creating package script '/bumperbot_ws/install/bumperbot_mapping/share/bumperbot_mapping/package.sh'
[8.248s] INFO:colcon.colcon_core.shell:Creating package script '/bumperbot_ws/install/bumperbot_mapping/share/bumperbot_mapping/package.bash'
[8.248s] INFO:colcon.colcon_core.shell:Creating package script '/bumperbot_ws/install/bumperbot_mapping/share/bumperbot_mapping/package.zsh'
[8.248s] Level 1:colcon.colcon_core.environment:create_file_with_runtime_dependencies(/bumperbot_ws/install/bumperbot_mapping/share/colcon-core/packages/bumperbot_mapping)
[8.283s] DEBUG:colcon.colcon_core.event_handler.log_command:Invoked command in '/bumperbot_ws/build/bumperbot_localization' returned '0': CMAKE_PREFIX_PATH=${CMAKE_PREFIX_PATH}:/opt/ros/jazzy /usr/bin/cmake --build /bumperbot_ws/build/bumperbot_localization -- -j16 -l16
[8.283s] DEBUG:colcon.colcon_core.event_handler.log_command:Invoking command in '/bumperbot_ws/build/bumperbot_localization': CMAKE_PREFIX_PATH=${CMAKE_PREFIX_PATH}:/opt/ros/jazzy /usr/bin/cmake --install /bumperbot_ws/build/bumperbot_localization
[8.330s] Level 1:colcon.colcon_core.environment:create_environment_scripts_only(bumperbot_localization)
[8.330s] Level 1:colcon.colcon_core.environment:checking '/bumperbot_ws/install/bumperbot_localization' for CMake module files
[8.331s] DEBUG:colcon.colcon_core.event_handler.log_command:Invoked command in '/bumperbot_ws/build/bumperbot_localization' returned '0': CMAKE_PREFIX_PATH=${CMAKE_PREFIX_PATH}:/opt/ros/jazzy /usr/bin/cmake --install /bumperbot_ws/build/bumperbot_localization
[8.331s] Level 1:colcon.colcon_core.environment:checking '/bumperbot_ws/install/bumperbot_localization' for CMake config files
[8.331s] Level 1:colcon.colcon_core.shell:create_environment_hook('bumperbot_localization', 'cmake_prefix_path')
[8.331s] INFO:colcon.colcon_core.shell:Creating environment hook '/bumperbot_ws/install/bumperbot_localization/share/bumperbot_localization/hook/cmake_prefix_path.ps1'
[8.331s] INFO:colcon.colcon_core.shell:Creating environment descriptor '/bumperbot_ws/install/bumperbot_localization/share/bumperbot_localization/hook/cmake_prefix_path.dsv'
[8.332s] INFO:colcon.colcon_core.shell:Creating environment hook '/bumperbot_ws/install/bumperbot_localization/share/bumperbot_localization/hook/cmake_prefix_path.sh'
[8.332s] Level 1:colcon.colcon_core.environment:checking '/bumperbot_ws/install/bumperbot_localization/lib'
[8.332s] Level 1:colcon.colcon_core.environment:checking '/bumperbot_ws/install/bumperbot_localization/bin'
[8.332s] Level 1:colcon.colcon_core.shell:create_environment_hook('bumperbot_localization', 'path')
[8.332s] INFO:colcon.colcon_core.shell:Creating environment hook '/bumperbot_ws/install/bumperbot_localization/share/bumperbot_localization/hook/path.ps1'
[8.332s] INFO:colcon.colcon_core.shell:Creating environment descriptor '/bumperbot_ws/install/bumperbot_localization/share/bumperbot_localization/hook/path.dsv'
[8.332s] INFO:colcon.colcon_core.shell:Creating environment hook '/bumperbot_ws/install/bumperbot_localization/share/bumperbot_localization/hook/path.sh'
[8.333s] Level 1:colcon.colcon_core.environment:checking '/bumperbot_ws/install/bumperbot_localization/lib/pkgconfig/bumperbot_localization.pc'
[8.333s] Level 1:colcon.colcon_core.environment:checking '/bumperbot_ws/install/bumperbot_localization/lib/python3.12/site-packages'
[8.333s] Level 1:colcon.colcon_core.shell:create_environment_hook('bumperbot_localization', 'pythonpath')
[8.333s] INFO:colcon.colcon_core.shell:Creating environment hook '/bumperbot_ws/install/bumperbot_localization/share/bumperbot_localization/hook/pythonpath.ps1'
[8.333s] INFO:colcon.colcon_core.shell:Creating environment descriptor '/bumperbot_ws/install/bumperbot_localization/share/bumperbot_localization/hook/pythonpath.dsv'
[8.333s] INFO:colcon.colcon_core.shell:Creating environment hook '/bumperbot_ws/install/bumperbot_localization/share/bumperbot_localization/hook/pythonpath.sh'
[8.334s] Level 1:colcon.colcon_core.environment:checking '/bumperbot_ws/install/bumperbot_localization/bin'
[8.334s] Level 1:colcon.colcon_core.shell:create_environment_hook('bumperbot_localization', 'pythonscriptspath')
[8.334s] INFO:colcon.colcon_core.shell:Creating environment hook '/bumperbot_ws/install/bumperbot_localization/share/bumperbot_localization/hook/pythonscriptspath.ps1'
[8.334s] INFO:colcon.colcon_core.shell:Creating environment descriptor '/bumperbot_ws/install/bumperbot_localization/share/bumperbot_localization/hook/pythonscriptspath.dsv'
[8.334s] INFO:colcon.colcon_core.shell:Creating environment hook '/bumperbot_ws/install/bumperbot_localization/share/bumperbot_localization/hook/pythonscriptspath.sh'
[8.334s] INFO:colcon.colcon_core.shell:Creating package script '/bumperbot_ws/install/bumperbot_localization/share/bumperbot_localization/package.ps1'
[8.335s] INFO:colcon.colcon_core.shell:Creating package descriptor '/bumperbot_ws/install/bumperbot_localization/share/bumperbot_localization/package.dsv'
[8.335s] INFO:colcon.colcon_core.shell:Creating package script '/bumperbot_ws/install/bumperbot_localization/share/bumperbot_localization/package.sh'
[8.335s] INFO:colcon.colcon_core.shell:Creating package script '/bumperbot_ws/install/bumperbot_localization/share/bumperbot_localization/package.bash'
[8.336s] INFO:colcon.colcon_core.shell:Creating package script '/bumperbot_ws/install/bumperbot_localization/share/bumperbot_localization/package.zsh'
[8.336s] Level 1:colcon.colcon_core.environment:create_file_with_runtime_dependencies(/bumperbot_ws/install/bumperbot_localization/share/colcon-core/packages/bumperbot_localization)
[8.336s] Level 1:colcon.colcon_core.environment:create_environment_scripts_only(bumperbot_localization)
[8.336s] Level 1:colcon.colcon_core.environment:checking '/bumperbot_ws/install/bumperbot_localization' for CMake module files
[8.336s] Level 1:colcon.colcon_core.environment:checking '/bumperbot_ws/install/bumperbot_localization' for CMake config files
[8.337s] Level 1:colcon.colcon_core.shell:create_environment_hook('bumperbot_localization', 'cmake_prefix_path')
[8.337s] INFO:colcon.colcon_core.shell:Creating environment hook '/bumperbot_ws/install/bumperbot_localization/share/bumperbot_localization/hook/cmake_prefix_path.ps1'
[8.337s] INFO:colcon.colcon_core.shell:Creating environment descriptor '/bumperbot_ws/install/bumperbot_localization/share/bumperbot_localization/hook/cmake_prefix_path.dsv'
[8.337s] INFO:colcon.colcon_core.shell:Creating environment hook '/bumperbot_ws/install/bumperbot_localization/share/bumperbot_localization/hook/cmake_prefix_path.sh'
[8.337s] Level 1:colcon.colcon_core.environment:checking '/bumperbot_ws/install/bumperbot_localization/lib'
[8.337s] Level 1:colcon.colcon_core.environment:checking '/bumperbot_ws/install/bumperbot_localization/bin'
[8.337s] Level 1:colcon.colcon_core.shell:create_environment_hook('bumperbot_localization', 'path')
[8.338s] INFO:colcon.colcon_core.shell:Creating environment hook '/bumperbot_ws/install/bumperbot_localization/share/bumperbot_localization/hook/path.ps1'
[8.338s] INFO:colcon.colcon_core.shell:Creating environment descriptor '/bumperbot_ws/install/bumperbot_localization/share/bumperbot_localization/hook/path.dsv'
[8.338s] INFO:colcon.colcon_core.shell:Creating environment hook '/bumperbot_ws/install/bumperbot_localization/share/bumperbot_localization/hook/path.sh'
[8.339s] Level 1:colcon.colcon_core.environment:checking '/bumperbot_ws/install/bumperbot_localization/lib/pkgconfig/bumperbot_localization.pc'
[8.339s] Level 1:colcon.colcon_core.environment:checking '/bumperbot_ws/install/bumperbot_localization/lib/python3.12/site-packages'
[8.339s] Level 1:colcon.colcon_core.shell:create_environment_hook('bumperbot_localization', 'pythonpath')
[8.339s] INFO:colcon.colcon_core.shell:Creating environment hook '/bumperbot_ws/install/bumperbot_localization/share/bumperbot_localization/hook/pythonpath.ps1'
[8.339s] INFO:colcon.colcon_core.shell:Creating environment descriptor '/bumperbot_ws/install/bumperbot_localization/share/bumperbot_localization/hook/pythonpath.dsv'
[8.339s] INFO:colcon.colcon_core.shell:Creating environment hook '/bumperbot_ws/install/bumperbot_localization/share/bumperbot_localization/hook/pythonpath.sh'
[8.340s] Level 1:colcon.colcon_core.environment:checking '/bumperbot_ws/install/bumperbot_localization/bin'
[8.340s] Level 1:colcon.colcon_core.shell:create_environment_hook('bumperbot_localization', 'pythonscriptspath')
[8.340s] INFO:colcon.colcon_core.shell:Creating environment hook '/bumperbot_ws/install/bumperbot_localization/share/bumperbot_localization/hook/pythonscriptspath.ps1'
[8.340s] INFO:colcon.colcon_core.shell:Creating environment descriptor '/bumperbot_ws/install/bumperbot_localization/share/bumperbot_localization/hook/pythonscriptspath.dsv'
[8.340s] INFO:colcon.colcon_core.shell:Creating environment hook '/bumperbot_ws/install/bumperbot_localization/share/bumperbot_localization/hook/pythonscriptspath.sh'
[8.340s] INFO:colcon.colcon_core.shell:Creating package script '/bumperbot_ws/install/bumperbot_localization/share/bumperbot_localization/package.ps1'
[8.341s] INFO:colcon.colcon_core.shell:Creating package descriptor '/bumperbot_ws/install/bumperbot_localization/share/bumperbot_localization/package.dsv'
[8.341s] INFO:colcon.colcon_core.shell:Creating package script '/bumperbot_ws/install/bumperbot_localization/share/bumperbot_localization/package.sh'
[8.341s] INFO:colcon.colcon_core.shell:Creating package script '/bumperbot_ws/install/bumperbot_localization/share/bumperbot_localization/package.bash'
[8.342s] INFO:colcon.colcon_core.shell:Creating package script '/bumperbot_ws/install/bumperbot_localization/share/bumperbot_localization/package.zsh'
[8.342s] Level 1:colcon.colcon_core.environment:create_file_with_runtime_dependencies(/bumperbot_ws/install/bumperbot_localization/share/colcon-core/packages/bumperbot_localization)
[9.808s] DEBUG:colcon.colcon_core.event_handler.log_command:Invoked command in '/bumperbot_ws/build/bumperbot_planning' returned '0': CMAKE_PREFIX_PATH=${CMAKE_PREFIX_PATH}:/opt/ros/jazzy /usr/bin/cmake --build /bumperbot_ws/build/bumperbot_planning -- -j16 -l16
[9.809s] DEBUG:colcon.colcon_core.event_handler.log_command:Invoking command in '/bumperbot_ws/build/bumperbot_planning': CMAKE_PREFIX_PATH=${CMAKE_PREFIX_PATH}:/opt/ros/jazzy /usr/bin/cmake --install /bumperbot_ws/build/bumperbot_planning
[9.820s] Level 1:colcon.colcon_core.environment:create_environment_scripts_only(bumperbot_planning)
[9.820s] Level 1:colcon.colcon_core.environment:checking '/bumperbot_ws/install/bumperbot_planning' for CMake module files
[9.820s] DEBUG:colcon.colcon_core.event_handler.log_command:Invoked command in '/bumperbot_ws/build/bumperbot_planning' returned '0': CMAKE_PREFIX_PATH=${CMAKE_PREFIX_PATH}:/opt/ros/jazzy /usr/bin/cmake --install /bumperbot_ws/build/bumperbot_planning
[9.821s] Level 1:colcon.colcon_core.environment:checking '/bumperbot_ws/install/bumperbot_planning' for CMake config files
[9.821s] Level 1:colcon.colcon_core.shell:create_environment_hook('bumperbot_planning', 'cmake_prefix_path')
[9.821s] INFO:colcon.colcon_core.shell:Creating environment hook '/bumperbot_ws/install/bumperbot_planning/share/bumperbot_planning/hook/cmake_prefix_path.ps1'
[9.821s] INFO:colcon.colcon_core.shell:Creating environment descriptor '/bumperbot_ws/install/bumperbot_planning/share/bumperbot_planning/hook/cmake_prefix_path.dsv'
[9.821s] INFO:colcon.colcon_core.shell:Creating environment hook '/bumperbot_ws/install/bumperbot_planning/share/bumperbot_planning/hook/cmake_prefix_path.sh'
[9.822s] Level 1:colcon.colcon_core.environment:checking '/bumperbot_ws/install/bumperbot_planning/lib'
[9.822s] Level 1:colcon.colcon_core.environment:checking '/bumperbot_ws/install/bumperbot_planning/bin'
[9.822s] Level 1:colcon.colcon_core.environment:checking '/bumperbot_ws/install/bumperbot_planning/lib/pkgconfig/bumperbot_planning.pc'
[9.822s] Level 1:colcon.colcon_core.environment:checking '/bumperbot_ws/install/bumperbot_planning/lib/python3.12/site-packages'
[9.822s] Level 1:colcon.colcon_core.environment:checking '/bumperbot_ws/install/bumperbot_planning/bin'
[9.822s] INFO:colcon.colcon_core.shell:Creating package script '/bumperbot_ws/install/bumperbot_planning/share/bumperbot_planning/package.ps1'
[9.822s] INFO:colcon.colcon_core.shell:Creating package descriptor '/bumperbot_ws/install/bumperbot_planning/share/bumperbot_planning/package.dsv'
[9.823s] INFO:colcon.colcon_core.shell:Creating package script '/bumperbot_ws/install/bumperbot_planning/share/bumperbot_planning/package.sh'
[9.823s] INFO:colcon.colcon_core.shell:Creating package script '/bumperbot_ws/install/bumperbot_planning/share/bumperbot_planning/package.bash'
[9.823s] INFO:colcon.colcon_core.shell:Creating package script '/bumperbot_ws/install/bumperbot_planning/share/bumperbot_planning/package.zsh'
[9.823s] Level 1:colcon.colcon_core.environment:create_file_with_runtime_dependencies(/bumperbot_ws/install/bumperbot_planning/share/colcon-core/packages/bumperbot_planning)
[9.824s] Level 1:colcon.colcon_core.environment:create_environment_scripts_only(bumperbot_planning)
[9.824s] Level 1:colcon.colcon_core.environment:checking '/bumperbot_ws/install/bumperbot_planning' for CMake module files
[9.824s] Level 1:colcon.colcon_core.environment:checking '/bumperbot_ws/install/bumperbot_planning' for CMake config files
[9.824s] Level 1:colcon.colcon_core.shell:create_environment_hook('bumperbot_planning', 'cmake_prefix_path')
[9.824s] INFO:colcon.colcon_core.shell:Creating environment hook '/bumperbot_ws/install/bumperbot_planning/share/bumperbot_planning/hook/cmake_prefix_path.ps1'
[9.824s] INFO:colcon.colcon_core.shell:Creating environment descriptor '/bumperbot_ws/install/bumperbot_planning/share/bumperbot_planning/hook/cmake_prefix_path.dsv'
[9.825s] INFO:colcon.colcon_core.shell:Creating environment hook '/bumperbot_ws/install/bumperbot_planning/share/bumperbot_planning/hook/cmake_prefix_path.sh'
[9.825s] Level 1:colcon.colcon_core.environment:checking '/bumperbot_ws/install/bumperbot_planning/lib'
[9.825s] Level 1:colcon.colcon_core.environment:checking '/bumperbot_ws/install/bumperbot_planning/bin'
[9.825s] Level 1:colcon.colcon_core.environment:checking '/bumperbot_ws/install/bumperbot_planning/lib/pkgconfig/bumperbot_planning.pc'
[9.825s] Level 1:colcon.colcon_core.environment:checking '/bumperbot_ws/install/bumperbot_planning/lib/python3.12/site-packages'
[9.825s] Level 1:colcon.colcon_core.environment:checking '/bumperbot_ws/install/bumperbot_planning/bin'
[9.826s] INFO:colcon.colcon_core.shell:Creating package script '/bumperbot_ws/install/bumperbot_planning/share/bumperbot_planning/package.ps1'
[9.826s] INFO:colcon.colcon_core.shell:Creating package descriptor '/bumperbot_ws/install/bumperbot_planning/share/bumperbot_planning/package.dsv'
[9.826s] INFO:colcon.colcon_core.shell:Creating package script '/bumperbot_ws/install/bumperbot_planning/share/bumperbot_planning/package.sh'
[9.826s] INFO:colcon.colcon_core.shell:Creating package script '/bumperbot_ws/install/bumperbot_planning/share/bumperbot_planning/package.bash'
[9.827s] INFO:colcon.colcon_core.shell:Creating package script '/bumperbot_ws/install/bumperbot_planning/share/bumperbot_planning/package.zsh'
[9.827s] Level 1:colcon.colcon_core.environment:create_file_with_runtime_dependencies(/bumperbot_ws/install/bumperbot_planning/share/colcon-core/packages/bumperbot_planning)
[10.226s] DEBUG:colcon.colcon_core.event_handler.log_command:Invoked command in '/bumperbot_ws/build/bumperbot_controller' returned '0': CMAKE_PREFIX_PATH=${CMAKE_PREFIX_PATH}:/opt/ros/jazzy /usr/bin/cmake --build /bumperbot_ws/build/bumperbot_controller -- -j16 -l16
[10.227s] DEBUG:colcon.colcon_core.event_handler.log_command:Invoking command in '/bumperbot_ws/build/bumperbot_controller': CMAKE_PREFIX_PATH=${CMAKE_PREFIX_PATH}:/opt/ros/jazzy /usr/bin/cmake --install /bumperbot_ws/build/bumperbot_controller
[10.274s] Level 1:colcon.colcon_core.environment:create_environment_scripts_only(bumperbot_controller)
[10.274s] Level 1:colcon.colcon_core.environment:checking '/bumperbot_ws/install/bumperbot_controller' for CMake module files
[10.274s] DEBUG:colcon.colcon_core.event_handler.log_command:Invoked command in '/bumperbot_ws/build/bumperbot_controller' returned '0': CMAKE_PREFIX_PATH=${CMAKE_PREFIX_PATH}:/opt/ros/jazzy /usr/bin/cmake --install /bumperbot_ws/build/bumperbot_controller
[10.275s] Level 1:colcon.colcon_core.environment:checking '/bumperbot_ws/install/bumperbot_controller' for CMake config files
[10.275s] Level 1:colcon.colcon_core.shell:create_environment_hook('bumperbot_controller', 'cmake_prefix_path')
[10.275s] INFO:colcon.colcon_core.shell:Creating environment hook '/bumperbot_ws/install/bumperbot_controller/share/bumperbot_controller/hook/cmake_prefix_path.ps1'
[10.275s] INFO:colcon.colcon_core.shell:Creating environment descriptor '/bumperbot_ws/install/bumperbot_controller/share/bumperbot_controller/hook/cmake_prefix_path.dsv'
[10.275s] INFO:colcon.colcon_core.shell:Creating environment hook '/bumperbot_ws/install/bumperbot_controller/share/bumperbot_controller/hook/cmake_prefix_path.sh'
[10.276s] Level 1:colcon.colcon_core.environment:checking '/bumperbot_ws/install/bumperbot_controller/lib'
[10.276s] Level 1:colcon.colcon_core.environment:checking '/bumperbot_ws/install/bumperbot_controller/bin'
[10.276s] Level 1:colcon.colcon_core.environment:checking '/bumperbot_ws/install/bumperbot_controller/lib/pkgconfig/bumperbot_controller.pc'
[10.276s] Level 1:colcon.colcon_core.environment:checking '/bumperbot_ws/install/bumperbot_controller/lib/python3.12/site-packages'
[10.276s] Level 1:colcon.colcon_core.shell:create_environment_hook('bumperbot_controller', 'pythonpath')
[10.276s] INFO:colcon.colcon_core.shell:Creating environment hook '/bumperbot_ws/install/bumperbot_controller/share/bumperbot_controller/hook/pythonpath.ps1'
[10.276s] INFO:colcon.colcon_core.shell:Creating environment descriptor '/bumperbot_ws/install/bumperbot_controller/share/bumperbot_controller/hook/pythonpath.dsv'
[10.276s] INFO:colcon.colcon_core.shell:Creating environment hook '/bumperbot_ws/install/bumperbot_controller/share/bumperbot_controller/hook/pythonpath.sh'
[10.277s] Level 1:colcon.colcon_core.environment:checking '/bumperbot_ws/install/bumperbot_controller/bin'
[10.277s] INFO:colcon.colcon_core.shell:Creating package script '/bumperbot_ws/install/bumperbot_controller/share/bumperbot_controller/package.ps1'
[10.277s] INFO:colcon.colcon_core.shell:Creating package descriptor '/bumperbot_ws/install/bumperbot_controller/share/bumperbot_controller/package.dsv'
[10.277s] INFO:colcon.colcon_core.shell:Creating package script '/bumperbot_ws/install/bumperbot_controller/share/bumperbot_controller/package.sh'
[10.277s] INFO:colcon.colcon_core.shell:Creating package script '/bumperbot_ws/install/bumperbot_controller/share/bumperbot_controller/package.bash'
[10.278s] INFO:colcon.colcon_core.shell:Creating package script '/bumperbot_ws/install/bumperbot_controller/share/bumperbot_controller/package.zsh'
[10.278s] Level 1:colcon.colcon_core.environment:create_file_with_runtime_dependencies(/bumperbot_ws/install/bumperbot_controller/share/colcon-core/packages/bumperbot_controller)
[10.278s] Level 1:colcon.colcon_core.environment:create_environment_scripts_only(bumperbot_controller)
[10.278s] Level 1:colcon.colcon_core.environment:checking '/bumperbot_ws/install/bumperbot_controller' for CMake module files
[10.278s] Level 1:colcon.colcon_core.environment:checking '/bumperbot_ws/install/bumperbot_controller' for CMake config files
[10.278s] Level 1:colcon.colcon_core.shell:create_environment_hook('bumperbot_controller', 'cmake_prefix_path')
[10.279s] INFO:colcon.colcon_core.shell:Creating environment hook '/bumperbot_ws/install/bumperbot_controller/share/bumperbot_controller/hook/cmake_prefix_path.ps1'
[10.279s] INFO:colcon.colcon_core.shell:Creating environment descriptor '/bumperbot_ws/install/bumperbot_controller/share/bumperbot_controller/hook/cmake_prefix_path.dsv'
[10.279s] INFO:colcon.colcon_core.shell:Creating environment hook '/bumperbot_ws/install/bumperbot_controller/share/bumperbot_controller/hook/cmake_prefix_path.sh'
[10.279s] Level 1:colcon.colcon_core.environment:checking '/bumperbot_ws/install/bumperbot_controller/lib'
[10.279s] Level 1:colcon.colcon_core.environment:checking '/bumperbot_ws/install/bumperbot_controller/bin'
[10.279s] Level 1:colcon.colcon_core.environment:checking '/bumperbot_ws/install/bumperbot_controller/lib/pkgconfig/bumperbot_controller.pc'
[10.279s] Level 1:colcon.colcon_core.environment:checking '/bumperbot_ws/install/bumperbot_controller/lib/python3.12/site-packages'
[10.279s] Level 1:colcon.colcon_core.shell:create_environment_hook('bumperbot_controller', 'pythonpath')
[10.280s] INFO:colcon.colcon_core.shell:Creating environment hook '/bumperbot_ws/install/bumperbot_controller/share/bumperbot_controller/hook/pythonpath.ps1'
[10.280s] INFO:colcon.colcon_core.shell:Creating environment descriptor '/bumperbot_ws/install/bumperbot_controller/share/bumperbot_controller/hook/pythonpath.dsv'
[10.280s] INFO:colcon.colcon_core.shell:Creating environment hook '/bumperbot_ws/install/bumperbot_controller/share/bumperbot_controller/hook/pythonpath.sh'
[10.280s] Level 1:colcon.colcon_core.environment:checking '/bumperbot_ws/install/bumperbot_controller/bin'
[10.280s] INFO:colcon.colcon_core.shell:Creating package script '/bumperbot_ws/install/bumperbot_controller/share/bumperbot_controller/package.ps1'
[10.281s] INFO:colcon.colcon_core.shell:Creating package descriptor '/bumperbot_ws/install/bumperbot_controller/share/bumperbot_controller/package.dsv'
[10.281s] INFO:colcon.colcon_core.shell:Creating package script '/bumperbot_ws/install/bumperbot_controller/share/bumperbot_controller/package.sh'
[10.281s] INFO:colcon.colcon_core.shell:Creating package script '/bumperbot_ws/install/bumperbot_controller/share/bumperbot_controller/package.bash'
[10.281s] INFO:colcon.colcon_core.shell:Creating package script '/bumperbot_ws/install/bumperbot_controller/share/bumperbot_controller/package.zsh'
[10.282s] Level 1:colcon.colcon_core.environment:create_file_with_runtime_dependencies(/bumperbot_ws/install/bumperbot_controller/share/colcon-core/packages/bumperbot_controller)
[10.282s] INFO:colcon.colcon_ros.task.ament_cmake.build:Building ROS package in '/bumperbot_ws/src/bumperbot_bringup' with build type 'ament_cmake'
[10.282s] INFO:colcon.colcon_cmake.task.cmake.build:Building CMake package in '/bumperbot_ws/src/bumperbot_bringup'
[10.282s] INFO:colcon.colcon_core.shell:Skip shell extension 'powershell' for command environment: Not usable outside of PowerShell
[10.282s] DEBUG:colcon.colcon_core.shell:Skip shell extension 'dsv' for command environment
[10.288s] DEBUG:colcon.colcon_core.event_handler.log_command:Invoking command in '/bumperbot_ws/build/bumperbot_bringup': AMENT_PREFIX_PATH=/bumperbot_ws/install/bumperbot_mapping:/bumperbot_ws/install/bumperbot_localization:/bumperbot_ws/install/bumperbot_description:/bumperbot_ws/install/bumperbot_controller:${AMENT_PREFIX_PATH} CMAKE_PREFIX_PATH=/bumperbot_ws/install/bumperbot_mapping:/bumperbot_ws/install/bumperbot_localization:/bumperbot_ws/install/bumperbot_description:/bumperbot_ws/install/bumperbot_controller:/opt/ros/jazzy/opt/gz_sim_vendor:/opt/ros/jazzy/opt/gz_sensors_vendor:/opt/ros/jazzy/opt/gz_physics_vendor:/opt/ros/jazzy/opt/sdformat_vendor:/opt/ros/jazzy/opt/gz_gui_vendor:/opt/ros/jazzy/opt/gz_transport_vendor:/opt/ros/jazzy/opt/gz_rendering_vendor:/opt/ros/jazzy/opt/gz_plugin_vendor:/opt/ros/jazzy/opt/gz_fuel_tools_vendor:/opt/ros/jazzy/opt/gz_msgs_vendor:/opt/ros/jazzy/opt/gz_common_vendor:/opt/ros/jazzy/opt/gz_math_vendor:/opt/ros/jazzy/opt/gz_utils_vendor:/opt/ros/jazzy/opt/gz_tools_vendor:/opt/ros/jazzy/opt/gz_ogre_next_vendor:/opt/ros/jazzy/opt/gz_dartsim_vendor:/opt/ros/jazzy/opt/gz_cmake_vendor:/opt/ros/jazzy PATH=/bumperbot_ws/install/bumperbot_localization/bin:${PATH} PYTHONPATH=/bumperbot_ws/install/bumperbot_mapping/lib/python3.12/site-packages:/bumperbot_ws/install/bumperbot_localization/lib/python3.12/site-packages:/bumperbot_ws/install/bumperbot_controller/lib/python3.12/site-packages:${PYTHONPATH} /usr/bin/cmake /bumperbot_ws/src/bumperbot_bringup -DCMAKE_INSTALL_PREFIX=/bumperbot_ws/install/bumperbot_bringup
[10.728s] DEBUG:colcon.colcon_core.event_handler.log_command:Invoked command in '/bumperbot_ws/build/bumperbot_bringup' returned '0': AMENT_PREFIX_PATH=/bumperbot_ws/install/bumperbot_mapping:/bumperbot_ws/install/bumperbot_localization:/bumperbot_ws/install/bumperbot_description:/bumperbot_ws/install/bumperbot_controller:${AMENT_PREFIX_PATH} CMAKE_PREFIX_PATH=/bumperbot_ws/install/bumperbot_mapping:/bumperbot_ws/install/bumperbot_localization:/bumperbot_ws/install/bumperbot_description:/bumperbot_ws/install/bumperbot_controller:/opt/ros/jazzy/opt/gz_sim_vendor:/opt/ros/jazzy/opt/gz_sensors_vendor:/opt/ros/jazzy/opt/gz_physics_vendor:/opt/ros/jazzy/opt/sdformat_vendor:/opt/ros/jazzy/opt/gz_gui_vendor:/opt/ros/jazzy/opt/gz_transport_vendor:/opt/ros/jazzy/opt/gz_rendering_vendor:/opt/ros/jazzy/opt/gz_plugin_vendor:/opt/ros/jazzy/opt/gz_fuel_tools_vendor:/opt/ros/jazzy/opt/gz_msgs_vendor:/opt/ros/jazzy/opt/gz_common_vendor:/opt/ros/jazzy/opt/gz_math_vendor:/opt/ros/jazzy/opt/gz_utils_vendor:/opt/ros/jazzy/opt/gz_tools_vendor:/opt/ros/jazzy/opt/gz_ogre_next_vendor:/opt/ros/jazzy/opt/gz_dartsim_vendor:/opt/ros/jazzy/opt/gz_cmake_vendor:/opt/ros/jazzy PATH=/bumperbot_ws/install/bumperbot_localization/bin:${PATH} PYTHONPATH=/bumperbot_ws/install/bumperbot_mapping/lib/python3.12/site-packages:/bumperbot_ws/install/bumperbot_localization/lib/python3.12/site-packages:/bumperbot_ws/install/bumperbot_controller/lib/python3.12/site-packages:${PYTHONPATH} /usr/bin/cmake /bumperbot_ws/src/bumperbot_bringup -DCMAKE_INSTALL_PREFIX=/bumperbot_ws/install/bumperbot_bringup
[10.728s] DEBUG:colcon.colcon_core.event_handler.log_command:Invoking command in '/bumperbot_ws/build/bumperbot_bringup': AMENT_PREFIX_PATH=/bumperbot_ws/install/bumperbot_mapping:/bumperbot_ws/install/bumperbot_localization:/bumperbot_ws/install/bumperbot_description:/bumperbot_ws/install/bumperbot_controller:${AMENT_PREFIX_PATH} CMAKE_PREFIX_PATH=/bumperbot_ws/install/bumperbot_mapping:/bumperbot_ws/install/bumperbot_localization:/bumperbot_ws/install/bumperbot_description:/bumperbot_ws/install/bumperbot_controller:/opt/ros/jazzy/opt/gz_sim_vendor:/opt/ros/jazzy/opt/gz_sensors_vendor:/opt/ros/jazzy/opt/gz_physics_vendor:/opt/ros/jazzy/opt/sdformat_vendor:/opt/ros/jazzy/opt/gz_gui_vendor:/opt/ros/jazzy/opt/gz_transport_vendor:/opt/ros/jazzy/opt/gz_rendering_vendor:/opt/ros/jazzy/opt/gz_plugin_vendor:/opt/ros/jazzy/opt/gz_fuel_tools_vendor:/opt/ros/jazzy/opt/gz_msgs_vendor:/opt/ros/jazzy/opt/gz_common_vendor:/opt/ros/jazzy/opt/gz_math_vendor:/opt/ros/jazzy/opt/gz_utils_vendor:/opt/ros/jazzy/opt/gz_tools_vendor:/opt/ros/jazzy/opt/gz_ogre_next_vendor:/opt/ros/jazzy/opt/gz_dartsim_vendor:/opt/ros/jazzy/opt/gz_cmake_vendor:/opt/ros/jazzy PATH=/bumperbot_ws/install/bumperbot_localization/bin:${PATH} PYTHONPATH=/bumperbot_ws/install/bumperbot_mapping/lib/python3.12/site-packages:/bumperbot_ws/install/bumperbot_localization/lib/python3.12/site-packages:/bumperbot_ws/install/bumperbot_controller/lib/python3.12/site-packages:${PYTHONPATH} /usr/bin/cmake --build /bumperbot_ws/build/bumperbot_bringup -- -j16 -l16
[10.752s] DEBUG:colcon.colcon_core.event_handler.log_command:Invoked command in '/bumperbot_ws/build/bumperbot_bringup' returned '0': AMENT_PREFIX_PATH=/bumperbot_ws/install/bumperbot_mapping:/bumperbot_ws/install/bumperbot_localization:/bumperbot_ws/install/bumperbot_description:/bumperbot_ws/install/bumperbot_controller:${AMENT_PREFIX_PATH} CMAKE_PREFIX_PATH=/bumperbot_ws/install/bumperbot_mapping:/bumperbot_ws/install/bumperbot_localization:/bumperbot_ws/install/bumperbot_description:/bumperbot_ws/install/bumperbot_controller:/opt/ros/jazzy/opt/gz_sim_vendor:/opt/ros/jazzy/opt/gz_sensors_vendor:/opt/ros/jazzy/opt/gz_physics_vendor:/opt/ros/jazzy/opt/sdformat_vendor:/opt/ros/jazzy/opt/gz_gui_vendor:/opt/ros/jazzy/opt/gz_transport_vendor:/opt/ros/jazzy/opt/gz_rendering_vendor:/opt/ros/jazzy/opt/gz_plugin_vendor:/opt/ros/jazzy/opt/gz_fuel_tools_vendor:/opt/ros/jazzy/opt/gz_msgs_vendor:/opt/ros/jazzy/opt/gz_common_vendor:/opt/ros/jazzy/opt/gz_math_vendor:/opt/ros/jazzy/opt/gz_utils_vendor:/opt/ros/jazzy/opt/gz_tools_vendor:/opt/ros/jazzy/opt/gz_ogre_next_vendor:/opt/ros/jazzy/opt/gz_dartsim_vendor:/opt/ros/jazzy/opt/gz_cmake_vendor:/opt/ros/jazzy PATH=/bumperbot_ws/install/bumperbot_localization/bin:${PATH} PYTHONPATH=/bumperbot_ws/install/bumperbot_mapping/lib/python3.12/site-packages:/bumperbot_ws/install/bumperbot_localization/lib/python3.12/site-packages:/bumperbot_ws/install/bumperbot_controller/lib/python3.12/site-packages:${PYTHONPATH} /usr/bin/cmake --build /bumperbot_ws/build/bumperbot_bringup -- -j16 -l16
[10.752s] DEBUG:colcon.colcon_core.event_handler.log_command:Invoking command in '/bumperbot_ws/build/bumperbot_bringup': AMENT_PREFIX_PATH=/bumperbot_ws/install/bumperbot_mapping:/bumperbot_ws/install/bumperbot_localization:/bumperbot_ws/install/bumperbot_description:/bumperbot_ws/install/bumperbot_controller:${AMENT_PREFIX_PATH} CMAKE_PREFIX_PATH=/bumperbot_ws/install/bumperbot_mapping:/bumperbot_ws/install/bumperbot_localization:/bumperbot_ws/install/bumperbot_description:/bumperbot_ws/install/bumperbot_controller:/opt/ros/jazzy/opt/gz_sim_vendor:/opt/ros/jazzy/opt/gz_sensors_vendor:/opt/ros/jazzy/opt/gz_physics_vendor:/opt/ros/jazzy/opt/sdformat_vendor:/opt/ros/jazzy/opt/gz_gui_vendor:/opt/ros/jazzy/opt/gz_transport_vendor:/opt/ros/jazzy/opt/gz_rendering_vendor:/opt/ros/jazzy/opt/gz_plugin_vendor:/opt/ros/jazzy/opt/gz_fuel_tools_vendor:/opt/ros/jazzy/opt/gz_msgs_vendor:/opt/ros/jazzy/opt/gz_common_vendor:/opt/ros/jazzy/opt/gz_math_vendor:/opt/ros/jazzy/opt/gz_utils_vendor:/opt/ros/jazzy/opt/gz_tools_vendor:/opt/ros/jazzy/opt/gz_ogre_next_vendor:/opt/ros/jazzy/opt/gz_dartsim_vendor:/opt/ros/jazzy/opt/gz_cmake_vendor:/opt/ros/jazzy PATH=/bumperbot_ws/install/bumperbot_localization/bin:${PATH} PYTHONPATH=/bumperbot_ws/install/bumperbot_mapping/lib/python3.12/site-packages:/bumperbot_ws/install/bumperbot_localization/lib/python3.12/site-packages:/bumperbot_ws/install/bumperbot_controller/lib/python3.12/site-packages:${PYTHONPATH} /usr/bin/cmake --install /bumperbot_ws/build/bumperbot_bringup
[10.759s] Level 1:colcon.colcon_core.environment:create_environment_scripts_only(bumperbot_bringup)
[10.759s] Level 1:colcon.colcon_core.environment:checking '/bumperbot_ws/install/bumperbot_bringup' for CMake module files
[10.759s] DEBUG:colcon.colcon_core.event_handler.log_command:Invoked command in '/bumperbot_ws/build/bumperbot_bringup' returned '0': AMENT_PREFIX_PATH=/bumperbot_ws/install/bumperbot_mapping:/bumperbot_ws/install/bumperbot_localization:/bumperbot_ws/install/bumperbot_description:/bumperbot_ws/install/bumperbot_controller:${AMENT_PREFIX_PATH} CMAKE_PREFIX_PATH=/bumperbot_ws/install/bumperbot_mapping:/bumperbot_ws/install/bumperbot_localization:/bumperbot_ws/install/bumperbot_description:/bumperbot_ws/install/bumperbot_controller:/opt/ros/jazzy/opt/gz_sim_vendor:/opt/ros/jazzy/opt/gz_sensors_vendor:/opt/ros/jazzy/opt/gz_physics_vendor:/opt/ros/jazzy/opt/sdformat_vendor:/opt/ros/jazzy/opt/gz_gui_vendor:/opt/ros/jazzy/opt/gz_transport_vendor:/opt/ros/jazzy/opt/gz_rendering_vendor:/opt/ros/jazzy/opt/gz_plugin_vendor:/opt/ros/jazzy/opt/gz_fuel_tools_vendor:/opt/ros/jazzy/opt/gz_msgs_vendor:/opt/ros/jazzy/opt/gz_common_vendor:/opt/ros/jazzy/opt/gz_math_vendor:/opt/ros/jazzy/opt/gz_utils_vendor:/opt/ros/jazzy/opt/gz_tools_vendor:/opt/ros/jazzy/opt/gz_ogre_next_vendor:/opt/ros/jazzy/opt/gz_dartsim_vendor:/opt/ros/jazzy/opt/gz_cmake_vendor:/opt/ros/jazzy PATH=/bumperbot_ws/install/bumperbot_localization/bin:${PATH} PYTHONPATH=/bumperbot_ws/install/bumperbot_mapping/lib/python3.12/site-packages:/bumperbot_ws/install/bumperbot_localization/lib/python3.12/site-packages:/bumperbot_ws/install/bumperbot_controller/lib/python3.12/site-packages:${PYTHONPATH} /usr/bin/cmake --install /bumperbot_ws/build/bumperbot_bringup
[10.760s] Level 1:colcon.colcon_core.environment:checking '/bumperbot_ws/install/bumperbot_bringup' for CMake config files
[10.760s] Level 1:colcon.colcon_core.shell:create_environment_hook('bumperbot_bringup', 'cmake_prefix_path')
[10.760s] INFO:colcon.colcon_core.shell:Creating environment hook '/bumperbot_ws/install/bumperbot_bringup/share/bumperbot_bringup/hook/cmake_prefix_path.ps1'
[10.760s] INFO:colcon.colcon_core.shell:Creating environment descriptor '/bumperbot_ws/install/bumperbot_bringup/share/bumperbot_bringup/hook/cmake_prefix_path.dsv'
[10.760s] INFO:colcon.colcon_core.shell:Creating environment hook '/bumperbot_ws/install/bumperbot_bringup/share/bumperbot_bringup/hook/cmake_prefix_path.sh'
[10.761s] Level 1:colcon.colcon_core.environment:checking '/bumperbot_ws/install/bumperbot_bringup/bin'
[10.761s] Level 1:colcon.colcon_core.environment:checking '/bumperbot_ws/install/bumperbot_bringup/lib/pkgconfig/bumperbot_bringup.pc'
[10.761s] Level 1:colcon.colcon_core.environment:checking '/bumperbot_ws/install/bumperbot_bringup/lib/python3.12/site-packages'
[10.761s] Level 1:colcon.colcon_core.environment:checking '/bumperbot_ws/install/bumperbot_bringup/bin'
[10.761s] INFO:colcon.colcon_core.shell:Creating package script '/bumperbot_ws/install/bumperbot_bringup/share/bumperbot_bringup/package.ps1'
[10.761s] INFO:colcon.colcon_core.shell:Creating package descriptor '/bumperbot_ws/install/bumperbot_bringup/share/bumperbot_bringup/package.dsv'
[10.761s] INFO:colcon.colcon_core.shell:Creating package script '/bumperbot_ws/install/bumperbot_bringup/share/bumperbot_bringup/package.sh'
[10.762s] INFO:colcon.colcon_core.shell:Creating package script '/bumperbot_ws/install/bumperbot_bringup/share/bumperbot_bringup/package.bash'
[10.762s] INFO:colcon.colcon_core.shell:Creating package script '/bumperbot_ws/install/bumperbot_bringup/share/bumperbot_bringup/package.zsh'
[10.762s] Level 1:colcon.colcon_core.environment:create_file_with_runtime_dependencies(/bumperbot_ws/install/bumperbot_bringup/share/colcon-core/packages/bumperbot_bringup)
[10.762s] Level 1:colcon.colcon_core.environment:create_environment_scripts_only(bumperbot_bringup)
[10.762s] Level 1:colcon.colcon_core.environment:checking '/bumperbot_ws/install/bumperbot_bringup' for CMake module files
[10.763s] Level 1:colcon.colcon_core.environment:checking '/bumperbot_ws/install/bumperbot_bringup' for CMake config files
[10.763s] Level 1:colcon.colcon_core.shell:create_environment_hook('bumperbot_bringup', 'cmake_prefix_path')
[10.763s] INFO:colcon.colcon_core.shell:Creating environment hook '/bumperbot_ws/install/bumperbot_bringup/share/bumperbot_bringup/hook/cmake_prefix_path.ps1'
[10.763s] INFO:colcon.colcon_core.shell:Creating environment descriptor '/bumperbot_ws/install/bumperbot_bringup/share/bumperbot_bringup/hook/cmake_prefix_path.dsv'
[10.763s] INFO:colcon.colcon_core.shell:Creating environment hook '/bumperbot_ws/install/bumperbot_bringup/share/bumperbot_bringup/hook/cmake_prefix_path.sh'
[10.763s] Level 1:colcon.colcon_core.environment:checking '/bumperbot_ws/install/bumperbot_bringup/bin'
[10.763s] Level 1:colcon.colcon_core.environment:checking '/bumperbot_ws/install/bumperbot_bringup/lib/pkgconfig/bumperbot_bringup.pc'
[10.764s] Level 1:colcon.colcon_core.environment:checking '/bumperbot_ws/install/bumperbot_bringup/lib/python3.12/site-packages'
[10.764s] Level 1:colcon.colcon_core.environment:checking '/bumperbot_ws/install/bumperbot_bringup/bin'
[10.764s] INFO:colcon.colcon_core.shell:Creating package script '/bumperbot_ws/install/bumperbot_bringup/share/bumperbot_bringup/package.ps1'
[10.764s] INFO:colcon.colcon_core.shell:Creating package descriptor '/bumperbot_ws/install/bumperbot_bringup/share/bumperbot_bringup/package.dsv'
[10.764s] INFO:colcon.colcon_core.shell:Creating package script '/bumperbot_ws/install/bumperbot_bringup/share/bumperbot_bringup/package.sh'
[10.764s] INFO:colcon.colcon_core.shell:Creating package script '/bumperbot_ws/install/bumperbot_bringup/share/bumperbot_bringup/package.bash'
[10.765s] INFO:colcon.colcon_core.shell:Creating package script '/bumperbot_ws/install/bumperbot_bringup/share/bumperbot_bringup/package.zsh'
[10.765s] Level 1:colcon.colcon_core.environment:create_file_with_runtime_dependencies(/bumperbot_ws/install/bumperbot_bringup/share/colcon-core/packages/bumperbot_bringup)
[10.765s] DEBUG:colcon.colcon_parallel_executor.executor.parallel:closing loop
[10.765s] DEBUG:colcon.colcon_parallel_executor.executor.parallel:loop closed
[10.765s] DEBUG:colcon.colcon_parallel_executor.executor.parallel:run_until_complete finished with '0'
[10.765s] DEBUG:colcon.colcon_core.event_reactor:joining thread
[10.768s] INFO:colcon.colcon_core.plugin_system:Skipping extension 'colcon_notification.desktop_notification.terminal_notifier': Not used on non-Darwin systems
[10.768s] INFO:colcon.colcon_core.plugin_system:Skipping extension 'colcon_notification.desktop_notification.win32': Not used on non-Windows systems
[10.769s] INFO:colcon.colcon_notification.desktop_notification:Sending desktop notification using 'notify2'
[10.770s] DEBUG:colcon.colcon_notification.desktop_notification.notify2:Failed to initialize notify2: org.freedesktop.DBus.Error.Spawn.ExecFailed: /usr/bin/dbus-launch terminated abnormally without any error message
[10.770s] DEBUG:colcon.colcon_core.event_reactor:joined thread
[10.770s] INFO:colcon.colcon_core.shell:Creating prefix script '/bumperbot_ws/install/local_setup.ps1'
[10.771s] INFO:colcon.colcon_core.shell:Creating prefix util module '/bumperbot_ws/install/_local_setup_util_ps1.py'
[10.772s] INFO:colcon.colcon_core.shell:Creating prefix chain script '/bumperbot_ws/install/setup.ps1'
[10.772s] INFO:colcon.colcon_core.shell:Creating prefix script '/bumperbot_ws/install/local_setup.sh'
[10.772s] INFO:colcon.colcon_core.shell:Creating prefix util module '/bumperbot_ws/install/_local_setup_util_sh.py'
[10.773s] INFO:colcon.colcon_core.shell:Creating prefix chain script '/bumperbot_ws/install/setup.sh'
[10.773s] INFO:colcon.colcon_core.shell:Creating prefix script '/bumperbot_ws/install/local_setup.bash'
[10.774s] INFO:colcon.colcon_core.shell:Creating prefix chain script '/bumperbot_ws/install/setup.bash'
[10.774s] INFO:colcon.colcon_core.shell:Creating prefix script '/bumperbot_ws/install/local_setup.zsh'
[10.774s] INFO:colcon.colcon_core.shell:Creating prefix chain script '/bumperbot_ws/install/setup.zsh'
