[0.010s] Invoking command in '/bumperbot/build/bumperbot_bringup': AMENT_PREFIX_PATH=/bumperbot/install/bumperbot_mapping:/bumperbot/install/bumperbot_description:${AMENT_PREFIX_PATH} CMAKE_PREFIX_PATH=/bumperbot/install/bumperbot_mapping:/bumperbot/install/bumperbot_description:/bumperbot/install/bumperbot_planning:/bumperbot/install/bumperbot_cpp_examples:/bumperbot/install/bumperbot_bringup:/opt/ros/jazzy PYTHONPATH=/bumperbot/install/bumperbot_mapping/lib/python3.12/site-packages:${PYTHONPATH} /usr/bin/cmake --build /bumperbot/build/bumperbot_bringup -- -j8 -l8
[0.054s] Invoked command in '/bumperbot/build/bumperbot_bringup' returned '0': AMENT_PREFIX_PATH=/bumperbot/install/bumperbot_mapping:/bumperbot/install/bumperbot_description:${AMENT_PREFIX_PATH} CMAKE_PREFIX_PATH=/bumperbot/install/bumperbot_mapping:/bumperbot/install/bumperbot_description:/bumperbot/install/bumperbot_planning:/bumperbot/install/bumperbot_cpp_examples:/bumperbot/install/bumperbot_bringup:/opt/ros/jazzy PYTHONPATH=/bumperbot/install/bumperbot_mapping/lib/python3.12/site-packages:${PYTHONPATH} /usr/bin/cmake --build /bumperbot/build/bumperbot_bringup -- -j8 -l8
[0.055s] Invoking command in '/bumperbot/build/bumperbot_bringup': AMENT_PREFIX_PATH=/bumperbot/install/bumperbot_mapping:/bumperbot/install/bumperbot_description:${AMENT_PREFIX_PATH} CMAKE_PREFIX_PATH=/bumperbot/install/bumperbot_mapping:/bumperbot/install/bumperbot_description:/bumperbot/install/bumperbot_planning:/bumperbot/install/bumperbot_cpp_examples:/bumperbot/install/bumperbot_bringup:/opt/ros/jazzy PYTHONPATH=/bumperbot/install/bumperbot_mapping/lib/python3.12/site-packages:${PYTHONPATH} /usr/bin/cmake --install /bumperbot/build/bumperbot_bringup
[0.063s] -- Install configuration: ""
[0.063s] -- Up-to-date: /bumperbot/install/bumperbot_bringup/share/bumperbot_bringup/config
[0.064s] -- Up-to-date: /bumperbot/install/bumperbot_bringup/share/bumperbot_bringup/config/rplidar_a1.yaml
[0.064s] -- Up-to-date: /bumperbot/install/bumperbot_bringup/share/bumperbot_bringup/launch
[0.064s] -- Up-to-date: /bumperbot/install/bumperbot_bringup/share/bumperbot_bringup/launch/simulated_robot.launch.py
[0.064s] -- Up-to-date: /bumperbot/install/bumperbot_bringup/share/bumperbot_bringup/launch/real_robot.launch.py
[0.064s] -- Up-to-date: /bumperbot/install/bumperbot_bringup/share/ament_index/resource_index/package_run_dependencies/bumperbot_bringup
[0.064s] -- Up-to-date: /bumperbot/install/bumperbot_bringup/share/ament_index/resource_index/parent_prefix_path/bumperbot_bringup
[0.065s] -- Up-to-date: /bumperbot/install/bumperbot_bringup/share/bumperbot_bringup/environment/ament_prefix_path.sh
[0.065s] -- Up-to-date: /bumperbot/install/bumperbot_bringup/share/bumperbot_bringup/environment/ament_prefix_path.dsv
[0.065s] -- Up-to-date: /bumperbot/install/bumperbot_bringup/share/bumperbot_bringup/environment/path.sh
[0.065s] -- Up-to-date: /bumperbot/install/bumperbot_bringup/share/bumperbot_bringup/environment/path.dsv
[0.065s] -- Up-to-date: /bumperbot/install/bumperbot_bringup/share/bumperbot_bringup/local_setup.bash
[0.066s] -- Up-to-date: /bumperbot/install/bumperbot_bringup/share/bumperbot_bringup/local_setup.sh
[0.067s] -- Up-to-date: /bumperbot/install/bumperbot_bringup/share/bumperbot_bringup/local_setup.zsh
[0.067s] -- Up-to-date: /bumperbot/install/bumperbot_bringup/share/bumperbot_bringup/local_setup.dsv
[0.067s] -- Up-to-date: /bumperbot/install/bumperbot_bringup/share/bumperbot_bringup/package.dsv
[0.067s] -- Up-to-date: /bumperbot/install/bumperbot_bringup/share/ament_index/resource_index/packages/bumperbot_bringup
[0.068s] -- Up-to-date: /bumperbot/install/bumperbot_bringup/share/bumperbot_bringup/cmake/bumperbot_bringupConfig.cmake
[0.068s] -- Up-to-date: /bumperbot/install/bumperbot_bringup/share/bumperbot_bringup/cmake/bumperbot_bringupConfig-version.cmake
[0.068s] -- Up-to-date: /bumperbot/install/bumperbot_bringup/share/bumperbot_bringup/package.xml
[0.068s] Invoked command in '/bumperbot/build/bumperbot_bringup' returned '0': AMENT_PREFIX_PATH=/bumperbot/install/bumperbot_mapping:/bumperbot/install/bumperbot_description:${AMENT_PREFIX_PATH} CMAKE_PREFIX_PATH=/bumperbot/install/bumperbot_mapping:/bumperbot/install/bumperbot_description:/bumperbot/install/bumperbot_planning:/bumperbot/install/bumperbot_cpp_examples:/bumperbot/install/bumperbot_bringup:/opt/ros/jazzy PYTHONPATH=/bumperbot/install/bumperbot_mapping/lib/python3.12/site-packages:${PYTHONPATH} /usr/bin/cmake --install /bumperbot/build/bumperbot_bringup
