[0.017s] Invoking command in '/bumperbot_ws/build/bumperbot_planning': CMAKE_PREFIX_PATH=${CMAKE_PREFIX_PATH}:/opt/ros/jazzy /usr/bin/cmake --build /bumperbot_ws/build/bumperbot_planning -- -j16 -l16
[0.137s] [  0%] Built target ament_cmake_python_copy_bumperbot_planning
[0.145s] [ 50%] Built target dijkstra_planner
[0.145s] [100%] Built target a_star_planner
[0.231s] running egg_info
[0.242s] writing bumperbot_planning.egg-info/PKG-INFO
[0.243s] writing dependency_links to bumperbot_planning.egg-info/dependency_links.txt
[0.243s] writing top-level names to bumperbot_planning.egg-info/top_level.txt
[0.278s] reading manifest file 'bumperbot_planning.egg-info/SOURCES.txt'
[0.278s] writing manifest file 'bumperbot_planning.egg-info/SOURCES.txt'
[0.311s] [100%] Built target ament_cmake_python_build_bumperbot_planning_egg
[0.320s] Invoked command in '/bumperbot_ws/build/bumperbot_planning' returned '0': CMAKE_PREFIX_PATH=${CMAKE_PREFIX_PATH}:/opt/ros/jazzy /usr/bin/cmake --build /bumperbot_ws/build/bumperbot_planning -- -j16 -l16
[0.322s] Invoking command in '/bumperbot_ws/build/bumperbot_planning': CMAKE_PREFIX_PATH=${CMAKE_PREFIX_PATH}:/opt/ros/jazzy /usr/bin/cmake --install /bumperbot_ws/build/bumperbot_planning
[0.328s] -- Install configuration: ""
[0.328s] -- Up-to-date: /bumperbot_ws/install/bumperbot_planning/share/bumperbot_planning/environment/pythonpath.sh
[0.328s] -- Up-to-date: /bumperbot_ws/install/bumperbot_planning/share/bumperbot_planning/environment/pythonpath.dsv
[0.328s] -- Up-to-date: /bumperbot_ws/install/bumperbot_planning/lib/python3.12/site-packages/bumperbot_planning-0.0.0-py3.12.egg-info
[0.328s] -- Installing: /bumperbot_ws/install/bumperbot_planning/lib/python3.12/site-packages/bumperbot_planning-0.0.0-py3.12.egg-info/top_level.txt
[0.329s] -- Installing: /bumperbot_ws/install/bumperbot_planning/lib/python3.12/site-packages/bumperbot_planning-0.0.0-py3.12.egg-info/PKG-INFO
[0.329s] -- Installing: /bumperbot_ws/install/bumperbot_planning/lib/python3.12/site-packages/bumperbot_planning-0.0.0-py3.12.egg-info/SOURCES.txt
[0.329s] -- Installing: /bumperbot_ws/install/bumperbot_planning/lib/python3.12/site-packages/bumperbot_planning-0.0.0-py3.12.egg-info/dependency_links.txt
[0.329s] -- Up-to-date: /bumperbot_ws/install/bumperbot_planning/lib/python3.12/site-packages/bumperbot_planning
[0.329s] -- Up-to-date: /bumperbot_ws/install/bumperbot_planning/lib/python3.12/site-packages/bumperbot_planning/a_star_planner.py
[0.329s] -- Up-to-date: /bumperbot_ws/install/bumperbot_planning/lib/python3.12/site-packages/bumperbot_planning/__init__.py
[0.329s] -- Up-to-date: /bumperbot_ws/install/bumperbot_planning/lib/python3.12/site-packages/bumperbot_planning/dijkstra_planner.py
[0.359s] Listing '/bumperbot_ws/install/bumperbot_planning/lib/python3.12/site-packages/bumperbot_planning'...
[0.359s] -- Up-to-date: /bumperbot_ws/install/bumperbot_planning/share/bumperbot_planning/global_planner_plugins.xml
[0.360s] -- Up-to-date: /bumperbot_ws/install/bumperbot_planning/include
[0.360s] -- Up-to-date: /bumperbot_ws/install/bumperbot_planning/include/bumperbot_planning
[0.360s] -- Up-to-date: /bumperbot_ws/install/bumperbot_planning/include/bumperbot_planning/dijkstra_planner.hpp
[0.360s] -- Up-to-date: /bumperbot_ws/install/bumperbot_planning/include/bumperbot_planning/a_star_planner.hpp
[0.360s] -- Up-to-date: /bumperbot_ws/install/bumperbot_planning/lib/bumperbot_planning/libdijkstra_planner.so
[0.360s] -- Up-to-date: /bumperbot_ws/install/bumperbot_planning/lib/bumperbot_planning/a_star_planner
[0.360s] -- Up-to-date: /bumperbot_ws/install/bumperbot_planning/lib/libdijkstra_planner.so
[0.360s] -- Up-to-date: /bumperbot_ws/install/bumperbot_planning/share/bumperbot_planning/global_planner_plugins.xml
[0.360s] -- Up-to-date: /bumperbot_ws/install/bumperbot_planning/lib/bumperbot_planning/a_star_planner.py
[0.360s] -- Up-to-date: /bumperbot_ws/install/bumperbot_planning/lib/bumperbot_planning/dijkstra_planner.py
[0.360s] -- Up-to-date: /bumperbot_ws/install/bumperbot_planning/share/ament_index/resource_index/package_run_dependencies/bumperbot_planning
[0.360s] -- Up-to-date: /bumperbot_ws/install/bumperbot_planning/share/ament_index/resource_index/parent_prefix_path/bumperbot_planning
[0.360s] -- Up-to-date: /bumperbot_ws/install/bumperbot_planning/share/bumperbot_planning/environment/ament_prefix_path.sh
[0.360s] -- Up-to-date: /bumperbot_ws/install/bumperbot_planning/share/bumperbot_planning/environment/ament_prefix_path.dsv
[0.360s] -- Up-to-date: /bumperbot_ws/install/bumperbot_planning/share/bumperbot_planning/environment/path.sh
[0.361s] -- Up-to-date: /bumperbot_ws/install/bumperbot_planning/share/bumperbot_planning/environment/path.dsv
[0.361s] -- Up-to-date: /bumperbot_ws/install/bumperbot_planning/share/bumperbot_planning/local_setup.bash
[0.361s] -- Up-to-date: /bumperbot_ws/install/bumperbot_planning/share/bumperbot_planning/local_setup.sh
[0.361s] -- Up-to-date: /bumperbot_ws/install/bumperbot_planning/share/bumperbot_planning/local_setup.zsh
[0.361s] -- Up-to-date: /bumperbot_ws/install/bumperbot_planning/share/bumperbot_planning/local_setup.dsv
[0.361s] -- Installing: /bumperbot_ws/install/bumperbot_planning/share/bumperbot_planning/package.dsv
[0.361s] -- Up-to-date: /bumperbot_ws/install/bumperbot_planning/share/ament_index/resource_index/packages/bumperbot_planning
[0.361s] -- Up-to-date: /bumperbot_ws/install/bumperbot_planning/share/ament_index/resource_index/nav2_core__pluginlib__plugin/bumperbot_planning
[0.361s] -- Up-to-date: /bumperbot_ws/install/bumperbot_planning/share/bumperbot_planning/cmake/ament_cmake_export_include_directories-extras.cmake
[0.361s] -- Up-to-date: /bumperbot_ws/install/bumperbot_planning/share/bumperbot_planning/cmake/ament_cmake_export_dependencies-extras.cmake
[0.361s] -- Up-to-date: /bumperbot_ws/install/bumperbot_planning/share/bumperbot_planning/cmake/bumperbot_planningConfig.cmake
[0.361s] -- Up-to-date: /bumperbot_ws/install/bumperbot_planning/share/bumperbot_planning/cmake/bumperbot_planningConfig-version.cmake
[0.361s] -- Up-to-date: /bumperbot_ws/install/bumperbot_planning/share/bumperbot_planning/package.xml
[0.398s] Invoked command in '/bumperbot_ws/build/bumperbot_planning' returned '0': CMAKE_PREFIX_PATH=${CMAKE_PREFIX_PATH}:/opt/ros/jazzy /usr/bin/cmake --install /bumperbot_ws/build/bumperbot_planning
