[0.017s] Invoking command in '/bumperbot_ws/build/bumperbot_mapping': CMAKE_PREFIX_PATH=${CMAKE_PREFIX_PATH}:/opt/ros/jazzy /usr/bin/cmake --build /bumperbot_ws/build/bumperbot_mapping -- -j16 -l16
[0.131s] [100%] Built target mapping_with_known_poses
[0.131s] [100%] Built target ament_cmake_python_copy_bumperbot_mapping
[0.275s] running egg_info
[0.291s] writing bumperbot_mapping.egg-info/PKG-INFO
[0.291s] writing dependency_links to bumperbot_mapping.egg-info/dependency_links.txt
[0.291s] writing top-level names to bumperbot_mapping.egg-info/top_level.txt
[0.330s] reading manifest file 'bumperbot_mapping.egg-info/SOURCES.txt'
[0.334s] writing manifest file 'bumperbot_mapping.egg-info/SOURCES.txt'
[0.353s] [100%] Built target ament_cmake_python_build_bumperbot_mapping_egg
[0.361s] Invoked command in '/bumperbot_ws/build/bumperbot_mapping' returned '0': CMAKE_PREFIX_PATH=${CMAKE_PREFIX_PATH}:/opt/ros/jazzy /usr/bin/cmake --build /bumperbot_ws/build/bumperbot_mapping -- -j16 -l16
[0.362s] Invoking command in '/bumperbot_ws/build/bumperbot_mapping': CMAKE_PREFIX_PATH=${CMAKE_PREFIX_PATH}:/opt/ros/jazzy /usr/bin/cmake --install /bumperbot_ws/build/bumperbot_mapping
[0.371s] -- Install configuration: ""
[0.371s] -- Up-to-date: /bumperbot_ws/install/bumperbot_mapping/share/bumperbot_mapping/environment/pythonpath.sh
[0.371s] -- Up-to-date: /bumperbot_ws/install/bumperbot_mapping/share/bumperbot_mapping/environment/pythonpath.dsv
[0.371s] -- Up-to-date: /bumperbot_ws/install/bumperbot_mapping/lib/python3.12/site-packages/bumperbot_mapping-0.0.0-py3.12.egg-info
[0.371s] -- Installing: /bumperbot_ws/install/bumperbot_mapping/lib/python3.12/site-packages/bumperbot_mapping-0.0.0-py3.12.egg-info/top_level.txt
[0.371s] -- Installing: /bumperbot_ws/install/bumperbot_mapping/lib/python3.12/site-packages/bumperbot_mapping-0.0.0-py3.12.egg-info/PKG-INFO
[0.372s] -- Installing: /bumperbot_ws/install/bumperbot_mapping/lib/python3.12/site-packages/bumperbot_mapping-0.0.0-py3.12.egg-info/SOURCES.txt
[0.372s] -- Installing: /bumperbot_ws/install/bumperbot_mapping/lib/python3.12/site-packages/bumperbot_mapping-0.0.0-py3.12.egg-info/dependency_links.txt
[0.372s] -- Up-to-date: /bumperbot_ws/install/bumperbot_mapping/lib/python3.12/site-packages/bumperbot_mapping
[0.372s] -- Up-to-date: /bumperbot_ws/install/bumperbot_mapping/lib/python3.12/site-packages/bumperbot_mapping/__init__.py
[0.372s] -- Up-to-date: /bumperbot_ws/install/bumperbot_mapping/lib/python3.12/site-packages/bumperbot_mapping/mapping_with_known_poses.py
[0.392s] Listing '/bumperbot_ws/install/bumperbot_mapping/lib/python3.12/site-packages/bumperbot_mapping'...
[0.396s] -- Up-to-date: /bumperbot_ws/install/bumperbot_mapping/include/include
[0.396s] -- Up-to-date: /bumperbot_ws/install/bumperbot_mapping/include/include/bumperbot_mapping
[0.396s] -- Up-to-date: /bumperbot_ws/install/bumperbot_mapping/include/include/bumperbot_mapping/mapping_with_known_poses.hpp
[0.396s] -- Up-to-date: /bumperbot_ws/install/bumperbot_mapping/lib/bumperbot_mapping/mapping_with_known_poses
[0.396s] -- Up-to-date: /bumperbot_ws/install/bumperbot_mapping/share/bumperbot_mapping/config
[0.396s] -- Up-to-date: /bumperbot_ws/install/bumperbot_mapping/share/bumperbot_mapping/config/slam_toolbox.yaml
[0.396s] -- Up-to-date: /bumperbot_ws/install/bumperbot_mapping/share/bumperbot_mapping/launch
[0.396s] -- Up-to-date: /bumperbot_ws/install/bumperbot_mapping/share/bumperbot_mapping/launch/slam.launch.py
[0.396s] -- Up-to-date: /bumperbot_ws/install/bumperbot_mapping/share/bumperbot_mapping/maps
[0.397s] -- Up-to-date: /bumperbot_ws/install/bumperbot_mapping/share/bumperbot_mapping/maps/small_warehouse
[0.397s] -- Up-to-date: /bumperbot_ws/install/bumperbot_mapping/share/bumperbot_mapping/maps/small_warehouse/map.pgm
[0.397s] -- Up-to-date: /bumperbot_ws/install/bumperbot_mapping/share/bumperbot_mapping/maps/small_warehouse/map.yaml
[0.397s] -- Up-to-date: /bumperbot_ws/install/bumperbot_mapping/share/bumperbot_mapping/maps/small_house
[0.397s] -- Up-to-date: /bumperbot_ws/install/bumperbot_mapping/share/bumperbot_mapping/maps/small_house/map.pgm
[0.397s] -- Up-to-date: /bumperbot_ws/install/bumperbot_mapping/share/bumperbot_mapping/maps/small_house/map.yaml
[0.397s] -- Up-to-date: /bumperbot_ws/install/bumperbot_mapping/share/bumperbot_mapping/rviz
[0.397s] -- Up-to-date: /bumperbot_ws/install/bumperbot_mapping/share/bumperbot_mapping/rviz/slam.rviz
[0.397s] -- Up-to-date: /bumperbot_ws/install/bumperbot_mapping/lib/bumperbot_mapping/mapping_with_known_poses.py
[0.397s] -- Up-to-date: /bumperbot_ws/install/bumperbot_mapping/share/ament_index/resource_index/package_run_dependencies/bumperbot_mapping
[0.397s] -- Up-to-date: /bumperbot_ws/install/bumperbot_mapping/share/ament_index/resource_index/parent_prefix_path/bumperbot_mapping
[0.397s] -- Up-to-date: /bumperbot_ws/install/bumperbot_mapping/share/bumperbot_mapping/environment/ament_prefix_path.sh
[0.397s] -- Up-to-date: /bumperbot_ws/install/bumperbot_mapping/share/bumperbot_mapping/environment/ament_prefix_path.dsv
[0.397s] -- Up-to-date: /bumperbot_ws/install/bumperbot_mapping/share/bumperbot_mapping/environment/path.sh
[0.397s] -- Up-to-date: /bumperbot_ws/install/bumperbot_mapping/share/bumperbot_mapping/environment/path.dsv
[0.397s] -- Up-to-date: /bumperbot_ws/install/bumperbot_mapping/share/bumperbot_mapping/local_setup.bash
[0.397s] -- Up-to-date: /bumperbot_ws/install/bumperbot_mapping/share/bumperbot_mapping/local_setup.sh
[0.397s] -- Up-to-date: /bumperbot_ws/install/bumperbot_mapping/share/bumperbot_mapping/local_setup.zsh
[0.397s] -- Up-to-date: /bumperbot_ws/install/bumperbot_mapping/share/bumperbot_mapping/local_setup.dsv
[0.397s] -- Installing: /bumperbot_ws/install/bumperbot_mapping/share/bumperbot_mapping/package.dsv
[0.398s] -- Up-to-date: /bumperbot_ws/install/bumperbot_mapping/share/ament_index/resource_index/packages/bumperbot_mapping
[0.398s] -- Up-to-date: /bumperbot_ws/install/bumperbot_mapping/share/bumperbot_mapping/cmake/bumperbot_mappingConfig.cmake
[0.398s] -- Up-to-date: /bumperbot_ws/install/bumperbot_mapping/share/bumperbot_mapping/cmake/bumperbot_mappingConfig-version.cmake
[0.398s] -- Up-to-date: /bumperbot_ws/install/bumperbot_mapping/share/bumperbot_mapping/package.xml
[0.431s] Invoked command in '/bumperbot_ws/build/bumperbot_mapping' returned '0': CMAKE_PREFIX_PATH=${CMAKE_PREFIX_PATH}:/opt/ros/jazzy /usr/bin/cmake --install /bumperbot_ws/build/bumperbot_mapping
