[0.065s] DEBUG:colcon:Command line arguments: ['/usr/bin/colcon', 'build']
[0.065s] DEBUG:colcon:Parsed command line arguments: Namespace(log_base=None, log_level=None, verb_name='build', build_base='build', install_base='install', merge_install=False, symlink_install=False, test_result_base=None, continue_on_error=False, executor='parallel', parallel_workers=16, event_handlers=None, ignore_user_meta=False, metas=['./colcon.meta'], base_paths=['.'], packages_ignore=None, packages_ignore_regex=None, paths=None, packages_up_to=None, packages_up_to_regex=None, packages_above=None, packages_above_and_dependencies=None, packages_above_depth=None, packages_select_by_dep=None, packages_skip_by_dep=None, packages_skip_up_to=None, packages_select_build_failed=False, packages_skip_build_finished=False, packages_select_test_failures=False, packages_skip_test_passed=False, packages_select=None, packages_skip=None, packages_select_regex=None, packages_skip_regex=None, packages_start=None, packages_end=None, cmake_args=None, cmake_target=None, cmake_target_skip_unavailable=False, cmake_clean_cache=False, cmake_clean_first=False, cmake_force_configure=False, ament_cmake_args=None, catkin_cmake_args=None, catkin_skip_building_tests=False, mixin_files=None, mixin=None, verb_parser=<colcon_mixin.mixin.mixin_argument.MixinArgumentDecorator object at 0x720896c6d1c0>, verb_extension=<colcon_core.verb.build.BuildVerb object at 0x720896db1040>, main=<bound method BuildVerb.main of <colcon_core.verb.build.BuildVerb object at 0x720896db1040>>, mixin_verb=('build',))
[0.089s] Level 1:colcon.colcon_core.package_discovery:discover_packages(colcon_meta) check parameters
[0.090s] Level 1:colcon.colcon_core.package_discovery:discover_packages(recursive) check parameters
[0.090s] Level 1:colcon.colcon_core.package_discovery:discover_packages(ignore) check parameters
[0.090s] Level 1:colcon.colcon_core.package_discovery:discover_packages(path) check parameters
[0.090s] Level 1:colcon.colcon_core.package_discovery:discover_packages(colcon_meta) discover
[0.090s] Level 1:colcon.colcon_core.package_discovery:discover_packages(recursive) discover
[0.090s] INFO:colcon.colcon_core.package_discovery:Crawling recursively for packages in '/bumperbot_ws'
[0.090s] Level 1:colcon.colcon_core.package_identification:_identify(.) by extensions ['ignore', 'ignore_ament_install']
[0.090s] Level 1:colcon.colcon_core.package_identification:_identify(.) by extension 'ignore'
[0.090s] Level 1:colcon.colcon_core.package_identification:_identify(.) by extension 'ignore_ament_install'
[0.090s] Level 1:colcon.colcon_core.package_identification:_identify(.) by extensions ['colcon_pkg']
[0.090s] Level 1:colcon.colcon_core.package_identification:_identify(.) by extension 'colcon_pkg'
[0.090s] Level 1:colcon.colcon_core.package_identification:_identify(.) by extensions ['colcon_meta']
[0.090s] Level 1:colcon.colcon_core.package_identification:_identify(.) by extension 'colcon_meta'
[0.090s] Level 1:colcon.colcon_core.package_identification:_identify(.) by extensions ['ros']
[0.090s] Level 1:colcon.colcon_core.package_identification:_identify(.) by extension 'ros'
[0.107s] Level 1:colcon.colcon_core.package_identification:_identify(.) by extensions ['cmake', 'python']
[0.107s] Level 1:colcon.colcon_core.package_identification:_identify(.) by extension 'cmake'
[0.107s] Level 1:colcon.colcon_core.package_identification:_identify(.) by extension 'python'
[0.107s] Level 1:colcon.colcon_core.package_identification:_identify(.) by extensions ['python_setup_py']
[0.107s] Level 1:colcon.colcon_core.package_identification:_identify(.) by extension 'python_setup_py'
[0.107s] Level 1:colcon.colcon_core.package_identification:_identify(build) by extensions ['ignore', 'ignore_ament_install']
[0.107s] Level 1:colcon.colcon_core.package_identification:_identify(build) by extension 'ignore'
[0.107s] Level 1:colcon.colcon_core.package_identification:_identify(build) ignored
[0.107s] Level 1:colcon.colcon_core.package_identification:_identify(install) by extensions ['ignore', 'ignore_ament_install']
[0.108s] Level 1:colcon.colcon_core.package_identification:_identify(install) by extension 'ignore'
[0.108s] Level 1:colcon.colcon_core.package_identification:_identify(install) ignored
[0.108s] Level 1:colcon.colcon_core.package_identification:_identify(log) by extensions ['ignore', 'ignore_ament_install']
[0.108s] Level 1:colcon.colcon_core.package_identification:_identify(log) by extension 'ignore'
[0.108s] Level 1:colcon.colcon_core.package_identification:_identify(log) ignored
[0.108s] Level 1:colcon.colcon_core.package_identification:_identify(src) by extensions ['ignore', 'ignore_ament_install']
[0.108s] Level 1:colcon.colcon_core.package_identification:_identify(src) by extension 'ignore'
[0.108s] Level 1:colcon.colcon_core.package_identification:_identify(src) by extension 'ignore_ament_install'
[0.108s] Level 1:colcon.colcon_core.package_identification:_identify(src) by extensions ['colcon_pkg']
[0.108s] Level 1:colcon.colcon_core.package_identification:_identify(src) by extension 'colcon_pkg'
[0.108s] Level 1:colcon.colcon_core.package_identification:_identify(src) by extensions ['colcon_meta']
[0.108s] Level 1:colcon.colcon_core.package_identification:_identify(src) by extension 'colcon_meta'
[0.108s] Level 1:colcon.colcon_core.package_identification:_identify(src) by extensions ['ros']
[0.108s] Level 1:colcon.colcon_core.package_identification:_identify(src) by extension 'ros'
[0.108s] Level 1:colcon.colcon_core.package_identification:_identify(src) by extensions ['cmake', 'python']
[0.108s] Level 1:colcon.colcon_core.package_identification:_identify(src) by extension 'cmake'
[0.108s] Level 1:colcon.colcon_core.package_identification:_identify(src) by extension 'python'
[0.108s] Level 1:colcon.colcon_core.package_identification:_identify(src) by extensions ['python_setup_py']
[0.108s] Level 1:colcon.colcon_core.package_identification:_identify(src) by extension 'python_setup_py'
[0.109s] Level 1:colcon.colcon_core.package_identification:_identify(src/bumperbot_bringup) by extensions ['ignore', 'ignore_ament_install']
[0.109s] Level 1:colcon.colcon_core.package_identification:_identify(src/bumperbot_bringup) by extension 'ignore'
[0.109s] Level 1:colcon.colcon_core.package_identification:_identify(src/bumperbot_bringup) by extension 'ignore_ament_install'
[0.109s] Level 1:colcon.colcon_core.package_identification:_identify(src/bumperbot_bringup) by extensions ['colcon_pkg']
[0.109s] Level 1:colcon.colcon_core.package_identification:_identify(src/bumperbot_bringup) by extension 'colcon_pkg'
[0.109s] Level 1:colcon.colcon_core.package_identification:_identify(src/bumperbot_bringup) by extensions ['colcon_meta']
[0.109s] Level 1:colcon.colcon_core.package_identification:_identify(src/bumperbot_bringup) by extension 'colcon_meta'
[0.109s] Level 1:colcon.colcon_core.package_identification:_identify(src/bumperbot_bringup) by extensions ['ros']
[0.109s] Level 1:colcon.colcon_core.package_identification:_identify(src/bumperbot_bringup) by extension 'ros'
[0.110s] DEBUG:colcon.colcon_core.package_identification:Package 'src/bumperbot_bringup' with type 'ros.ament_cmake' and name 'bumperbot_bringup'
[0.110s] Level 1:colcon.colcon_core.package_identification:_identify(src/bumperbot_controller) by extensions ['ignore', 'ignore_ament_install']
[0.110s] Level 1:colcon.colcon_core.package_identification:_identify(src/bumperbot_controller) by extension 'ignore'
[0.110s] Level 1:colcon.colcon_core.package_identification:_identify(src/bumperbot_controller) by extension 'ignore_ament_install'
[0.110s] Level 1:colcon.colcon_core.package_identification:_identify(src/bumperbot_controller) by extensions ['colcon_pkg']
[0.111s] Level 1:colcon.colcon_core.package_identification:_identify(src/bumperbot_controller) by extension 'colcon_pkg'
[0.111s] Level 1:colcon.colcon_core.package_identification:_identify(src/bumperbot_controller) by extensions ['colcon_meta']
[0.111s] Level 1:colcon.colcon_core.package_identification:_identify(src/bumperbot_controller) by extension 'colcon_meta'
[0.111s] Level 1:colcon.colcon_core.package_identification:_identify(src/bumperbot_controller) by extensions ['ros']
[0.111s] Level 1:colcon.colcon_core.package_identification:_identify(src/bumperbot_controller) by extension 'ros'
[0.111s] DEBUG:colcon.colcon_core.package_identification:Package 'src/bumperbot_controller' with type 'ros.ament_cmake' and name 'bumperbot_controller'
[0.111s] Level 1:colcon.colcon_core.package_identification:_identify(src/bumperbot_cpp_examples) by extensions ['ignore', 'ignore_ament_install']
[0.111s] Level 1:colcon.colcon_core.package_identification:_identify(src/bumperbot_cpp_examples) by extension 'ignore'
[0.111s] Level 1:colcon.colcon_core.package_identification:_identify(src/bumperbot_cpp_examples) by extension 'ignore_ament_install'
[0.111s] Level 1:colcon.colcon_core.package_identification:_identify(src/bumperbot_cpp_examples) by extensions ['colcon_pkg']
[0.111s] Level 1:colcon.colcon_core.package_identification:_identify(src/bumperbot_cpp_examples) by extension 'colcon_pkg'
[0.111s] Level 1:colcon.colcon_core.package_identification:_identify(src/bumperbot_cpp_examples) by extensions ['colcon_meta']
[0.111s] Level 1:colcon.colcon_core.package_identification:_identify(src/bumperbot_cpp_examples) by extension 'colcon_meta'
[0.112s] Level 1:colcon.colcon_core.package_identification:_identify(src/bumperbot_cpp_examples) by extensions ['ros']
[0.112s] Level 1:colcon.colcon_core.package_identification:_identify(src/bumperbot_cpp_examples) by extension 'ros'
[0.112s] Level 1:colcon.colcon_core.package_identification:_identify(src/bumperbot_cpp_examples) by extensions ['cmake', 'python']
[0.112s] Level 1:colcon.colcon_core.package_identification:_identify(src/bumperbot_cpp_examples) by extension 'cmake'
[0.112s] Level 1:colcon.colcon_core.package_identification:_identify(src/bumperbot_cpp_examples) by extension 'python'
[0.112s] Level 1:colcon.colcon_core.package_identification:_identify(src/bumperbot_cpp_examples) by extensions ['python_setup_py']
[0.112s] Level 1:colcon.colcon_core.package_identification:_identify(src/bumperbot_cpp_examples) by extension 'python_setup_py'
[0.112s] Level 1:colcon.colcon_core.package_identification:_identify(src/bumperbot_cpp_examples/include) by extensions ['ignore', 'ignore_ament_install']
[0.112s] Level 1:colcon.colcon_core.package_identification:_identify(src/bumperbot_cpp_examples/include) by extension 'ignore'
[0.112s] Level 1:colcon.colcon_core.package_identification:_identify(src/bumperbot_cpp_examples/include) by extension 'ignore_ament_install'
[0.112s] Level 1:colcon.colcon_core.package_identification:_identify(src/bumperbot_cpp_examples/include) by extensions ['colcon_pkg']
[0.112s] Level 1:colcon.colcon_core.package_identification:_identify(src/bumperbot_cpp_examples/include) by extension 'colcon_pkg'
[0.112s] Level 1:colcon.colcon_core.package_identification:_identify(src/bumperbot_cpp_examples/include) by extensions ['colcon_meta']
[0.112s] Level 1:colcon.colcon_core.package_identification:_identify(src/bumperbot_cpp_examples/include) by extension 'colcon_meta'
[0.112s] Level 1:colcon.colcon_core.package_identification:_identify(src/bumperbot_cpp_examples/include) by extensions ['ros']
[0.112s] Level 1:colcon.colcon_core.package_identification:_identify(src/bumperbot_cpp_examples/include) by extension 'ros'
[0.112s] Level 1:colcon.colcon_core.package_identification:_identify(src/bumperbot_cpp_examples/include) by extensions ['cmake', 'python']
[0.112s] Level 1:colcon.colcon_core.package_identification:_identify(src/bumperbot_cpp_examples/include) by extension 'cmake'
[0.112s] Level 1:colcon.colcon_core.package_identification:_identify(src/bumperbot_cpp_examples/include) by extension 'python'
[0.112s] Level 1:colcon.colcon_core.package_identification:_identify(src/bumperbot_cpp_examples/include) by extensions ['python_setup_py']
[0.112s] Level 1:colcon.colcon_core.package_identification:_identify(src/bumperbot_cpp_examples/include) by extension 'python_setup_py'
[0.112s] Level 1:colcon.colcon_core.package_identification:_identify(src/bumperbot_cpp_examples/include/bumperbot_cpp_examples) by extensions ['ignore', 'ignore_ament_install']
[0.112s] Level 1:colcon.colcon_core.package_identification:_identify(src/bumperbot_cpp_examples/include/bumperbot_cpp_examples) by extension 'ignore'
[0.112s] Level 1:colcon.colcon_core.package_identification:_identify(src/bumperbot_cpp_examples/include/bumperbot_cpp_examples) by extension 'ignore_ament_install'
[0.112s] Level 1:colcon.colcon_core.package_identification:_identify(src/bumperbot_cpp_examples/include/bumperbot_cpp_examples) by extensions ['colcon_pkg']
[0.112s] Level 1:colcon.colcon_core.package_identification:_identify(src/bumperbot_cpp_examples/include/bumperbot_cpp_examples) by extension 'colcon_pkg'
[0.112s] Level 1:colcon.colcon_core.package_identification:_identify(src/bumperbot_cpp_examples/include/bumperbot_cpp_examples) by extensions ['colcon_meta']
[0.112s] Level 1:colcon.colcon_core.package_identification:_identify(src/bumperbot_cpp_examples/include/bumperbot_cpp_examples) by extension 'colcon_meta'
[0.112s] Level 1:colcon.colcon_core.package_identification:_identify(src/bumperbot_cpp_examples/include/bumperbot_cpp_examples) by extensions ['ros']
[0.112s] Level 1:colcon.colcon_core.package_identification:_identify(src/bumperbot_cpp_examples/include/bumperbot_cpp_examples) by extension 'ros'
[0.112s] Level 1:colcon.colcon_core.package_identification:_identify(src/bumperbot_cpp_examples/include/bumperbot_cpp_examples) by extensions ['cmake', 'python']
[0.112s] Level 1:colcon.colcon_core.package_identification:_identify(src/bumperbot_cpp_examples/include/bumperbot_cpp_examples) by extension 'cmake'
[0.112s] Level 1:colcon.colcon_core.package_identification:_identify(src/bumperbot_cpp_examples/include/bumperbot_cpp_examples) by extension 'python'
[0.112s] Level 1:colcon.colcon_core.package_identification:_identify(src/bumperbot_cpp_examples/include/bumperbot_cpp_examples) by extensions ['python_setup_py']
[0.112s] Level 1:colcon.colcon_core.package_identification:_identify(src/bumperbot_cpp_examples/include/bumperbot_cpp_examples) by extension 'python_setup_py'
[0.113s] Level 1:colcon.colcon_core.package_identification:_identify(src/bumperbot_description) by extensions ['ignore', 'ignore_ament_install']
[0.113s] Level 1:colcon.colcon_core.package_identification:_identify(src/bumperbot_description) by extension 'ignore'
[0.113s] Level 1:colcon.colcon_core.package_identification:_identify(src/bumperbot_description) by extension 'ignore_ament_install'
[0.113s] Level 1:colcon.colcon_core.package_identification:_identify(src/bumperbot_description) by extensions ['colcon_pkg']
[0.113s] Level 1:colcon.colcon_core.package_identification:_identify(src/bumperbot_description) by extension 'colcon_pkg'
[0.113s] Level 1:colcon.colcon_core.package_identification:_identify(src/bumperbot_description) by extensions ['colcon_meta']
[0.113s] Level 1:colcon.colcon_core.package_identification:_identify(src/bumperbot_description) by extension 'colcon_meta'
[0.113s] Level 1:colcon.colcon_core.package_identification:_identify(src/bumperbot_description) by extensions ['ros']
[0.113s] Level 1:colcon.colcon_core.package_identification:_identify(src/bumperbot_description) by extension 'ros'
[0.115s] DEBUG:colcon.colcon_core.package_identification:Package 'src/bumperbot_description' with type 'ros.ament_cmake' and name 'bumperbot_description'
[0.115s] Level 1:colcon.colcon_core.package_identification:_identify(src/bumperbot_localization) by extensions ['ignore', 'ignore_ament_install']
[0.115s] Level 1:colcon.colcon_core.package_identification:_identify(src/bumperbot_localization) by extension 'ignore'
[0.115s] Level 1:colcon.colcon_core.package_identification:_identify(src/bumperbot_localization) by extension 'ignore_ament_install'
[0.115s] Level 1:colcon.colcon_core.package_identification:_identify(src/bumperbot_localization) by extensions ['colcon_pkg']
[0.115s] Level 1:colcon.colcon_core.package_identification:_identify(src/bumperbot_localization) by extension 'colcon_pkg'
[0.115s] Level 1:colcon.colcon_core.package_identification:_identify(src/bumperbot_localization) by extensions ['colcon_meta']
[0.115s] Level 1:colcon.colcon_core.package_identification:_identify(src/bumperbot_localization) by extension 'colcon_meta'
[0.115s] Level 1:colcon.colcon_core.package_identification:_identify(src/bumperbot_localization) by extensions ['ros']
[0.115s] Level 1:colcon.colcon_core.package_identification:_identify(src/bumperbot_localization) by extension 'ros'
[0.115s] DEBUG:colcon.colcon_core.package_identification:Package 'src/bumperbot_localization' with type 'ros.ament_cmake' and name 'bumperbot_localization'
[0.115s] Level 1:colcon.colcon_core.package_identification:_identify(src/bumperbot_mapping) by extensions ['ignore', 'ignore_ament_install']
[0.115s] Level 1:colcon.colcon_core.package_identification:_identify(src/bumperbot_mapping) by extension 'ignore'
[0.115s] Level 1:colcon.colcon_core.package_identification:_identify(src/bumperbot_mapping) by extension 'ignore_ament_install'
[0.116s] Level 1:colcon.colcon_core.package_identification:_identify(src/bumperbot_mapping) by extensions ['colcon_pkg']
[0.116s] Level 1:colcon.colcon_core.package_identification:_identify(src/bumperbot_mapping) by extension 'colcon_pkg'
[0.116s] Level 1:colcon.colcon_core.package_identification:_identify(src/bumperbot_mapping) by extensions ['colcon_meta']
[0.116s] Level 1:colcon.colcon_core.package_identification:_identify(src/bumperbot_mapping) by extension 'colcon_meta'
[0.116s] Level 1:colcon.colcon_core.package_identification:_identify(src/bumperbot_mapping) by extensions ['ros']
[0.116s] Level 1:colcon.colcon_core.package_identification:_identify(src/bumperbot_mapping) by extension 'ros'
[0.116s] DEBUG:colcon.colcon_core.package_identification:Package 'src/bumperbot_mapping' with type 'ros.ament_cmake' and name 'bumperbot_mapping'
[0.116s] Level 1:colcon.colcon_core.package_identification:_identify(src/bumperbot_planning) by extensions ['ignore', 'ignore_ament_install']
[0.116s] Level 1:colcon.colcon_core.package_identification:_identify(src/bumperbot_planning) by extension 'ignore'
[0.116s] Level 1:colcon.colcon_core.package_identification:_identify(src/bumperbot_planning) by extension 'ignore_ament_install'
[0.116s] Level 1:colcon.colcon_core.package_identification:_identify(src/bumperbot_planning) by extensions ['colcon_pkg']
[0.116s] Level 1:colcon.colcon_core.package_identification:_identify(src/bumperbot_planning) by extension 'colcon_pkg'
[0.116s] Level 1:colcon.colcon_core.package_identification:_identify(src/bumperbot_planning) by extensions ['colcon_meta']
[0.116s] Level 1:colcon.colcon_core.package_identification:_identify(src/bumperbot_planning) by extension 'colcon_meta'
[0.116s] Level 1:colcon.colcon_core.package_identification:_identify(src/bumperbot_planning) by extensions ['ros']
[0.116s] Level 1:colcon.colcon_core.package_identification:_identify(src/bumperbot_planning) by extension 'ros'
[0.117s] DEBUG:colcon.colcon_core.package_identification:Package 'src/bumperbot_planning' with type 'ros.ament_cmake' and name 'bumperbot_planning'
[0.117s] Level 1:colcon.colcon_core.package_discovery:discover_packages(recursive) using defaults
[0.117s] Level 1:colcon.colcon_core.package_discovery:discover_packages(ignore) discover
[0.117s] Level 1:colcon.colcon_core.package_discovery:discover_packages(ignore) using defaults
[0.117s] Level 1:colcon.colcon_core.package_discovery:discover_packages(path) discover
[0.117s] Level 1:colcon.colcon_core.package_discovery:discover_packages(path) using defaults
[0.129s] Level 5:colcon.colcon_core.verb:set package 'bumperbot_controller' build argument 'cmake_args' from command line to 'None'
[0.129s] Level 5:colcon.colcon_core.verb:set package 'bumperbot_controller' build argument 'cmake_target' from command line to 'None'
[0.129s] Level 5:colcon.colcon_core.verb:set package 'bumperbot_controller' build argument 'cmake_target_skip_unavailable' from command line to 'False'
[0.129s] Level 5:colcon.colcon_core.verb:set package 'bumperbot_controller' build argument 'cmake_clean_cache' from command line to 'False'
[0.129s] Level 5:colcon.colcon_core.verb:set package 'bumperbot_controller' build argument 'cmake_clean_first' from command line to 'False'
[0.129s] Level 5:colcon.colcon_core.verb:set package 'bumperbot_controller' build argument 'cmake_force_configure' from command line to 'False'
[0.129s] Level 5:colcon.colcon_core.verb:set package 'bumperbot_controller' build argument 'ament_cmake_args' from command line to 'None'
[0.129s] Level 5:colcon.colcon_core.verb:set package 'bumperbot_controller' build argument 'catkin_cmake_args' from command line to 'None'
[0.129s] Level 5:colcon.colcon_core.verb:set package 'bumperbot_controller' build argument 'catkin_skip_building_tests' from command line to 'False'
[0.129s] DEBUG:colcon.colcon_core.verb:Building package 'bumperbot_controller' with the following arguments: {'ament_cmake_args': None, 'build_base': '/bumperbot_ws/build/bumperbot_controller', 'catkin_cmake_args': None, 'catkin_skip_building_tests': False, 'cmake_args': None, 'cmake_clean_cache': False, 'cmake_clean_first': False, 'cmake_force_configure': False, 'cmake_target': None, 'cmake_target_skip_unavailable': False, 'install_base': '/bumperbot_ws/install/bumperbot_controller', 'merge_install': False, 'path': '/bumperbot_ws/src/bumperbot_controller', 'symlink_install': False, 'test_result_base': None}
[0.130s] Level 5:colcon.colcon_core.verb:set package 'bumperbot_description' build argument 'cmake_args' from command line to 'None'
[0.130s] Level 5:colcon.colcon_core.verb:set package 'bumperbot_description' build argument 'cmake_target' from command line to 'None'
[0.130s] Level 5:colcon.colcon_core.verb:set package 'bumperbot_description' build argument 'cmake_target_skip_unavailable' from command line to 'False'
[0.130s] Level 5:colcon.colcon_core.verb:set package 'bumperbot_description' build argument 'cmake_clean_cache' from command line to 'False'
[0.130s] Level 5:colcon.colcon_core.verb:set package 'bumperbot_description' build argument 'cmake_clean_first' from command line to 'False'
[0.130s] Level 5:colcon.colcon_core.verb:set package 'bumperbot_description' build argument 'cmake_force_configure' from command line to 'False'
[0.130s] Level 5:colcon.colcon_core.verb:set package 'bumperbot_description' build argument 'ament_cmake_args' from command line to 'None'
[0.130s] Level 5:colcon.colcon_core.verb:set package 'bumperbot_description' build argument 'catkin_cmake_args' from command line to 'None'
[0.130s] Level 5:colcon.colcon_core.verb:set package 'bumperbot_description' build argument 'catkin_skip_building_tests' from command line to 'False'
[0.130s] DEBUG:colcon.colcon_core.verb:Building package 'bumperbot_description' with the following arguments: {'ament_cmake_args': None, 'build_base': '/bumperbot_ws/build/bumperbot_description', 'catkin_cmake_args': None, 'catkin_skip_building_tests': False, 'cmake_args': None, 'cmake_clean_cache': False, 'cmake_clean_first': False, 'cmake_force_configure': False, 'cmake_target': None, 'cmake_target_skip_unavailable': False, 'install_base': '/bumperbot_ws/install/bumperbot_description', 'merge_install': False, 'path': '/bumperbot_ws/src/bumperbot_description', 'symlink_install': False, 'test_result_base': None}
[0.130s] Level 5:colcon.colcon_core.verb:set package 'bumperbot_localization' build argument 'cmake_args' from command line to 'None'
[0.130s] Level 5:colcon.colcon_core.verb:set package 'bumperbot_localization' build argument 'cmake_target' from command line to 'None'
[0.130s] Level 5:colcon.colcon_core.verb:set package 'bumperbot_localization' build argument 'cmake_target_skip_unavailable' from command line to 'False'
[0.130s] Level 5:colcon.colcon_core.verb:set package 'bumperbot_localization' build argument 'cmake_clean_cache' from command line to 'False'
[0.130s] Level 5:colcon.colcon_core.verb:set package 'bumperbot_localization' build argument 'cmake_clean_first' from command line to 'False'
[0.130s] Level 5:colcon.colcon_core.verb:set package 'bumperbot_localization' build argument 'cmake_force_configure' from command line to 'False'
[0.130s] Level 5:colcon.colcon_core.verb:set package 'bumperbot_localization' build argument 'ament_cmake_args' from command line to 'None'
[0.130s] Level 5:colcon.colcon_core.verb:set package 'bumperbot_localization' build argument 'catkin_cmake_args' from command line to 'None'
[0.130s] Level 5:colcon.colcon_core.verb:set package 'bumperbot_localization' build argument 'catkin_skip_building_tests' from command line to 'False'
[0.130s] DEBUG:colcon.colcon_core.verb:Building package 'bumperbot_localization' with the following arguments: {'ament_cmake_args': None, 'build_base': '/bumperbot_ws/build/bumperbot_localization', 'catkin_cmake_args': None, 'catkin_skip_building_tests': False, 'cmake_args': None, 'cmake_clean_cache': False, 'cmake_clean_first': False, 'cmake_force_configure': False, 'cmake_target': None, 'cmake_target_skip_unavailable': False, 'install_base': '/bumperbot_ws/install/bumperbot_localization', 'merge_install': False, 'path': '/bumperbot_ws/src/bumperbot_localization', 'symlink_install': False, 'test_result_base': None}
[0.130s] Level 5:colcon.colcon_core.verb:set package 'bumperbot_mapping' build argument 'cmake_args' from command line to 'None'
[0.130s] Level 5:colcon.colcon_core.verb:set package 'bumperbot_mapping' build argument 'cmake_target' from command line to 'None'
[0.130s] Level 5:colcon.colcon_core.verb:set package 'bumperbot_mapping' build argument 'cmake_target_skip_unavailable' from command line to 'False'
[0.130s] Level 5:colcon.colcon_core.verb:set package 'bumperbot_mapping' build argument 'cmake_clean_cache' from command line to 'False'
[0.130s] Level 5:colcon.colcon_core.verb:set package 'bumperbot_mapping' build argument 'cmake_clean_first' from command line to 'False'
[0.130s] Level 5:colcon.colcon_core.verb:set package 'bumperbot_mapping' build argument 'cmake_force_configure' from command line to 'False'
[0.130s] Level 5:colcon.colcon_core.verb:set package 'bumperbot_mapping' build argument 'ament_cmake_args' from command line to 'None'
[0.130s] Level 5:colcon.colcon_core.verb:set package 'bumperbot_mapping' build argument 'catkin_cmake_args' from command line to 'None'
[0.130s] Level 5:colcon.colcon_core.verb:set package 'bumperbot_mapping' build argument 'catkin_skip_building_tests' from command line to 'False'
[0.130s] DEBUG:colcon.colcon_core.verb:Building package 'bumperbot_mapping' with the following arguments: {'ament_cmake_args': None, 'build_base': '/bumperbot_ws/build/bumperbot_mapping', 'catkin_cmake_args': None, 'catkin_skip_building_tests': False, 'cmake_args': None, 'cmake_clean_cache': False, 'cmake_clean_first': False, 'cmake_force_configure': False, 'cmake_target': None, 'cmake_target_skip_unavailable': False, 'install_base': '/bumperbot_ws/install/bumperbot_mapping', 'merge_install': False, 'path': '/bumperbot_ws/src/bumperbot_mapping', 'symlink_install': False, 'test_result_base': None}
[0.130s] Level 5:colcon.colcon_core.verb:set package 'bumperbot_planning' build argument 'cmake_args' from command line to 'None'
[0.130s] Level 5:colcon.colcon_core.verb:set package 'bumperbot_planning' build argument 'cmake_target' from command line to 'None'
[0.130s] Level 5:colcon.colcon_core.verb:set package 'bumperbot_planning' build argument 'cmake_target_skip_unavailable' from command line to 'False'
[0.130s] Level 5:colcon.colcon_core.verb:set package 'bumperbot_planning' build argument 'cmake_clean_cache' from command line to 'False'
[0.130s] Level 5:colcon.colcon_core.verb:set package 'bumperbot_planning' build argument 'cmake_clean_first' from command line to 'False'
[0.130s] Level 5:colcon.colcon_core.verb:set package 'bumperbot_planning' build argument 'cmake_force_configure' from command line to 'False'
[0.130s] Level 5:colcon.colcon_core.verb:set package 'bumperbot_planning' build argument 'ament_cmake_args' from command line to 'None'
[0.130s] Level 5:colcon.colcon_core.verb:set package 'bumperbot_planning' build argument 'catkin_cmake_args' from command line to 'None'
[0.130s] Level 5:colcon.colcon_core.verb:set package 'bumperbot_planning' build argument 'catkin_skip_building_tests' from command line to 'False'
[0.130s] DEBUG:colcon.colcon_core.verb:Building package 'bumperbot_planning' with the following arguments: {'ament_cmake_args': None, 'build_base': '/bumperbot_ws/build/bumperbot_planning', 'catkin_cmake_args': None, 'catkin_skip_building_tests': False, 'cmake_args': None, 'cmake_clean_cache': False, 'cmake_clean_first': False, 'cmake_force_configure': False, 'cmake_target': None, 'cmake_target_skip_unavailable': False, 'install_base': '/bumperbot_ws/install/bumperbot_planning', 'merge_install': False, 'path': '/bumperbot_ws/src/bumperbot_planning', 'symlink_install': False, 'test_result_base': None}
[0.131s] Level 5:colcon.colcon_core.verb:set package 'bumperbot_bringup' build argument 'cmake_args' from command line to 'None'
[0.131s] Level 5:colcon.colcon_core.verb:set package 'bumperbot_bringup' build argument 'cmake_target' from command line to 'None'
[0.131s] Level 5:colcon.colcon_core.verb:set package 'bumperbot_bringup' build argument 'cmake_target_skip_unavailable' from command line to 'False'
[0.131s] Level 5:colcon.colcon_core.verb:set package 'bumperbot_bringup' build argument 'cmake_clean_cache' from command line to 'False'
[0.131s] Level 5:colcon.colcon_core.verb:set package 'bumperbot_bringup' build argument 'cmake_clean_first' from command line to 'False'
[0.131s] Level 5:colcon.colcon_core.verb:set package 'bumperbot_bringup' build argument 'cmake_force_configure' from command line to 'False'
[0.131s] Level 5:colcon.colcon_core.verb:set package 'bumperbot_bringup' build argument 'ament_cmake_args' from command line to 'None'
[0.131s] Level 5:colcon.colcon_core.verb:set package 'bumperbot_bringup' build argument 'catkin_cmake_args' from command line to 'None'
[0.131s] Level 5:colcon.colcon_core.verb:set package 'bumperbot_bringup' build argument 'catkin_skip_building_tests' from command line to 'False'
[0.131s] DEBUG:colcon.colcon_core.verb:Building package 'bumperbot_bringup' with the following arguments: {'ament_cmake_args': None, 'build_base': '/bumperbot_ws/build/bumperbot_bringup', 'catkin_cmake_args': None, 'catkin_skip_building_tests': False, 'cmake_args': None, 'cmake_clean_cache': False, 'cmake_clean_first': False, 'cmake_force_configure': False, 'cmake_target': None, 'cmake_target_skip_unavailable': False, 'install_base': '/bumperbot_ws/install/bumperbot_bringup', 'merge_install': False, 'path': '/bumperbot_ws/src/bumperbot_bringup', 'symlink_install': False, 'test_result_base': None}
[0.131s] INFO:colcon.colcon_core.executor:Executing jobs using 'parallel' executor
[0.131s] DEBUG:colcon.colcon_parallel_executor.executor.parallel:run_until_complete
[0.131s] INFO:colcon.colcon_ros.task.ament_cmake.build:Building ROS package in '/bumperbot_ws/src/bumperbot_controller' with build type 'ament_cmake'
[0.132s] INFO:colcon.colcon_cmake.task.cmake.build:Building CMake package in '/bumperbot_ws/src/bumperbot_controller'
[0.133s] INFO:colcon.colcon_core.plugin_system:Skipping extension 'colcon_core.shell.bat': Not used on non-Windows systems
[0.133s] INFO:colcon.colcon_core.shell:Skip shell extension 'powershell' for command environment: Not usable outside of PowerShell
[0.133s] DEBUG:colcon.colcon_core.shell:Skip shell extension 'dsv' for command environment
[0.136s] INFO:colcon.colcon_ros.task.ament_cmake.build:Building ROS package in '/bumperbot_ws/src/bumperbot_description' with build type 'ament_cmake'
[0.136s] INFO:colcon.colcon_cmake.task.cmake.build:Building CMake package in '/bumperbot_ws/src/bumperbot_description'
[0.136s] INFO:colcon.colcon_core.shell:Skip shell extension 'powershell' for command environment: Not usable outside of PowerShell
[0.136s] DEBUG:colcon.colcon_core.shell:Skip shell extension 'dsv' for command environment
[0.139s] INFO:colcon.colcon_ros.task.ament_cmake.build:Building ROS package in '/bumperbot_ws/src/bumperbot_localization' with build type 'ament_cmake'
[0.140s] INFO:colcon.colcon_cmake.task.cmake.build:Building CMake package in '/bumperbot_ws/src/bumperbot_localization'
[0.140s] INFO:colcon.colcon_core.shell:Skip shell extension 'powershell' for command environment: Not usable outside of PowerShell
[0.140s] DEBUG:colcon.colcon_core.shell:Skip shell extension 'dsv' for command environment
[0.142s] INFO:colcon.colcon_ros.task.ament_cmake.build:Building ROS package in '/bumperbot_ws/src/bumperbot_mapping' with build type 'ament_cmake'
[0.142s] INFO:colcon.colcon_cmake.task.cmake.build:Building CMake package in '/bumperbot_ws/src/bumperbot_mapping'
[0.142s] INFO:colcon.colcon_core.shell:Skip shell extension 'powershell' for command environment: Not usable outside of PowerShell
[0.142s] DEBUG:colcon.colcon_core.shell:Skip shell extension 'dsv' for command environment
[0.144s] INFO:colcon.colcon_ros.task.ament_cmake.build:Building ROS package in '/bumperbot_ws/src/bumperbot_planning' with build type 'ament_cmake'
[0.145s] INFO:colcon.colcon_cmake.task.cmake.build:Building CMake package in '/bumperbot_ws/src/bumperbot_planning'
[0.145s] INFO:colcon.colcon_core.shell:Skip shell extension 'powershell' for command environment: Not usable outside of PowerShell
[0.145s] DEBUG:colcon.colcon_core.shell:Skip shell extension 'dsv' for command environment
[0.150s] DEBUG:colcon.colcon_core.event_handler.log_command:Invoking command in '/bumperbot_ws/build/bumperbot_controller': CMAKE_PREFIX_PATH=${CMAKE_PREFIX_PATH}:/opt/ros/jazzy /usr/bin/cmake --build /bumperbot_ws/build/bumperbot_controller -- -j16 -l16
[0.152s] DEBUG:colcon.colcon_core.event_handler.log_command:Invoking command in '/bumperbot_ws/build/bumperbot_description': CMAKE_PREFIX_PATH=${CMAKE_PREFIX_PATH}:/opt/ros/jazzy /usr/bin/cmake --build /bumperbot_ws/build/bumperbot_description -- -j16 -l16
[0.153s] DEBUG:colcon.colcon_core.event_handler.log_command:Invoking command in '/bumperbot_ws/build/bumperbot_localization': CMAKE_PREFIX_PATH=${CMAKE_PREFIX_PATH}:/opt/ros/jazzy /usr/bin/cmake --build /bumperbot_ws/build/bumperbot_localization -- -j16 -l16
[0.154s] DEBUG:colcon.colcon_core.event_handler.log_command:Invoking command in '/bumperbot_ws/build/bumperbot_mapping': CMAKE_PREFIX_PATH=${CMAKE_PREFIX_PATH}:/opt/ros/jazzy /usr/bin/cmake --build /bumperbot_ws/build/bumperbot_mapping -- -j16 -l16
[0.158s] DEBUG:colcon.colcon_core.event_handler.log_command:Invoking command in '/bumperbot_ws/build/bumperbot_planning': CMAKE_PREFIX_PATH=${CMAKE_PREFIX_PATH}:/opt/ros/jazzy /usr/bin/cmake --build /bumperbot_ws/build/bumperbot_planning -- -j16 -l16
[0.182s] DEBUG:colcon.colcon_core.event_handler.log_command:Invoked command in '/bumperbot_ws/build/bumperbot_description' returned '0': CMAKE_PREFIX_PATH=${CMAKE_PREFIX_PATH}:/opt/ros/jazzy /usr/bin/cmake --build /bumperbot_ws/build/bumperbot_description -- -j16 -l16
[0.192s] DEBUG:colcon.colcon_core.event_handler.log_command:Invoking command in '/bumperbot_ws/build/bumperbot_description': CMAKE_PREFIX_PATH=${CMAKE_PREFIX_PATH}:/opt/ros/jazzy /usr/bin/cmake --install /bumperbot_ws/build/bumperbot_description
[0.215s] Level 1:colcon.colcon_core.environment:create_environment_scripts_only(bumperbot_description)
[0.230s] Level 1:colcon.colcon_core.environment:checking '/bumperbot_ws/install/bumperbot_description' for CMake module files
[0.232s] Level 1:colcon.colcon_core.environment:checking '/bumperbot_ws/install/bumperbot_description' for CMake config files
[0.241s] Level 1:colcon.colcon_core.shell:create_environment_hook('bumperbot_description', 'cmake_prefix_path')
[0.242s] INFO:colcon.colcon_core.shell:Creating environment hook '/bumperbot_ws/install/bumperbot_description/share/bumperbot_description/hook/cmake_prefix_path.ps1'
[0.243s] INFO:colcon.colcon_core.shell:Creating environment descriptor '/bumperbot_ws/install/bumperbot_description/share/bumperbot_description/hook/cmake_prefix_path.dsv'
[0.245s] INFO:colcon.colcon_core.shell:Creating environment hook '/bumperbot_ws/install/bumperbot_description/share/bumperbot_description/hook/cmake_prefix_path.sh'
[0.248s] Level 1:colcon.colcon_core.environment:checking '/bumperbot_ws/install/bumperbot_description/bin'
[0.248s] Level 1:colcon.colcon_core.environment:checking '/bumperbot_ws/install/bumperbot_description/lib/pkgconfig/bumperbot_description.pc'
[0.251s] Level 1:colcon.colcon_core.environment:checking '/bumperbot_ws/install/bumperbot_description/lib/python3.12/site-packages'
[0.251s] Level 1:colcon.colcon_core.environment:checking '/bumperbot_ws/install/bumperbot_description/bin'
[0.251s] INFO:colcon.colcon_core.shell:Creating package script '/bumperbot_ws/install/bumperbot_description/share/bumperbot_description/package.ps1'
[0.253s] INFO:colcon.colcon_core.shell:Creating package descriptor '/bumperbot_ws/install/bumperbot_description/share/bumperbot_description/package.dsv'
[0.255s] INFO:colcon.colcon_core.shell:Creating package script '/bumperbot_ws/install/bumperbot_description/share/bumperbot_description/package.sh'
[0.258s] INFO:colcon.colcon_core.shell:Creating package script '/bumperbot_ws/install/bumperbot_description/share/bumperbot_description/package.bash'
[0.260s] DEBUG:colcon.colcon_core.event_handler.log_command:Invoked command in '/bumperbot_ws/build/bumperbot_description' returned '0': CMAKE_PREFIX_PATH=${CMAKE_PREFIX_PATH}:/opt/ros/jazzy /usr/bin/cmake --install /bumperbot_ws/build/bumperbot_description
[0.260s] INFO:colcon.colcon_core.shell:Creating package script '/bumperbot_ws/install/bumperbot_description/share/bumperbot_description/package.zsh'
[0.260s] Level 1:colcon.colcon_core.environment:create_file_with_runtime_dependencies(/bumperbot_ws/install/bumperbot_description/share/colcon-core/packages/bumperbot_description)
[0.261s] Level 1:colcon.colcon_core.environment:create_environment_scripts_only(bumperbot_description)
[0.261s] Level 1:colcon.colcon_core.environment:checking '/bumperbot_ws/install/bumperbot_description' for CMake module files
[0.261s] Level 1:colcon.colcon_core.environment:checking '/bumperbot_ws/install/bumperbot_description' for CMake config files
[0.262s] Level 1:colcon.colcon_core.shell:create_environment_hook('bumperbot_description', 'cmake_prefix_path')
[0.262s] INFO:colcon.colcon_core.shell:Creating environment hook '/bumperbot_ws/install/bumperbot_description/share/bumperbot_description/hook/cmake_prefix_path.ps1'
[0.262s] INFO:colcon.colcon_core.shell:Creating environment descriptor '/bumperbot_ws/install/bumperbot_description/share/bumperbot_description/hook/cmake_prefix_path.dsv'
[0.262s] INFO:colcon.colcon_core.shell:Creating environment hook '/bumperbot_ws/install/bumperbot_description/share/bumperbot_description/hook/cmake_prefix_path.sh'
[0.263s] Level 1:colcon.colcon_core.environment:checking '/bumperbot_ws/install/bumperbot_description/bin'
[0.263s] Level 1:colcon.colcon_core.environment:checking '/bumperbot_ws/install/bumperbot_description/lib/pkgconfig/bumperbot_description.pc'
[0.263s] Level 1:colcon.colcon_core.environment:checking '/bumperbot_ws/install/bumperbot_description/lib/python3.12/site-packages'
[0.263s] Level 1:colcon.colcon_core.environment:checking '/bumperbot_ws/install/bumperbot_description/bin'
[0.264s] INFO:colcon.colcon_core.shell:Creating package script '/bumperbot_ws/install/bumperbot_description/share/bumperbot_description/package.ps1'
[0.265s] INFO:colcon.colcon_core.shell:Creating package descriptor '/bumperbot_ws/install/bumperbot_description/share/bumperbot_description/package.dsv'
[0.265s] INFO:colcon.colcon_core.shell:Creating package script '/bumperbot_ws/install/bumperbot_description/share/bumperbot_description/package.sh'
[0.265s] INFO:colcon.colcon_core.shell:Creating package script '/bumperbot_ws/install/bumperbot_description/share/bumperbot_description/package.bash'
[0.266s] INFO:colcon.colcon_core.shell:Creating package script '/bumperbot_ws/install/bumperbot_description/share/bumperbot_description/package.zsh'
[0.266s] Level 1:colcon.colcon_core.environment:create_file_with_runtime_dependencies(/bumperbot_ws/install/bumperbot_description/share/colcon-core/packages/bumperbot_description)
[0.267s] DEBUG:colcon.colcon_core.event_handler.log_command:Invoked command in '/bumperbot_ws/build/bumperbot_planning' returned '0': CMAKE_PREFIX_PATH=${CMAKE_PREFIX_PATH}:/opt/ros/jazzy /usr/bin/cmake --build /bumperbot_ws/build/bumperbot_planning -- -j16 -l16
[0.267s] DEBUG:colcon.colcon_core.event_handler.log_command:Invoking command in '/bumperbot_ws/build/bumperbot_planning': CMAKE_PREFIX_PATH=${CMAKE_PREFIX_PATH}:/opt/ros/jazzy /usr/bin/cmake --install /bumperbot_ws/build/bumperbot_planning
[0.275s] Level 1:colcon.colcon_core.environment:create_environment_scripts_only(bumperbot_planning)
[0.275s] Level 1:colcon.colcon_core.environment:checking '/bumperbot_ws/install/bumperbot_planning' for CMake module files
[0.275s] DEBUG:colcon.colcon_core.event_handler.log_command:Invoked command in '/bumperbot_ws/build/bumperbot_planning' returned '0': CMAKE_PREFIX_PATH=${CMAKE_PREFIX_PATH}:/opt/ros/jazzy /usr/bin/cmake --install /bumperbot_ws/build/bumperbot_planning
[0.276s] Level 1:colcon.colcon_core.environment:checking '/bumperbot_ws/install/bumperbot_planning' for CMake config files
[0.276s] Level 1:colcon.colcon_core.shell:create_environment_hook('bumperbot_planning', 'cmake_prefix_path')
[0.276s] INFO:colcon.colcon_core.shell:Creating environment hook '/bumperbot_ws/install/bumperbot_planning/share/bumperbot_planning/hook/cmake_prefix_path.ps1'
[0.276s] INFO:colcon.colcon_core.shell:Creating environment descriptor '/bumperbot_ws/install/bumperbot_planning/share/bumperbot_planning/hook/cmake_prefix_path.dsv'
[0.277s] INFO:colcon.colcon_core.shell:Creating environment hook '/bumperbot_ws/install/bumperbot_planning/share/bumperbot_planning/hook/cmake_prefix_path.sh'
[0.277s] Level 1:colcon.colcon_core.environment:checking '/bumperbot_ws/install/bumperbot_planning/lib'
[0.277s] Level 1:colcon.colcon_core.environment:checking '/bumperbot_ws/install/bumperbot_planning/bin'
[0.277s] Level 1:colcon.colcon_core.environment:checking '/bumperbot_ws/install/bumperbot_planning/lib/pkgconfig/bumperbot_planning.pc'
[0.277s] Level 1:colcon.colcon_core.environment:checking '/bumperbot_ws/install/bumperbot_planning/lib/python3.12/site-packages'
[0.277s] Level 1:colcon.colcon_core.environment:checking '/bumperbot_ws/install/bumperbot_planning/bin'
[0.278s] INFO:colcon.colcon_core.shell:Creating package script '/bumperbot_ws/install/bumperbot_planning/share/bumperbot_planning/package.ps1'
[0.278s] INFO:colcon.colcon_core.shell:Creating package descriptor '/bumperbot_ws/install/bumperbot_planning/share/bumperbot_planning/package.dsv'
[0.278s] INFO:colcon.colcon_core.shell:Creating package script '/bumperbot_ws/install/bumperbot_planning/share/bumperbot_planning/package.sh'
[0.278s] INFO:colcon.colcon_core.shell:Creating package script '/bumperbot_ws/install/bumperbot_planning/share/bumperbot_planning/package.bash'
[0.279s] INFO:colcon.colcon_core.shell:Creating package script '/bumperbot_ws/install/bumperbot_planning/share/bumperbot_planning/package.zsh'
[0.279s] Level 1:colcon.colcon_core.environment:create_file_with_runtime_dependencies(/bumperbot_ws/install/bumperbot_planning/share/colcon-core/packages/bumperbot_planning)
[0.279s] Level 1:colcon.colcon_core.environment:create_environment_scripts_only(bumperbot_planning)
[0.279s] Level 1:colcon.colcon_core.environment:checking '/bumperbot_ws/install/bumperbot_planning' for CMake module files
[0.279s] Level 1:colcon.colcon_core.environment:checking '/bumperbot_ws/install/bumperbot_planning' for CMake config files
[0.280s] Level 1:colcon.colcon_core.shell:create_environment_hook('bumperbot_planning', 'cmake_prefix_path')
[0.280s] INFO:colcon.colcon_core.shell:Creating environment hook '/bumperbot_ws/install/bumperbot_planning/share/bumperbot_planning/hook/cmake_prefix_path.ps1'
[0.280s] INFO:colcon.colcon_core.shell:Creating environment descriptor '/bumperbot_ws/install/bumperbot_planning/share/bumperbot_planning/hook/cmake_prefix_path.dsv'
[0.280s] INFO:colcon.colcon_core.shell:Creating environment hook '/bumperbot_ws/install/bumperbot_planning/share/bumperbot_planning/hook/cmake_prefix_path.sh'
[0.280s] Level 1:colcon.colcon_core.environment:checking '/bumperbot_ws/install/bumperbot_planning/lib'
[0.280s] Level 1:colcon.colcon_core.environment:checking '/bumperbot_ws/install/bumperbot_planning/bin'
[0.281s] Level 1:colcon.colcon_core.environment:checking '/bumperbot_ws/install/bumperbot_planning/lib/pkgconfig/bumperbot_planning.pc'
[0.281s] Level 1:colcon.colcon_core.environment:checking '/bumperbot_ws/install/bumperbot_planning/lib/python3.12/site-packages'
[0.281s] Level 1:colcon.colcon_core.environment:checking '/bumperbot_ws/install/bumperbot_planning/bin'
[0.281s] INFO:colcon.colcon_core.shell:Creating package script '/bumperbot_ws/install/bumperbot_planning/share/bumperbot_planning/package.ps1'
[0.282s] INFO:colcon.colcon_core.shell:Creating package descriptor '/bumperbot_ws/install/bumperbot_planning/share/bumperbot_planning/package.dsv'
[0.282s] INFO:colcon.colcon_core.shell:Creating package script '/bumperbot_ws/install/bumperbot_planning/share/bumperbot_planning/package.sh'
[0.282s] INFO:colcon.colcon_core.shell:Creating package script '/bumperbot_ws/install/bumperbot_planning/share/bumperbot_planning/package.bash'
[0.283s] INFO:colcon.colcon_core.shell:Creating package script '/bumperbot_ws/install/bumperbot_planning/share/bumperbot_planning/package.zsh'
[0.283s] Level 1:colcon.colcon_core.environment:create_file_with_runtime_dependencies(/bumperbot_ws/install/bumperbot_planning/share/colcon-core/packages/bumperbot_planning)
[0.418s] DEBUG:colcon.colcon_core.event_handler.log_command:Invoked command in '/bumperbot_ws/build/bumperbot_controller' returned '0': CMAKE_PREFIX_PATH=${CMAKE_PREFIX_PATH}:/opt/ros/jazzy /usr/bin/cmake --build /bumperbot_ws/build/bumperbot_controller -- -j16 -l16
[0.419s] DEBUG:colcon.colcon_core.event_handler.log_command:Invoking command in '/bumperbot_ws/build/bumperbot_controller': CMAKE_PREFIX_PATH=${CMAKE_PREFIX_PATH}:/opt/ros/jazzy /usr/bin/cmake --install /bumperbot_ws/build/bumperbot_controller
[0.423s] DEBUG:colcon.colcon_core.event_handler.log_command:Invoked command in '/bumperbot_ws/build/bumperbot_localization' returned '0': CMAKE_PREFIX_PATH=${CMAKE_PREFIX_PATH}:/opt/ros/jazzy /usr/bin/cmake --build /bumperbot_ws/build/bumperbot_localization -- -j16 -l16
[0.424s] DEBUG:colcon.colcon_core.event_handler.log_command:Invoking command in '/bumperbot_ws/build/bumperbot_localization': CMAKE_PREFIX_PATH=${CMAKE_PREFIX_PATH}:/opt/ros/jazzy /usr/bin/cmake --install /bumperbot_ws/build/bumperbot_localization
[0.424s] DEBUG:colcon.colcon_core.event_handler.log_command:Invoked command in '/bumperbot_ws/build/bumperbot_mapping' returned '0': CMAKE_PREFIX_PATH=${CMAKE_PREFIX_PATH}:/opt/ros/jazzy /usr/bin/cmake --build /bumperbot_ws/build/bumperbot_mapping -- -j16 -l16
[0.426s] DEBUG:colcon.colcon_core.event_handler.log_command:Invoking command in '/bumperbot_ws/build/bumperbot_mapping': CMAKE_PREFIX_PATH=${CMAKE_PREFIX_PATH}:/opt/ros/jazzy /usr/bin/cmake --install /bumperbot_ws/build/bumperbot_mapping
[0.457s] Level 1:colcon.colcon_core.environment:create_environment_scripts_only(bumperbot_controller)
[0.457s] Level 1:colcon.colcon_core.environment:checking '/bumperbot_ws/install/bumperbot_controller' for CMake module files
[0.457s] DEBUG:colcon.colcon_core.event_handler.log_command:Invoked command in '/bumperbot_ws/build/bumperbot_controller' returned '0': CMAKE_PREFIX_PATH=${CMAKE_PREFIX_PATH}:/opt/ros/jazzy /usr/bin/cmake --install /bumperbot_ws/build/bumperbot_controller
[0.457s] Level 1:colcon.colcon_core.environment:checking '/bumperbot_ws/install/bumperbot_controller' for CMake config files
[0.457s] Level 1:colcon.colcon_core.shell:create_environment_hook('bumperbot_controller', 'cmake_prefix_path')
[0.458s] INFO:colcon.colcon_core.shell:Creating environment hook '/bumperbot_ws/install/bumperbot_controller/share/bumperbot_controller/hook/cmake_prefix_path.ps1'
[0.458s] INFO:colcon.colcon_core.shell:Creating environment descriptor '/bumperbot_ws/install/bumperbot_controller/share/bumperbot_controller/hook/cmake_prefix_path.dsv'
[0.458s] INFO:colcon.colcon_core.shell:Creating environment hook '/bumperbot_ws/install/bumperbot_controller/share/bumperbot_controller/hook/cmake_prefix_path.sh'
[0.459s] Level 1:colcon.colcon_core.environment:checking '/bumperbot_ws/install/bumperbot_controller/lib'
[0.459s] Level 1:colcon.colcon_core.environment:checking '/bumperbot_ws/install/bumperbot_controller/bin'
[0.459s] Level 1:colcon.colcon_core.environment:checking '/bumperbot_ws/install/bumperbot_controller/lib/pkgconfig/bumperbot_controller.pc'
[0.460s] Level 1:colcon.colcon_core.environment:checking '/bumperbot_ws/install/bumperbot_controller/lib/python3.12/site-packages'
[0.460s] Level 1:colcon.colcon_core.shell:create_environment_hook('bumperbot_controller', 'pythonpath')
[0.460s] INFO:colcon.colcon_core.shell:Creating environment hook '/bumperbot_ws/install/bumperbot_controller/share/bumperbot_controller/hook/pythonpath.ps1'
[0.463s] INFO:colcon.colcon_core.shell:Creating environment descriptor '/bumperbot_ws/install/bumperbot_controller/share/bumperbot_controller/hook/pythonpath.dsv'
[0.463s] INFO:colcon.colcon_core.shell:Creating environment hook '/bumperbot_ws/install/bumperbot_controller/share/bumperbot_controller/hook/pythonpath.sh'
[0.464s] Level 1:colcon.colcon_core.environment:checking '/bumperbot_ws/install/bumperbot_controller/bin'
[0.464s] INFO:colcon.colcon_core.shell:Creating package script '/bumperbot_ws/install/bumperbot_controller/share/bumperbot_controller/package.ps1'
[0.464s] INFO:colcon.colcon_core.shell:Creating package descriptor '/bumperbot_ws/install/bumperbot_controller/share/bumperbot_controller/package.dsv'
[0.465s] INFO:colcon.colcon_core.shell:Creating package script '/bumperbot_ws/install/bumperbot_controller/share/bumperbot_controller/package.sh'
[0.465s] INFO:colcon.colcon_core.shell:Creating package script '/bumperbot_ws/install/bumperbot_controller/share/bumperbot_controller/package.bash'
[0.465s] INFO:colcon.colcon_core.shell:Creating package script '/bumperbot_ws/install/bumperbot_controller/share/bumperbot_controller/package.zsh'
[0.465s] Level 1:colcon.colcon_core.environment:create_file_with_runtime_dependencies(/bumperbot_ws/install/bumperbot_controller/share/colcon-core/packages/bumperbot_controller)
[0.466s] Level 1:colcon.colcon_core.environment:create_environment_scripts_only(bumperbot_controller)
[0.466s] Level 1:colcon.colcon_core.environment:checking '/bumperbot_ws/install/bumperbot_controller' for CMake module files
[0.467s] Level 1:colcon.colcon_core.environment:checking '/bumperbot_ws/install/bumperbot_controller' for CMake config files
[0.467s] Level 1:colcon.colcon_core.shell:create_environment_hook('bumperbot_controller', 'cmake_prefix_path')
[0.467s] INFO:colcon.colcon_core.shell:Creating environment hook '/bumperbot_ws/install/bumperbot_controller/share/bumperbot_controller/hook/cmake_prefix_path.ps1'
[0.467s] INFO:colcon.colcon_core.shell:Creating environment descriptor '/bumperbot_ws/install/bumperbot_controller/share/bumperbot_controller/hook/cmake_prefix_path.dsv'
[0.467s] INFO:colcon.colcon_core.shell:Creating environment hook '/bumperbot_ws/install/bumperbot_controller/share/bumperbot_controller/hook/cmake_prefix_path.sh'
[0.468s] Level 1:colcon.colcon_core.environment:checking '/bumperbot_ws/install/bumperbot_controller/lib'
[0.468s] Level 1:colcon.colcon_core.environment:checking '/bumperbot_ws/install/bumperbot_controller/bin'
[0.468s] Level 1:colcon.colcon_core.environment:checking '/bumperbot_ws/install/bumperbot_controller/lib/pkgconfig/bumperbot_controller.pc'
[0.468s] Level 1:colcon.colcon_core.environment:checking '/bumperbot_ws/install/bumperbot_controller/lib/python3.12/site-packages'
[0.468s] Level 1:colcon.colcon_core.shell:create_environment_hook('bumperbot_controller', 'pythonpath')
[0.468s] INFO:colcon.colcon_core.shell:Creating environment hook '/bumperbot_ws/install/bumperbot_controller/share/bumperbot_controller/hook/pythonpath.ps1'
[0.469s] INFO:colcon.colcon_core.shell:Creating environment descriptor '/bumperbot_ws/install/bumperbot_controller/share/bumperbot_controller/hook/pythonpath.dsv'
[0.469s] INFO:colcon.colcon_core.shell:Creating environment hook '/bumperbot_ws/install/bumperbot_controller/share/bumperbot_controller/hook/pythonpath.sh'
[0.469s] Level 1:colcon.colcon_core.environment:checking '/bumperbot_ws/install/bumperbot_controller/bin'
[0.470s] INFO:colcon.colcon_core.shell:Creating package script '/bumperbot_ws/install/bumperbot_controller/share/bumperbot_controller/package.ps1'
[0.470s] INFO:colcon.colcon_core.shell:Creating package descriptor '/bumperbot_ws/install/bumperbot_controller/share/bumperbot_controller/package.dsv'
[0.470s] INFO:colcon.colcon_core.shell:Creating package script '/bumperbot_ws/install/bumperbot_controller/share/bumperbot_controller/package.sh'
[0.471s] INFO:colcon.colcon_core.shell:Creating package script '/bumperbot_ws/install/bumperbot_controller/share/bumperbot_controller/package.bash'
[0.471s] INFO:colcon.colcon_core.shell:Creating package script '/bumperbot_ws/install/bumperbot_controller/share/bumperbot_controller/package.zsh'
[0.471s] Level 1:colcon.colcon_core.environment:create_file_with_runtime_dependencies(/bumperbot_ws/install/bumperbot_controller/share/colcon-core/packages/bumperbot_controller)
[0.472s] Level 1:colcon.colcon_core.environment:create_environment_scripts_only(bumperbot_localization)
[0.472s] Level 1:colcon.colcon_core.environment:checking '/bumperbot_ws/install/bumperbot_localization' for CMake module files
[0.472s] DEBUG:colcon.colcon_core.event_handler.log_command:Invoked command in '/bumperbot_ws/build/bumperbot_localization' returned '0': CMAKE_PREFIX_PATH=${CMAKE_PREFIX_PATH}:/opt/ros/jazzy /usr/bin/cmake --install /bumperbot_ws/build/bumperbot_localization
[0.472s] Level 1:colcon.colcon_core.environment:checking '/bumperbot_ws/install/bumperbot_localization' for CMake config files
[0.472s] Level 1:colcon.colcon_core.shell:create_environment_hook('bumperbot_localization', 'cmake_prefix_path')
[0.473s] INFO:colcon.colcon_core.shell:Creating environment hook '/bumperbot_ws/install/bumperbot_localization/share/bumperbot_localization/hook/cmake_prefix_path.ps1'
[0.473s] INFO:colcon.colcon_core.shell:Creating environment descriptor '/bumperbot_ws/install/bumperbot_localization/share/bumperbot_localization/hook/cmake_prefix_path.dsv'
[0.473s] INFO:colcon.colcon_core.shell:Creating environment hook '/bumperbot_ws/install/bumperbot_localization/share/bumperbot_localization/hook/cmake_prefix_path.sh'
[0.473s] Level 1:colcon.colcon_core.environment:checking '/bumperbot_ws/install/bumperbot_localization/lib'
[0.473s] Level 1:colcon.colcon_core.environment:checking '/bumperbot_ws/install/bumperbot_localization/bin'
[0.473s] Level 1:colcon.colcon_core.shell:create_environment_hook('bumperbot_localization', 'path')
[0.473s] INFO:colcon.colcon_core.shell:Creating environment hook '/bumperbot_ws/install/bumperbot_localization/share/bumperbot_localization/hook/path.ps1'
[0.474s] INFO:colcon.colcon_core.shell:Creating environment descriptor '/bumperbot_ws/install/bumperbot_localization/share/bumperbot_localization/hook/path.dsv'
[0.474s] INFO:colcon.colcon_core.shell:Creating environment hook '/bumperbot_ws/install/bumperbot_localization/share/bumperbot_localization/hook/path.sh'
[0.474s] Level 1:colcon.colcon_core.environment:checking '/bumperbot_ws/install/bumperbot_localization/lib/pkgconfig/bumperbot_localization.pc'
[0.474s] Level 1:colcon.colcon_core.environment:checking '/bumperbot_ws/install/bumperbot_localization/lib/python3.12/site-packages'
[0.474s] Level 1:colcon.colcon_core.shell:create_environment_hook('bumperbot_localization', 'pythonpath')
[0.474s] INFO:colcon.colcon_core.shell:Creating environment hook '/bumperbot_ws/install/bumperbot_localization/share/bumperbot_localization/hook/pythonpath.ps1'
[0.475s] INFO:colcon.colcon_core.shell:Creating environment descriptor '/bumperbot_ws/install/bumperbot_localization/share/bumperbot_localization/hook/pythonpath.dsv'
[0.475s] INFO:colcon.colcon_core.shell:Creating environment hook '/bumperbot_ws/install/bumperbot_localization/share/bumperbot_localization/hook/pythonpath.sh'
[0.475s] Level 1:colcon.colcon_core.environment:checking '/bumperbot_ws/install/bumperbot_localization/bin'
[0.475s] Level 1:colcon.colcon_core.shell:create_environment_hook('bumperbot_localization', 'pythonscriptspath')
[0.475s] INFO:colcon.colcon_core.shell:Creating environment hook '/bumperbot_ws/install/bumperbot_localization/share/bumperbot_localization/hook/pythonscriptspath.ps1'
[0.476s] INFO:colcon.colcon_core.shell:Creating environment descriptor '/bumperbot_ws/install/bumperbot_localization/share/bumperbot_localization/hook/pythonscriptspath.dsv'
[0.476s] INFO:colcon.colcon_core.shell:Creating environment hook '/bumperbot_ws/install/bumperbot_localization/share/bumperbot_localization/hook/pythonscriptspath.sh'
[0.476s] INFO:colcon.colcon_core.shell:Creating package script '/bumperbot_ws/install/bumperbot_localization/share/bumperbot_localization/package.ps1'
[0.476s] INFO:colcon.colcon_core.shell:Creating package descriptor '/bumperbot_ws/install/bumperbot_localization/share/bumperbot_localization/package.dsv'
[0.477s] INFO:colcon.colcon_core.shell:Creating package script '/bumperbot_ws/install/bumperbot_localization/share/bumperbot_localization/package.sh'
[0.477s] INFO:colcon.colcon_core.shell:Creating package script '/bumperbot_ws/install/bumperbot_localization/share/bumperbot_localization/package.bash'
[0.477s] INFO:colcon.colcon_core.shell:Creating package script '/bumperbot_ws/install/bumperbot_localization/share/bumperbot_localization/package.zsh'
[0.477s] Level 1:colcon.colcon_core.environment:create_file_with_runtime_dependencies(/bumperbot_ws/install/bumperbot_localization/share/colcon-core/packages/bumperbot_localization)
[0.478s] Level 1:colcon.colcon_core.environment:create_environment_scripts_only(bumperbot_localization)
[0.478s] Level 1:colcon.colcon_core.environment:checking '/bumperbot_ws/install/bumperbot_localization' for CMake module files
[0.478s] Level 1:colcon.colcon_core.environment:checking '/bumperbot_ws/install/bumperbot_localization' for CMake config files
[0.478s] Level 1:colcon.colcon_core.shell:create_environment_hook('bumperbot_localization', 'cmake_prefix_path')
[0.478s] INFO:colcon.colcon_core.shell:Creating environment hook '/bumperbot_ws/install/bumperbot_localization/share/bumperbot_localization/hook/cmake_prefix_path.ps1'
[0.479s] INFO:colcon.colcon_core.shell:Creating environment descriptor '/bumperbot_ws/install/bumperbot_localization/share/bumperbot_localization/hook/cmake_prefix_path.dsv'
[0.479s] INFO:colcon.colcon_core.shell:Creating environment hook '/bumperbot_ws/install/bumperbot_localization/share/bumperbot_localization/hook/cmake_prefix_path.sh'
[0.479s] Level 1:colcon.colcon_core.environment:checking '/bumperbot_ws/install/bumperbot_localization/lib'
[0.479s] Level 1:colcon.colcon_core.environment:checking '/bumperbot_ws/install/bumperbot_localization/bin'
[0.479s] Level 1:colcon.colcon_core.shell:create_environment_hook('bumperbot_localization', 'path')
[0.480s] INFO:colcon.colcon_core.shell:Creating environment hook '/bumperbot_ws/install/bumperbot_localization/share/bumperbot_localization/hook/path.ps1'
[0.480s] INFO:colcon.colcon_core.shell:Creating environment descriptor '/bumperbot_ws/install/bumperbot_localization/share/bumperbot_localization/hook/path.dsv'
[0.480s] INFO:colcon.colcon_core.shell:Creating environment hook '/bumperbot_ws/install/bumperbot_localization/share/bumperbot_localization/hook/path.sh'
[0.480s] Level 1:colcon.colcon_core.environment:checking '/bumperbot_ws/install/bumperbot_localization/lib/pkgconfig/bumperbot_localization.pc'
[0.480s] Level 1:colcon.colcon_core.environment:checking '/bumperbot_ws/install/bumperbot_localization/lib/python3.12/site-packages'
[0.481s] Level 1:colcon.colcon_core.shell:create_environment_hook('bumperbot_localization', 'pythonpath')
[0.481s] INFO:colcon.colcon_core.shell:Creating environment hook '/bumperbot_ws/install/bumperbot_localization/share/bumperbot_localization/hook/pythonpath.ps1'
[0.481s] INFO:colcon.colcon_core.shell:Creating environment descriptor '/bumperbot_ws/install/bumperbot_localization/share/bumperbot_localization/hook/pythonpath.dsv'
[0.481s] INFO:colcon.colcon_core.shell:Creating environment hook '/bumperbot_ws/install/bumperbot_localization/share/bumperbot_localization/hook/pythonpath.sh'
[0.482s] Level 1:colcon.colcon_core.environment:checking '/bumperbot_ws/install/bumperbot_localization/bin'
[0.482s] Level 1:colcon.colcon_core.shell:create_environment_hook('bumperbot_localization', 'pythonscriptspath')
[0.482s] INFO:colcon.colcon_core.shell:Creating environment hook '/bumperbot_ws/install/bumperbot_localization/share/bumperbot_localization/hook/pythonscriptspath.ps1'
[0.482s] INFO:colcon.colcon_core.shell:Creating environment descriptor '/bumperbot_ws/install/bumperbot_localization/share/bumperbot_localization/hook/pythonscriptspath.dsv'
[0.483s] INFO:colcon.colcon_core.shell:Creating environment hook '/bumperbot_ws/install/bumperbot_localization/share/bumperbot_localization/hook/pythonscriptspath.sh'
[0.483s] INFO:colcon.colcon_core.shell:Creating package script '/bumperbot_ws/install/bumperbot_localization/share/bumperbot_localization/package.ps1'
[0.483s] INFO:colcon.colcon_core.shell:Creating package descriptor '/bumperbot_ws/install/bumperbot_localization/share/bumperbot_localization/package.dsv'
[0.484s] INFO:colcon.colcon_core.shell:Creating package script '/bumperbot_ws/install/bumperbot_localization/share/bumperbot_localization/package.sh'
[0.484s] INFO:colcon.colcon_core.shell:Creating package script '/bumperbot_ws/install/bumperbot_localization/share/bumperbot_localization/package.bash'
[0.485s] INFO:colcon.colcon_core.shell:Creating package script '/bumperbot_ws/install/bumperbot_localization/share/bumperbot_localization/package.zsh'
[0.485s] Level 1:colcon.colcon_core.environment:create_file_with_runtime_dependencies(/bumperbot_ws/install/bumperbot_localization/share/colcon-core/packages/bumperbot_localization)
[0.485s] Level 1:colcon.colcon_core.environment:create_environment_scripts_only(bumperbot_mapping)
[0.485s] Level 1:colcon.colcon_core.environment:checking '/bumperbot_ws/install/bumperbot_mapping' for CMake module files
[0.486s] Level 1:colcon.colcon_core.environment:checking '/bumperbot_ws/install/bumperbot_mapping' for CMake config files
[0.486s] DEBUG:colcon.colcon_core.event_handler.log_command:Invoked command in '/bumperbot_ws/build/bumperbot_mapping' returned '0': CMAKE_PREFIX_PATH=${CMAKE_PREFIX_PATH}:/opt/ros/jazzy /usr/bin/cmake --install /bumperbot_ws/build/bumperbot_mapping
[0.486s] Level 1:colcon.colcon_core.shell:create_environment_hook('bumperbot_mapping', 'cmake_prefix_path')
[0.486s] INFO:colcon.colcon_core.shell:Creating environment hook '/bumperbot_ws/install/bumperbot_mapping/share/bumperbot_mapping/hook/cmake_prefix_path.ps1'
[0.486s] INFO:colcon.colcon_core.shell:Creating environment descriptor '/bumperbot_ws/install/bumperbot_mapping/share/bumperbot_mapping/hook/cmake_prefix_path.dsv'
[0.486s] INFO:colcon.colcon_core.shell:Creating environment hook '/bumperbot_ws/install/bumperbot_mapping/share/bumperbot_mapping/hook/cmake_prefix_path.sh'
[0.487s] Level 1:colcon.colcon_core.environment:checking '/bumperbot_ws/install/bumperbot_mapping/lib'
[0.487s] Level 1:colcon.colcon_core.environment:checking '/bumperbot_ws/install/bumperbot_mapping/bin'
[0.487s] Level 1:colcon.colcon_core.environment:checking '/bumperbot_ws/install/bumperbot_mapping/lib/pkgconfig/bumperbot_mapping.pc'
[0.487s] Level 1:colcon.colcon_core.environment:checking '/bumperbot_ws/install/bumperbot_mapping/lib/python3.12/site-packages'
[0.487s] Level 1:colcon.colcon_core.shell:create_environment_hook('bumperbot_mapping', 'pythonpath')
[0.487s] INFO:colcon.colcon_core.shell:Creating environment hook '/bumperbot_ws/install/bumperbot_mapping/share/bumperbot_mapping/hook/pythonpath.ps1'
[0.487s] INFO:colcon.colcon_core.shell:Creating environment descriptor '/bumperbot_ws/install/bumperbot_mapping/share/bumperbot_mapping/hook/pythonpath.dsv'
[0.488s] INFO:colcon.colcon_core.shell:Creating environment hook '/bumperbot_ws/install/bumperbot_mapping/share/bumperbot_mapping/hook/pythonpath.sh'
[0.488s] Level 1:colcon.colcon_core.environment:checking '/bumperbot_ws/install/bumperbot_mapping/bin'
[0.488s] INFO:colcon.colcon_core.shell:Creating package script '/bumperbot_ws/install/bumperbot_mapping/share/bumperbot_mapping/package.ps1'
[0.488s] INFO:colcon.colcon_core.shell:Creating package descriptor '/bumperbot_ws/install/bumperbot_mapping/share/bumperbot_mapping/package.dsv'
[0.489s] INFO:colcon.colcon_core.shell:Creating package script '/bumperbot_ws/install/bumperbot_mapping/share/bumperbot_mapping/package.sh'
[0.489s] INFO:colcon.colcon_core.shell:Creating package script '/bumperbot_ws/install/bumperbot_mapping/share/bumperbot_mapping/package.bash'
[0.489s] INFO:colcon.colcon_core.shell:Creating package script '/bumperbot_ws/install/bumperbot_mapping/share/bumperbot_mapping/package.zsh'
[0.489s] Level 1:colcon.colcon_core.environment:create_file_with_runtime_dependencies(/bumperbot_ws/install/bumperbot_mapping/share/colcon-core/packages/bumperbot_mapping)
[0.489s] Level 1:colcon.colcon_core.environment:create_environment_scripts_only(bumperbot_mapping)
[0.489s] Level 1:colcon.colcon_core.environment:checking '/bumperbot_ws/install/bumperbot_mapping' for CMake module files
[0.490s] Level 1:colcon.colcon_core.environment:checking '/bumperbot_ws/install/bumperbot_mapping' for CMake config files
[0.490s] Level 1:colcon.colcon_core.shell:create_environment_hook('bumperbot_mapping', 'cmake_prefix_path')
[0.490s] INFO:colcon.colcon_core.shell:Creating environment hook '/bumperbot_ws/install/bumperbot_mapping/share/bumperbot_mapping/hook/cmake_prefix_path.ps1'
[0.490s] INFO:colcon.colcon_core.shell:Creating environment descriptor '/bumperbot_ws/install/bumperbot_mapping/share/bumperbot_mapping/hook/cmake_prefix_path.dsv'
[0.490s] INFO:colcon.colcon_core.shell:Creating environment hook '/bumperbot_ws/install/bumperbot_mapping/share/bumperbot_mapping/hook/cmake_prefix_path.sh'
[0.491s] Level 1:colcon.colcon_core.environment:checking '/bumperbot_ws/install/bumperbot_mapping/lib'
[0.491s] Level 1:colcon.colcon_core.environment:checking '/bumperbot_ws/install/bumperbot_mapping/bin'
[0.491s] Level 1:colcon.colcon_core.environment:checking '/bumperbot_ws/install/bumperbot_mapping/lib/pkgconfig/bumperbot_mapping.pc'
[0.491s] Level 1:colcon.colcon_core.environment:checking '/bumperbot_ws/install/bumperbot_mapping/lib/python3.12/site-packages'
[0.491s] Level 1:colcon.colcon_core.shell:create_environment_hook('bumperbot_mapping', 'pythonpath')
[0.491s] INFO:colcon.colcon_core.shell:Creating environment hook '/bumperbot_ws/install/bumperbot_mapping/share/bumperbot_mapping/hook/pythonpath.ps1'
[0.491s] INFO:colcon.colcon_core.shell:Creating environment descriptor '/bumperbot_ws/install/bumperbot_mapping/share/bumperbot_mapping/hook/pythonpath.dsv'
[0.492s] INFO:colcon.colcon_core.shell:Creating environment hook '/bumperbot_ws/install/bumperbot_mapping/share/bumperbot_mapping/hook/pythonpath.sh'
[0.492s] Level 1:colcon.colcon_core.environment:checking '/bumperbot_ws/install/bumperbot_mapping/bin'
[0.492s] INFO:colcon.colcon_core.shell:Creating package script '/bumperbot_ws/install/bumperbot_mapping/share/bumperbot_mapping/package.ps1'
[0.492s] INFO:colcon.colcon_core.shell:Creating package descriptor '/bumperbot_ws/install/bumperbot_mapping/share/bumperbot_mapping/package.dsv'
[0.493s] INFO:colcon.colcon_core.shell:Creating package script '/bumperbot_ws/install/bumperbot_mapping/share/bumperbot_mapping/package.sh'
[0.493s] INFO:colcon.colcon_core.shell:Creating package script '/bumperbot_ws/install/bumperbot_mapping/share/bumperbot_mapping/package.bash'
[0.493s] INFO:colcon.colcon_core.shell:Creating package script '/bumperbot_ws/install/bumperbot_mapping/share/bumperbot_mapping/package.zsh'
[0.493s] Level 1:colcon.colcon_core.environment:create_file_with_runtime_dependencies(/bumperbot_ws/install/bumperbot_mapping/share/colcon-core/packages/bumperbot_mapping)
[0.494s] INFO:colcon.colcon_ros.task.ament_cmake.build:Building ROS package in '/bumperbot_ws/src/bumperbot_bringup' with build type 'ament_cmake'
[0.494s] INFO:colcon.colcon_cmake.task.cmake.build:Building CMake package in '/bumperbot_ws/src/bumperbot_bringup'
[0.494s] INFO:colcon.colcon_core.shell:Skip shell extension 'powershell' for command environment: Not usable outside of PowerShell
[0.494s] DEBUG:colcon.colcon_core.shell:Skip shell extension 'dsv' for command environment
[0.503s] DEBUG:colcon.colcon_core.event_handler.log_command:Invoking command in '/bumperbot_ws/build/bumperbot_bringup': CMAKE_PREFIX_PATH=/bumperbot_ws/install/bumperbot_mapping:/bumperbot_ws/install/bumperbot_localization:/bumperbot_ws/install/bumperbot_description:/bumperbot_ws/install/bumperbot_controller:/bumperbot_ws/install/bumperbot_planning:/bumperbot_ws/install/bumperbot_bringup:/opt/ros/jazzy/opt/gz_sim_vendor:/opt/ros/jazzy/opt/gz_sensors_vendor:/opt/ros/jazzy/opt/gz_physics_vendor:/opt/ros/jazzy/opt/sdformat_vendor:/opt/ros/jazzy/opt/gz_gui_vendor:/opt/ros/jazzy/opt/gz_transport_vendor:/opt/ros/jazzy/opt/gz_rendering_vendor:/opt/ros/jazzy/opt/gz_plugin_vendor:/opt/ros/jazzy/opt/gz_fuel_tools_vendor:/opt/ros/jazzy/opt/gz_msgs_vendor:/opt/ros/jazzy/opt/gz_common_vendor:/opt/ros/jazzy/opt/gz_math_vendor:/opt/ros/jazzy/opt/gz_utils_vendor:/opt/ros/jazzy/opt/gz_tools_vendor:/opt/ros/jazzy/opt/gz_ogre_next_vendor:/opt/ros/jazzy/opt/gz_dartsim_vendor:/opt/ros/jazzy/opt/gz_cmake_vendor:/opt/ros/jazzy /usr/bin/cmake --build /bumperbot_ws/build/bumperbot_bringup -- -j16 -l16
[0.529s] DEBUG:colcon.colcon_core.event_handler.log_command:Invoked command in '/bumperbot_ws/build/bumperbot_bringup' returned '0': CMAKE_PREFIX_PATH=/bumperbot_ws/install/bumperbot_mapping:/bumperbot_ws/install/bumperbot_localization:/bumperbot_ws/install/bumperbot_description:/bumperbot_ws/install/bumperbot_controller:/bumperbot_ws/install/bumperbot_planning:/bumperbot_ws/install/bumperbot_bringup:/opt/ros/jazzy/opt/gz_sim_vendor:/opt/ros/jazzy/opt/gz_sensors_vendor:/opt/ros/jazzy/opt/gz_physics_vendor:/opt/ros/jazzy/opt/sdformat_vendor:/opt/ros/jazzy/opt/gz_gui_vendor:/opt/ros/jazzy/opt/gz_transport_vendor:/opt/ros/jazzy/opt/gz_rendering_vendor:/opt/ros/jazzy/opt/gz_plugin_vendor:/opt/ros/jazzy/opt/gz_fuel_tools_vendor:/opt/ros/jazzy/opt/gz_msgs_vendor:/opt/ros/jazzy/opt/gz_common_vendor:/opt/ros/jazzy/opt/gz_math_vendor:/opt/ros/jazzy/opt/gz_utils_vendor:/opt/ros/jazzy/opt/gz_tools_vendor:/opt/ros/jazzy/opt/gz_ogre_next_vendor:/opt/ros/jazzy/opt/gz_dartsim_vendor:/opt/ros/jazzy/opt/gz_cmake_vendor:/opt/ros/jazzy /usr/bin/cmake --build /bumperbot_ws/build/bumperbot_bringup -- -j16 -l16
[0.530s] DEBUG:colcon.colcon_core.event_handler.log_command:Invoking command in '/bumperbot_ws/build/bumperbot_bringup': CMAKE_PREFIX_PATH=/bumperbot_ws/install/bumperbot_mapping:/bumperbot_ws/install/bumperbot_localization:/bumperbot_ws/install/bumperbot_description:/bumperbot_ws/install/bumperbot_controller:/bumperbot_ws/install/bumperbot_planning:/bumperbot_ws/install/bumperbot_bringup:/opt/ros/jazzy/opt/gz_sim_vendor:/opt/ros/jazzy/opt/gz_sensors_vendor:/opt/ros/jazzy/opt/gz_physics_vendor:/opt/ros/jazzy/opt/sdformat_vendor:/opt/ros/jazzy/opt/gz_gui_vendor:/opt/ros/jazzy/opt/gz_transport_vendor:/opt/ros/jazzy/opt/gz_rendering_vendor:/opt/ros/jazzy/opt/gz_plugin_vendor:/opt/ros/jazzy/opt/gz_fuel_tools_vendor:/opt/ros/jazzy/opt/gz_msgs_vendor:/opt/ros/jazzy/opt/gz_common_vendor:/opt/ros/jazzy/opt/gz_math_vendor:/opt/ros/jazzy/opt/gz_utils_vendor:/opt/ros/jazzy/opt/gz_tools_vendor:/opt/ros/jazzy/opt/gz_ogre_next_vendor:/opt/ros/jazzy/opt/gz_dartsim_vendor:/opt/ros/jazzy/opt/gz_cmake_vendor:/opt/ros/jazzy /usr/bin/cmake --install /bumperbot_ws/build/bumperbot_bringup
[0.537s] Level 1:colcon.colcon_core.environment:create_environment_scripts_only(bumperbot_bringup)
[0.537s] Level 1:colcon.colcon_core.environment:checking '/bumperbot_ws/install/bumperbot_bringup' for CMake module files
[0.538s] DEBUG:colcon.colcon_core.event_handler.log_command:Invoked command in '/bumperbot_ws/build/bumperbot_bringup' returned '0': CMAKE_PREFIX_PATH=/bumperbot_ws/install/bumperbot_mapping:/bumperbot_ws/install/bumperbot_localization:/bumperbot_ws/install/bumperbot_description:/bumperbot_ws/install/bumperbot_controller:/bumperbot_ws/install/bumperbot_planning:/bumperbot_ws/install/bumperbot_bringup:/opt/ros/jazzy/opt/gz_sim_vendor:/opt/ros/jazzy/opt/gz_sensors_vendor:/opt/ros/jazzy/opt/gz_physics_vendor:/opt/ros/jazzy/opt/sdformat_vendor:/opt/ros/jazzy/opt/gz_gui_vendor:/opt/ros/jazzy/opt/gz_transport_vendor:/opt/ros/jazzy/opt/gz_rendering_vendor:/opt/ros/jazzy/opt/gz_plugin_vendor:/opt/ros/jazzy/opt/gz_fuel_tools_vendor:/opt/ros/jazzy/opt/gz_msgs_vendor:/opt/ros/jazzy/opt/gz_common_vendor:/opt/ros/jazzy/opt/gz_math_vendor:/opt/ros/jazzy/opt/gz_utils_vendor:/opt/ros/jazzy/opt/gz_tools_vendor:/opt/ros/jazzy/opt/gz_ogre_next_vendor:/opt/ros/jazzy/opt/gz_dartsim_vendor:/opt/ros/jazzy/opt/gz_cmake_vendor:/opt/ros/jazzy /usr/bin/cmake --install /bumperbot_ws/build/bumperbot_bringup
[0.538s] Level 1:colcon.colcon_core.environment:checking '/bumperbot_ws/install/bumperbot_bringup' for CMake config files
[0.538s] Level 1:colcon.colcon_core.shell:create_environment_hook('bumperbot_bringup', 'cmake_prefix_path')
[0.538s] INFO:colcon.colcon_core.shell:Creating environment hook '/bumperbot_ws/install/bumperbot_bringup/share/bumperbot_bringup/hook/cmake_prefix_path.ps1'
[0.539s] INFO:colcon.colcon_core.shell:Creating environment descriptor '/bumperbot_ws/install/bumperbot_bringup/share/bumperbot_bringup/hook/cmake_prefix_path.dsv'
[0.539s] INFO:colcon.colcon_core.shell:Creating environment hook '/bumperbot_ws/install/bumperbot_bringup/share/bumperbot_bringup/hook/cmake_prefix_path.sh'
[0.539s] Level 1:colcon.colcon_core.environment:checking '/bumperbot_ws/install/bumperbot_bringup/bin'
[0.539s] Level 1:colcon.colcon_core.environment:checking '/bumperbot_ws/install/bumperbot_bringup/lib/pkgconfig/bumperbot_bringup.pc'
[0.539s] Level 1:colcon.colcon_core.environment:checking '/bumperbot_ws/install/bumperbot_bringup/lib/python3.12/site-packages'
[0.540s] Level 1:colcon.colcon_core.environment:checking '/bumperbot_ws/install/bumperbot_bringup/bin'
[0.540s] INFO:colcon.colcon_core.shell:Creating package script '/bumperbot_ws/install/bumperbot_bringup/share/bumperbot_bringup/package.ps1'
[0.540s] INFO:colcon.colcon_core.shell:Creating package descriptor '/bumperbot_ws/install/bumperbot_bringup/share/bumperbot_bringup/package.dsv'
[0.541s] INFO:colcon.colcon_core.shell:Creating package script '/bumperbot_ws/install/bumperbot_bringup/share/bumperbot_bringup/package.sh'
[0.541s] INFO:colcon.colcon_core.shell:Creating package script '/bumperbot_ws/install/bumperbot_bringup/share/bumperbot_bringup/package.bash'
[0.541s] INFO:colcon.colcon_core.shell:Creating package script '/bumperbot_ws/install/bumperbot_bringup/share/bumperbot_bringup/package.zsh'
[0.542s] Level 1:colcon.colcon_core.environment:create_file_with_runtime_dependencies(/bumperbot_ws/install/bumperbot_bringup/share/colcon-core/packages/bumperbot_bringup)
[0.542s] Level 1:colcon.colcon_core.environment:create_environment_scripts_only(bumperbot_bringup)
[0.542s] Level 1:colcon.colcon_core.environment:checking '/bumperbot_ws/install/bumperbot_bringup' for CMake module files
[0.543s] Level 1:colcon.colcon_core.environment:checking '/bumperbot_ws/install/bumperbot_bringup' for CMake config files
[0.543s] Level 1:colcon.colcon_core.shell:create_environment_hook('bumperbot_bringup', 'cmake_prefix_path')
[0.543s] INFO:colcon.colcon_core.shell:Creating environment hook '/bumperbot_ws/install/bumperbot_bringup/share/bumperbot_bringup/hook/cmake_prefix_path.ps1'
[0.543s] INFO:colcon.colcon_core.shell:Creating environment descriptor '/bumperbot_ws/install/bumperbot_bringup/share/bumperbot_bringup/hook/cmake_prefix_path.dsv'
[0.544s] INFO:colcon.colcon_core.shell:Creating environment hook '/bumperbot_ws/install/bumperbot_bringup/share/bumperbot_bringup/hook/cmake_prefix_path.sh'
[0.545s] Level 1:colcon.colcon_core.environment:checking '/bumperbot_ws/install/bumperbot_bringup/bin'
[0.545s] Level 1:colcon.colcon_core.environment:checking '/bumperbot_ws/install/bumperbot_bringup/lib/pkgconfig/bumperbot_bringup.pc'
[0.545s] Level 1:colcon.colcon_core.environment:checking '/bumperbot_ws/install/bumperbot_bringup/lib/python3.12/site-packages'
[0.545s] Level 1:colcon.colcon_core.environment:checking '/bumperbot_ws/install/bumperbot_bringup/bin'
[0.545s] INFO:colcon.colcon_core.shell:Creating package script '/bumperbot_ws/install/bumperbot_bringup/share/bumperbot_bringup/package.ps1'
[0.546s] INFO:colcon.colcon_core.shell:Creating package descriptor '/bumperbot_ws/install/bumperbot_bringup/share/bumperbot_bringup/package.dsv'
[0.546s] INFO:colcon.colcon_core.shell:Creating package script '/bumperbot_ws/install/bumperbot_bringup/share/bumperbot_bringup/package.sh'
[0.546s] INFO:colcon.colcon_core.shell:Creating package script '/bumperbot_ws/install/bumperbot_bringup/share/bumperbot_bringup/package.bash'
[0.547s] INFO:colcon.colcon_core.shell:Creating package script '/bumperbot_ws/install/bumperbot_bringup/share/bumperbot_bringup/package.zsh'
[0.547s] Level 1:colcon.colcon_core.environment:create_file_with_runtime_dependencies(/bumperbot_ws/install/bumperbot_bringup/share/colcon-core/packages/bumperbot_bringup)
[0.547s] DEBUG:colcon.colcon_parallel_executor.executor.parallel:closing loop
[0.547s] DEBUG:colcon.colcon_parallel_executor.executor.parallel:loop closed
[0.547s] DEBUG:colcon.colcon_parallel_executor.executor.parallel:run_until_complete finished with '0'
[0.547s] DEBUG:colcon.colcon_core.event_reactor:joining thread
[0.554s] INFO:colcon.colcon_core.plugin_system:Skipping extension 'colcon_notification.desktop_notification.terminal_notifier': Not used on non-Darwin systems
[0.554s] INFO:colcon.colcon_core.plugin_system:Skipping extension 'colcon_notification.desktop_notification.win32': Not used on non-Windows systems
[0.554s] INFO:colcon.colcon_notification.desktop_notification:Sending desktop notification using 'notify2'
[0.557s] DEBUG:colcon.colcon_notification.desktop_notification.notify2:Failed to initialize notify2: org.freedesktop.DBus.Error.Spawn.ExecFailed: /usr/bin/dbus-launch terminated abnormally without any error message
[0.557s] DEBUG:colcon.colcon_core.event_reactor:joined thread
[0.558s] INFO:colcon.colcon_core.shell:Creating prefix script '/bumperbot_ws/install/local_setup.ps1'
[0.559s] INFO:colcon.colcon_core.shell:Creating prefix util module '/bumperbot_ws/install/_local_setup_util_ps1.py'
[0.560s] INFO:colcon.colcon_core.shell:Creating prefix chain script '/bumperbot_ws/install/setup.ps1'
[0.561s] INFO:colcon.colcon_core.shell:Creating prefix script '/bumperbot_ws/install/local_setup.sh'
[0.562s] INFO:colcon.colcon_core.shell:Creating prefix util module '/bumperbot_ws/install/_local_setup_util_sh.py'
[0.562s] INFO:colcon.colcon_core.shell:Creating prefix chain script '/bumperbot_ws/install/setup.sh'
[0.563s] INFO:colcon.colcon_core.shell:Creating prefix script '/bumperbot_ws/install/local_setup.bash'
[0.563s] INFO:colcon.colcon_core.shell:Creating prefix chain script '/bumperbot_ws/install/setup.bash'
[0.564s] INFO:colcon.colcon_core.shell:Creating prefix script '/bumperbot_ws/install/local_setup.zsh'
[0.564s] INFO:colcon.colcon_core.shell:Creating prefix chain script '/bumperbot_ws/install/setup.zsh'
