[0.019s] Invoking command in '/bumperbot/build/bumperbot_bringup': CMAKE_PREFIX_PATH=/opt/ros/jazzy /usr/bin/cmake /bumperbot/src/bumperbot_bringup -DCMAKE_INSTALL_PREFIX=/bumperbot/install/bumperbot_bringup
[0.217s] -- The C compiler identification is GNU 13.3.0
[0.301s] -- The CXX compiler identification is GNU 13.3.0
[0.322s] -- Detecting C compiler ABI info
[0.423s] -- Detecting C compiler ABI info - done
[0.443s] -- Check for working C compiler: /usr/bin/cc - skipped
[0.444s] -- Detecting C compile features
[0.445s] -- Detecting C compile features - done
[0.455s] -- Detecting CXX compiler ABI info
[0.557s] -- Detecting CXX compiler ABI info - done
[0.569s] -- Check for working CXX compiler: /usr/bin/c++ - skipped
[0.569s] -- Detecting CXX compile features
[0.570s] -- Detecting CXX compile features - done
[0.573s] -- Found ament_cmake: 2.5.4 (/opt/ros/jazzy/share/ament_cmake/cmake)
[0.743s] -- Found Python3: /usr/bin/python3 (found version "3.12.3") found components: Interpreter 
[0.985s] -- Configuring done (0.9s)
[0.988s] -- Generating done (0.0s)
[0.990s] -- Build files have been written to: /bumperbot/build/bumperbot_bringup
[0.995s] Invoked command in '/bumperbot/build/bumperbot_bringup' returned '0': CMAKE_PREFIX_PATH=/opt/ros/jazzy /usr/bin/cmake /bumperbot/src/bumperbot_bringup -DCMAKE_INSTALL_PREFIX=/bumperbot/install/bumperbot_bringup
[0.996s] Invoking command in '/bumperbot/build/bumperbot_bringup': CMAKE_PREFIX_PATH=/opt/ros/jazzy /usr/bin/cmake --build /bumperbot/build/bumperbot_bringup -- -j8 -l8
[1.037s] Invoked command in '/bumperbot/build/bumperbot_bringup' returned '0': CMAKE_PREFIX_PATH=/opt/ros/jazzy /usr/bin/cmake --build /bumperbot/build/bumperbot_bringup -- -j8 -l8
[1.038s] Invoking command in '/bumperbot/build/bumperbot_bringup': CMAKE_PREFIX_PATH=/opt/ros/jazzy /usr/bin/cmake --install /bumperbot/build/bumperbot_bringup
[1.046s] -- Install configuration: ""
[1.046s] -- Installing: /bumperbot/install/bumperbot_bringup/share/bumperbot_bringup/config
[1.046s] -- Installing: /bumperbot/install/bumperbot_bringup/share/bumperbot_bringup/config/rplidar_a1.yaml
[1.046s] -- Installing: /bumperbot/install/bumperbot_bringup/share/bumperbot_bringup/launch
[1.046s] -- Installing: /bumperbot/install/bumperbot_bringup/share/bumperbot_bringup/launch/simulated_robot.launch.py
[1.047s] -- Installing: /bumperbot/install/bumperbot_bringup/share/bumperbot_bringup/launch/real_robot.launch.py
[1.047s] -- Installing: /bumperbot/install/bumperbot_bringup/share/ament_index/resource_index/package_run_dependencies/bumperbot_bringup
[1.047s] -- Installing: /bumperbot/install/bumperbot_bringup/share/ament_index/resource_index/parent_prefix_path/bumperbot_bringup
[1.047s] -- Installing: /bumperbot/install/bumperbot_bringup/share/bumperbot_bringup/environment/ament_prefix_path.sh
[1.047s] -- Installing: /bumperbot/install/bumperbot_bringup/share/bumperbot_bringup/environment/ament_prefix_path.dsv
[1.047s] -- Installing: /bumperbot/install/bumperbot_bringup/share/bumperbot_bringup/environment/path.sh
[1.048s] -- Installing: /bumperbot/install/bumperbot_bringup/share/bumperbot_bringup/environment/path.dsv
[1.048s] -- Installing: /bumperbot/install/bumperbot_bringup/share/bumperbot_bringup/local_setup.bash
[1.048s] -- Installing: /bumperbot/install/bumperbot_bringup/share/bumperbot_bringup/local_setup.sh
[1.048s] -- Installing: /bumperbot/install/bumperbot_bringup/share/bumperbot_bringup/local_setup.zsh
[1.048s] -- Installing: /bumperbot/install/bumperbot_bringup/share/bumperbot_bringup/local_setup.dsv
[1.048s] -- Installing: /bumperbot/install/bumperbot_bringup/share/bumperbot_bringup/package.dsv
[1.048s] -- Installing: /bumperbot/install/bumperbot_bringup/share/ament_index/resource_index/packages/bumperbot_bringup
[1.049s] -- Installing: /bumperbot/install/bumperbot_bringup/share/bumperbot_bringup/cmake/bumperbot_bringupConfig.cmake
[1.049s] -- Installing: /bumperbot/install/bumperbot_bringup/share/bumperbot_bringup/cmake/bumperbot_bringupConfig-version.cmake
[1.049s] -- Installing: /bumperbot/install/bumperbot_bringup/share/bumperbot_bringup/package.xml
[1.051s] Invoked command in '/bumperbot/build/bumperbot_bringup' returned '0': CMAKE_PREFIX_PATH=/opt/ros/jazzy /usr/bin/cmake --install /bumperbot/build/bumperbot_bringup
