[0.027s] Invoking command in '/bumperbot_ws/build/bumperbot_planning': CMAKE_PREFIX_PATH=${CMAKE_PREFIX_PATH}:/opt/ros/jazzy /usr/bin/cmake --build /bumperbot_ws/build/bumperbot_planning -- -j16 -l16
[0.240s] [ 25%] [32mBuilding CXX object CMakeFiles/a_star_planner.dir/src/a_star_planner.cpp.o[0m
[0.240s] [ 25%] Built target ament_cmake_python_copy_bumperbot_planning
[0.240s] [ 75%] Built target dijkstra_planner
[0.426s] running egg_info
[0.445s] writing bumperbot_planning.egg-info/PKG-INFO
[0.446s] writing dependency_links to bumperbot_planning.egg-info/dependency_links.txt
[0.446s] writing top-level names to bumperbot_planning.egg-info/top_level.txt
[0.510s] reading manifest file 'bumperbot_planning.egg-info/SOURCES.txt'
[0.510s] writing manifest file 'bumperbot_planning.egg-info/SOURCES.txt'
[0.564s] [ 75%] Built target ament_cmake_python_build_bumperbot_planning_egg
[4.831s] [100%] [32m[1mLinking CXX shared library liba_star_planner.so[0m
[5.079s] [100%] Built target a_star_planner
[5.089s] Invoked command in '/bumperbot_ws/build/bumperbot_planning' returned '0': CMAKE_PREFIX_PATH=${CMAKE_PREFIX_PATH}:/opt/ros/jazzy /usr/bin/cmake --build /bumperbot_ws/build/bumperbot_planning -- -j16 -l16
[5.089s] Invoking command in '/bumperbot_ws/build/bumperbot_planning': CMAKE_PREFIX_PATH=${CMAKE_PREFIX_PATH}:/opt/ros/jazzy /usr/bin/cmake --install /bumperbot_ws/build/bumperbot_planning
[5.096s] -- Install configuration: ""
[5.096s] -- Up-to-date: /bumperbot_ws/install/bumperbot_planning/share/bumperbot_planning/environment/pythonpath.sh
[5.096s] -- Up-to-date: /bumperbot_ws/install/bumperbot_planning/share/bumperbot_planning/environment/pythonpath.dsv
[5.096s] -- Up-to-date: /bumperbot_ws/install/bumperbot_planning/lib/python3.12/site-packages/bumperbot_planning-0.0.0-py3.12.egg-info
[5.097s] -- Installing: /bumperbot_ws/install/bumperbot_planning/lib/python3.12/site-packages/bumperbot_planning-0.0.0-py3.12.egg-info/top_level.txt
[5.097s] -- Installing: /bumperbot_ws/install/bumperbot_planning/lib/python3.12/site-packages/bumperbot_planning-0.0.0-py3.12.egg-info/PKG-INFO
[5.097s] -- Installing: /bumperbot_ws/install/bumperbot_planning/lib/python3.12/site-packages/bumperbot_planning-0.0.0-py3.12.egg-info/SOURCES.txt
[5.097s] -- Installing: /bumperbot_ws/install/bumperbot_planning/lib/python3.12/site-packages/bumperbot_planning-0.0.0-py3.12.egg-info/dependency_links.txt
[5.097s] -- Up-to-date: /bumperbot_ws/install/bumperbot_planning/lib/python3.12/site-packages/bumperbot_planning
[5.097s] -- Up-to-date: /bumperbot_ws/install/bumperbot_planning/lib/python3.12/site-packages/bumperbot_planning/a_star_planner.py
[5.097s] -- Up-to-date: /bumperbot_ws/install/bumperbot_planning/lib/python3.12/site-packages/bumperbot_planning/__init__.py
[5.097s] -- Up-to-date: /bumperbot_ws/install/bumperbot_planning/lib/python3.12/site-packages/bumperbot_planning/dijkstra_planner.py
[5.129s] Listing '/bumperbot_ws/install/bumperbot_planning/lib/python3.12/site-packages/bumperbot_planning'...
[5.134s] -- Up-to-date: /bumperbot_ws/install/bumperbot_planning/share/bumperbot_planning/global_planner_plugins.xml
[5.134s] -- Up-to-date: /bumperbot_ws/install/bumperbot_planning/lib/libdijkstra_planner.so
[5.134s] -- Installing: /bumperbot_ws/install/bumperbot_planning/lib/liba_star_planner.so
[5.135s] -- Set non-toolchain portion of runtime path of "/bumperbot_ws/install/bumperbot_planning/lib/liba_star_planner.so" to ""
[5.135s] -- Up-to-date: /bumperbot_ws/install/bumperbot_planning/include/include
[5.135s] -- Up-to-date: /bumperbot_ws/install/bumperbot_planning/include/include/bumperbot_planning
[5.135s] -- Up-to-date: /bumperbot_ws/install/bumperbot_planning/include/include/bumperbot_planning/dijkstra_planner.hpp
[5.135s] -- Installing: /bumperbot_ws/install/bumperbot_planning/include/include/bumperbot_planning/a_star_planner.hpp
[5.135s] -- Up-to-date: /bumperbot_ws/install/bumperbot_planning/share/bumperbot_planning/global_planner_plugins.xml
[5.135s] -- Up-to-date: /bumperbot_ws/install/bumperbot_planning/lib/bumperbot_planning/a_star_planner.py
[5.135s] -- Up-to-date: /bumperbot_ws/install/bumperbot_planning/lib/bumperbot_planning/dijkstra_planner.py
[5.136s] -- Up-to-date: /bumperbot_ws/install/bumperbot_planning/share/bumperbot_planning/environment/library_path.sh
[5.136s] -- Up-to-date: /bumperbot_ws/install/bumperbot_planning/share/bumperbot_planning/environment/library_path.dsv
[5.136s] -- Up-to-date: /bumperbot_ws/install/bumperbot_planning/share/ament_index/resource_index/package_run_dependencies/bumperbot_planning
[5.136s] -- Up-to-date: /bumperbot_ws/install/bumperbot_planning/share/ament_index/resource_index/parent_prefix_path/bumperbot_planning
[5.136s] -- Up-to-date: /bumperbot_ws/install/bumperbot_planning/share/bumperbot_planning/environment/ament_prefix_path.sh
[5.136s] -- Up-to-date: /bumperbot_ws/install/bumperbot_planning/share/bumperbot_planning/environment/ament_prefix_path.dsv
[5.136s] -- Up-to-date: /bumperbot_ws/install/bumperbot_planning/share/bumperbot_planning/environment/path.sh
[5.136s] -- Up-to-date: /bumperbot_ws/install/bumperbot_planning/share/bumperbot_planning/environment/path.dsv
[5.136s] -- Up-to-date: /bumperbot_ws/install/bumperbot_planning/share/bumperbot_planning/local_setup.bash
[5.136s] -- Up-to-date: /bumperbot_ws/install/bumperbot_planning/share/bumperbot_planning/local_setup.sh
[5.136s] -- Up-to-date: /bumperbot_ws/install/bumperbot_planning/share/bumperbot_planning/local_setup.zsh
[5.136s] -- Up-to-date: /bumperbot_ws/install/bumperbot_planning/share/bumperbot_planning/local_setup.dsv
[5.136s] -- Installing: /bumperbot_ws/install/bumperbot_planning/share/bumperbot_planning/package.dsv
[5.136s] -- Up-to-date: /bumperbot_ws/install/bumperbot_planning/share/ament_index/resource_index/packages/bumperbot_planning
[5.136s] -- Up-to-date: /bumperbot_ws/install/bumperbot_planning/share/ament_index/resource_index/nav2_core__pluginlib__plugin/bumperbot_planning
[5.136s] -- Up-to-date: /bumperbot_ws/install/bumperbot_planning/share/bumperbot_planning/cmake/ament_cmake_export_include_directories-extras.cmake
[5.136s] -- Up-to-date: /bumperbot_ws/install/bumperbot_planning/share/bumperbot_planning/cmake/ament_cmake_export_libraries-extras.cmake
[5.136s] -- Up-to-date: /bumperbot_ws/install/bumperbot_planning/share/bumperbot_planning/cmake/ament_cmake_export_dependencies-extras.cmake
[5.136s] -- Up-to-date: /bumperbot_ws/install/bumperbot_planning/share/bumperbot_planning/cmake/bumperbot_planningConfig.cmake
[5.137s] -- Up-to-date: /bumperbot_ws/install/bumperbot_planning/share/bumperbot_planning/cmake/bumperbot_planningConfig-version.cmake
[5.137s] -- Up-to-date: /bumperbot_ws/install/bumperbot_planning/share/bumperbot_planning/package.xml
[5.137s] Invoked command in '/bumperbot_ws/build/bumperbot_planning' returned '0': CMAKE_PREFIX_PATH=${CMAKE_PREFIX_PATH}:/opt/ros/jazzy /usr/bin/cmake --install /bumperbot_ws/build/bumperbot_planning
