[0.101s] DEBUG:colcon:Command line arguments: ['/usr/bin/colcon', 'build']
[0.101s] DEBUG:colcon:Parsed command line arguments: Namespace(log_base=None, log_level=None, verb_name='build', build_base='build', install_base='install', merge_install=False, symlink_install=False, test_result_base=None, continue_on_error=False, executor='parallel', parallel_workers=8, event_handlers=None, ignore_user_meta=False, metas=['./colcon.meta'], base_paths=['.'], packages_ignore=None, packages_ignore_regex=None, paths=None, packages_up_to=None, packages_up_to_regex=None, packages_above=None, packages_above_and_dependencies=None, packages_above_depth=None, packages_select_by_dep=None, packages_skip_by_dep=None, packages_skip_up_to=None, packages_select_build_failed=False, packages_skip_build_finished=False, packages_select_test_failures=False, packages_skip_test_passed=False, packages_select=None, packages_skip=None, packages_select_regex=None, packages_skip_regex=None, packages_start=None, packages_end=None, cmake_args=None, cmake_target=None, cmake_target_skip_unavailable=False, cmake_clean_cache=False, cmake_clean_first=False, cmake_force_configure=False, ament_cmake_args=None, catkin_cmake_args=None, catkin_skip_building_tests=False, mixin_files=None, mixin=None, verb_parser=<colcon_mixin.mixin.mixin_argument.MixinArgumentDecorator object at 0x7f1ee62b33e0>, verb_extension=<colcon_core.verb.build.BuildVerb object at 0x7f1ee62b3020>, main=<bound method BuildVerb.main of <colcon_core.verb.build.BuildVerb object at 0x7f1ee62b3020>>, mixin_verb=('build',))
[0.139s] Level 1:colcon.colcon_core.package_discovery:discover_packages(colcon_meta) check parameters
[0.139s] Level 1:colcon.colcon_core.package_discovery:discover_packages(recursive) check parameters
[0.139s] Level 1:colcon.colcon_core.package_discovery:discover_packages(ignore) check parameters
[0.139s] Level 1:colcon.colcon_core.package_discovery:discover_packages(path) check parameters
[0.139s] Level 1:colcon.colcon_core.package_discovery:discover_packages(colcon_meta) discover
[0.139s] Level 1:colcon.colcon_core.package_discovery:discover_packages(recursive) discover
[0.140s] INFO:colcon.colcon_core.package_discovery:Crawling recursively for packages in '/bumperbot'
[0.140s] Level 1:colcon.colcon_core.package_identification:_identify(.) by extensions ['ignore', 'ignore_ament_install']
[0.140s] Level 1:colcon.colcon_core.package_identification:_identify(.) by extension 'ignore'
[0.140s] Level 1:colcon.colcon_core.package_identification:_identify(.) by extension 'ignore_ament_install'
[0.140s] Level 1:colcon.colcon_core.package_identification:_identify(.) by extensions ['colcon_pkg']
[0.140s] Level 1:colcon.colcon_core.package_identification:_identify(.) by extension 'colcon_pkg'
[0.140s] Level 1:colcon.colcon_core.package_identification:_identify(.) by extensions ['colcon_meta']
[0.140s] Level 1:colcon.colcon_core.package_identification:_identify(.) by extension 'colcon_meta'
[0.140s] Level 1:colcon.colcon_core.package_identification:_identify(.) by extensions ['ros']
[0.140s] Level 1:colcon.colcon_core.package_identification:_identify(.) by extension 'ros'
[0.167s] Level 1:colcon.colcon_core.package_identification:_identify(.) by extensions ['cmake', 'python']
[0.167s] Level 1:colcon.colcon_core.package_identification:_identify(.) by extension 'cmake'
[0.167s] Level 1:colcon.colcon_core.package_identification:_identify(.) by extension 'python'
[0.167s] Level 1:colcon.colcon_core.package_identification:_identify(.) by extensions ['python_setup_py']
[0.167s] Level 1:colcon.colcon_core.package_identification:_identify(.) by extension 'python_setup_py'
[0.168s] Level 1:colcon.colcon_core.package_identification:_identify(build) by extensions ['ignore', 'ignore_ament_install']
[0.168s] Level 1:colcon.colcon_core.package_identification:_identify(build) by extension 'ignore'
[0.168s] Level 1:colcon.colcon_core.package_identification:_identify(build) ignored
[0.168s] Level 1:colcon.colcon_core.package_identification:_identify(install) by extensions ['ignore', 'ignore_ament_install']
[0.168s] Level 1:colcon.colcon_core.package_identification:_identify(install) by extension 'ignore'
[0.168s] Level 1:colcon.colcon_core.package_identification:_identify(install) ignored
[0.168s] Level 1:colcon.colcon_core.package_identification:_identify(log) by extensions ['ignore', 'ignore_ament_install']
[0.168s] Level 1:colcon.colcon_core.package_identification:_identify(log) by extension 'ignore'
[0.168s] Level 1:colcon.colcon_core.package_identification:_identify(log) ignored
[0.168s] Level 1:colcon.colcon_core.package_identification:_identify(src) by extensions ['ignore', 'ignore_ament_install']
[0.169s] Level 1:colcon.colcon_core.package_identification:_identify(src) by extension 'ignore'
[0.169s] Level 1:colcon.colcon_core.package_identification:_identify(src) by extension 'ignore_ament_install'
[0.169s] Level 1:colcon.colcon_core.package_identification:_identify(src) by extensions ['colcon_pkg']
[0.169s] Level 1:colcon.colcon_core.package_identification:_identify(src) by extension 'colcon_pkg'
[0.169s] Level 1:colcon.colcon_core.package_identification:_identify(src) by extensions ['colcon_meta']
[0.169s] Level 1:colcon.colcon_core.package_identification:_identify(src) by extension 'colcon_meta'
[0.169s] Level 1:colcon.colcon_core.package_identification:_identify(src) by extensions ['ros']
[0.169s] Level 1:colcon.colcon_core.package_identification:_identify(src) by extension 'ros'
[0.169s] Level 1:colcon.colcon_core.package_identification:_identify(src) by extensions ['cmake', 'python']
[0.169s] Level 1:colcon.colcon_core.package_identification:_identify(src) by extension 'cmake'
[0.169s] Level 1:colcon.colcon_core.package_identification:_identify(src) by extension 'python'
[0.169s] Level 1:colcon.colcon_core.package_identification:_identify(src) by extensions ['python_setup_py']
[0.169s] Level 1:colcon.colcon_core.package_identification:_identify(src) by extension 'python_setup_py'
[0.169s] Level 1:colcon.colcon_core.package_identification:_identify(src/bumperbot_bringup) by extensions ['ignore', 'ignore_ament_install']
[0.169s] Level 1:colcon.colcon_core.package_identification:_identify(src/bumperbot_bringup) by extension 'ignore'
[0.169s] Level 1:colcon.colcon_core.package_identification:_identify(src/bumperbot_bringup) by extension 'ignore_ament_install'
[0.169s] Level 1:colcon.colcon_core.package_identification:_identify(src/bumperbot_bringup) by extensions ['colcon_pkg']
[0.170s] Level 1:colcon.colcon_core.package_identification:_identify(src/bumperbot_bringup) by extension 'colcon_pkg'
[0.170s] Level 1:colcon.colcon_core.package_identification:_identify(src/bumperbot_bringup) by extensions ['colcon_meta']
[0.170s] Level 1:colcon.colcon_core.package_identification:_identify(src/bumperbot_bringup) by extension 'colcon_meta'
[0.170s] Level 1:colcon.colcon_core.package_identification:_identify(src/bumperbot_bringup) by extensions ['ros']
[0.170s] Level 1:colcon.colcon_core.package_identification:_identify(src/bumperbot_bringup) by extension 'ros'
[0.173s] DEBUG:colcon.colcon_core.package_identification:Package 'src/bumperbot_bringup' with type 'ros.ament_cmake' and name 'bumperbot_bringup'
[0.174s] Level 1:colcon.colcon_core.package_identification:_identify(src/bumperbot_description) by extensions ['ignore', 'ignore_ament_install']
[0.174s] Level 1:colcon.colcon_core.package_identification:_identify(src/bumperbot_description) by extension 'ignore'
[0.174s] Level 1:colcon.colcon_core.package_identification:_identify(src/bumperbot_description) by extension 'ignore_ament_install'
[0.174s] Level 1:colcon.colcon_core.package_identification:_identify(src/bumperbot_description) by extensions ['colcon_pkg']
[0.174s] Level 1:colcon.colcon_core.package_identification:_identify(src/bumperbot_description) by extension 'colcon_pkg'
[0.174s] Level 1:colcon.colcon_core.package_identification:_identify(src/bumperbot_description) by extensions ['colcon_meta']
[0.174s] Level 1:colcon.colcon_core.package_identification:_identify(src/bumperbot_description) by extension 'colcon_meta'
[0.174s] Level 1:colcon.colcon_core.package_identification:_identify(src/bumperbot_description) by extensions ['ros']
[0.174s] Level 1:colcon.colcon_core.package_identification:_identify(src/bumperbot_description) by extension 'ros'
[0.178s] DEBUG:colcon.colcon_core.package_identification:Package 'src/bumperbot_description' with type 'ros.ament_cmake' and name 'bumperbot_description'
[0.178s] Level 1:colcon.colcon_core.package_identification:_identify(src/bumperbot_mapping) by extensions ['ignore', 'ignore_ament_install']
[0.179s] Level 1:colcon.colcon_core.package_identification:_identify(src/bumperbot_mapping) by extension 'ignore'
[0.179s] Level 1:colcon.colcon_core.package_identification:_identify(src/bumperbot_mapping) by extension 'ignore_ament_install'
[0.179s] Level 1:colcon.colcon_core.package_identification:_identify(src/bumperbot_mapping) by extensions ['colcon_pkg']
[0.179s] Level 1:colcon.colcon_core.package_identification:_identify(src/bumperbot_mapping) by extension 'colcon_pkg'
[0.179s] Level 1:colcon.colcon_core.package_identification:_identify(src/bumperbot_mapping) by extensions ['colcon_meta']
[0.179s] Level 1:colcon.colcon_core.package_identification:_identify(src/bumperbot_mapping) by extension 'colcon_meta'
[0.179s] Level 1:colcon.colcon_core.package_identification:_identify(src/bumperbot_mapping) by extensions ['ros']
[0.179s] Level 1:colcon.colcon_core.package_identification:_identify(src/bumperbot_mapping) by extension 'ros'
[0.180s] DEBUG:colcon.colcon_core.package_identification:Package 'src/bumperbot_mapping' with type 'ros.ament_cmake' and name 'bumperbot_mapping'
[0.180s] Level 1:colcon.colcon_core.package_identification:_identify(src/bumperbot_planning) by extensions ['ignore', 'ignore_ament_install']
[0.181s] Level 1:colcon.colcon_core.package_identification:_identify(src/bumperbot_planning) by extension 'ignore'
[0.181s] Level 1:colcon.colcon_core.package_identification:_identify(src/bumperbot_planning) by extension 'ignore_ament_install'
[0.181s] Level 1:colcon.colcon_core.package_identification:_identify(src/bumperbot_planning) by extensions ['colcon_pkg']
[0.181s] Level 1:colcon.colcon_core.package_identification:_identify(src/bumperbot_planning) by extension 'colcon_pkg'
[0.181s] Level 1:colcon.colcon_core.package_identification:_identify(src/bumperbot_planning) by extensions ['colcon_meta']
[0.181s] Level 1:colcon.colcon_core.package_identification:_identify(src/bumperbot_planning) by extension 'colcon_meta'
[0.181s] Level 1:colcon.colcon_core.package_identification:_identify(src/bumperbot_planning) by extensions ['ros']
[0.181s] Level 1:colcon.colcon_core.package_identification:_identify(src/bumperbot_planning) by extension 'ros'
[0.183s] DEBUG:colcon.colcon_core.package_identification:Package 'src/bumperbot_planning' with type 'ros.ament_cmake' and name 'bumperbot_planning'
[0.183s] Level 1:colcon.colcon_core.package_discovery:discover_packages(recursive) using defaults
[0.183s] Level 1:colcon.colcon_core.package_discovery:discover_packages(ignore) discover
[0.183s] Level 1:colcon.colcon_core.package_discovery:discover_packages(ignore) using defaults
[0.183s] Level 1:colcon.colcon_core.package_discovery:discover_packages(path) discover
[0.183s] Level 1:colcon.colcon_core.package_discovery:discover_packages(path) using defaults
[0.202s] Level 5:colcon.colcon_core.verb:set package 'bumperbot_description' build argument 'cmake_args' from command line to 'None'
[0.202s] Level 5:colcon.colcon_core.verb:set package 'bumperbot_description' build argument 'cmake_target' from command line to 'None'
[0.202s] Level 5:colcon.colcon_core.verb:set package 'bumperbot_description' build argument 'cmake_target_skip_unavailable' from command line to 'False'
[0.202s] Level 5:colcon.colcon_core.verb:set package 'bumperbot_description' build argument 'cmake_clean_cache' from command line to 'False'
[0.202s] Level 5:colcon.colcon_core.verb:set package 'bumperbot_description' build argument 'cmake_clean_first' from command line to 'False'
[0.202s] Level 5:colcon.colcon_core.verb:set package 'bumperbot_description' build argument 'cmake_force_configure' from command line to 'False'
[0.202s] Level 5:colcon.colcon_core.verb:set package 'bumperbot_description' build argument 'ament_cmake_args' from command line to 'None'
[0.202s] Level 5:colcon.colcon_core.verb:set package 'bumperbot_description' build argument 'catkin_cmake_args' from command line to 'None'
[0.202s] Level 5:colcon.colcon_core.verb:set package 'bumperbot_description' build argument 'catkin_skip_building_tests' from command line to 'False'
[0.202s] DEBUG:colcon.colcon_core.verb:Building package 'bumperbot_description' with the following arguments: {'ament_cmake_args': None, 'build_base': '/bumperbot/build/bumperbot_description', 'catkin_cmake_args': None, 'catkin_skip_building_tests': False, 'cmake_args': None, 'cmake_clean_cache': False, 'cmake_clean_first': False, 'cmake_force_configure': False, 'cmake_target': None, 'cmake_target_skip_unavailable': False, 'install_base': '/bumperbot/install/bumperbot_description', 'merge_install': False, 'path': '/bumperbot/src/bumperbot_description', 'symlink_install': False, 'test_result_base': None}
[0.203s] Level 5:colcon.colcon_core.verb:set package 'bumperbot_mapping' build argument 'cmake_args' from command line to 'None'
[0.203s] Level 5:colcon.colcon_core.verb:set package 'bumperbot_mapping' build argument 'cmake_target' from command line to 'None'
[0.203s] Level 5:colcon.colcon_core.verb:set package 'bumperbot_mapping' build argument 'cmake_target_skip_unavailable' from command line to 'False'
[0.203s] Level 5:colcon.colcon_core.verb:set package 'bumperbot_mapping' build argument 'cmake_clean_cache' from command line to 'False'
[0.203s] Level 5:colcon.colcon_core.verb:set package 'bumperbot_mapping' build argument 'cmake_clean_first' from command line to 'False'
[0.203s] Level 5:colcon.colcon_core.verb:set package 'bumperbot_mapping' build argument 'cmake_force_configure' from command line to 'False'
[0.203s] Level 5:colcon.colcon_core.verb:set package 'bumperbot_mapping' build argument 'ament_cmake_args' from command line to 'None'
[0.203s] Level 5:colcon.colcon_core.verb:set package 'bumperbot_mapping' build argument 'catkin_cmake_args' from command line to 'None'
[0.203s] Level 5:colcon.colcon_core.verb:set package 'bumperbot_mapping' build argument 'catkin_skip_building_tests' from command line to 'False'
[0.203s] DEBUG:colcon.colcon_core.verb:Building package 'bumperbot_mapping' with the following arguments: {'ament_cmake_args': None, 'build_base': '/bumperbot/build/bumperbot_mapping', 'catkin_cmake_args': None, 'catkin_skip_building_tests': False, 'cmake_args': None, 'cmake_clean_cache': False, 'cmake_clean_first': False, 'cmake_force_configure': False, 'cmake_target': None, 'cmake_target_skip_unavailable': False, 'install_base': '/bumperbot/install/bumperbot_mapping', 'merge_install': False, 'path': '/bumperbot/src/bumperbot_mapping', 'symlink_install': False, 'test_result_base': None}
[0.203s] Level 5:colcon.colcon_core.verb:set package 'bumperbot_planning' build argument 'cmake_args' from command line to 'None'
[0.203s] Level 5:colcon.colcon_core.verb:set package 'bumperbot_planning' build argument 'cmake_target' from command line to 'None'
[0.203s] Level 5:colcon.colcon_core.verb:set package 'bumperbot_planning' build argument 'cmake_target_skip_unavailable' from command line to 'False'
[0.203s] Level 5:colcon.colcon_core.verb:set package 'bumperbot_planning' build argument 'cmake_clean_cache' from command line to 'False'
[0.203s] Level 5:colcon.colcon_core.verb:set package 'bumperbot_planning' build argument 'cmake_clean_first' from command line to 'False'
[0.203s] Level 5:colcon.colcon_core.verb:set package 'bumperbot_planning' build argument 'cmake_force_configure' from command line to 'False'
[0.203s] Level 5:colcon.colcon_core.verb:set package 'bumperbot_planning' build argument 'ament_cmake_args' from command line to 'None'
[0.203s] Level 5:colcon.colcon_core.verb:set package 'bumperbot_planning' build argument 'catkin_cmake_args' from command line to 'None'
[0.203s] Level 5:colcon.colcon_core.verb:set package 'bumperbot_planning' build argument 'catkin_skip_building_tests' from command line to 'False'
[0.203s] DEBUG:colcon.colcon_core.verb:Building package 'bumperbot_planning' with the following arguments: {'ament_cmake_args': None, 'build_base': '/bumperbot/build/bumperbot_planning', 'catkin_cmake_args': None, 'catkin_skip_building_tests': False, 'cmake_args': None, 'cmake_clean_cache': False, 'cmake_clean_first': False, 'cmake_force_configure': False, 'cmake_target': None, 'cmake_target_skip_unavailable': False, 'install_base': '/bumperbot/install/bumperbot_planning', 'merge_install': False, 'path': '/bumperbot/src/bumperbot_planning', 'symlink_install': False, 'test_result_base': None}
[0.204s] Level 5:colcon.colcon_core.verb:set package 'bumperbot_bringup' build argument 'cmake_args' from command line to 'None'
[0.204s] Level 5:colcon.colcon_core.verb:set package 'bumperbot_bringup' build argument 'cmake_target' from command line to 'None'
[0.204s] Level 5:colcon.colcon_core.verb:set package 'bumperbot_bringup' build argument 'cmake_target_skip_unavailable' from command line to 'False'
[0.204s] Level 5:colcon.colcon_core.verb:set package 'bumperbot_bringup' build argument 'cmake_clean_cache' from command line to 'False'
[0.204s] Level 5:colcon.colcon_core.verb:set package 'bumperbot_bringup' build argument 'cmake_clean_first' from command line to 'False'
[0.204s] Level 5:colcon.colcon_core.verb:set package 'bumperbot_bringup' build argument 'cmake_force_configure' from command line to 'False'
[0.204s] Level 5:colcon.colcon_core.verb:set package 'bumperbot_bringup' build argument 'ament_cmake_args' from command line to 'None'
[0.204s] Level 5:colcon.colcon_core.verb:set package 'bumperbot_bringup' build argument 'catkin_cmake_args' from command line to 'None'
[0.204s] Level 5:colcon.colcon_core.verb:set package 'bumperbot_bringup' build argument 'catkin_skip_building_tests' from command line to 'False'
[0.204s] DEBUG:colcon.colcon_core.verb:Building package 'bumperbot_bringup' with the following arguments: {'ament_cmake_args': None, 'build_base': '/bumperbot/build/bumperbot_bringup', 'catkin_cmake_args': None, 'catkin_skip_building_tests': False, 'cmake_args': None, 'cmake_clean_cache': False, 'cmake_clean_first': False, 'cmake_force_configure': False, 'cmake_target': None, 'cmake_target_skip_unavailable': False, 'install_base': '/bumperbot/install/bumperbot_bringup', 'merge_install': False, 'path': '/bumperbot/src/bumperbot_bringup', 'symlink_install': False, 'test_result_base': None}
[0.204s] INFO:colcon.colcon_core.executor:Executing jobs using 'parallel' executor
[0.205s] DEBUG:colcon.colcon_parallel_executor.executor.parallel:run_until_complete
[0.206s] INFO:colcon.colcon_ros.task.ament_cmake.build:Building ROS package in '/bumperbot/src/bumperbot_description' with build type 'ament_cmake'
[0.206s] INFO:colcon.colcon_cmake.task.cmake.build:Building CMake package in '/bumperbot/src/bumperbot_description'
[0.209s] INFO:colcon.colcon_core.plugin_system:Skipping extension 'colcon_core.shell.bat': Not used on non-Windows systems
[0.209s] INFO:colcon.colcon_core.shell:Skip shell extension 'powershell' for command environment: Not usable outside of PowerShell
[0.209s] DEBUG:colcon.colcon_core.shell:Skip shell extension 'dsv' for command environment
[0.214s] INFO:colcon.colcon_ros.task.ament_cmake.build:Building ROS package in '/bumperbot/src/bumperbot_mapping' with build type 'ament_cmake'
[0.214s] INFO:colcon.colcon_cmake.task.cmake.build:Building CMake package in '/bumperbot/src/bumperbot_mapping'
[0.214s] INFO:colcon.colcon_core.shell:Skip shell extension 'powershell' for command environment: Not usable outside of PowerShell
[0.214s] DEBUG:colcon.colcon_core.shell:Skip shell extension 'dsv' for command environment
[0.219s] INFO:colcon.colcon_ros.task.ament_cmake.build:Building ROS package in '/bumperbot/src/bumperbot_planning' with build type 'ament_cmake'
[0.219s] INFO:colcon.colcon_cmake.task.cmake.build:Building CMake package in '/bumperbot/src/bumperbot_planning'
[0.219s] INFO:colcon.colcon_core.shell:Skip shell extension 'powershell' for command environment: Not usable outside of PowerShell
[0.219s] DEBUG:colcon.colcon_core.shell:Skip shell extension 'dsv' for command environment
[0.226s] DEBUG:colcon.colcon_core.event_handler.log_command:Invoking command in '/bumperbot/build/bumperbot_description': CMAKE_PREFIX_PATH=${CMAKE_PREFIX_PATH}:/opt/ros/jazzy /usr/bin/cmake --build /bumperbot/build/bumperbot_description -- -j8 -l8
[0.230s] DEBUG:colcon.colcon_core.event_handler.log_command:Invoking command in '/bumperbot/build/bumperbot_mapping': CMAKE_PREFIX_PATH=${CMAKE_PREFIX_PATH}:/opt/ros/jazzy /usr/bin/cmake --build /bumperbot/build/bumperbot_mapping -- -j8 -l8
[0.234s] DEBUG:colcon.colcon_core.event_handler.log_command:Invoking command in '/bumperbot/build/bumperbot_planning': CMAKE_PREFIX_PATH=${CMAKE_PREFIX_PATH}:/opt/ros/jazzy /usr/bin/cmake --build /bumperbot/build/bumperbot_planning -- -j8 -l8
[0.271s] DEBUG:colcon.colcon_core.event_handler.log_command:Invoked command in '/bumperbot/build/bumperbot_description' returned '0': CMAKE_PREFIX_PATH=${CMAKE_PREFIX_PATH}:/opt/ros/jazzy /usr/bin/cmake --build /bumperbot/build/bumperbot_description -- -j8 -l8
[0.281s] DEBUG:colcon.colcon_core.event_handler.log_command:Invoking command in '/bumperbot/build/bumperbot_description': CMAKE_PREFIX_PATH=${CMAKE_PREFIX_PATH}:/opt/ros/jazzy /usr/bin/cmake --install /bumperbot/build/bumperbot_description
[0.327s] Level 1:colcon.colcon_core.environment:create_environment_scripts_only(bumperbot_description)
[0.338s] Level 1:colcon.colcon_core.environment:checking '/bumperbot/install/bumperbot_description' for CMake module files
[0.346s] Level 1:colcon.colcon_core.environment:checking '/bumperbot/install/bumperbot_description' for CMake config files
[0.346s] Level 1:colcon.colcon_core.shell:create_environment_hook('bumperbot_description', 'cmake_prefix_path')
[0.347s] INFO:colcon.colcon_core.shell:Creating environment hook '/bumperbot/install/bumperbot_description/share/bumperbot_description/hook/cmake_prefix_path.ps1'
[0.348s] INFO:colcon.colcon_core.shell:Creating environment descriptor '/bumperbot/install/bumperbot_description/share/bumperbot_description/hook/cmake_prefix_path.dsv'
[0.349s] INFO:colcon.colcon_core.shell:Creating environment hook '/bumperbot/install/bumperbot_description/share/bumperbot_description/hook/cmake_prefix_path.sh'
[0.350s] Level 1:colcon.colcon_core.environment:checking '/bumperbot/install/bumperbot_description/bin'
[0.350s] Level 1:colcon.colcon_core.environment:checking '/bumperbot/install/bumperbot_description/lib/pkgconfig/bumperbot_description.pc'
[0.353s] Level 1:colcon.colcon_core.environment:checking '/bumperbot/install/bumperbot_description/lib/python3.12/site-packages'
[0.354s] Level 1:colcon.colcon_core.environment:checking '/bumperbot/install/bumperbot_description/bin'
[0.354s] INFO:colcon.colcon_core.shell:Creating package script '/bumperbot/install/bumperbot_description/share/bumperbot_description/package.ps1'
[0.356s] INFO:colcon.colcon_core.shell:Creating package descriptor '/bumperbot/install/bumperbot_description/share/bumperbot_description/package.dsv'
[0.357s] INFO:colcon.colcon_core.shell:Creating package script '/bumperbot/install/bumperbot_description/share/bumperbot_description/package.sh'
[0.358s] INFO:colcon.colcon_core.shell:Creating package script '/bumperbot/install/bumperbot_description/share/bumperbot_description/package.bash'
[0.360s] INFO:colcon.colcon_core.shell:Creating package script '/bumperbot/install/bumperbot_description/share/bumperbot_description/package.zsh'
[0.361s] Level 1:colcon.colcon_core.environment:create_file_with_runtime_dependencies(/bumperbot/install/bumperbot_description/share/colcon-core/packages/bumperbot_description)
[0.363s] Level 1:colcon.colcon_core.environment:create_environment_scripts_only(bumperbot_description)
[0.363s] Level 1:colcon.colcon_core.environment:checking '/bumperbot/install/bumperbot_description' for CMake module files
[0.367s] Level 1:colcon.colcon_core.environment:checking '/bumperbot/install/bumperbot_description' for CMake config files
[0.370s] Level 1:colcon.colcon_core.shell:create_environment_hook('bumperbot_description', 'cmake_prefix_path')
[0.370s] INFO:colcon.colcon_core.shell:Creating environment hook '/bumperbot/install/bumperbot_description/share/bumperbot_description/hook/cmake_prefix_path.ps1'
[0.371s] INFO:colcon.colcon_core.shell:Creating environment descriptor '/bumperbot/install/bumperbot_description/share/bumperbot_description/hook/cmake_prefix_path.dsv'
[0.372s] INFO:colcon.colcon_core.shell:Creating environment hook '/bumperbot/install/bumperbot_description/share/bumperbot_description/hook/cmake_prefix_path.sh'
[0.374s] Level 1:colcon.colcon_core.environment:checking '/bumperbot/install/bumperbot_description/bin'
[0.374s] Level 1:colcon.colcon_core.environment:checking '/bumperbot/install/bumperbot_description/lib/pkgconfig/bumperbot_description.pc'
[0.375s] Level 1:colcon.colcon_core.environment:checking '/bumperbot/install/bumperbot_description/lib/python3.12/site-packages'
[0.375s] Level 1:colcon.colcon_core.environment:checking '/bumperbot/install/bumperbot_description/bin'
[0.375s] INFO:colcon.colcon_core.shell:Creating package script '/bumperbot/install/bumperbot_description/share/bumperbot_description/package.ps1'
[0.377s] INFO:colcon.colcon_core.shell:Creating package descriptor '/bumperbot/install/bumperbot_description/share/bumperbot_description/package.dsv'
[0.378s] INFO:colcon.colcon_core.shell:Creating package script '/bumperbot/install/bumperbot_description/share/bumperbot_description/package.sh'
[0.379s] INFO:colcon.colcon_core.shell:Creating package script '/bumperbot/install/bumperbot_description/share/bumperbot_description/package.bash'
[0.380s] INFO:colcon.colcon_core.shell:Creating package script '/bumperbot/install/bumperbot_description/share/bumperbot_description/package.zsh'
[0.381s] Level 1:colcon.colcon_core.environment:create_file_with_runtime_dependencies(/bumperbot/install/bumperbot_description/share/colcon-core/packages/bumperbot_description)
[0.420s] Level 1:colcon.colcon_core.environment:create_environment_scripts_only(bumperbot_planning)
[0.420s] Level 1:colcon.colcon_core.environment:checking '/bumperbot/install/bumperbot_planning' for CMake module files
[0.424s] Level 1:colcon.colcon_core.environment:checking '/bumperbot/install/bumperbot_planning' for CMake config files
[0.471s] Level 1:colcon.colcon_core.shell:create_environment_hook('bumperbot_planning', 'cmake_prefix_path')
[0.472s] INFO:colcon.colcon_core.shell:Creating environment hook '/bumperbot/install/bumperbot_planning/share/bumperbot_planning/hook/cmake_prefix_path.ps1'
[0.472s] INFO:colcon.colcon_core.shell:Creating environment descriptor '/bumperbot/install/bumperbot_planning/share/bumperbot_planning/hook/cmake_prefix_path.dsv'
[0.473s] INFO:colcon.colcon_core.shell:Creating environment hook '/bumperbot/install/bumperbot_planning/share/bumperbot_planning/hook/cmake_prefix_path.sh'
[0.476s] Level 1:colcon.colcon_core.environment:checking '/bumperbot/install/bumperbot_planning/lib'
[0.477s] Level 1:colcon.colcon_core.environment:checking '/bumperbot/install/bumperbot_planning/bin'
[0.477s] Level 1:colcon.colcon_core.environment:checking '/bumperbot/install/bumperbot_planning/lib/pkgconfig/bumperbot_planning.pc'
[0.477s] Level 1:colcon.colcon_core.environment:checking '/bumperbot/install/bumperbot_planning/lib/python3.12/site-packages'
[0.478s] Level 1:colcon.colcon_core.environment:checking '/bumperbot/install/bumperbot_planning/bin'
[0.478s] INFO:colcon.colcon_core.shell:Creating package script '/bumperbot/install/bumperbot_planning/share/bumperbot_planning/package.ps1'
[0.479s] INFO:colcon.colcon_core.shell:Creating package descriptor '/bumperbot/install/bumperbot_planning/share/bumperbot_planning/package.dsv'
[0.479s] INFO:colcon.colcon_core.shell:Creating package script '/bumperbot/install/bumperbot_planning/share/bumperbot_planning/package.sh'
[0.480s] INFO:colcon.colcon_core.shell:Creating package script '/bumperbot/install/bumperbot_planning/share/bumperbot_planning/package.bash'
[0.480s] INFO:colcon.colcon_core.shell:Creating package script '/bumperbot/install/bumperbot_planning/share/bumperbot_planning/package.zsh'
[0.481s] Level 1:colcon.colcon_core.environment:create_file_with_runtime_dependencies(/bumperbot/install/bumperbot_planning/share/colcon-core/packages/bumperbot_planning)
[0.481s] Level 1:colcon.colcon_core.environment:create_environment_scripts_only(bumperbot_planning)
[0.481s] Level 1:colcon.colcon_core.environment:checking '/bumperbot/install/bumperbot_planning' for CMake module files
[0.482s] Level 1:colcon.colcon_core.environment:checking '/bumperbot/install/bumperbot_planning' for CMake config files
[0.483s] Level 1:colcon.colcon_core.shell:create_environment_hook('bumperbot_planning', 'cmake_prefix_path')
[0.483s] INFO:colcon.colcon_core.shell:Creating environment hook '/bumperbot/install/bumperbot_planning/share/bumperbot_planning/hook/cmake_prefix_path.ps1'
[0.484s] INFO:colcon.colcon_core.shell:Creating environment descriptor '/bumperbot/install/bumperbot_planning/share/bumperbot_planning/hook/cmake_prefix_path.dsv'
[0.484s] INFO:colcon.colcon_core.shell:Creating environment hook '/bumperbot/install/bumperbot_planning/share/bumperbot_planning/hook/cmake_prefix_path.sh'
[0.485s] Level 1:colcon.colcon_core.environment:checking '/bumperbot/install/bumperbot_planning/lib'
[0.485s] Level 1:colcon.colcon_core.environment:checking '/bumperbot/install/bumperbot_planning/bin'
[0.485s] Level 1:colcon.colcon_core.environment:checking '/bumperbot/install/bumperbot_planning/lib/pkgconfig/bumperbot_planning.pc'
[0.486s] Level 1:colcon.colcon_core.environment:checking '/bumperbot/install/bumperbot_planning/lib/python3.12/site-packages'
[0.486s] Level 1:colcon.colcon_core.environment:checking '/bumperbot/install/bumperbot_planning/bin'
[0.486s] INFO:colcon.colcon_core.shell:Creating package script '/bumperbot/install/bumperbot_planning/share/bumperbot_planning/package.ps1'
[0.487s] INFO:colcon.colcon_core.shell:Creating package descriptor '/bumperbot/install/bumperbot_planning/share/bumperbot_planning/package.dsv'
[0.487s] INFO:colcon.colcon_core.shell:Creating package script '/bumperbot/install/bumperbot_planning/share/bumperbot_planning/package.sh'
[0.488s] INFO:colcon.colcon_core.shell:Creating package script '/bumperbot/install/bumperbot_planning/share/bumperbot_planning/package.bash'
[0.488s] INFO:colcon.colcon_core.shell:Creating package script '/bumperbot/install/bumperbot_planning/share/bumperbot_planning/package.zsh'
[0.489s] Level 1:colcon.colcon_core.environment:create_file_with_runtime_dependencies(/bumperbot/install/bumperbot_planning/share/colcon-core/packages/bumperbot_planning)
[0.526s] DEBUG:colcon.colcon_core.event_handler.log_command:Invoked command in '/bumperbot/build/bumperbot_description' returned '0': CMAKE_PREFIX_PATH=${CMAKE_PREFIX_PATH}:/opt/ros/jazzy /usr/bin/cmake --install /bumperbot/build/bumperbot_description
[0.527s] DEBUG:colcon.colcon_core.event_handler.log_command:Invoked command in '/bumperbot/build/bumperbot_planning' returned '0': CMAKE_PREFIX_PATH=${CMAKE_PREFIX_PATH}:/opt/ros/jazzy /usr/bin/cmake --build /bumperbot/build/bumperbot_planning -- -j8 -l8
[0.527s] DEBUG:colcon.colcon_core.event_handler.log_command:Invoking command in '/bumperbot/build/bumperbot_planning': CMAKE_PREFIX_PATH=${CMAKE_PREFIX_PATH}:/opt/ros/jazzy /usr/bin/cmake --install /bumperbot/build/bumperbot_planning
[0.530s] DEBUG:colcon.colcon_core.event_handler.log_command:Invoked command in '/bumperbot/build/bumperbot_planning' returned '0': CMAKE_PREFIX_PATH=${CMAKE_PREFIX_PATH}:/opt/ros/jazzy /usr/bin/cmake --install /bumperbot/build/bumperbot_planning
[0.724s] DEBUG:colcon.colcon_core.event_handler.log_command:Invoked command in '/bumperbot/build/bumperbot_mapping' returned '0': CMAKE_PREFIX_PATH=${CMAKE_PREFIX_PATH}:/opt/ros/jazzy /usr/bin/cmake --build /bumperbot/build/bumperbot_mapping -- -j8 -l8
[0.725s] DEBUG:colcon.colcon_core.event_handler.log_command:Invoking command in '/bumperbot/build/bumperbot_mapping': CMAKE_PREFIX_PATH=${CMAKE_PREFIX_PATH}:/opt/ros/jazzy /usr/bin/cmake --install /bumperbot/build/bumperbot_mapping
[0.804s] Level 1:colcon.colcon_core.environment:create_environment_scripts_only(bumperbot_mapping)
[0.804s] Level 1:colcon.colcon_core.environment:checking '/bumperbot/install/bumperbot_mapping' for CMake module files
[0.804s] DEBUG:colcon.colcon_core.event_handler.log_command:Invoked command in '/bumperbot/build/bumperbot_mapping' returned '0': CMAKE_PREFIX_PATH=${CMAKE_PREFIX_PATH}:/opt/ros/jazzy /usr/bin/cmake --install /bumperbot/build/bumperbot_mapping
[0.805s] Level 1:colcon.colcon_core.environment:checking '/bumperbot/install/bumperbot_mapping' for CMake config files
[0.805s] Level 1:colcon.colcon_core.shell:create_environment_hook('bumperbot_mapping', 'cmake_prefix_path')
[0.806s] INFO:colcon.colcon_core.shell:Creating environment hook '/bumperbot/install/bumperbot_mapping/share/bumperbot_mapping/hook/cmake_prefix_path.ps1'
[0.806s] INFO:colcon.colcon_core.shell:Creating environment descriptor '/bumperbot/install/bumperbot_mapping/share/bumperbot_mapping/hook/cmake_prefix_path.dsv'
[0.806s] INFO:colcon.colcon_core.shell:Creating environment hook '/bumperbot/install/bumperbot_mapping/share/bumperbot_mapping/hook/cmake_prefix_path.sh'
[0.807s] Level 1:colcon.colcon_core.environment:checking '/bumperbot/install/bumperbot_mapping/lib'
[0.807s] Level 1:colcon.colcon_core.environment:checking '/bumperbot/install/bumperbot_mapping/bin'
[0.807s] Level 1:colcon.colcon_core.environment:checking '/bumperbot/install/bumperbot_mapping/lib/pkgconfig/bumperbot_mapping.pc'
[0.807s] Level 1:colcon.colcon_core.environment:checking '/bumperbot/install/bumperbot_mapping/lib/python3.12/site-packages'
[0.808s] Level 1:colcon.colcon_core.shell:create_environment_hook('bumperbot_mapping', 'pythonpath')
[0.808s] INFO:colcon.colcon_core.shell:Creating environment hook '/bumperbot/install/bumperbot_mapping/share/bumperbot_mapping/hook/pythonpath.ps1'
[0.808s] INFO:colcon.colcon_core.shell:Creating environment descriptor '/bumperbot/install/bumperbot_mapping/share/bumperbot_mapping/hook/pythonpath.dsv'
[0.809s] INFO:colcon.colcon_core.shell:Creating environment hook '/bumperbot/install/bumperbot_mapping/share/bumperbot_mapping/hook/pythonpath.sh'
[0.810s] Level 1:colcon.colcon_core.environment:checking '/bumperbot/install/bumperbot_mapping/bin'
[0.810s] INFO:colcon.colcon_core.shell:Creating package script '/bumperbot/install/bumperbot_mapping/share/bumperbot_mapping/package.ps1'
[0.811s] INFO:colcon.colcon_core.shell:Creating package descriptor '/bumperbot/install/bumperbot_mapping/share/bumperbot_mapping/package.dsv'
[0.811s] INFO:colcon.colcon_core.shell:Creating package script '/bumperbot/install/bumperbot_mapping/share/bumperbot_mapping/package.sh'
[0.812s] INFO:colcon.colcon_core.shell:Creating package script '/bumperbot/install/bumperbot_mapping/share/bumperbot_mapping/package.bash'
[0.812s] INFO:colcon.colcon_core.shell:Creating package script '/bumperbot/install/bumperbot_mapping/share/bumperbot_mapping/package.zsh'
[0.813s] Level 1:colcon.colcon_core.environment:create_file_with_runtime_dependencies(/bumperbot/install/bumperbot_mapping/share/colcon-core/packages/bumperbot_mapping)
[0.813s] Level 1:colcon.colcon_core.environment:create_environment_scripts_only(bumperbot_mapping)
[0.813s] Level 1:colcon.colcon_core.environment:checking '/bumperbot/install/bumperbot_mapping' for CMake module files
[0.814s] Level 1:colcon.colcon_core.environment:checking '/bumperbot/install/bumperbot_mapping' for CMake config files
[0.814s] Level 1:colcon.colcon_core.shell:create_environment_hook('bumperbot_mapping', 'cmake_prefix_path')
[0.815s] INFO:colcon.colcon_core.shell:Creating environment hook '/bumperbot/install/bumperbot_mapping/share/bumperbot_mapping/hook/cmake_prefix_path.ps1'
[0.815s] INFO:colcon.colcon_core.shell:Creating environment descriptor '/bumperbot/install/bumperbot_mapping/share/bumperbot_mapping/hook/cmake_prefix_path.dsv'
[0.815s] INFO:colcon.colcon_core.shell:Creating environment hook '/bumperbot/install/bumperbot_mapping/share/bumperbot_mapping/hook/cmake_prefix_path.sh'
[0.816s] Level 1:colcon.colcon_core.environment:checking '/bumperbot/install/bumperbot_mapping/lib'
[0.816s] Level 1:colcon.colcon_core.environment:checking '/bumperbot/install/bumperbot_mapping/bin'
[0.816s] Level 1:colcon.colcon_core.environment:checking '/bumperbot/install/bumperbot_mapping/lib/pkgconfig/bumperbot_mapping.pc'
[0.817s] Level 1:colcon.colcon_core.environment:checking '/bumperbot/install/bumperbot_mapping/lib/python3.12/site-packages'
[0.817s] Level 1:colcon.colcon_core.shell:create_environment_hook('bumperbot_mapping', 'pythonpath')
[0.817s] INFO:colcon.colcon_core.shell:Creating environment hook '/bumperbot/install/bumperbot_mapping/share/bumperbot_mapping/hook/pythonpath.ps1'
[0.817s] INFO:colcon.colcon_core.shell:Creating environment descriptor '/bumperbot/install/bumperbot_mapping/share/bumperbot_mapping/hook/pythonpath.dsv'
[0.818s] INFO:colcon.colcon_core.shell:Creating environment hook '/bumperbot/install/bumperbot_mapping/share/bumperbot_mapping/hook/pythonpath.sh'
[0.818s] Level 1:colcon.colcon_core.environment:checking '/bumperbot/install/bumperbot_mapping/bin'
[0.819s] INFO:colcon.colcon_core.shell:Creating package script '/bumperbot/install/bumperbot_mapping/share/bumperbot_mapping/package.ps1'
[0.819s] INFO:colcon.colcon_core.shell:Creating package descriptor '/bumperbot/install/bumperbot_mapping/share/bumperbot_mapping/package.dsv'
[0.820s] INFO:colcon.colcon_core.shell:Creating package script '/bumperbot/install/bumperbot_mapping/share/bumperbot_mapping/package.sh'
[0.820s] INFO:colcon.colcon_core.shell:Creating package script '/bumperbot/install/bumperbot_mapping/share/bumperbot_mapping/package.bash'
[0.821s] INFO:colcon.colcon_core.shell:Creating package script '/bumperbot/install/bumperbot_mapping/share/bumperbot_mapping/package.zsh'
[0.822s] Level 1:colcon.colcon_core.environment:create_file_with_runtime_dependencies(/bumperbot/install/bumperbot_mapping/share/colcon-core/packages/bumperbot_mapping)
[0.822s] INFO:colcon.colcon_ros.task.ament_cmake.build:Building ROS package in '/bumperbot/src/bumperbot_bringup' with build type 'ament_cmake'
[0.822s] INFO:colcon.colcon_cmake.task.cmake.build:Building CMake package in '/bumperbot/src/bumperbot_bringup'
[0.822s] INFO:colcon.colcon_core.shell:Skip shell extension 'powershell' for command environment: Not usable outside of PowerShell
[0.823s] DEBUG:colcon.colcon_core.shell:Skip shell extension 'dsv' for command environment
[0.833s] DEBUG:colcon.colcon_core.event_handler.log_command:Invoking command in '/bumperbot/build/bumperbot_bringup': AMENT_PREFIX_PATH=/bumperbot/install/bumperbot_mapping:/bumperbot/install/bumperbot_description:${AMENT_PREFIX_PATH} CMAKE_PREFIX_PATH=/bumperbot/install/bumperbot_mapping:/bumperbot/install/bumperbot_description:/bumperbot/install/bumperbot_planning:/bumperbot/install/bumperbot_cpp_examples:/bumperbot/install/bumperbot_bringup:/opt/ros/jazzy PYTHONPATH=/bumperbot/install/bumperbot_mapping/lib/python3.12/site-packages:${PYTHONPATH} /usr/bin/cmake --build /bumperbot/build/bumperbot_bringup -- -j8 -l8
[0.877s] DEBUG:colcon.colcon_core.event_handler.log_command:Invoked command in '/bumperbot/build/bumperbot_bringup' returned '0': AMENT_PREFIX_PATH=/bumperbot/install/bumperbot_mapping:/bumperbot/install/bumperbot_description:${AMENT_PREFIX_PATH} CMAKE_PREFIX_PATH=/bumperbot/install/bumperbot_mapping:/bumperbot/install/bumperbot_description:/bumperbot/install/bumperbot_planning:/bumperbot/install/bumperbot_cpp_examples:/bumperbot/install/bumperbot_bringup:/opt/ros/jazzy PYTHONPATH=/bumperbot/install/bumperbot_mapping/lib/python3.12/site-packages:${PYTHONPATH} /usr/bin/cmake --build /bumperbot/build/bumperbot_bringup -- -j8 -l8
[0.879s] DEBUG:colcon.colcon_core.event_handler.log_command:Invoking command in '/bumperbot/build/bumperbot_bringup': AMENT_PREFIX_PATH=/bumperbot/install/bumperbot_mapping:/bumperbot/install/bumperbot_description:${AMENT_PREFIX_PATH} CMAKE_PREFIX_PATH=/bumperbot/install/bumperbot_mapping:/bumperbot/install/bumperbot_description:/bumperbot/install/bumperbot_planning:/bumperbot/install/bumperbot_cpp_examples:/bumperbot/install/bumperbot_bringup:/opt/ros/jazzy PYTHONPATH=/bumperbot/install/bumperbot_mapping/lib/python3.12/site-packages:${PYTHONPATH} /usr/bin/cmake --install /bumperbot/build/bumperbot_bringup
[0.889s] Level 1:colcon.colcon_core.environment:create_environment_scripts_only(bumperbot_bringup)
[0.890s] Level 1:colcon.colcon_core.environment:checking '/bumperbot/install/bumperbot_bringup' for CMake module files
[0.892s] DEBUG:colcon.colcon_core.event_handler.log_command:Invoked command in '/bumperbot/build/bumperbot_bringup' returned '0': AMENT_PREFIX_PATH=/bumperbot/install/bumperbot_mapping:/bumperbot/install/bumperbot_description:${AMENT_PREFIX_PATH} CMAKE_PREFIX_PATH=/bumperbot/install/bumperbot_mapping:/bumperbot/install/bumperbot_description:/bumperbot/install/bumperbot_planning:/bumperbot/install/bumperbot_cpp_examples:/bumperbot/install/bumperbot_bringup:/opt/ros/jazzy PYTHONPATH=/bumperbot/install/bumperbot_mapping/lib/python3.12/site-packages:${PYTHONPATH} /usr/bin/cmake --install /bumperbot/build/bumperbot_bringup
[0.892s] Level 1:colcon.colcon_core.environment:checking '/bumperbot/install/bumperbot_bringup' for CMake config files
[0.892s] Level 1:colcon.colcon_core.shell:create_environment_hook('bumperbot_bringup', 'cmake_prefix_path')
[0.892s] INFO:colcon.colcon_core.shell:Creating environment hook '/bumperbot/install/bumperbot_bringup/share/bumperbot_bringup/hook/cmake_prefix_path.ps1'
[0.893s] INFO:colcon.colcon_core.shell:Creating environment descriptor '/bumperbot/install/bumperbot_bringup/share/bumperbot_bringup/hook/cmake_prefix_path.dsv'
[0.893s] INFO:colcon.colcon_core.shell:Creating environment hook '/bumperbot/install/bumperbot_bringup/share/bumperbot_bringup/hook/cmake_prefix_path.sh'
[0.894s] Level 1:colcon.colcon_core.environment:checking '/bumperbot/install/bumperbot_bringup/bin'
[0.894s] Level 1:colcon.colcon_core.environment:checking '/bumperbot/install/bumperbot_bringup/lib/pkgconfig/bumperbot_bringup.pc'
[0.895s] Level 1:colcon.colcon_core.environment:checking '/bumperbot/install/bumperbot_bringup/lib/python3.12/site-packages'
[0.895s] Level 1:colcon.colcon_core.environment:checking '/bumperbot/install/bumperbot_bringup/bin'
[0.896s] INFO:colcon.colcon_core.shell:Creating package script '/bumperbot/install/bumperbot_bringup/share/bumperbot_bringup/package.ps1'
[0.896s] INFO:colcon.colcon_core.shell:Creating package descriptor '/bumperbot/install/bumperbot_bringup/share/bumperbot_bringup/package.dsv'
[0.897s] INFO:colcon.colcon_core.shell:Creating package script '/bumperbot/install/bumperbot_bringup/share/bumperbot_bringup/package.sh'
[0.897s] INFO:colcon.colcon_core.shell:Creating package script '/bumperbot/install/bumperbot_bringup/share/bumperbot_bringup/package.bash'
[0.898s] INFO:colcon.colcon_core.shell:Creating package script '/bumperbot/install/bumperbot_bringup/share/bumperbot_bringup/package.zsh'
[0.898s] Level 1:colcon.colcon_core.environment:create_file_with_runtime_dependencies(/bumperbot/install/bumperbot_bringup/share/colcon-core/packages/bumperbot_bringup)
[0.899s] Level 1:colcon.colcon_core.environment:create_environment_scripts_only(bumperbot_bringup)
[0.899s] Level 1:colcon.colcon_core.environment:checking '/bumperbot/install/bumperbot_bringup' for CMake module files
[0.900s] Level 1:colcon.colcon_core.environment:checking '/bumperbot/install/bumperbot_bringup' for CMake config files
[0.900s] Level 1:colcon.colcon_core.shell:create_environment_hook('bumperbot_bringup', 'cmake_prefix_path')
[0.900s] INFO:colcon.colcon_core.shell:Creating environment hook '/bumperbot/install/bumperbot_bringup/share/bumperbot_bringup/hook/cmake_prefix_path.ps1'
[0.901s] INFO:colcon.colcon_core.shell:Creating environment descriptor '/bumperbot/install/bumperbot_bringup/share/bumperbot_bringup/hook/cmake_prefix_path.dsv'
[0.901s] INFO:colcon.colcon_core.shell:Creating environment hook '/bumperbot/install/bumperbot_bringup/share/bumperbot_bringup/hook/cmake_prefix_path.sh'
[0.902s] Level 1:colcon.colcon_core.environment:checking '/bumperbot/install/bumperbot_bringup/bin'
[0.902s] Level 1:colcon.colcon_core.environment:checking '/bumperbot/install/bumperbot_bringup/lib/pkgconfig/bumperbot_bringup.pc'
[0.902s] Level 1:colcon.colcon_core.environment:checking '/bumperbot/install/bumperbot_bringup/lib/python3.12/site-packages'
[0.902s] Level 1:colcon.colcon_core.environment:checking '/bumperbot/install/bumperbot_bringup/bin'
[0.903s] INFO:colcon.colcon_core.shell:Creating package script '/bumperbot/install/bumperbot_bringup/share/bumperbot_bringup/package.ps1'
[0.903s] INFO:colcon.colcon_core.shell:Creating package descriptor '/bumperbot/install/bumperbot_bringup/share/bumperbot_bringup/package.dsv'
[0.903s] INFO:colcon.colcon_core.shell:Creating package script '/bumperbot/install/bumperbot_bringup/share/bumperbot_bringup/package.sh'
[0.904s] INFO:colcon.colcon_core.shell:Creating package script '/bumperbot/install/bumperbot_bringup/share/bumperbot_bringup/package.bash'
[0.904s] INFO:colcon.colcon_core.shell:Creating package script '/bumperbot/install/bumperbot_bringup/share/bumperbot_bringup/package.zsh'
[0.905s] Level 1:colcon.colcon_core.environment:create_file_with_runtime_dependencies(/bumperbot/install/bumperbot_bringup/share/colcon-core/packages/bumperbot_bringup)
[0.905s] DEBUG:colcon.colcon_parallel_executor.executor.parallel:closing loop
[0.905s] DEBUG:colcon.colcon_parallel_executor.executor.parallel:loop closed
[0.905s] DEBUG:colcon.colcon_parallel_executor.executor.parallel:run_until_complete finished with '0'
[0.906s] DEBUG:colcon.colcon_core.event_reactor:joining thread
[0.912s] INFO:colcon.colcon_core.plugin_system:Skipping extension 'colcon_notification.desktop_notification.terminal_notifier': Not used on non-Darwin systems
[0.912s] INFO:colcon.colcon_core.plugin_system:Skipping extension 'colcon_notification.desktop_notification.win32': Not used on non-Windows systems
[0.912s] INFO:colcon.colcon_notification.desktop_notification:Sending desktop notification using 'notify2'
[0.914s] DEBUG:colcon.colcon_notification.desktop_notification.notify2:Failed to initialize notify2: org.freedesktop.DBus.Error.Spawn.ExecFailed: /usr/bin/dbus-launch terminated abnormally without any error message
[0.915s] DEBUG:colcon.colcon_core.event_reactor:joined thread
[0.915s] INFO:colcon.colcon_core.shell:Creating prefix script '/bumperbot/install/local_setup.ps1'
[0.917s] INFO:colcon.colcon_core.shell:Creating prefix util module '/bumperbot/install/_local_setup_util_ps1.py'
[0.919s] INFO:colcon.colcon_core.shell:Creating prefix chain script '/bumperbot/install/setup.ps1'
[0.920s] INFO:colcon.colcon_core.shell:Creating prefix script '/bumperbot/install/local_setup.sh'
[0.921s] INFO:colcon.colcon_core.shell:Creating prefix util module '/bumperbot/install/_local_setup_util_sh.py'
[0.922s] INFO:colcon.colcon_core.shell:Creating prefix chain script '/bumperbot/install/setup.sh'
[0.923s] INFO:colcon.colcon_core.shell:Creating prefix script '/bumperbot/install/local_setup.bash'
[0.924s] INFO:colcon.colcon_core.shell:Creating prefix chain script '/bumperbot/install/setup.bash'
[0.925s] INFO:colcon.colcon_core.shell:Creating prefix script '/bumperbot/install/local_setup.zsh'
[0.925s] INFO:colcon.colcon_core.shell:Creating prefix chain script '/bumperbot/install/setup.zsh'
