[0.033s] Invoking command in '/bumperbot/build/bumperbot_controller': CMAKE_PREFIX_PATH=${CMAKE_PREFIX_PATH}:/opt/ros/jazzy /usr/bin/cmake --build /bumperbot/build/bumperbot_controller -- -j8 -l8
[0.223s] [  0%] Built target ament_cmake_python_copy_bumperbot_controller
[0.259s] [ 33%] Built target twist_relay
[0.331s] [ 66%] Built target noisy_controller
[0.375s] [100%] Built target simple_controller
[0.534s] running egg_info
[0.559s] writing bumperbot_controller.egg-info/PKG-INFO
[0.559s] writing dependency_links to bumperbot_controller.egg-info/dependency_links.txt
[0.559s] writing top-level names to bumperbot_controller.egg-info/top_level.txt
[0.620s] reading manifest file 'bumperbot_controller.egg-info/SOURCES.txt'
[0.621s] writing manifest file 'bumperbot_controller.egg-info/SOURCES.txt'
[0.661s] [100%] Built target ament_cmake_python_build_bumperbot_controller_egg
[0.672s] Invoked command in '/bumperbot/build/bumperbot_controller' returned '0': CMAKE_PREFIX_PATH=${CMAKE_PREFIX_PATH}:/opt/ros/jazzy /usr/bin/cmake --build /bumperbot/build/bumperbot_controller -- -j8 -l8
[0.674s] Invoking command in '/bumperbot/build/bumperbot_controller': CMAKE_PREFIX_PATH=${CMAKE_PREFIX_PATH}:/opt/ros/jazzy /usr/bin/cmake --install /bumperbot/build/bumperbot_controller
[0.685s] -- Install configuration: ""
[0.685s] -- Up-to-date: /bumperbot/install/bumperbot_controller/share/bumperbot_controller/environment/pythonpath.sh
[0.685s] -- Up-to-date: /bumperbot/install/bumperbot_controller/share/bumperbot_controller/environment/pythonpath.dsv
[0.685s] -- Up-to-date: /bumperbot/install/bumperbot_controller/lib/python3.12/site-packages/bumperbot_controller-0.0.0-py3.12.egg-info
[0.685s] -- Installing: /bumperbot/install/bumperbot_controller/lib/python3.12/site-packages/bumperbot_controller-0.0.0-py3.12.egg-info/dependency_links.txt
[0.686s] -- Installing: /bumperbot/install/bumperbot_controller/lib/python3.12/site-packages/bumperbot_controller-0.0.0-py3.12.egg-info/SOURCES.txt
[0.686s] -- Installing: /bumperbot/install/bumperbot_controller/lib/python3.12/site-packages/bumperbot_controller-0.0.0-py3.12.egg-info/PKG-INFO
[0.686s] -- Installing: /bumperbot/install/bumperbot_controller/lib/python3.12/site-packages/bumperbot_controller-0.0.0-py3.12.egg-info/top_level.txt
[0.686s] -- Up-to-date: /bumperbot/install/bumperbot_controller/lib/python3.12/site-packages/bumperbot_controller
[0.686s] -- Up-to-date: /bumperbot/install/bumperbot_controller/lib/python3.12/site-packages/bumperbot_controller/simple_controller.py
[0.686s] -- Up-to-date: /bumperbot/install/bumperbot_controller/lib/python3.12/site-packages/bumperbot_controller/noisy_controller.py
[0.686s] -- Up-to-date: /bumperbot/install/bumperbot_controller/lib/python3.12/site-packages/bumperbot_controller/twist_relay.py
[0.687s] -- Up-to-date: /bumperbot/install/bumperbot_controller/lib/python3.12/site-packages/bumperbot_controller/__init__.py
[0.736s] Listing '/bumperbot/install/bumperbot_controller/lib/python3.12/site-packages/bumperbot_controller'...
[0.743s] -- Up-to-date: /bumperbot/install/bumperbot_controller/include/include
[0.743s] -- Up-to-date: /bumperbot/install/bumperbot_controller/include/include/bumperbot_controller
[0.743s] -- Up-to-date: /bumperbot/install/bumperbot_controller/include/include/bumperbot_controller/noisy_controller.hpp
[0.744s] -- Up-to-date: /bumperbot/install/bumperbot_controller/include/include/bumperbot_controller/simple_controller.hpp
[0.744s] -- Up-to-date: /bumperbot/install/bumperbot_controller/lib/bumperbot_controller/simple_controller
[0.744s] -- Up-to-date: /bumperbot/install/bumperbot_controller/lib/bumperbot_controller/noisy_controller
[0.745s] -- Up-to-date: /bumperbot/install/bumperbot_controller/lib/bumperbot_controller/twist_relay
[0.745s] -- Up-to-date: /bumperbot/install/bumperbot_controller/share/bumperbot_controller/launch
[0.745s] -- Up-to-date: /bumperbot/install/bumperbot_controller/share/bumperbot_controller/launch/joystick_teleop.launch.py
[0.746s] -- Up-to-date: /bumperbot/install/bumperbot_controller/share/bumperbot_controller/launch/controller.launch.py
[0.746s] -- Up-to-date: /bumperbot/install/bumperbot_controller/share/bumperbot_controller/config
[0.746s] -- Up-to-date: /bumperbot/install/bumperbot_controller/share/bumperbot_controller/config/bumperbot_controllers.yaml
[0.746s] -- Up-to-date: /bumperbot/install/bumperbot_controller/share/bumperbot_controller/config/twist_mux_locks.yaml
[0.746s] -- Up-to-date: /bumperbot/install/bumperbot_controller/share/bumperbot_controller/config/joy_config.yaml
[0.747s] -- Up-to-date: /bumperbot/install/bumperbot_controller/share/bumperbot_controller/config/twist_mux_topics.yaml
[0.747s] -- Up-to-date: /bumperbot/install/bumperbot_controller/share/bumperbot_controller/config/twist_mux_joy.yaml
[0.747s] -- Up-to-date: /bumperbot/install/bumperbot_controller/share/bumperbot_controller/config/joy_teleop.yaml
[0.747s] -- Up-to-date: /bumperbot/install/bumperbot_controller/lib/bumperbot_controller/simple_controller.py
[0.747s] -- Up-to-date: /bumperbot/install/bumperbot_controller/lib/bumperbot_controller/noisy_controller.py
[0.747s] -- Up-to-date: /bumperbot/install/bumperbot_controller/lib/bumperbot_controller/twist_relay.py
[0.748s] -- Up-to-date: /bumperbot/install/bumperbot_controller/share/ament_index/resource_index/package_run_dependencies/bumperbot_controller
[0.748s] -- Up-to-date: /bumperbot/install/bumperbot_controller/share/ament_index/resource_index/parent_prefix_path/bumperbot_controller
[0.748s] -- Up-to-date: /bumperbot/install/bumperbot_controller/share/bumperbot_controller/environment/ament_prefix_path.sh
[0.748s] -- Up-to-date: /bumperbot/install/bumperbot_controller/share/bumperbot_controller/environment/ament_prefix_path.dsv
[0.748s] -- Up-to-date: /bumperbot/install/bumperbot_controller/share/bumperbot_controller/environment/path.sh
[0.749s] -- Up-to-date: /bumperbot/install/bumperbot_controller/share/bumperbot_controller/environment/path.dsv
[0.749s] -- Up-to-date: /bumperbot/install/bumperbot_controller/share/bumperbot_controller/local_setup.bash
[0.749s] -- Up-to-date: /bumperbot/install/bumperbot_controller/share/bumperbot_controller/local_setup.sh
[0.749s] -- Up-to-date: /bumperbot/install/bumperbot_controller/share/bumperbot_controller/local_setup.zsh
[0.750s] -- Up-to-date: /bumperbot/install/bumperbot_controller/share/bumperbot_controller/local_setup.dsv
[0.751s] -- Installing: /bumperbot/install/bumperbot_controller/share/bumperbot_controller/package.dsv
[0.751s] -- Up-to-date: /bumperbot/install/bumperbot_controller/share/ament_index/resource_index/packages/bumperbot_controller
[0.755s] -- Up-to-date: /bumperbot/install/bumperbot_controller/share/bumperbot_controller/cmake/bumperbot_controllerConfig.cmake
[0.755s] -- Up-to-date: /bumperbot/install/bumperbot_controller/share/bumperbot_controller/cmake/bumperbot_controllerConfig-version.cmake
[0.756s] -- Up-to-date: /bumperbot/install/bumperbot_controller/share/bumperbot_controller/package.xml
[0.756s] Invoked command in '/bumperbot/build/bumperbot_controller' returned '0': CMAKE_PREFIX_PATH=${CMAKE_PREFIX_PATH}:/opt/ros/jazzy /usr/bin/cmake --install /bumperbot/build/bumperbot_controller
