[0.012s] Invoking command in '/bumperbot_ws/build/bumperbot_cpp_examples': CMAKE_PREFIX_PATH=/bumperbot_ws/install/bumperbot_msgs:/bumperbot_ws/install/nav_2d_msgs:/bumperbot_ws/install/nav2_voxel_grid:/bumperbot_ws/install/bumperbot_planning:/bumperbot_ws/install/bumperbot_motion:/bumperbot_ws/install/nav2_msgs:/bumperbot_ws/install/nav2_common:/bumperbot_ws/install/bumperbot_navigation:/bumperbot_ws/install/bumperbot_cpp_examples:/bumperbot_ws/install/bumperbot_bringup:/bumperbot_ws/install/bumperbot_mapping:/bumperbot_ws/install/bumperbot_localization:/bumperbot_ws/install/bumperbot_description:/bumperbot_ws/install/bumperbot_controller:/opt/ros/jazzy/opt/gz_sim_vendor:/opt/ros/jazzy/opt/gz_sensors_vendor:/opt/ros/jazzy/opt/gz_physics_vendor:/opt/ros/jazzy/opt/sdformat_vendor:/opt/ros/jazzy/opt/gz_gui_vendor:/opt/ros/jazzy/opt/gz_transport_vendor:/opt/ros/jazzy/opt/gz_rendering_vendor:/opt/ros/jazzy/opt/gz_plugin_vendor:/opt/ros/jazzy/opt/gz_fuel_tools_vendor:/opt/ros/jazzy/opt/gz_msgs_vendor:/opt/ros/jazzy/opt/gz_common_vendor:/opt/ros/jazzy/opt/gz_math_vendor:/opt/ros/jazzy/opt/gz_utils_vendor:/opt/ros/jazzy/opt/gz_tools_vendor:/opt/ros/jazzy/opt/gz_ogre_next_vendor:/opt/ros/jazzy/opt/gz_dartsim_vendor:/opt/ros/jazzy/opt/gz_cmake_vendor:/opt/ros/jazzy LD_LIBRARY_PATH=/bumperbot_ws/install/bumperbot_msgs/lib:/bumperbot_ws/install/nav_2d_msgs/lib:/bumperbot_ws/install/nav2_voxel_grid/lib:/bumperbot_ws/install/bumperbot_planning/lib:/bumperbot_ws/install/bumperbot_motion/lib:/bumperbot_ws/install/nav2_msgs/lib:/bumperbot_ws/install/bumperbot_cpp_examples/lib:/opt/ros/jazzy/opt/zenoh_cpp_vendor/lib:/opt/ros/jazzy/opt/gz_sim_vendor/lib:/opt/ros/jazzy/opt/gz_sensors_vendor/lib:/opt/ros/jazzy/opt/gz_physics_vendor/lib:/opt/ros/jazzy/opt/sdformat_vendor/lib:/opt/ros/jazzy/opt/rviz_ogre_vendor/lib:/opt/ros/jazzy/lib/x86_64-linux-gnu:/opt/ros/jazzy/opt/gz_gui_vendor/lib:/opt/ros/jazzy/opt/gz_transport_vendor/lib:/opt/ros/jazzy/opt/gz_rendering_vendor/lib:/opt/ros/jazzy/opt/gz_plugin_vendor/lib:/opt/ros/jazzy/opt/gz_fuel_tools_vendor/lib:/opt/ros/jazzy/opt/gz_msgs_vendor/lib:/opt/ros/jazzy/opt/gz_common_vendor/lib:/opt/ros/jazzy/opt/gz_math_vendor/lib:/opt/ros/jazzy/opt/gz_utils_vendor/lib:/opt/ros/jazzy/opt/gz_tools_vendor/lib:/opt/ros/jazzy/opt/gz_ogre_next_vendor/lib:/opt/ros/jazzy/opt/gz_dartsim_vendor/lib:/opt/ros/jazzy/opt/gz_cmake_vendor/lib:/opt/ros/jazzy/lib PYTHONPATH=/bumperbot_ws/install/bumperbot_msgs/lib/python3.12/site-packages:/bumperbot_ws/install/nav_2d_msgs/lib/python3.12/site-packages:/bumperbot_ws/install/bumperbot_planning/lib/python3.12/site-packages:/bumperbot_ws/install/bumperbot_motion/lib/python3.12/site-packages:/bumperbot_ws/install/nav2_msgs/lib/python3.12/site-packages:/bumperbot_ws/install/nav2_common/lib/python3.12/site-packages:/bumperbot_ws/install/bumperbot_mapping/lib/python3.12/site-packages:/bumperbot_ws/install/bumperbot_localization/lib/python3.12/site-packages:/bumperbot_ws/install/bumperbot_controller/lib/python3.12/site-packages:/opt/ros/jazzy/lib/python3.12/site-packages /usr/bin/cmake /bumperbot_ws/src/bumperbot_cpp_examples -DCMAKE_INSTALL_PREFIX=/bumperbot_ws/install/bumperbot_cpp_examples
[0.073s] -- The C compiler identification is GNU 13.3.0
[0.114s] -- The CXX compiler identification is GNU 13.3.0
[0.128s] -- Detecting C compiler ABI info
[0.197s] -- Detecting C compiler ABI info - done
[0.208s] -- Check for working C compiler: /usr/bin/cc - skipped
[0.208s] -- Detecting C compile features
[0.209s] -- Detecting C compile features - done
[0.218s] -- Detecting CXX compiler ABI info
[0.292s] -- Detecting CXX compiler ABI info - done
[0.301s] -- Check for working CXX compiler: /usr/bin/c++ - skipped
[0.301s] -- Detecting CXX compile features
[0.301s] -- Detecting CXX compile features - done
[0.305s] -- Found ament_cmake: 2.5.4 (/opt/ros/jazzy/share/ament_cmake/cmake)
[0.416s] -- Found Python3: /usr/bin/python3 (found version "3.12.3") found components: Interpreter 
[0.529s] -- Found rclcpp: 28.1.12 (/opt/ros/jazzy/share/rclcpp/cmake)
[0.575s] -- Found rosidl_generator_c: 4.6.6 (/opt/ros/jazzy/share/rosidl_generator_c/cmake)
[0.590s] -- Found rosidl_generator_cpp: 4.6.6 (/opt/ros/jazzy/share/rosidl_generator_cpp/cmake)
[0.608s] -- Using all available rosidl_typesupport_c: rosidl_typesupport_fastrtps_c;rosidl_typesupport_introspection_c
[0.628s] -- Using all available rosidl_typesupport_cpp: rosidl_typesupport_fastrtps_cpp;rosidl_typesupport_introspection_cpp
[0.704s] -- Found rmw_implementation_cmake: 7.3.2 (/opt/ros/jazzy/share/rmw_implementation_cmake/cmake)
[0.708s] -- Found rmw_zenoh_cpp: 0.2.7 (/opt/ros/jazzy/share/rmw_zenoh_cpp/cmake)
[0.708s] -- Using RMW implementation 'rmw_zenoh_cpp' as default
[0.774s] -- Found rclcpp_action: 28.1.12 (/opt/ros/jazzy/share/rclcpp_action/cmake)
[0.814s] -- Found rclcpp_components: 28.1.12 (/opt/ros/jazzy/share/rclcpp_components/cmake)
[0.849s] -- Found std_msgs: 5.3.6 (/opt/ros/jazzy/share/std_msgs/cmake)
[0.862s] -- Found turtlesim: 1.8.3 (/opt/ros/jazzy/share/turtlesim/cmake)
[0.877s] -- Found bumperbot_msgs: 0.0.0 (/bumperbot_ws/install/bumperbot_msgs/share/bumperbot_msgs/cmake)
[0.915s] -- Found tf2: 0.36.14 (/opt/ros/jazzy/share/tf2/cmake)
[0.921s] -- Found tf2_ros: 0.36.14 (/opt/ros/jazzy/share/tf2_ros/cmake)
[0.959s] -- Found rclcpp_lifecycle: 28.1.12 (/opt/ros/jazzy/share/rclcpp_lifecycle/cmake)
[1.074s] -- Configuring done (1.1s)
[1.125s] -- Generating done (0.0s)
[1.142s] -- Build files have been written to: /bumperbot_ws/build/bumperbot_cpp_examples
[1.155s] Invoked command in '/bumperbot_ws/build/bumperbot_cpp_examples' returned '0': CMAKE_PREFIX_PATH=/bumperbot_ws/install/bumperbot_msgs:/bumperbot_ws/install/nav_2d_msgs:/bumperbot_ws/install/nav2_voxel_grid:/bumperbot_ws/install/bumperbot_planning:/bumperbot_ws/install/bumperbot_motion:/bumperbot_ws/install/nav2_msgs:/bumperbot_ws/install/nav2_common:/bumperbot_ws/install/bumperbot_navigation:/bumperbot_ws/install/bumperbot_cpp_examples:/bumperbot_ws/install/bumperbot_bringup:/bumperbot_ws/install/bumperbot_mapping:/bumperbot_ws/install/bumperbot_localization:/bumperbot_ws/install/bumperbot_description:/bumperbot_ws/install/bumperbot_controller:/opt/ros/jazzy/opt/gz_sim_vendor:/opt/ros/jazzy/opt/gz_sensors_vendor:/opt/ros/jazzy/opt/gz_physics_vendor:/opt/ros/jazzy/opt/sdformat_vendor:/opt/ros/jazzy/opt/gz_gui_vendor:/opt/ros/jazzy/opt/gz_transport_vendor:/opt/ros/jazzy/opt/gz_rendering_vendor:/opt/ros/jazzy/opt/gz_plugin_vendor:/opt/ros/jazzy/opt/gz_fuel_tools_vendor:/opt/ros/jazzy/opt/gz_msgs_vendor:/opt/ros/jazzy/opt/gz_common_vendor:/opt/ros/jazzy/opt/gz_math_vendor:/opt/ros/jazzy/opt/gz_utils_vendor:/opt/ros/jazzy/opt/gz_tools_vendor:/opt/ros/jazzy/opt/gz_ogre_next_vendor:/opt/ros/jazzy/opt/gz_dartsim_vendor:/opt/ros/jazzy/opt/gz_cmake_vendor:/opt/ros/jazzy LD_LIBRARY_PATH=/bumperbot_ws/install/bumperbot_msgs/lib:/bumperbot_ws/install/nav_2d_msgs/lib:/bumperbot_ws/install/nav2_voxel_grid/lib:/bumperbot_ws/install/bumperbot_planning/lib:/bumperbot_ws/install/bumperbot_motion/lib:/bumperbot_ws/install/nav2_msgs/lib:/bumperbot_ws/install/bumperbot_cpp_examples/lib:/opt/ros/jazzy/opt/zenoh_cpp_vendor/lib:/opt/ros/jazzy/opt/gz_sim_vendor/lib:/opt/ros/jazzy/opt/gz_sensors_vendor/lib:/opt/ros/jazzy/opt/gz_physics_vendor/lib:/opt/ros/jazzy/opt/sdformat_vendor/lib:/opt/ros/jazzy/opt/rviz_ogre_vendor/lib:/opt/ros/jazzy/lib/x86_64-linux-gnu:/opt/ros/jazzy/opt/gz_gui_vendor/lib:/opt/ros/jazzy/opt/gz_transport_vendor/lib:/opt/ros/jazzy/opt/gz_rendering_vendor/lib:/opt/ros/jazzy/opt/gz_plugin_vendor/lib:/opt/ros/jazzy/opt/gz_fuel_tools_vendor/lib:/opt/ros/jazzy/opt/gz_msgs_vendor/lib:/opt/ros/jazzy/opt/gz_common_vendor/lib:/opt/ros/jazzy/opt/gz_math_vendor/lib:/opt/ros/jazzy/opt/gz_utils_vendor/lib:/opt/ros/jazzy/opt/gz_tools_vendor/lib:/opt/ros/jazzy/opt/gz_ogre_next_vendor/lib:/opt/ros/jazzy/opt/gz_dartsim_vendor/lib:/opt/ros/jazzy/opt/gz_cmake_vendor/lib:/opt/ros/jazzy/lib PYTHONPATH=/bumperbot_ws/install/bumperbot_msgs/lib/python3.12/site-packages:/bumperbot_ws/install/nav_2d_msgs/lib/python3.12/site-packages:/bumperbot_ws/install/bumperbot_planning/lib/python3.12/site-packages:/bumperbot_ws/install/bumperbot_motion/lib/python3.12/site-packages:/bumperbot_ws/install/nav2_msgs/lib/python3.12/site-packages:/bumperbot_ws/install/nav2_common/lib/python3.12/site-packages:/bumperbot_ws/install/bumperbot_mapping/lib/python3.12/site-packages:/bumperbot_ws/install/bumperbot_localization/lib/python3.12/site-packages:/bumperbot_ws/install/bumperbot_controller/lib/python3.12/site-packages:/opt/ros/jazzy/lib/python3.12/site-packages /usr/bin/cmake /bumperbot_ws/src/bumperbot_cpp_examples -DCMAKE_INSTALL_PREFIX=/bumperbot_ws/install/bumperbot_cpp_examples
[1.156s] Invoking command in '/bumperbot_ws/build/bumperbot_cpp_examples': CMAKE_PREFIX_PATH=/bumperbot_ws/install/bumperbot_msgs:/bumperbot_ws/install/nav_2d_msgs:/bumperbot_ws/install/nav2_voxel_grid:/bumperbot_ws/install/bumperbot_planning:/bumperbot_ws/install/bumperbot_motion:/bumperbot_ws/install/nav2_msgs:/bumperbot_ws/install/nav2_common:/bumperbot_ws/install/bumperbot_navigation:/bumperbot_ws/install/bumperbot_cpp_examples:/bumperbot_ws/install/bumperbot_bringup:/bumperbot_ws/install/bumperbot_mapping:/bumperbot_ws/install/bumperbot_localization:/bumperbot_ws/install/bumperbot_description:/bumperbot_ws/install/bumperbot_controller:/opt/ros/jazzy/opt/gz_sim_vendor:/opt/ros/jazzy/opt/gz_sensors_vendor:/opt/ros/jazzy/opt/gz_physics_vendor:/opt/ros/jazzy/opt/sdformat_vendor:/opt/ros/jazzy/opt/gz_gui_vendor:/opt/ros/jazzy/opt/gz_transport_vendor:/opt/ros/jazzy/opt/gz_rendering_vendor:/opt/ros/jazzy/opt/gz_plugin_vendor:/opt/ros/jazzy/opt/gz_fuel_tools_vendor:/opt/ros/jazzy/opt/gz_msgs_vendor:/opt/ros/jazzy/opt/gz_common_vendor:/opt/ros/jazzy/opt/gz_math_vendor:/opt/ros/jazzy/opt/gz_utils_vendor:/opt/ros/jazzy/opt/gz_tools_vendor:/opt/ros/jazzy/opt/gz_ogre_next_vendor:/opt/ros/jazzy/opt/gz_dartsim_vendor:/opt/ros/jazzy/opt/gz_cmake_vendor:/opt/ros/jazzy LD_LIBRARY_PATH=/bumperbot_ws/install/bumperbot_msgs/lib:/bumperbot_ws/install/nav_2d_msgs/lib:/bumperbot_ws/install/nav2_voxel_grid/lib:/bumperbot_ws/install/bumperbot_planning/lib:/bumperbot_ws/install/bumperbot_motion/lib:/bumperbot_ws/install/nav2_msgs/lib:/bumperbot_ws/install/bumperbot_cpp_examples/lib:/opt/ros/jazzy/opt/zenoh_cpp_vendor/lib:/opt/ros/jazzy/opt/gz_sim_vendor/lib:/opt/ros/jazzy/opt/gz_sensors_vendor/lib:/opt/ros/jazzy/opt/gz_physics_vendor/lib:/opt/ros/jazzy/opt/sdformat_vendor/lib:/opt/ros/jazzy/opt/rviz_ogre_vendor/lib:/opt/ros/jazzy/lib/x86_64-linux-gnu:/opt/ros/jazzy/opt/gz_gui_vendor/lib:/opt/ros/jazzy/opt/gz_transport_vendor/lib:/opt/ros/jazzy/opt/gz_rendering_vendor/lib:/opt/ros/jazzy/opt/gz_plugin_vendor/lib:/opt/ros/jazzy/opt/gz_fuel_tools_vendor/lib:/opt/ros/jazzy/opt/gz_msgs_vendor/lib:/opt/ros/jazzy/opt/gz_common_vendor/lib:/opt/ros/jazzy/opt/gz_math_vendor/lib:/opt/ros/jazzy/opt/gz_utils_vendor/lib:/opt/ros/jazzy/opt/gz_tools_vendor/lib:/opt/ros/jazzy/opt/gz_ogre_next_vendor/lib:/opt/ros/jazzy/opt/gz_dartsim_vendor/lib:/opt/ros/jazzy/opt/gz_cmake_vendor/lib:/opt/ros/jazzy/lib PYTHONPATH=/bumperbot_ws/install/bumperbot_msgs/lib/python3.12/site-packages:/bumperbot_ws/install/nav_2d_msgs/lib/python3.12/site-packages:/bumperbot_ws/install/bumperbot_planning/lib/python3.12/site-packages:/bumperbot_ws/install/bumperbot_motion/lib/python3.12/site-packages:/bumperbot_ws/install/nav2_msgs/lib/python3.12/site-packages:/bumperbot_ws/install/nav2_common/lib/python3.12/site-packages:/bumperbot_ws/install/bumperbot_mapping/lib/python3.12/site-packages:/bumperbot_ws/install/bumperbot_localization/lib/python3.12/site-packages:/bumperbot_ws/install/bumperbot_controller/lib/python3.12/site-packages:/opt/ros/jazzy/lib/python3.12/site-packages /usr/bin/cmake --build /bumperbot_ws/build/bumperbot_cpp_examples -- -j16 -l16
[1.213s] [  3%] [32mBuilding CXX object CMakeFiles/simple_subscriber.dir/src/simple_subscriber.cpp.o[0m
[1.213s] [  7%] [32mBuilding CXX object CMakeFiles/simple_publisher.dir/src/simple_publisher.cpp.o[0m
[1.213s] [ 10%] [32mBuilding CXX object CMakeFiles/simple_parameter.dir/src/simple_parameter.cpp.o[0m
[1.213s] [ 14%] [32mBuilding CXX object CMakeFiles/simple_turtlesim_kinematics.dir/src/simple_turtlesim_kinematics.cpp.o[0m
[1.216s] [ 17%] [32mBuilding CXX object CMakeFiles/simple_qos_publisher.dir/src/simple_qos_publisher.cpp.o[0m
[1.217s] [ 21%] [32mBuilding CXX object CMakeFiles/simple_qos_subscriber.dir/src/simple_qos_subscriber.cpp.o[0m
[1.217s] [ 25%] [32mBuilding CXX object CMakeFiles/simple_service_server.dir/src/simple_service_server.cpp.o[0m
[1.217s] [ 28%] [32mBuilding CXX object CMakeFiles/simple_lifecycle_node.dir/src/simple_lifecycle_node.cpp.o[0m
[1.220s] [ 32%] [32mBuilding CXX object CMakeFiles/simple_tf_kinematics.dir/src/simple_tf_kinematics.cpp.o[0m
[1.223s] [ 35%] [32mBuilding CXX object CMakeFiles/simple_service_client.dir/src/simple_service_client.cpp.o[0m
[1.223s] [ 39%] [32mBuilding CXX object CMakeFiles/simple_action_server.dir/src/simple_action_server.cpp.o[0m
[1.224s] [ 42%] [32mBuilding CXX object CMakeFiles/simple_action_server_node.dir/rclcpp_components/node_main_simple_action_server_node.cpp.o[0m
[1.236s] [ 46%] [32mBuilding CXX object CMakeFiles/simple_action_client_node.dir/rclcpp_components/node_main_simple_action_client_node.cpp.o[0m
[1.237s] [ 50%] [32mBuilding CXX object CMakeFiles/simple_action_client.dir/src/simple_action_client.cpp.o[0m
[5.147s] [ 57%] [32m[1mLinking CXX executable simple_action_server_node[0m
[5.147s] [ 57%] [32m[1mLinking CXX executable simple_parameter[0m
[5.209s] [ 60%] [32m[1mLinking CXX executable simple_action_client_node[0m
[5.285s] [ 60%] Built target simple_action_server_node
[5.308s] [ 60%] Built target simple_parameter
[5.365s] [ 60%] Built target simple_action_client_node
[5.600s] [ 64%] [32m[1mLinking CXX executable simple_service_server[0m
[5.801s] [ 64%] Built target simple_service_server
[5.815s] [ 67%] [32m[1mLinking CXX executable simple_service_client[0m
[6.032s] [ 71%] [32m[1mLinking CXX executable simple_publisher[0m
[6.034s] [ 71%] Built target simple_service_client
[6.156s] [ 75%] [32m[1mLinking CXX executable simple_qos_publisher[0m
[6.207s] [ 75%] Built target simple_publisher
[6.220s] [ 78%] [32m[1mLinking CXX shared library libsimple_action_server.so[0m
[6.320s] [ 78%] Built target simple_qos_publisher
[6.346s] [ 82%] [32m[1mLinking CXX shared library libsimple_action_client.so[0m
[6.356s] [ 82%] Built target simple_action_server
[6.489s] [ 82%] Built target simple_action_client
[7.740s] [ 85%] [32m[1mLinking CXX executable simple_tf_kinematics[0m
[7.909s] [ 85%] Built target simple_tf_kinematics
[8.224s] [ 89%] [32m[1mLinking CXX executable simple_subscriber[0m
[8.269s] [ 92%] [32m[1mLinking CXX executable simple_qos_subscriber[0m
[8.366s] [ 96%] [32m[1mLinking CXX executable simple_lifecycle_node[0m
[8.398s] [ 96%] Built target simple_subscriber
[8.442s] [ 96%] Built target simple_qos_subscriber
[8.537s] [ 96%] Built target simple_lifecycle_node
[8.577s] [100%] [32m[1mLinking CXX executable simple_turtlesim_kinematics[0m
[8.732s] [100%] Built target simple_turtlesim_kinematics
[8.738s] Invoked command in '/bumperbot_ws/build/bumperbot_cpp_examples' returned '0': CMAKE_PREFIX_PATH=/bumperbot_ws/install/bumperbot_msgs:/bumperbot_ws/install/nav_2d_msgs:/bumperbot_ws/install/nav2_voxel_grid:/bumperbot_ws/install/bumperbot_planning:/bumperbot_ws/install/bumperbot_motion:/bumperbot_ws/install/nav2_msgs:/bumperbot_ws/install/nav2_common:/bumperbot_ws/install/bumperbot_navigation:/bumperbot_ws/install/bumperbot_cpp_examples:/bumperbot_ws/install/bumperbot_bringup:/bumperbot_ws/install/bumperbot_mapping:/bumperbot_ws/install/bumperbot_localization:/bumperbot_ws/install/bumperbot_description:/bumperbot_ws/install/bumperbot_controller:/opt/ros/jazzy/opt/gz_sim_vendor:/opt/ros/jazzy/opt/gz_sensors_vendor:/opt/ros/jazzy/opt/gz_physics_vendor:/opt/ros/jazzy/opt/sdformat_vendor:/opt/ros/jazzy/opt/gz_gui_vendor:/opt/ros/jazzy/opt/gz_transport_vendor:/opt/ros/jazzy/opt/gz_rendering_vendor:/opt/ros/jazzy/opt/gz_plugin_vendor:/opt/ros/jazzy/opt/gz_fuel_tools_vendor:/opt/ros/jazzy/opt/gz_msgs_vendor:/opt/ros/jazzy/opt/gz_common_vendor:/opt/ros/jazzy/opt/gz_math_vendor:/opt/ros/jazzy/opt/gz_utils_vendor:/opt/ros/jazzy/opt/gz_tools_vendor:/opt/ros/jazzy/opt/gz_ogre_next_vendor:/opt/ros/jazzy/opt/gz_dartsim_vendor:/opt/ros/jazzy/opt/gz_cmake_vendor:/opt/ros/jazzy LD_LIBRARY_PATH=/bumperbot_ws/install/bumperbot_msgs/lib:/bumperbot_ws/install/nav_2d_msgs/lib:/bumperbot_ws/install/nav2_voxel_grid/lib:/bumperbot_ws/install/bumperbot_planning/lib:/bumperbot_ws/install/bumperbot_motion/lib:/bumperbot_ws/install/nav2_msgs/lib:/bumperbot_ws/install/bumperbot_cpp_examples/lib:/opt/ros/jazzy/opt/zenoh_cpp_vendor/lib:/opt/ros/jazzy/opt/gz_sim_vendor/lib:/opt/ros/jazzy/opt/gz_sensors_vendor/lib:/opt/ros/jazzy/opt/gz_physics_vendor/lib:/opt/ros/jazzy/opt/sdformat_vendor/lib:/opt/ros/jazzy/opt/rviz_ogre_vendor/lib:/opt/ros/jazzy/lib/x86_64-linux-gnu:/opt/ros/jazzy/opt/gz_gui_vendor/lib:/opt/ros/jazzy/opt/gz_transport_vendor/lib:/opt/ros/jazzy/opt/gz_rendering_vendor/lib:/opt/ros/jazzy/opt/gz_plugin_vendor/lib:/opt/ros/jazzy/opt/gz_fuel_tools_vendor/lib:/opt/ros/jazzy/opt/gz_msgs_vendor/lib:/opt/ros/jazzy/opt/gz_common_vendor/lib:/opt/ros/jazzy/opt/gz_math_vendor/lib:/opt/ros/jazzy/opt/gz_utils_vendor/lib:/opt/ros/jazzy/opt/gz_tools_vendor/lib:/opt/ros/jazzy/opt/gz_ogre_next_vendor/lib:/opt/ros/jazzy/opt/gz_dartsim_vendor/lib:/opt/ros/jazzy/opt/gz_cmake_vendor/lib:/opt/ros/jazzy/lib PYTHONPATH=/bumperbot_ws/install/bumperbot_msgs/lib/python3.12/site-packages:/bumperbot_ws/install/nav_2d_msgs/lib/python3.12/site-packages:/bumperbot_ws/install/bumperbot_planning/lib/python3.12/site-packages:/bumperbot_ws/install/bumperbot_motion/lib/python3.12/site-packages:/bumperbot_ws/install/nav2_msgs/lib/python3.12/site-packages:/bumperbot_ws/install/nav2_common/lib/python3.12/site-packages:/bumperbot_ws/install/bumperbot_mapping/lib/python3.12/site-packages:/bumperbot_ws/install/bumperbot_localization/lib/python3.12/site-packages:/bumperbot_ws/install/bumperbot_controller/lib/python3.12/site-packages:/opt/ros/jazzy/lib/python3.12/site-packages /usr/bin/cmake --build /bumperbot_ws/build/bumperbot_cpp_examples -- -j16 -l16
[8.739s] Invoking command in '/bumperbot_ws/build/bumperbot_cpp_examples': CMAKE_PREFIX_PATH=/bumperbot_ws/install/bumperbot_msgs:/bumperbot_ws/install/nav_2d_msgs:/bumperbot_ws/install/nav2_voxel_grid:/bumperbot_ws/install/bumperbot_planning:/bumperbot_ws/install/bumperbot_motion:/bumperbot_ws/install/nav2_msgs:/bumperbot_ws/install/nav2_common:/bumperbot_ws/install/bumperbot_navigation:/bumperbot_ws/install/bumperbot_cpp_examples:/bumperbot_ws/install/bumperbot_bringup:/bumperbot_ws/install/bumperbot_mapping:/bumperbot_ws/install/bumperbot_localization:/bumperbot_ws/install/bumperbot_description:/bumperbot_ws/install/bumperbot_controller:/opt/ros/jazzy/opt/gz_sim_vendor:/opt/ros/jazzy/opt/gz_sensors_vendor:/opt/ros/jazzy/opt/gz_physics_vendor:/opt/ros/jazzy/opt/sdformat_vendor:/opt/ros/jazzy/opt/gz_gui_vendor:/opt/ros/jazzy/opt/gz_transport_vendor:/opt/ros/jazzy/opt/gz_rendering_vendor:/opt/ros/jazzy/opt/gz_plugin_vendor:/opt/ros/jazzy/opt/gz_fuel_tools_vendor:/opt/ros/jazzy/opt/gz_msgs_vendor:/opt/ros/jazzy/opt/gz_common_vendor:/opt/ros/jazzy/opt/gz_math_vendor:/opt/ros/jazzy/opt/gz_utils_vendor:/opt/ros/jazzy/opt/gz_tools_vendor:/opt/ros/jazzy/opt/gz_ogre_next_vendor:/opt/ros/jazzy/opt/gz_dartsim_vendor:/opt/ros/jazzy/opt/gz_cmake_vendor:/opt/ros/jazzy LD_LIBRARY_PATH=/bumperbot_ws/install/bumperbot_msgs/lib:/bumperbot_ws/install/nav_2d_msgs/lib:/bumperbot_ws/install/nav2_voxel_grid/lib:/bumperbot_ws/install/bumperbot_planning/lib:/bumperbot_ws/install/bumperbot_motion/lib:/bumperbot_ws/install/nav2_msgs/lib:/bumperbot_ws/install/bumperbot_cpp_examples/lib:/opt/ros/jazzy/opt/zenoh_cpp_vendor/lib:/opt/ros/jazzy/opt/gz_sim_vendor/lib:/opt/ros/jazzy/opt/gz_sensors_vendor/lib:/opt/ros/jazzy/opt/gz_physics_vendor/lib:/opt/ros/jazzy/opt/sdformat_vendor/lib:/opt/ros/jazzy/opt/rviz_ogre_vendor/lib:/opt/ros/jazzy/lib/x86_64-linux-gnu:/opt/ros/jazzy/opt/gz_gui_vendor/lib:/opt/ros/jazzy/opt/gz_transport_vendor/lib:/opt/ros/jazzy/opt/gz_rendering_vendor/lib:/opt/ros/jazzy/opt/gz_plugin_vendor/lib:/opt/ros/jazzy/opt/gz_fuel_tools_vendor/lib:/opt/ros/jazzy/opt/gz_msgs_vendor/lib:/opt/ros/jazzy/opt/gz_common_vendor/lib:/opt/ros/jazzy/opt/gz_math_vendor/lib:/opt/ros/jazzy/opt/gz_utils_vendor/lib:/opt/ros/jazzy/opt/gz_tools_vendor/lib:/opt/ros/jazzy/opt/gz_ogre_next_vendor/lib:/opt/ros/jazzy/opt/gz_dartsim_vendor/lib:/opt/ros/jazzy/opt/gz_cmake_vendor/lib:/opt/ros/jazzy/lib PYTHONPATH=/bumperbot_ws/install/bumperbot_msgs/lib/python3.12/site-packages:/bumperbot_ws/install/nav_2d_msgs/lib/python3.12/site-packages:/bumperbot_ws/install/bumperbot_planning/lib/python3.12/site-packages:/bumperbot_ws/install/bumperbot_motion/lib/python3.12/site-packages:/bumperbot_ws/install/nav2_msgs/lib/python3.12/site-packages:/bumperbot_ws/install/nav2_common/lib/python3.12/site-packages:/bumperbot_ws/install/bumperbot_mapping/lib/python3.12/site-packages:/bumperbot_ws/install/bumperbot_localization/lib/python3.12/site-packages:/bumperbot_ws/install/bumperbot_controller/lib/python3.12/site-packages:/opt/ros/jazzy/lib/python3.12/site-packages /usr/bin/cmake --install /bumperbot_ws/build/bumperbot_cpp_examples
[8.744s] -- Install configuration: ""
[8.744s] -- Installing: /bumperbot_ws/install/bumperbot_cpp_examples/lib/bumperbot_cpp_examples/simple_action_server_node
[8.745s] -- Set non-toolchain portion of runtime path of "/bumperbot_ws/install/bumperbot_cpp_examples/lib/bumperbot_cpp_examples/simple_action_server_node" to ""
[8.745s] -- Installing: /bumperbot_ws/install/bumperbot_cpp_examples/lib/bumperbot_cpp_examples/simple_action_client_node
[8.745s] -- Set non-toolchain portion of runtime path of "/bumperbot_ws/install/bumperbot_cpp_examples/lib/bumperbot_cpp_examples/simple_action_client_node" to ""
[8.745s] -- Installing: /bumperbot_ws/install/bumperbot_cpp_examples/include/include
[8.745s] -- Installing: /bumperbot_ws/install/bumperbot_cpp_examples/include/include/bumperbot_cpp_examples
[8.745s] -- Installing: /bumperbot_ws/install/bumperbot_cpp_examples/include/include/bumperbot_cpp_examples/simple_tf_kinematics.hpp
[8.745s] -- Installing: /bumperbot_ws/install/bumperbot_cpp_examples/include/include/bumperbot_cpp_examples/simple_turtlesim_kinematics.hpp
[8.745s] -- Installing: /bumperbot_ws/install/bumperbot_cpp_examples/lib/bumperbot_cpp_examples/simple_publisher
[8.746s] -- Set non-toolchain portion of runtime path of "/bumperbot_ws/install/bumperbot_cpp_examples/lib/bumperbot_cpp_examples/simple_publisher" to ""
[8.746s] -- Installing: /bumperbot_ws/install/bumperbot_cpp_examples/lib/bumperbot_cpp_examples/simple_subscriber
[8.748s] -- Set non-toolchain portion of runtime path of "/bumperbot_ws/install/bumperbot_cpp_examples/lib/bumperbot_cpp_examples/simple_subscriber" to ""
[8.748s] -- Installing: /bumperbot_ws/install/bumperbot_cpp_examples/lib/bumperbot_cpp_examples/simple_parameter
[8.748s] -- Set non-toolchain portion of runtime path of "/bumperbot_ws/install/bumperbot_cpp_examples/lib/bumperbot_cpp_examples/simple_parameter" to ""
[8.748s] -- Installing: /bumperbot_ws/install/bumperbot_cpp_examples/lib/bumperbot_cpp_examples/simple_turtlesim_kinematics
[8.750s] -- Set non-toolchain portion of runtime path of "/bumperbot_ws/install/bumperbot_cpp_examples/lib/bumperbot_cpp_examples/simple_turtlesim_kinematics" to ""
[8.750s] -- Installing: /bumperbot_ws/install/bumperbot_cpp_examples/lib/bumperbot_cpp_examples/simple_service_server
[8.750s] -- Set non-toolchain portion of runtime path of "/bumperbot_ws/install/bumperbot_cpp_examples/lib/bumperbot_cpp_examples/simple_service_server" to ""
[8.750s] -- Installing: /bumperbot_ws/install/bumperbot_cpp_examples/lib/bumperbot_cpp_examples/simple_service_client
[8.751s] -- Set non-toolchain portion of runtime path of "/bumperbot_ws/install/bumperbot_cpp_examples/lib/bumperbot_cpp_examples/simple_service_client" to ""
[8.751s] -- Installing: /bumperbot_ws/install/bumperbot_cpp_examples/lib/bumperbot_cpp_examples/simple_tf_kinematics
[8.752s] -- Set non-toolchain portion of runtime path of "/bumperbot_ws/install/bumperbot_cpp_examples/lib/bumperbot_cpp_examples/simple_tf_kinematics" to ""
[8.752s] -- Installing: /bumperbot_ws/install/bumperbot_cpp_examples/lib/bumperbot_cpp_examples/simple_lifecycle_node
[8.753s] -- Set non-toolchain portion of runtime path of "/bumperbot_ws/install/bumperbot_cpp_examples/lib/bumperbot_cpp_examples/simple_lifecycle_node" to ""
[8.754s] -- Installing: /bumperbot_ws/install/bumperbot_cpp_examples/lib/bumperbot_cpp_examples/simple_qos_publisher
[8.754s] -- Set non-toolchain portion of runtime path of "/bumperbot_ws/install/bumperbot_cpp_examples/lib/bumperbot_cpp_examples/simple_qos_publisher" to ""
[8.754s] -- Installing: /bumperbot_ws/install/bumperbot_cpp_examples/lib/bumperbot_cpp_examples/simple_qos_subscriber
[8.756s] -- Set non-toolchain portion of runtime path of "/bumperbot_ws/install/bumperbot_cpp_examples/lib/bumperbot_cpp_examples/simple_qos_subscriber" to ""
[8.756s] -- Installing: /bumperbot_ws/install/bumperbot_cpp_examples/lib/libsimple_action_server.so
[8.757s] -- Set non-toolchain portion of runtime path of "/bumperbot_ws/install/bumperbot_cpp_examples/lib/libsimple_action_server.so" to ""
[8.757s] -- Installing: /bumperbot_ws/install/bumperbot_cpp_examples/lib/libsimple_action_client.so
[8.757s] -- Set non-toolchain portion of runtime path of "/bumperbot_ws/install/bumperbot_cpp_examples/lib/libsimple_action_client.so" to ""
[8.757s] -- Installing: /bumperbot_ws/install/bumperbot_cpp_examples/share/ament_index/resource_index/package_run_dependencies/bumperbot_cpp_examples
[8.758s] -- Installing: /bumperbot_ws/install/bumperbot_cpp_examples/share/ament_index/resource_index/parent_prefix_path/bumperbot_cpp_examples
[8.758s] -- Installing: /bumperbot_ws/install/bumperbot_cpp_examples/share/bumperbot_cpp_examples/environment/ament_prefix_path.sh
[8.758s] -- Installing: /bumperbot_ws/install/bumperbot_cpp_examples/share/bumperbot_cpp_examples/environment/ament_prefix_path.dsv
[8.758s] -- Installing: /bumperbot_ws/install/bumperbot_cpp_examples/share/bumperbot_cpp_examples/environment/path.sh
[8.758s] -- Installing: /bumperbot_ws/install/bumperbot_cpp_examples/share/bumperbot_cpp_examples/environment/path.dsv
[8.758s] -- Installing: /bumperbot_ws/install/bumperbot_cpp_examples/share/bumperbot_cpp_examples/local_setup.bash
[8.758s] -- Installing: /bumperbot_ws/install/bumperbot_cpp_examples/share/bumperbot_cpp_examples/local_setup.sh
[8.758s] -- Installing: /bumperbot_ws/install/bumperbot_cpp_examples/share/bumperbot_cpp_examples/local_setup.zsh
[8.758s] -- Installing: /bumperbot_ws/install/bumperbot_cpp_examples/share/bumperbot_cpp_examples/local_setup.dsv
[8.758s] -- Installing: /bumperbot_ws/install/bumperbot_cpp_examples/share/bumperbot_cpp_examples/package.dsv
[8.758s] -- Installing: /bumperbot_ws/install/bumperbot_cpp_examples/share/ament_index/resource_index/packages/bumperbot_cpp_examples
[8.758s] -- Installing: /bumperbot_ws/install/bumperbot_cpp_examples/share/ament_index/resource_index/rclcpp_components/bumperbot_cpp_examples
[8.758s] -- Installing: /bumperbot_ws/install/bumperbot_cpp_examples/share/bumperbot_cpp_examples/cmake/bumperbot_cpp_examplesConfig.cmake
[8.758s] -- Installing: /bumperbot_ws/install/bumperbot_cpp_examples/share/bumperbot_cpp_examples/cmake/bumperbot_cpp_examplesConfig-version.cmake
[8.758s] -- Installing: /bumperbot_ws/install/bumperbot_cpp_examples/share/bumperbot_cpp_examples/package.xml
[8.760s] Invoked command in '/bumperbot_ws/build/bumperbot_cpp_examples' returned '0': CMAKE_PREFIX_PATH=/bumperbot_ws/install/bumperbot_msgs:/bumperbot_ws/install/nav_2d_msgs:/bumperbot_ws/install/nav2_voxel_grid:/bumperbot_ws/install/bumperbot_planning:/bumperbot_ws/install/bumperbot_motion:/bumperbot_ws/install/nav2_msgs:/bumperbot_ws/install/nav2_common:/bumperbot_ws/install/bumperbot_navigation:/bumperbot_ws/install/bumperbot_cpp_examples:/bumperbot_ws/install/bumperbot_bringup:/bumperbot_ws/install/bumperbot_mapping:/bumperbot_ws/install/bumperbot_localization:/bumperbot_ws/install/bumperbot_description:/bumperbot_ws/install/bumperbot_controller:/opt/ros/jazzy/opt/gz_sim_vendor:/opt/ros/jazzy/opt/gz_sensors_vendor:/opt/ros/jazzy/opt/gz_physics_vendor:/opt/ros/jazzy/opt/sdformat_vendor:/opt/ros/jazzy/opt/gz_gui_vendor:/opt/ros/jazzy/opt/gz_transport_vendor:/opt/ros/jazzy/opt/gz_rendering_vendor:/opt/ros/jazzy/opt/gz_plugin_vendor:/opt/ros/jazzy/opt/gz_fuel_tools_vendor:/opt/ros/jazzy/opt/gz_msgs_vendor:/opt/ros/jazzy/opt/gz_common_vendor:/opt/ros/jazzy/opt/gz_math_vendor:/opt/ros/jazzy/opt/gz_utils_vendor:/opt/ros/jazzy/opt/gz_tools_vendor:/opt/ros/jazzy/opt/gz_ogre_next_vendor:/opt/ros/jazzy/opt/gz_dartsim_vendor:/opt/ros/jazzy/opt/gz_cmake_vendor:/opt/ros/jazzy LD_LIBRARY_PATH=/bumperbot_ws/install/bumperbot_msgs/lib:/bumperbot_ws/install/nav_2d_msgs/lib:/bumperbot_ws/install/nav2_voxel_grid/lib:/bumperbot_ws/install/bumperbot_planning/lib:/bumperbot_ws/install/bumperbot_motion/lib:/bumperbot_ws/install/nav2_msgs/lib:/bumperbot_ws/install/bumperbot_cpp_examples/lib:/opt/ros/jazzy/opt/zenoh_cpp_vendor/lib:/opt/ros/jazzy/opt/gz_sim_vendor/lib:/opt/ros/jazzy/opt/gz_sensors_vendor/lib:/opt/ros/jazzy/opt/gz_physics_vendor/lib:/opt/ros/jazzy/opt/sdformat_vendor/lib:/opt/ros/jazzy/opt/rviz_ogre_vendor/lib:/opt/ros/jazzy/lib/x86_64-linux-gnu:/opt/ros/jazzy/opt/gz_gui_vendor/lib:/opt/ros/jazzy/opt/gz_transport_vendor/lib:/opt/ros/jazzy/opt/gz_rendering_vendor/lib:/opt/ros/jazzy/opt/gz_plugin_vendor/lib:/opt/ros/jazzy/opt/gz_fuel_tools_vendor/lib:/opt/ros/jazzy/opt/gz_msgs_vendor/lib:/opt/ros/jazzy/opt/gz_common_vendor/lib:/opt/ros/jazzy/opt/gz_math_vendor/lib:/opt/ros/jazzy/opt/gz_utils_vendor/lib:/opt/ros/jazzy/opt/gz_tools_vendor/lib:/opt/ros/jazzy/opt/gz_ogre_next_vendor/lib:/opt/ros/jazzy/opt/gz_dartsim_vendor/lib:/opt/ros/jazzy/opt/gz_cmake_vendor/lib:/opt/ros/jazzy/lib PYTHONPATH=/bumperbot_ws/install/bumperbot_msgs/lib/python3.12/site-packages:/bumperbot_ws/install/nav_2d_msgs/lib/python3.12/site-packages:/bumperbot_ws/install/bumperbot_planning/lib/python3.12/site-packages:/bumperbot_ws/install/bumperbot_motion/lib/python3.12/site-packages:/bumperbot_ws/install/nav2_msgs/lib/python3.12/site-packages:/bumperbot_ws/install/nav2_common/lib/python3.12/site-packages:/bumperbot_ws/install/bumperbot_mapping/lib/python3.12/site-packages:/bumperbot_ws/install/bumperbot_localization/lib/python3.12/site-packages:/bumperbot_ws/install/bumperbot_controller/lib/python3.12/site-packages:/opt/ros/jazzy/lib/python3.12/site-packages /usr/bin/cmake --install /bumperbot_ws/build/bumperbot_cpp_examples
