-- Found ament_cmake: 2.5.4 (/opt/ros/jazzy/share/ament_cmake/cmake)
-- Found rclcpp: 28.1.12 (/opt/ros/jazzy/share/rclcpp/cmake)
-- Found rosidl_generator_c: 4.6.6 (/opt/ros/jazzy/share/rosidl_generator_c/cmake)
-- Found rosidl_generator_cpp: 4.6.6 (/opt/ros/jazzy/share/rosidl_generator_cpp/cmake)
-- Using all available rosidl_typesupport_c: rosidl_typesupport_fastrtps_c;rosidl_typesupport_introspection_c
-- Using all available rosidl_typesupport_cpp: rosidl_typesupport_fastrtps_cpp;rosidl_typesupport_introspection_cpp
-- Found rmw_implementation_cmake: 7.3.2 (/opt/ros/jazzy/share/rmw_implementation_cmake/cmake)
-- Found rmw_zenoh_cpp: 0.2.7 (/opt/ros/jazzy/share/rmw_zenoh_cpp/cmake)
-- Using RMW implementation 'rmw_zenoh_cpp' as default
-- Found rclcpp_action: 28.1.12 (/opt/ros/jazzy/share/rclcpp_action/cmake)
-- Found rclcpp_components: 28.1.12 (/opt/ros/jazzy/share/rclcpp_components/cmake)
-- Found std_msgs: 5.3.6 (/opt/ros/jazzy/share/std_msgs/cmake)
-- Found turtlesim: 1.8.3 (/opt/ros/jazzy/share/turtlesim/cmake)
-- Found bumperbot_msgs: 0.0.0 (/bumperbot_ws/install/bumperbot_msgs/share/bumperbot_msgs/cmake)
-- Found tf2: 0.36.14 (/opt/ros/jazzy/share/tf2/cmake)
-- Found tf2_ros: 0.36.14 (/opt/ros/jazzy/share/tf2_ros/cmake)
-- Found rclcpp_lifecycle: 28.1.12 (/opt/ros/jazzy/share/rclcpp_lifecycle/cmake)
-- Configuring done (0.5s)
-- Generating done (0.0s)
-- Build files have been written to: /bumperbot_ws/build/bumperbot_cpp_examples
[  3%] Building CXX object CMakeFiles/simple_lifecycle_node.dir/src/simple_lifecycle_node.cpp.o
[  7%] Building CXX object CMakeFiles/simple_tf_kinematics.dir/src/simple_tf_kinematics.cpp.o
[ 10%] Building CXX object CMakeFiles/simple_service_server.dir/src/simple_service_server.cpp.o
[ 21%] Building CXX object CMakeFiles/simple_action_client_node.dir/rclcpp_components/node_main_simple_action_client_node.cpp.o
[ 21%] Building CXX object CMakeFiles/simple_parameter.dir/src/simple_parameter.cpp.o
[ 21%] Building CXX object CMakeFiles/simple_publisher.dir/src/simple_publisher.cpp.o
[ 25%] Building CXX object CMakeFiles/simple_turtlesim_kinematics.dir/src/simple_turtlesim_kinematics.cpp.o
[ 28%] Building CXX object CMakeFiles/simple_qos_publisher.dir/src/simple_qos_publisher.cpp.o
[ 32%] Building CXX object CMakeFiles/simple_action_server.dir/src/simple_action_server.cpp.o
[ 35%] Building CXX object CMakeFiles/simple_service_client.dir/src/simple_service_client.cpp.o
[ 39%] Building CXX object CMakeFiles/simple_subscriber.dir/src/simple_subscriber.cpp.o
[ 42%] Building CXX object CMakeFiles/simple_action_server_node.dir/rclcpp_components/node_main_simple_action_server_node.cpp.o
[ 46%] Building CXX object CMakeFiles/simple_qos_subscriber.dir/src/simple_qos_subscriber.cpp.o
[ 50%] Building CXX object CMakeFiles/simple_action_client.dir/src/simple_action_client.cpp.o
[ 53%] Linking CXX executable simple_parameter
[ 53%] Built target simple_parameter
[ 57%] Linking CXX executable simple_action_server_node
[ 60%] Linking CXX executable simple_action_client_node
[ 60%] Built target simple_action_server_node
[ 60%] Built target simple_action_client_node
[ 64%] Linking CXX executable simple_service_server
[ 67%] Linking CXX executable simple_service_client
[ 67%] Built target simple_service_server
[ 67%] Built target simple_service_client
[ 71%] Linking CXX executable simple_qos_publisher
[ 75%] Linking CXX executable simple_publisher
[ 78%] Linking CXX shared library libsimple_action_server.so
[ 78%] Built target simple_publisher
[ 78%] Built target simple_qos_publisher
[ 78%] Built target simple_action_server
[ 82%] Linking CXX shared library libsimple_action_client.so
[ 82%] Built target simple_action_client
[ 85%] Linking CXX executable simple_tf_kinematics
[ 85%] Built target simple_tf_kinematics
[ 89%] Linking CXX executable simple_turtlesim_kinematics
[ 92%] Linking CXX executable simple_qos_subscriber
[ 96%] Linking CXX executable simple_subscriber
[ 96%] Built target simple_turtlesim_kinematics
[ 96%] Built target simple_qos_subscriber
[100%] Linking CXX executable simple_lifecycle_node
[100%] Built target simple_subscriber
[100%] Built target simple_lifecycle_node
-- Install configuration: ""
-- Installing: /bumperbot_ws/install/bumperbot_cpp_examples/lib/bumperbot_cpp_examples/simple_action_server_node
-- Set non-toolchain portion of runtime path of "/bumperbot_ws/install/bumperbot_cpp_examples/lib/bumperbot_cpp_examples/simple_action_server_node" to ""
-- Installing: /bumperbot_ws/install/bumperbot_cpp_examples/lib/bumperbot_cpp_examples/simple_action_client_node
-- Set non-toolchain portion of runtime path of "/bumperbot_ws/install/bumperbot_cpp_examples/lib/bumperbot_cpp_examples/simple_action_client_node" to ""
-- Installing: /bumperbot_ws/install/bumperbot_cpp_examples/include/include
-- Installing: /bumperbot_ws/install/bumperbot_cpp_examples/include/include/bumperbot_cpp_examples
-- Installing: /bumperbot_ws/install/bumperbot_cpp_examples/include/include/bumperbot_cpp_examples/simple_tf_kinematics.hpp
-- Installing: /bumperbot_ws/install/bumperbot_cpp_examples/include/include/bumperbot_cpp_examples/simple_turtlesim_kinematics.hpp
-- Installing: /bumperbot_ws/install/bumperbot_cpp_examples/lib/bumperbot_cpp_examples/simple_publisher
-- Set non-toolchain portion of runtime path of "/bumperbot_ws/install/bumperbot_cpp_examples/lib/bumperbot_cpp_examples/simple_publisher" to ""
-- Installing: /bumperbot_ws/install/bumperbot_cpp_examples/lib/bumperbot_cpp_examples/simple_subscriber
-- Set non-toolchain portion of runtime path of "/bumperbot_ws/install/bumperbot_cpp_examples/lib/bumperbot_cpp_examples/simple_subscriber" to ""
-- Installing: /bumperbot_ws/install/bumperbot_cpp_examples/lib/bumperbot_cpp_examples/simple_parameter
-- Set non-toolchain portion of runtime path of "/bumperbot_ws/install/bumperbot_cpp_examples/lib/bumperbot_cpp_examples/simple_parameter" to ""
-- Installing: /bumperbot_ws/install/bumperbot_cpp_examples/lib/bumperbot_cpp_examples/simple_turtlesim_kinematics
-- Set non-toolchain portion of runtime path of "/bumperbot_ws/install/bumperbot_cpp_examples/lib/bumperbot_cpp_examples/simple_turtlesim_kinematics" to ""
-- Installing: /bumperbot_ws/install/bumperbot_cpp_examples/lib/bumperbot_cpp_examples/simple_service_server
-- Set non-toolchain portion of runtime path of "/bumperbot_ws/install/bumperbot_cpp_examples/lib/bumperbot_cpp_examples/simple_service_server" to ""
-- Installing: /bumperbot_ws/install/bumperbot_cpp_examples/lib/bumperbot_cpp_examples/simple_service_client
-- Set non-toolchain portion of runtime path of "/bumperbot_ws/install/bumperbot_cpp_examples/lib/bumperbot_cpp_examples/simple_service_client" to ""
-- Installing: /bumperbot_ws/install/bumperbot_cpp_examples/lib/bumperbot_cpp_examples/simple_tf_kinematics
-- Set non-toolchain portion of runtime path of "/bumperbot_ws/install/bumperbot_cpp_examples/lib/bumperbot_cpp_examples/simple_tf_kinematics" to ""
-- Installing: /bumperbot_ws/install/bumperbot_cpp_examples/lib/bumperbot_cpp_examples/simple_lifecycle_node
-- Set non-toolchain portion of runtime path of "/bumperbot_ws/install/bumperbot_cpp_examples/lib/bumperbot_cpp_examples/simple_lifecycle_node" to ""
-- Installing: /bumperbot_ws/install/bumperbot_cpp_examples/lib/bumperbot_cpp_examples/simple_qos_publisher
-- Set non-toolchain portion of runtime path of "/bumperbot_ws/install/bumperbot_cpp_examples/lib/bumperbot_cpp_examples/simple_qos_publisher" to ""
-- Installing: /bumperbot_ws/install/bumperbot_cpp_examples/lib/bumperbot_cpp_examples/simple_qos_subscriber
-- Set non-toolchain portion of runtime path of "/bumperbot_ws/install/bumperbot_cpp_examples/lib/bumperbot_cpp_examples/simple_qos_subscriber" to ""
-- Installing: /bumperbot_ws/install/bumperbot_cpp_examples/lib/libsimple_action_server.so
-- Set non-toolchain portion of runtime path of "/bumperbot_ws/install/bumperbot_cpp_examples/lib/libsimple_action_server.so" to ""
-- Installing: /bumperbot_ws/install/bumperbot_cpp_examples/lib/libsimple_action_client.so
-- Set non-toolchain portion of runtime path of "/bumperbot_ws/install/bumperbot_cpp_examples/lib/libsimple_action_client.so" to ""
-- Installing: /bumperbot_ws/install/bumperbot_cpp_examples/share/ament_index/resource_index/package_run_dependencies/bumperbot_cpp_examples
-- Installing: /bumperbot_ws/install/bumperbot_cpp_examples/share/ament_index/resource_index/parent_prefix_path/bumperbot_cpp_examples
-- Installing: /bumperbot_ws/install/bumperbot_cpp_examples/share/bumperbot_cpp_examples/environment/ament_prefix_path.sh
-- Installing: /bumperbot_ws/install/bumperbot_cpp_examples/share/bumperbot_cpp_examples/environment/ament_prefix_path.dsv
-- Installing: /bumperbot_ws/install/bumperbot_cpp_examples/share/bumperbot_cpp_examples/environment/path.sh
-- Installing: /bumperbot_ws/install/bumperbot_cpp_examples/share/bumperbot_cpp_examples/environment/path.dsv
-- Installing: /bumperbot_ws/install/bumperbot_cpp_examples/share/bumperbot_cpp_examples/local_setup.bash
-- Installing: /bumperbot_ws/install/bumperbot_cpp_examples/share/bumperbot_cpp_examples/local_setup.sh
-- Installing: /bumperbot_ws/install/bumperbot_cpp_examples/share/bumperbot_cpp_examples/local_setup.zsh
-- Installing: /bumperbot_ws/install/bumperbot_cpp_examples/share/bumperbot_cpp_examples/local_setup.dsv
-- Installing: /bumperbot_ws/install/bumperbot_cpp_examples/share/bumperbot_cpp_examples/package.dsv
-- Installing: /bumperbot_ws/install/bumperbot_cpp_examples/share/ament_index/resource_index/packages/bumperbot_cpp_examples
-- Installing: /bumperbot_ws/install/bumperbot_cpp_examples/share/ament_index/resource_index/rclcpp_components/bumperbot_cpp_examples
-- Installing: /bumperbot_ws/install/bumperbot_cpp_examples/share/bumperbot_cpp_examples/cmake/bumperbot_cpp_examplesConfig.cmake
-- Installing: /bumperbot_ws/install/bumperbot_cpp_examples/share/bumperbot_cpp_examples/cmake/bumperbot_cpp_examplesConfig-version.cmake
-- Installing: /bumperbot_ws/install/bumperbot_cpp_examples/share/bumperbot_cpp_examples/package.xml
