[0.009s] Invoking command in '/bumperbot_ws/build/bumperbot_localization': CMAKE_PREFIX_PATH=${CMAKE_PREFIX_PATH}:/opt/ros/jazzy /usr/bin/cmake /bumperbot_ws/src/bumperbot_localization -DCMAKE_INSTALL_PREFIX=/bumperbot_ws/install/bumperbot_localization
[0.093s] -- The C compiler identification is GNU 13.3.0
[0.174s] -- The CXX compiler identification is GNU 13.3.0
[0.186s] -- Detecting C compiler ABI info
[0.252s] -- Detecting C compiler ABI info - done
[0.259s] -- Check for working C compiler: /usr/bin/cc - skipped
[0.259s] -- Detecting C compile features
[0.259s] -- Detecting C compile features - done
[0.266s] -- Detecting CXX compiler ABI info
[0.332s] -- Detecting CXX compiler ABI info - done
[0.338s] -- Check for working CXX compiler: /usr/bin/c++ - skipped
[0.338s] -- Detecting CXX compile features
[0.339s] -- Detecting CXX compile features - done
[0.345s] -- Found ament_cmake: 2.5.4 (/opt/ros/jazzy/share/ament_cmake/cmake)
[0.441s] -- Found Python3: /usr/bin/python3 (found version "3.12.3") found components: Interpreter 
[0.547s] -- Found rclcpp: 28.1.12 (/opt/ros/jazzy/share/rclcpp/cmake)
[0.586s] -- Found rosidl_generator_c: 4.6.6 (/opt/ros/jazzy/share/rosidl_generator_c/cmake)
[0.599s] -- Found rosidl_generator_cpp: 4.6.6 (/opt/ros/jazzy/share/rosidl_generator_cpp/cmake)
[0.615s] -- Using all available rosidl_typesupport_c: rosidl_typesupport_fastrtps_c;rosidl_typesupport_introspection_c
[0.632s] -- Using all available rosidl_typesupport_cpp: rosidl_typesupport_fastrtps_cpp;rosidl_typesupport_introspection_cpp
[0.699s] -- Found rmw_implementation_cmake: 7.3.2 (/opt/ros/jazzy/share/rmw_implementation_cmake/cmake)
[0.702s] -- Found rmw_zenoh_cpp: 0.2.7 (/opt/ros/jazzy/share/rmw_zenoh_cpp/cmake)
[0.702s] -- Using RMW implementation 'rmw_zenoh_cpp' as default
[0.761s] -- Found rclpy: 7.1.5 (/opt/ros/jazzy/share/rclpy/cmake)
[0.763s] -- Found nav_msgs: 5.3.6 (/opt/ros/jazzy/share/nav_msgs/cmake)
[0.809s] -- Found sensor_msgs: 5.3.6 (/opt/ros/jazzy/share/sensor_msgs/cmake)
[0.828s] -- Found tf2: 0.36.14 (/opt/ros/jazzy/share/tf2/cmake)
[0.962s] -- Configuring done (0.9s)
[0.974s] -- Generating done (0.0s)
[0.978s] -- Build files have been written to: /bumperbot_ws/build/bumperbot_localization
[0.983s] Invoked command in '/bumperbot_ws/build/bumperbot_localization' returned '0': CMAKE_PREFIX_PATH=${CMAKE_PREFIX_PATH}:/opt/ros/jazzy /usr/bin/cmake /bumperbot_ws/src/bumperbot_localization -DCMAKE_INSTALL_PREFIX=/bumperbot_ws/install/bumperbot_localization
[0.984s] Invoking command in '/bumperbot_ws/build/bumperbot_localization': CMAKE_PREFIX_PATH=${CMAKE_PREFIX_PATH}:/opt/ros/jazzy /usr/bin/cmake --build /bumperbot_ws/build/bumperbot_localization -- -j16 -l16
[1.019s] [ 33%] [32mBuilding CXX object CMakeFiles/imu_republisher.dir/src/imu_republisher.cpp.o[0m
[1.019s] [ 33%] [32mBuilding CXX object CMakeFiles/kalman_filter.dir/src/kalman_filter.cpp.o[0m
[1.019s] [ 50%] [32mBuilding CXX object CMakeFiles/odometry_motion_model.dir/src/odometry_motion_model.cpp.o[0m
[1.026s] [ 50%] Built target ament_cmake_python_copy_bumperbot_localization
[1.169s] running egg_info
[1.170s] creating bumperbot_localization.egg-info
[1.185s] writing bumperbot_localization.egg-info/PKG-INFO
[1.185s] writing dependency_links to bumperbot_localization.egg-info/dependency_links.txt
[1.185s] writing top-level names to bumperbot_localization.egg-info/top_level.txt
[1.185s] writing manifest file 'bumperbot_localization.egg-info/SOURCES.txt'
[1.228s] reading manifest file 'bumperbot_localization.egg-info/SOURCES.txt'
[1.229s] writing manifest file 'bumperbot_localization.egg-info/SOURCES.txt'
[1.262s] [ 50%] Built target ament_cmake_python_build_bumperbot_localization_egg
[6.435s] [ 66%] [32m[1mLinking CXX executable imu_republisher[0m
[6.611s] [ 66%] Built target imu_republisher
[6.969s] [ 83%] [32m[1mLinking CXX executable odometry_motion_model[0m
[7.173s] [ 83%] Built target odometry_motion_model
[7.855s] [100%] [32m[1mLinking CXX executable kalman_filter[0m
[8.151s] [100%] Built target kalman_filter
[8.158s] Invoked command in '/bumperbot_ws/build/bumperbot_localization' returned '0': CMAKE_PREFIX_PATH=${CMAKE_PREFIX_PATH}:/opt/ros/jazzy /usr/bin/cmake --build /bumperbot_ws/build/bumperbot_localization -- -j16 -l16
[8.159s] Invoking command in '/bumperbot_ws/build/bumperbot_localization': CMAKE_PREFIX_PATH=${CMAKE_PREFIX_PATH}:/opt/ros/jazzy /usr/bin/cmake --install /bumperbot_ws/build/bumperbot_localization
[8.165s] -- Install configuration: ""
[8.165s] -- Installing: /bumperbot_ws/install/bumperbot_localization/share/bumperbot_localization/environment/pythonpath.sh
[8.165s] -- Installing: /bumperbot_ws/install/bumperbot_localization/share/bumperbot_localization/environment/pythonpath.dsv
[8.165s] -- Installing: /bumperbot_ws/install/bumperbot_localization/lib/python3.12/site-packages/bumperbot_localization-0.0.0-py3.12.egg-info
[8.165s] -- Installing: /bumperbot_ws/install/bumperbot_localization/lib/python3.12/site-packages/bumperbot_localization-0.0.0-py3.12.egg-info/top_level.txt
[8.165s] -- Installing: /bumperbot_ws/install/bumperbot_localization/lib/python3.12/site-packages/bumperbot_localization-0.0.0-py3.12.egg-info/PKG-INFO
[8.165s] -- Installing: /bumperbot_ws/install/bumperbot_localization/lib/python3.12/site-packages/bumperbot_localization-0.0.0-py3.12.egg-info/SOURCES.txt
[8.165s] -- Installing: /bumperbot_ws/install/bumperbot_localization/lib/python3.12/site-packages/bumperbot_localization-0.0.0-py3.12.egg-info/dependency_links.txt
[8.165s] -- Installing: /bumperbot_ws/install/bumperbot_localization/lib/python3.12/site-packages/bumperbot_localization
[8.166s] -- Installing: /bumperbot_ws/install/bumperbot_localization/lib/python3.12/site-packages/bumperbot_localization/__init__.py
[8.166s] -- Installing: /bumperbot_ws/install/bumperbot_localization/lib/python3.12/site-packages/bumperbot_localization/kalman_filter.py
[8.166s] -- Installing: /bumperbot_ws/install/bumperbot_localization/lib/python3.12/site-packages/bumperbot_localization/imu_republisher.py
[8.166s] -- Installing: /bumperbot_ws/install/bumperbot_localization/lib/python3.12/site-packages/bumperbot_localization/odometry_motion_model.py
[8.190s] Listing '/bumperbot_ws/install/bumperbot_localization/lib/python3.12/site-packages/bumperbot_localization'...
[8.190s] Compiling '/bumperbot_ws/install/bumperbot_localization/lib/python3.12/site-packages/bumperbot_localization/__init__.py'...
[8.190s] Compiling '/bumperbot_ws/install/bumperbot_localization/lib/python3.12/site-packages/bumperbot_localization/imu_republisher.py'...
[8.190s] Compiling '/bumperbot_ws/install/bumperbot_localization/lib/python3.12/site-packages/bumperbot_localization/kalman_filter.py'...
[8.190s] Compiling '/bumperbot_ws/install/bumperbot_localization/lib/python3.12/site-packages/bumperbot_localization/odometry_motion_model.py'...
[8.194s] -- Installing: /bumperbot_ws/install/bumperbot_localization/include/include
[8.194s] -- Installing: /bumperbot_ws/install/bumperbot_localization/include/include/bumperbot_localization
[8.194s] -- Installing: /bumperbot_ws/install/bumperbot_localization/include/include/bumperbot_localization/odometry_motion_model.hpp
[8.194s] -- Installing: /bumperbot_ws/install/bumperbot_localization/include/include/bumperbot_localization/kalman_filter.hpp
[8.194s] -- Installing: /bumperbot_ws/install/bumperbot_localization/bin/odometry_motion_model
[8.196s] -- Set non-toolchain portion of runtime path of "/bumperbot_ws/install/bumperbot_localization/bin/odometry_motion_model" to ""
[8.196s] -- Installing: /bumperbot_ws/install/bumperbot_localization/lib/bumperbot_localization/kalman_filter
[8.199s] -- Set non-toolchain portion of runtime path of "/bumperbot_ws/install/bumperbot_localization/lib/bumperbot_localization/kalman_filter" to ""
[8.200s] -- Installing: /bumperbot_ws/install/bumperbot_localization/lib/bumperbot_localization/imu_republisher
[8.201s] -- Set non-toolchain portion of runtime path of "/bumperbot_ws/install/bumperbot_localization/lib/bumperbot_localization/imu_republisher" to ""
[8.201s] -- Installing: /bumperbot_ws/install/bumperbot_localization/lib/bumperbot_localization/odometry_motion_model
[8.204s] -- Set non-toolchain portion of runtime path of "/bumperbot_ws/install/bumperbot_localization/lib/bumperbot_localization/odometry_motion_model" to ""
[8.204s] -- Installing: /bumperbot_ws/install/bumperbot_localization/share/bumperbot_localization/launch
[8.204s] -- Installing: /bumperbot_ws/install/bumperbot_localization/share/bumperbot_localization/launch/global_localization.launch.py
[8.204s] -- Installing: /bumperbot_ws/install/bumperbot_localization/share/bumperbot_localization/launch/local_localization.launch.py
[8.204s] -- Installing: /bumperbot_ws/install/bumperbot_localization/share/bumperbot_localization/config
[8.204s] -- Installing: /bumperbot_ws/install/bumperbot_localization/share/bumperbot_localization/config/odometry_motion_model.rviz
[8.204s] -- Installing: /bumperbot_ws/install/bumperbot_localization/share/bumperbot_localization/config/amcl.yaml
[8.204s] -- Installing: /bumperbot_ws/install/bumperbot_localization/share/bumperbot_localization/config/ekf.yaml
[8.204s] -- Installing: /bumperbot_ws/install/bumperbot_localization/share/bumperbot_localization/rviz
[8.204s] -- Installing: /bumperbot_ws/install/bumperbot_localization/share/bumperbot_localization/rviz/global_localization.rviz
[8.204s] -- Installing: /bumperbot_ws/install/bumperbot_localization/lib/bumperbot_localization/kalman_filter.py
[8.204s] -- Installing: /bumperbot_ws/install/bumperbot_localization/lib/bumperbot_localization/imu_republisher.py
[8.204s] -- Installing: /bumperbot_ws/install/bumperbot_localization/lib/bumperbot_localization/odometry_motion_model.py
[8.204s] -- Installing: /bumperbot_ws/install/bumperbot_localization/share/ament_index/resource_index/package_run_dependencies/bumperbot_localization
[8.204s] -- Installing: /bumperbot_ws/install/bumperbot_localization/share/ament_index/resource_index/parent_prefix_path/bumperbot_localization
[8.204s] -- Installing: /bumperbot_ws/install/bumperbot_localization/share/bumperbot_localization/environment/ament_prefix_path.sh
[8.204s] -- Installing: /bumperbot_ws/install/bumperbot_localization/share/bumperbot_localization/environment/ament_prefix_path.dsv
[8.204s] -- Installing: /bumperbot_ws/install/bumperbot_localization/share/bumperbot_localization/environment/path.sh
[8.205s] -- Installing: /bumperbot_ws/install/bumperbot_localization/share/bumperbot_localization/environment/path.dsv
[8.205s] -- Installing: /bumperbot_ws/install/bumperbot_localization/share/bumperbot_localization/local_setup.bash
[8.205s] -- Installing: /bumperbot_ws/install/bumperbot_localization/share/bumperbot_localization/local_setup.sh
[8.205s] -- Installing: /bumperbot_ws/install/bumperbot_localization/share/bumperbot_localization/local_setup.zsh
[8.205s] -- Installing: /bumperbot_ws/install/bumperbot_localization/share/bumperbot_localization/local_setup.dsv
[8.205s] -- Installing: /bumperbot_ws/install/bumperbot_localization/share/bumperbot_localization/package.dsv
[8.205s] -- Installing: /bumperbot_ws/install/bumperbot_localization/share/ament_index/resource_index/packages/bumperbot_localization
[8.205s] -- Installing: /bumperbot_ws/install/bumperbot_localization/share/bumperbot_localization/cmake/bumperbot_localizationConfig.cmake
[8.205s] -- Installing: /bumperbot_ws/install/bumperbot_localization/share/bumperbot_localization/cmake/bumperbot_localizationConfig-version.cmake
[8.205s] -- Installing: /bumperbot_ws/install/bumperbot_localization/share/bumperbot_localization/package.xml
[8.207s] Invoked command in '/bumperbot_ws/build/bumperbot_localization' returned '0': CMAKE_PREFIX_PATH=${CMAKE_PREFIX_PATH}:/opt/ros/jazzy /usr/bin/cmake --install /bumperbot_ws/build/bumperbot_localization
