[0.014s] Invoking command in '/bumperbot_ws/build/bumperbot_motion': CMAKE_PREFIX_PATH=${CMAKE_PREFIX_PATH}:/opt/ros/jazzy /usr/bin/cmake --build /bumperbot_ws/build/bumperbot_motion -- -j16 -l16
[0.036s] -- Found ament_cmake: 2.5.4 (/opt/ros/jazzy/share/ament_cmake/cmake)
[0.186s] -- Found rclcpp: 28.1.12 (/opt/ros/jazzy/share/rclcpp/cmake)
[0.205s] -- Found rosidl_generator_c: 4.6.6 (/opt/ros/jazzy/share/rosidl_generator_c/cmake)
[0.212s] -- Found rosidl_generator_cpp: 4.6.6 (/opt/ros/jazzy/share/rosidl_generator_cpp/cmake)
[0.219s] -- Using all available rosidl_typesupport_c: rosidl_typesupport_fastrtps_c;rosidl_typesupport_introspection_c
[0.229s] -- Using all available rosidl_typesupport_cpp: rosidl_typesupport_fastrtps_cpp;rosidl_typesupport_introspection_cpp
[0.274s] -- Found rmw_implementation_cmake: 7.3.2 (/opt/ros/jazzy/share/rmw_implementation_cmake/cmake)
[0.275s] -- Found rmw_zenoh_cpp: 0.2.7 (/opt/ros/jazzy/share/rmw_zenoh_cpp/cmake)
[0.276s] -- Using RMW implementation 'rmw_zenoh_cpp' as default
[0.327s] -- Found rclpy: 7.1.5 (/opt/ros/jazzy/share/rclpy/cmake)
[0.327s] -- Found nav_msgs: 5.3.6 (/opt/ros/jazzy/share/nav_msgs/cmake)
[0.369s] -- Found tf2: 0.36.14 (/opt/ros/jazzy/share/tf2/cmake)
[0.371s] -- Found tf2_ros: 0.36.14 (/opt/ros/jazzy/share/tf2_ros/cmake)
[0.446s] -- Found tf2_geometry_msgs: 0.36.14 (/opt/ros/jazzy/share/tf2_geometry_msgs/cmake)
[0.449s] -- Found eigen3_cmake_module: 0.3.0 (/opt/ros/jazzy/share/eigen3_cmake_module/cmake)
[0.449s] -- Ensuring Eigen3 include directory is part of orocos-kdl CMake target
[0.586s] -- Configuring done (0.6s)
[0.602s] -- Generating done (0.0s)
[0.607s] -- Build files have been written to: /bumperbot_ws/build/bumperbot_motion
[0.631s] [ 25%] [32mBuilding CXX object CMakeFiles/pure_pursuit.dir/src/pure_pursuit.cpp.o[0m
[0.637s] [ 25%] Built target ament_cmake_python_copy_bumperbot_motion
[0.642s] [ 50%] [32mBuilding CXX object CMakeFiles/pd_motion_planner.dir/src/pd_motion_planner.cpp.o[0m
[0.781s] running egg_info
[0.782s] creating bumperbot_motion.egg-info
[0.792s] writing bumperbot_motion.egg-info/PKG-INFO
[0.792s] writing dependency_links to bumperbot_motion.egg-info/dependency_links.txt
[0.792s] writing top-level names to bumperbot_motion.egg-info/top_level.txt
[0.792s] writing manifest file 'bumperbot_motion.egg-info/SOURCES.txt'
[0.823s] reading manifest file 'bumperbot_motion.egg-info/SOURCES.txt'
[0.824s] writing manifest file 'bumperbot_motion.egg-info/SOURCES.txt'
[0.842s] [ 50%] Built target ament_cmake_python_build_bumperbot_motion_egg
[6.826s] [ 75%] [32m[1mLinking CXX executable pure_pursuit[0m
[6.856s] [100%] [32m[1mLinking CXX executable pd_motion_planner[0m
[7.089s] [100%] Built target pure_pursuit
[7.122s] [100%] Built target pd_motion_planner
[7.129s] Invoked command in '/bumperbot_ws/build/bumperbot_motion' returned '0': CMAKE_PREFIX_PATH=${CMAKE_PREFIX_PATH}:/opt/ros/jazzy /usr/bin/cmake --build /bumperbot_ws/build/bumperbot_motion -- -j16 -l16
[7.130s] Invoking command in '/bumperbot_ws/build/bumperbot_motion': CMAKE_PREFIX_PATH=${CMAKE_PREFIX_PATH}:/opt/ros/jazzy /usr/bin/cmake --install /bumperbot_ws/build/bumperbot_motion
[7.135s] -- Install configuration: ""
[7.135s] -- Installing: /bumperbot_ws/install/bumperbot_motion/share/bumperbot_motion/environment/pythonpath.sh
[7.135s] -- Installing: /bumperbot_ws/install/bumperbot_motion/share/bumperbot_motion/environment/pythonpath.dsv
[7.135s] -- Installing: /bumperbot_ws/install/bumperbot_motion/lib/python3.12/site-packages/bumperbot_motion-0.0.0-py3.12.egg-info
[7.135s] -- Installing: /bumperbot_ws/install/bumperbot_motion/lib/python3.12/site-packages/bumperbot_motion-0.0.0-py3.12.egg-info/top_level.txt
[7.135s] -- Installing: /bumperbot_ws/install/bumperbot_motion/lib/python3.12/site-packages/bumperbot_motion-0.0.0-py3.12.egg-info/PKG-INFO
[7.135s] -- Installing: /bumperbot_ws/install/bumperbot_motion/lib/python3.12/site-packages/bumperbot_motion-0.0.0-py3.12.egg-info/SOURCES.txt
[7.135s] -- Installing: /bumperbot_ws/install/bumperbot_motion/lib/python3.12/site-packages/bumperbot_motion-0.0.0-py3.12.egg-info/dependency_links.txt
[7.135s] -- Installing: /bumperbot_ws/install/bumperbot_motion/lib/python3.12/site-packages/bumperbot_motion
[7.135s] -- Installing: /bumperbot_ws/install/bumperbot_motion/lib/python3.12/site-packages/bumperbot_motion/pure_pursuit.py
[7.135s] -- Installing: /bumperbot_ws/install/bumperbot_motion/lib/python3.12/site-packages/bumperbot_motion/pd_motion_planner.py
[7.135s] -- Installing: /bumperbot_ws/install/bumperbot_motion/lib/python3.12/site-packages/bumperbot_motion/__init__.py
[7.159s] Listing '/bumperbot_ws/install/bumperbot_motion/lib/python3.12/site-packages/bumperbot_motion'...
[7.160s] Compiling '/bumperbot_ws/install/bumperbot_motion/lib/python3.12/site-packages/bumperbot_motion/__init__.py'...
[7.160s] Compiling '/bumperbot_ws/install/bumperbot_motion/lib/python3.12/site-packages/bumperbot_motion/pd_motion_planner.py'...
[7.160s] Compiling '/bumperbot_ws/install/bumperbot_motion/lib/python3.12/site-packages/bumperbot_motion/pure_pursuit.py'...
[7.164s] -- Installing: /bumperbot_ws/install/bumperbot_motion/include/include
[7.164s] -- Installing: /bumperbot_ws/install/bumperbot_motion/include/include/bumperbot_motion
[7.164s] -- Installing: /bumperbot_ws/install/bumperbot_motion/include/include/bumperbot_motion/pure_pursuit.hpp
[7.164s] -- Installing: /bumperbot_ws/install/bumperbot_motion/include/include/bumperbot_motion/pd_motion_planner.hpp
[7.164s] -- Installing: /bumperbot_ws/install/bumperbot_motion/lib/bumperbot_motion/pd_motion_planner
[7.168s] -- Set non-toolchain portion of runtime path of "/bumperbot_ws/install/bumperbot_motion/lib/bumperbot_motion/pd_motion_planner" to ""
[7.168s] -- Installing: /bumperbot_ws/install/bumperbot_motion/lib/bumperbot_motion/pure_pursuit
[7.171s] -- Set non-toolchain portion of runtime path of "/bumperbot_ws/install/bumperbot_motion/lib/bumperbot_motion/pure_pursuit" to ""
[7.171s] -- Installing: /bumperbot_ws/install/bumperbot_motion/lib/bumperbot_motion/pd_motion_planner.py
[7.172s] -- Installing: /bumperbot_ws/install/bumperbot_motion/lib/bumperbot_motion/pure_pursuit.py
[7.172s] -- Installing: /bumperbot_ws/install/bumperbot_motion/share/ament_index/resource_index/package_run_dependencies/bumperbot_motion
[7.172s] -- Installing: /bumperbot_ws/install/bumperbot_motion/share/ament_index/resource_index/parent_prefix_path/bumperbot_motion
[7.172s] -- Up-to-date: /bumperbot_ws/install/bumperbot_motion/share/bumperbot_motion/environment/ament_prefix_path.sh
[7.172s] -- Up-to-date: /bumperbot_ws/install/bumperbot_motion/share/bumperbot_motion/environment/ament_prefix_path.dsv
[7.172s] -- Up-to-date: /bumperbot_ws/install/bumperbot_motion/share/bumperbot_motion/environment/path.sh
[7.172s] -- Up-to-date: /bumperbot_ws/install/bumperbot_motion/share/bumperbot_motion/environment/path.dsv
[7.172s] -- Up-to-date: /bumperbot_ws/install/bumperbot_motion/share/bumperbot_motion/local_setup.bash
[7.172s] -- Installing: /bumperbot_ws/install/bumperbot_motion/share/bumperbot_motion/local_setup.sh
[7.172s] -- Up-to-date: /bumperbot_ws/install/bumperbot_motion/share/bumperbot_motion/local_setup.zsh
[7.172s] -- Installing: /bumperbot_ws/install/bumperbot_motion/share/bumperbot_motion/local_setup.dsv
[7.172s] -- Installing: /bumperbot_ws/install/bumperbot_motion/share/bumperbot_motion/package.dsv
[7.172s] -- Up-to-date: /bumperbot_ws/install/bumperbot_motion/share/ament_index/resource_index/packages/bumperbot_motion
[7.172s] -- Up-to-date: /bumperbot_ws/install/bumperbot_motion/share/bumperbot_motion/cmake/ament_cmake_export_include_directories-extras.cmake
[7.172s] -- Installing: /bumperbot_ws/install/bumperbot_motion/share/bumperbot_motion/cmake/ament_cmake_export_dependencies-extras.cmake
[7.172s] -- Up-to-date: /bumperbot_ws/install/bumperbot_motion/share/bumperbot_motion/cmake/bumperbot_motionConfig.cmake
[7.172s] -- Up-to-date: /bumperbot_ws/install/bumperbot_motion/share/bumperbot_motion/cmake/bumperbot_motionConfig-version.cmake
[7.172s] -- Installing: /bumperbot_ws/install/bumperbot_motion/share/bumperbot_motion/package.xml
[7.174s] Invoked command in '/bumperbot_ws/build/bumperbot_motion' returned '0': CMAKE_PREFIX_PATH=${CMAKE_PREFIX_PATH}:/opt/ros/jazzy /usr/bin/cmake --install /bumperbot_ws/build/bumperbot_motion
