[0.016s] Invoking command in '/bumperbot_ws/build/bumperbot_localization': CMAKE_PREFIX_PATH=${CMAKE_PREFIX_PATH}:/opt/ros/jazzy /usr/bin/cmake --build /bumperbot_ws/build/bumperbot_localization -- -j16 -l16
[0.072s] [ 33%] Built target kalman_filter
[0.072s] [ 66%] Built target imu_republisher
[0.090s] [100%] Built target odometry_motion_model
[0.101s] [100%] Built target ament_cmake_python_copy_bumperbot_localization
[0.220s] running egg_info
[0.232s] writing bumperbot_localization.egg-info/PKG-INFO
[0.232s] writing dependency_links to bumperbot_localization.egg-info/dependency_links.txt
[0.232s] writing top-level names to bumperbot_localization.egg-info/top_level.txt
[0.266s] reading manifest file 'bumperbot_localization.egg-info/SOURCES.txt'
[0.266s] writing manifest file 'bumperbot_localization.egg-info/SOURCES.txt'
[0.290s] [100%] Built target ament_cmake_python_build_bumperbot_localization_egg
[0.300s] Invoked command in '/bumperbot_ws/build/bumperbot_localization' returned '0': CMAKE_PREFIX_PATH=${CMAKE_PREFIX_PATH}:/opt/ros/jazzy /usr/bin/cmake --build /bumperbot_ws/build/bumperbot_localization -- -j16 -l16
[0.301s] Invoking command in '/bumperbot_ws/build/bumperbot_localization': CMAKE_PREFIX_PATH=${CMAKE_PREFIX_PATH}:/opt/ros/jazzy /usr/bin/cmake --install /bumperbot_ws/build/bumperbot_localization
[0.306s] -- Install configuration: ""
[0.306s] -- Up-to-date: /bumperbot_ws/install/bumperbot_localization/share/bumperbot_localization/environment/pythonpath.sh
[0.306s] -- Up-to-date: /bumperbot_ws/install/bumperbot_localization/share/bumperbot_localization/environment/pythonpath.dsv
[0.306s] -- Up-to-date: /bumperbot_ws/install/bumperbot_localization/lib/python3.12/site-packages/bumperbot_localization-0.0.0-py3.12.egg-info
[0.306s] -- Installing: /bumperbot_ws/install/bumperbot_localization/lib/python3.12/site-packages/bumperbot_localization-0.0.0-py3.12.egg-info/top_level.txt
[0.307s] -- Installing: /bumperbot_ws/install/bumperbot_localization/lib/python3.12/site-packages/bumperbot_localization-0.0.0-py3.12.egg-info/PKG-INFO
[0.307s] -- Installing: /bumperbot_ws/install/bumperbot_localization/lib/python3.12/site-packages/bumperbot_localization-0.0.0-py3.12.egg-info/SOURCES.txt
[0.307s] -- Installing: /bumperbot_ws/install/bumperbot_localization/lib/python3.12/site-packages/bumperbot_localization-0.0.0-py3.12.egg-info/dependency_links.txt
[0.307s] -- Up-to-date: /bumperbot_ws/install/bumperbot_localization/lib/python3.12/site-packages/bumperbot_localization
[0.307s] -- Up-to-date: /bumperbot_ws/install/bumperbot_localization/lib/python3.12/site-packages/bumperbot_localization/__init__.py
[0.307s] -- Up-to-date: /bumperbot_ws/install/bumperbot_localization/lib/python3.12/site-packages/bumperbot_localization/kalman_filter.py
[0.307s] -- Up-to-date: /bumperbot_ws/install/bumperbot_localization/lib/python3.12/site-packages/bumperbot_localization/imu_republisher.py
[0.307s] -- Up-to-date: /bumperbot_ws/install/bumperbot_localization/lib/python3.12/site-packages/bumperbot_localization/odometry_motion_model.py
[0.333s] Listing '/bumperbot_ws/install/bumperbot_localization/lib/python3.12/site-packages/bumperbot_localization'...
[0.339s] -- Up-to-date: /bumperbot_ws/install/bumperbot_localization/include/include
[0.339s] -- Up-to-date: /bumperbot_ws/install/bumperbot_localization/include/include/bumperbot_localization
[0.339s] -- Up-to-date: /bumperbot_ws/install/bumperbot_localization/include/include/bumperbot_localization/odometry_motion_model.hpp
[0.339s] -- Up-to-date: /bumperbot_ws/install/bumperbot_localization/include/include/bumperbot_localization/kalman_filter.hpp
[0.339s] -- Up-to-date: /bumperbot_ws/install/bumperbot_localization/bin/odometry_motion_model
[0.339s] -- Up-to-date: /bumperbot_ws/install/bumperbot_localization/lib/bumperbot_localization/kalman_filter
[0.339s] -- Up-to-date: /bumperbot_ws/install/bumperbot_localization/lib/bumperbot_localization/imu_republisher
[0.339s] -- Up-to-date: /bumperbot_ws/install/bumperbot_localization/lib/bumperbot_localization/odometry_motion_model
[0.339s] -- Up-to-date: /bumperbot_ws/install/bumperbot_localization/share/bumperbot_localization/launch
[0.340s] -- Up-to-date: /bumperbot_ws/install/bumperbot_localization/share/bumperbot_localization/launch/global_localization.launch.py
[0.340s] -- Up-to-date: /bumperbot_ws/install/bumperbot_localization/share/bumperbot_localization/launch/local_localization.launch.py
[0.340s] -- Up-to-date: /bumperbot_ws/install/bumperbot_localization/share/bumperbot_localization/config
[0.340s] -- Up-to-date: /bumperbot_ws/install/bumperbot_localization/share/bumperbot_localization/config/odometry_motion_model.rviz
[0.340s] -- Up-to-date: /bumperbot_ws/install/bumperbot_localization/share/bumperbot_localization/config/amcl.yaml
[0.340s] -- Up-to-date: /bumperbot_ws/install/bumperbot_localization/share/bumperbot_localization/config/ekf.yaml
[0.340s] -- Up-to-date: /bumperbot_ws/install/bumperbot_localization/share/bumperbot_localization/rviz
[0.340s] -- Up-to-date: /bumperbot_ws/install/bumperbot_localization/share/bumperbot_localization/rviz/global_localization.rviz
[0.340s] -- Up-to-date: /bumperbot_ws/install/bumperbot_localization/lib/bumperbot_localization/kalman_filter.py
[0.340s] -- Up-to-date: /bumperbot_ws/install/bumperbot_localization/lib/bumperbot_localization/imu_republisher.py
[0.340s] -- Up-to-date: /bumperbot_ws/install/bumperbot_localization/lib/bumperbot_localization/odometry_motion_model.py
[0.340s] -- Up-to-date: /bumperbot_ws/install/bumperbot_localization/share/ament_index/resource_index/package_run_dependencies/bumperbot_localization
[0.340s] -- Up-to-date: /bumperbot_ws/install/bumperbot_localization/share/ament_index/resource_index/parent_prefix_path/bumperbot_localization
[0.340s] -- Up-to-date: /bumperbot_ws/install/bumperbot_localization/share/bumperbot_localization/environment/ament_prefix_path.sh
[0.340s] -- Up-to-date: /bumperbot_ws/install/bumperbot_localization/share/bumperbot_localization/environment/ament_prefix_path.dsv
[0.340s] -- Up-to-date: /bumperbot_ws/install/bumperbot_localization/share/bumperbot_localization/environment/path.sh
[0.340s] -- Up-to-date: /bumperbot_ws/install/bumperbot_localization/share/bumperbot_localization/environment/path.dsv
[0.340s] -- Up-to-date: /bumperbot_ws/install/bumperbot_localization/share/bumperbot_localization/local_setup.bash
[0.340s] -- Up-to-date: /bumperbot_ws/install/bumperbot_localization/share/bumperbot_localization/local_setup.sh
[0.341s] -- Up-to-date: /bumperbot_ws/install/bumperbot_localization/share/bumperbot_localization/local_setup.zsh
[0.341s] -- Up-to-date: /bumperbot_ws/install/bumperbot_localization/share/bumperbot_localization/local_setup.dsv
[0.341s] -- Installing: /bumperbot_ws/install/bumperbot_localization/share/bumperbot_localization/package.dsv
[0.341s] -- Up-to-date: /bumperbot_ws/install/bumperbot_localization/share/ament_index/resource_index/packages/bumperbot_localization
[0.341s] -- Up-to-date: /bumperbot_ws/install/bumperbot_localization/share/bumperbot_localization/cmake/bumperbot_localizationConfig.cmake
[0.341s] -- Up-to-date: /bumperbot_ws/install/bumperbot_localization/share/bumperbot_localization/cmake/bumperbot_localizationConfig-version.cmake
[0.341s] -- Up-to-date: /bumperbot_ws/install/bumperbot_localization/share/bumperbot_localization/package.xml
[0.360s] Invoked command in '/bumperbot_ws/build/bumperbot_localization' returned '0': CMAKE_PREFIX_PATH=${CMAKE_PREFIX_PATH}:/opt/ros/jazzy /usr/bin/cmake --install /bumperbot_ws/build/bumperbot_localization
