[0.014s] Invoking command in '/bumperbot_ws/build/bumperbot_navigation': CMAKE_PREFIX_PATH=${CMAKE_PREFIX_PATH}:/opt/ros/jazzy /usr/bin/cmake /bumperbot_ws/src/bumperbot_navigation -DCMAKE_INSTALL_PREFIX=/bumperbot_ws/install/bumperbot_navigation
[0.137s] -- The C compiler identification is GNU 13.3.0
[0.168s] -- The CXX compiler identification is GNU 13.3.0
[0.168s] -- Detecting C compiler ABI info
[0.216s] -- Detecting C compiler ABI info - done
[0.225s] -- Check for working C compiler: /usr/bin/cc - skipped
[0.225s] -- Detecting C compile features
[0.225s] -- Detecting C compile features - done
[0.235s] -- Detecting CXX compiler ABI info
[0.318s] -- Detecting CXX compiler ABI info - done
[0.327s] -- Check for working CXX compiler: /usr/bin/c++ - skipped
[0.327s] -- Detecting CXX compile features
[0.328s] -- Detecting CXX compile features - done
[0.332s] -- Found ament_cmake: 2.5.4 (/opt/ros/jazzy/share/ament_cmake/cmake)
[0.435s] -- Found Python3: /usr/bin/python3 (found version "3.12.3") found components: Interpreter 
[0.531s] -- Found ament_lint_auto: 0.17.3 (/opt/ros/jazzy/share/ament_lint_auto/cmake)
[0.613s] -- Added test 'lint_cmake' to check CMake code style
[0.613s] -- Added test 'xmllint' to check XML markup files
[0.614s] -- Configuring done (0.6s)
[0.616s] -- Generating done (0.0s)
[0.617s] -- Build files have been written to: /bumperbot_ws/build/bumperbot_navigation
[0.620s] Invoked command in '/bumperbot_ws/build/bumperbot_navigation' returned '0': CMAKE_PREFIX_PATH=${CMAKE_PREFIX_PATH}:/opt/ros/jazzy /usr/bin/cmake /bumperbot_ws/src/bumperbot_navigation -DCMAKE_INSTALL_PREFIX=/bumperbot_ws/install/bumperbot_navigation
[0.621s] Invoking command in '/bumperbot_ws/build/bumperbot_navigation': CMAKE_PREFIX_PATH=${CMAKE_PREFIX_PATH}:/opt/ros/jazzy /usr/bin/cmake --build /bumperbot_ws/build/bumperbot_navigation -- -j16 -l16
[0.648s] Invoked command in '/bumperbot_ws/build/bumperbot_navigation' returned '0': CMAKE_PREFIX_PATH=${CMAKE_PREFIX_PATH}:/opt/ros/jazzy /usr/bin/cmake --build /bumperbot_ws/build/bumperbot_navigation -- -j16 -l16
[0.649s] Invoking command in '/bumperbot_ws/build/bumperbot_navigation': CMAKE_PREFIX_PATH=${CMAKE_PREFIX_PATH}:/opt/ros/jazzy /usr/bin/cmake --install /bumperbot_ws/build/bumperbot_navigation
[0.654s] -- Install configuration: ""
[0.654s] -- Installing: /bumperbot_ws/install/bumperbot_navigation/share/ament_index/resource_index/package_run_dependencies/bumperbot_navigation
[0.654s] -- Installing: /bumperbot_ws/install/bumperbot_navigation/share/ament_index/resource_index/parent_prefix_path/bumperbot_navigation
[0.654s] -- Installing: /bumperbot_ws/install/bumperbot_navigation/share/bumperbot_navigation/environment/ament_prefix_path.sh
[0.654s] -- Installing: /bumperbot_ws/install/bumperbot_navigation/share/bumperbot_navigation/environment/ament_prefix_path.dsv
[0.654s] -- Installing: /bumperbot_ws/install/bumperbot_navigation/share/bumperbot_navigation/environment/path.sh
[0.654s] -- Installing: /bumperbot_ws/install/bumperbot_navigation/share/bumperbot_navigation/environment/path.dsv
[0.655s] -- Installing: /bumperbot_ws/install/bumperbot_navigation/share/bumperbot_navigation/local_setup.bash
[0.655s] -- Installing: /bumperbot_ws/install/bumperbot_navigation/share/bumperbot_navigation/local_setup.sh
[0.655s] -- Installing: /bumperbot_ws/install/bumperbot_navigation/share/bumperbot_navigation/local_setup.zsh
[0.655s] -- Installing: /bumperbot_ws/install/bumperbot_navigation/share/bumperbot_navigation/local_setup.dsv
[0.655s] -- Installing: /bumperbot_ws/install/bumperbot_navigation/share/bumperbot_navigation/package.dsv
[0.655s] -- Installing: /bumperbot_ws/install/bumperbot_navigation/share/ament_index/resource_index/packages/bumperbot_navigation
[0.655s] -- Installing: /bumperbot_ws/install/bumperbot_navigation/share/bumperbot_navigation/cmake/bumperbot_navigationConfig.cmake
[0.655s] -- Installing: /bumperbot_ws/install/bumperbot_navigation/share/bumperbot_navigation/cmake/bumperbot_navigationConfig-version.cmake
[0.655s] -- Installing: /bumperbot_ws/install/bumperbot_navigation/share/bumperbot_navigation/package.xml
[0.656s] Invoked command in '/bumperbot_ws/build/bumperbot_navigation' returned '0': CMAKE_PREFIX_PATH=${CMAKE_PREFIX_PATH}:/opt/ros/jazzy /usr/bin/cmake --install /bumperbot_ws/build/bumperbot_navigation
