[0.024s] Invoking command in '/bumperbot_ws/build/bumperbot_navigation': CMAKE_PREFIX_PATH=${CMAKE_PREFIX_PATH}:/opt/ros/jazzy /usr/bin/cmake --build /bumperbot_ws/build/bumperbot_navigation -- -j16 -l16
[0.076s] Invoked command in '/bumperbot_ws/build/bumperbot_navigation' returned '0': CMAKE_PREFIX_PATH=${CMAKE_PREFIX_PATH}:/opt/ros/jazzy /usr/bin/cmake --build /bumperbot_ws/build/bumperbot_navigation -- -j16 -l16
[0.076s] Invoking command in '/bumperbot_ws/build/bumperbot_navigation': CMAKE_PREFIX_PATH=${CMAKE_PREFIX_PATH}:/opt/ros/jazzy /usr/bin/cmake --install /bumperbot_ws/build/bumperbot_navigation
[0.120s] -- Install configuration: ""
[0.120s] -- Up-to-date: /bumperbot_ws/install/bumperbot_navigation/share/bumperbot_navigation/config
[0.120s] -- Up-to-date: /bumperbot_ws/install/bumperbot_navigation/share/bumperbot_navigation/config/bt_navigator.yaml
[0.120s] -- Up-to-date: /bumperbot_ws/install/bumperbot_navigation/share/bumperbot_navigation/config/planner_server.yaml
[0.120s] -- Up-to-date: /bumperbot_ws/install/bumperbot_navigation/share/bumperbot_navigation/config/costmap.yaml
[0.123s] -- Up-to-date: /bumperbot_ws/install/bumperbot_navigation/share/bumperbot_navigation/config/controller_server.yaml
[0.123s] -- Up-to-date: /bumperbot_ws/install/bumperbot_navigation/share/bumperbot_navigation/config/smoother_server.yaml
[0.123s] -- Up-to-date: /bumperbot_ws/install/bumperbot_navigation/share/bumperbot_navigation/launch
[0.124s] -- Installing: /bumperbot_ws/install/bumperbot_navigation/share/bumperbot_navigation/launch/navigation.launch.py
[0.125s] -- Up-to-date: /bumperbot_ws/install/bumperbot_navigation/share/bumperbot_navigation/behavior_tree
[0.125s] -- Up-to-date: /bumperbot_ws/install/bumperbot_navigation/share/bumperbot_navigation/behavior_tree/simple_navigation.xml
[0.125s] -- Up-to-date: /bumperbot_ws/install/bumperbot_navigation/share/ament_index/resource_index/package_run_dependencies/bumperbot_navigation
[0.125s] -- Up-to-date: /bumperbot_ws/install/bumperbot_navigation/share/ament_index/resource_index/parent_prefix_path/bumperbot_navigation
[0.125s] -- Up-to-date: /bumperbot_ws/install/bumperbot_navigation/share/bumperbot_navigation/environment/ament_prefix_path.sh
[0.126s] -- Up-to-date: /bumperbot_ws/install/bumperbot_navigation/share/bumperbot_navigation/environment/ament_prefix_path.dsv
[0.126s] -- Up-to-date: /bumperbot_ws/install/bumperbot_navigation/share/bumperbot_navigation/environment/path.sh
[0.126s] -- Up-to-date: /bumperbot_ws/install/bumperbot_navigation/share/bumperbot_navigation/environment/path.dsv
[0.126s] -- Up-to-date: /bumperbot_ws/install/bumperbot_navigation/share/bumperbot_navigation/local_setup.bash
[0.127s] -- Up-to-date: /bumperbot_ws/install/bumperbot_navigation/share/bumperbot_navigation/local_setup.sh
[0.127s] -- Up-to-date: /bumperbot_ws/install/bumperbot_navigation/share/bumperbot_navigation/local_setup.zsh
[0.127s] -- Up-to-date: /bumperbot_ws/install/bumperbot_navigation/share/bumperbot_navigation/local_setup.dsv
[0.127s] -- Installing: /bumperbot_ws/install/bumperbot_navigation/share/bumperbot_navigation/package.dsv
[0.127s] -- Up-to-date: /bumperbot_ws/install/bumperbot_navigation/share/ament_index/resource_index/packages/bumperbot_navigation
[0.128s] -- Up-to-date: /bumperbot_ws/install/bumperbot_navigation/share/bumperbot_navigation/cmake/bumperbot_navigationConfig.cmake
[0.128s] -- Up-to-date: /bumperbot_ws/install/bumperbot_navigation/share/bumperbot_navigation/cmake/bumperbot_navigationConfig-version.cmake
[0.128s] -- Up-to-date: /bumperbot_ws/install/bumperbot_navigation/share/bumperbot_navigation/package.xml
[0.169s] Invoked command in '/bumperbot_ws/build/bumperbot_navigation' returned '0': CMAKE_PREFIX_PATH=${CMAKE_PREFIX_PATH}:/opt/ros/jazzy /usr/bin/cmake --install /bumperbot_ws/build/bumperbot_navigation
