[0.007s] Invoking command in '/bumperbot_ws/build/nav2_common': CMAKE_PREFIX_PATH=${CMAKE_PREFIX_PATH}:/opt/ros/jazzy /usr/bin/cmake /bumperbot_ws/src/navigation2/nav2_common -DAMENT_CMAKE_SYMLINK_INSTALL=1 -DCMAKE_INSTALL_PREFIX=/bumperbot_ws/install/nav2_common
[0.019s] -- Found ament_cmake_core: 2.5.4 (/opt/ros/jazzy/share/ament_cmake_core/cmake)
[0.111s] -- Found Python3: /usr/bin/python3 (found version "3.12.3") found components: Interpreter 
[0.162s] -- Override CMake install command with custom implementation using symlinks instead of copying resources
[0.166s] -- Found ament_cmake_python: 2.5.4 (/opt/ros/jazzy/share/ament_cmake_python/cmake)
[0.296s] -- Configuring done (0.3s)
[0.297s] -- Generating done (0.0s)
[0.298s] -- Build files have been written to: /bumperbot_ws/build/nav2_common
[0.300s] Invoked command in '/bumperbot_ws/build/nav2_common' returned '0': CMAKE_PREFIX_PATH=${CMAKE_PREFIX_PATH}:/opt/ros/jazzy /usr/bin/cmake /bumperbot_ws/src/navigation2/nav2_common -DAMENT_CMAKE_SYMLINK_INSTALL=1 -DCMAKE_INSTALL_PREFIX=/bumperbot_ws/install/nav2_common
[0.301s] Invoking command in '/bumperbot_ws/build/nav2_common': CMAKE_PREFIX_PATH=${CMAKE_PREFIX_PATH}:/opt/ros/jazzy /usr/bin/cmake --build /bumperbot_ws/build/nav2_common -- -j16 -l16
[0.338s] Built target ament_cmake_python_symlink_nav2_common
[0.469s] running egg_info
[0.470s] creating nav2_common.egg-info
[0.481s] writing nav2_common.egg-info/PKG-INFO
[0.481s] writing dependency_links to nav2_common.egg-info/dependency_links.txt
[0.481s] writing top-level names to nav2_common.egg-info/top_level.txt
[0.481s] writing manifest file 'nav2_common.egg-info/SOURCES.txt'
[0.515s] reading manifest file 'nav2_common.egg-info/SOURCES.txt'
[0.515s] writing manifest file 'nav2_common.egg-info/SOURCES.txt'
[0.534s] Built target ament_cmake_python_build_nav2_common_egg
[0.541s] Invoked command in '/bumperbot_ws/build/nav2_common' returned '0': CMAKE_PREFIX_PATH=${CMAKE_PREFIX_PATH}:/opt/ros/jazzy /usr/bin/cmake --build /bumperbot_ws/build/nav2_common -- -j16 -l16
[0.547s] Invoking command in '/bumperbot_ws/build/nav2_common': CMAKE_PREFIX_PATH=${CMAKE_PREFIX_PATH}:/opt/ros/jazzy /usr/bin/cmake --install /bumperbot_ws/build/nav2_common
[0.552s] -- Install configuration: ""
[0.552s] -- Execute custom install script
[0.552s] -- Symlinking: /bumperbot_ws/install/nav2_common/share/nav2_common/environment/pythonpath.sh
[0.559s] -- Symlinking: /bumperbot_ws/install/nav2_common/share/nav2_common/environment/pythonpath.dsv
[0.564s] -- Symlinking: /bumperbot_ws/install/nav2_common/lib/python3.12/site-packages/nav2_common-1.1.19-py3.12.egg-info/PKG-INFO
[0.570s] -- Symlinking: /bumperbot_ws/install/nav2_common/lib/python3.12/site-packages/nav2_common-1.1.19-py3.12.egg-info/SOURCES.txt
[0.576s] -- Symlinking: /bumperbot_ws/install/nav2_common/lib/python3.12/site-packages/nav2_common-1.1.19-py3.12.egg-info/dependency_links.txt
[0.581s] -- Symlinking: /bumperbot_ws/install/nav2_common/lib/python3.12/site-packages/nav2_common-1.1.19-py3.12.egg-info/top_level.txt
[0.588s] -- Symlinking: /bumperbot_ws/install/nav2_common/lib/python3.12/site-packages/nav2_common/__init__.py
[0.593s] -- Symlinking: /bumperbot_ws/install/nav2_common/lib/python3.12/site-packages/nav2_common/launch/__init__.py
[0.599s] -- Symlinking: /bumperbot_ws/install/nav2_common/lib/python3.12/site-packages/nav2_common/launch/has_node_params.py
[0.605s] -- Symlinking: /bumperbot_ws/install/nav2_common/lib/python3.12/site-packages/nav2_common/launch/parse_multirobot_pose.py
[0.611s] -- Symlinking: /bumperbot_ws/install/nav2_common/lib/python3.12/site-packages/nav2_common/launch/replace_string.py
[0.617s] -- Symlinking: /bumperbot_ws/install/nav2_common/lib/python3.12/site-packages/nav2_common/launch/rewritten_yaml.py
[0.623s] -- Symlinking: /bumperbot_ws/install/nav2_common/share/ament_index/resource_index/package_run_dependencies/nav2_common
[0.629s] -- Symlinking: /bumperbot_ws/install/nav2_common/share/ament_index/resource_index/parent_prefix_path/nav2_common
[0.635s] -- Symlinking: /bumperbot_ws/install/nav2_common/share/nav2_common/environment/ament_prefix_path.sh
[0.641s] -- Symlinking: /bumperbot_ws/install/nav2_common/share/nav2_common/environment/ament_prefix_path.dsv
[0.647s] -- Symlinking: /bumperbot_ws/install/nav2_common/share/nav2_common/environment/path.sh
[0.652s] -- Symlinking: /bumperbot_ws/install/nav2_common/share/nav2_common/environment/path.dsv
[0.658s] -- Symlinking: /bumperbot_ws/install/nav2_common/share/nav2_common/local_setup.bash
[0.664s] -- Symlinking: /bumperbot_ws/install/nav2_common/share/nav2_common/local_setup.sh
[0.670s] -- Symlinking: /bumperbot_ws/install/nav2_common/share/nav2_common/local_setup.zsh
[0.676s] -- Symlinking: /bumperbot_ws/install/nav2_common/share/nav2_common/local_setup.dsv
[0.682s] -- Symlinking: /bumperbot_ws/install/nav2_common/share/nav2_common/package.dsv
[0.687s] -- Symlinking: /bumperbot_ws/install/nav2_common/share/ament_index/resource_index/packages/nav2_common
[0.693s] -- Symlinking: /bumperbot_ws/install/nav2_common/share/nav2_common/cmake/nav2_common-extras.cmake
[0.699s] -- Symlinking: /bumperbot_ws/install/nav2_common/share/nav2_common/cmake/nav2_commonConfig.cmake
[0.705s] -- Symlinking: /bumperbot_ws/install/nav2_common/share/nav2_common/cmake/nav2_commonConfig-version.cmake
[0.711s] -- Symlinking: /bumperbot_ws/install/nav2_common/share/nav2_common/package.xml
[0.717s] -- Symlinking: /bumperbot_ws/install/nav2_common/share/nav2_common/cmake/nav2_package.cmake
[0.749s] Listing '/bumperbot_ws/install/nav2_common/lib/python3.12/site-packages/nav2_common'...
[0.749s] Compiling '/bumperbot_ws/install/nav2_common/lib/python3.12/site-packages/nav2_common/__init__.py'...
[0.749s] Listing '/bumperbot_ws/install/nav2_common/lib/python3.12/site-packages/nav2_common/launch'...
[0.749s] Compiling '/bumperbot_ws/install/nav2_common/lib/python3.12/site-packages/nav2_common/launch/__init__.py'...
[0.749s] Compiling '/bumperbot_ws/install/nav2_common/lib/python3.12/site-packages/nav2_common/launch/has_node_params.py'...
[0.749s] Compiling '/bumperbot_ws/install/nav2_common/lib/python3.12/site-packages/nav2_common/launch/parse_multirobot_pose.py'...
[0.749s] Compiling '/bumperbot_ws/install/nav2_common/lib/python3.12/site-packages/nav2_common/launch/replace_string.py'...
[0.749s] Compiling '/bumperbot_ws/install/nav2_common/lib/python3.12/site-packages/nav2_common/launch/rewritten_yaml.py'...
[0.754s] Invoked command in '/bumperbot_ws/build/nav2_common' returned '0': CMAKE_PREFIX_PATH=${CMAKE_PREFIX_PATH}:/opt/ros/jazzy /usr/bin/cmake --install /bumperbot_ws/build/nav2_common
