[0.020s] Invoking command in '/bumperbot_ws/build/bumperbot_controller': CMAKE_PREFIX_PATH=${CMAKE_PREFIX_PATH}:/opt/ros/jazzy /usr/bin/cmake --build /bumperbot_ws/build/bumperbot_controller -- -j16 -l16
[0.077s] [ 33%] Built target noisy_controller
[0.077s] [ 33%] Built target ament_cmake_python_copy_bumperbot_controller
[0.077s] [ 66%] Built target twist_relay
[0.080s] [100%] Built target simple_controller
[0.240s] running egg_info
[0.251s] writing bumperbot_controller.egg-info/PKG-INFO
[0.251s] writing dependency_links to bumperbot_controller.egg-info/dependency_links.txt
[0.251s] writing top-level names to bumperbot_controller.egg-info/top_level.txt
[0.282s] reading manifest file 'bumperbot_controller.egg-info/SOURCES.txt'
[0.282s] writing manifest file 'bumperbot_controller.egg-info/SOURCES.txt'
[0.308s] [100%] Built target ament_cmake_python_build_bumperbot_controller_egg
[0.318s] Invoked command in '/bumperbot_ws/build/bumperbot_controller' returned '0': CMAKE_PREFIX_PATH=${CMAKE_PREFIX_PATH}:/opt/ros/jazzy /usr/bin/cmake --build /bumperbot_ws/build/bumperbot_controller -- -j16 -l16
[0.320s] Invoking command in '/bumperbot_ws/build/bumperbot_controller': CMAKE_PREFIX_PATH=${CMAKE_PREFIX_PATH}:/opt/ros/jazzy /usr/bin/cmake --install /bumperbot_ws/build/bumperbot_controller
[0.327s] -- Install configuration: ""
[0.327s] -- Up-to-date: /bumperbot_ws/install/bumperbot_controller/share/bumperbot_controller/environment/pythonpath.sh
[0.328s] -- Up-to-date: /bumperbot_ws/install/bumperbot_controller/share/bumperbot_controller/environment/pythonpath.dsv
[0.328s] -- Up-to-date: /bumperbot_ws/install/bumperbot_controller/lib/python3.12/site-packages/bumperbot_controller-0.0.0-py3.12.egg-info
[0.328s] -- Installing: /bumperbot_ws/install/bumperbot_controller/lib/python3.12/site-packages/bumperbot_controller-0.0.0-py3.12.egg-info/top_level.txt
[0.328s] -- Installing: /bumperbot_ws/install/bumperbot_controller/lib/python3.12/site-packages/bumperbot_controller-0.0.0-py3.12.egg-info/PKG-INFO
[0.328s] -- Installing: /bumperbot_ws/install/bumperbot_controller/lib/python3.12/site-packages/bumperbot_controller-0.0.0-py3.12.egg-info/SOURCES.txt
[0.328s] -- Installing: /bumperbot_ws/install/bumperbot_controller/lib/python3.12/site-packages/bumperbot_controller-0.0.0-py3.12.egg-info/dependency_links.txt
[0.328s] -- Up-to-date: /bumperbot_ws/install/bumperbot_controller/lib/python3.12/site-packages/bumperbot_controller
[0.328s] -- Up-to-date: /bumperbot_ws/install/bumperbot_controller/lib/python3.12/site-packages/bumperbot_controller/twist_relay.py
[0.328s] -- Up-to-date: /bumperbot_ws/install/bumperbot_controller/lib/python3.12/site-packages/bumperbot_controller/noisy_controller.py
[0.328s] -- Up-to-date: /bumperbot_ws/install/bumperbot_controller/lib/python3.12/site-packages/bumperbot_controller/simple_controller.py
[0.328s] -- Up-to-date: /bumperbot_ws/install/bumperbot_controller/lib/python3.12/site-packages/bumperbot_controller/__init__.py
[0.358s] Listing '/bumperbot_ws/install/bumperbot_controller/lib/python3.12/site-packages/bumperbot_controller'...
[0.360s] -- Up-to-date: /bumperbot_ws/install/bumperbot_controller/include/include
[0.360s] -- Up-to-date: /bumperbot_ws/install/bumperbot_controller/include/include/bumperbot_controller
[0.360s] -- Up-to-date: /bumperbot_ws/install/bumperbot_controller/include/include/bumperbot_controller/noisy_controller.hpp
[0.360s] -- Up-to-date: /bumperbot_ws/install/bumperbot_controller/include/include/bumperbot_controller/simple_controller.hpp
[0.361s] -- Up-to-date: /bumperbot_ws/install/bumperbot_controller/lib/bumperbot_controller/simple_controller
[0.361s] -- Up-to-date: /bumperbot_ws/install/bumperbot_controller/lib/bumperbot_controller/noisy_controller
[0.361s] -- Up-to-date: /bumperbot_ws/install/bumperbot_controller/lib/bumperbot_controller/twist_relay
[0.361s] -- Up-to-date: /bumperbot_ws/install/bumperbot_controller/share/bumperbot_controller/launch
[0.361s] -- Up-to-date: /bumperbot_ws/install/bumperbot_controller/share/bumperbot_controller/launch/joystick_teleop.launch.py
[0.361s] -- Up-to-date: /bumperbot_ws/install/bumperbot_controller/share/bumperbot_controller/launch/controller.launch.py
[0.361s] -- Up-to-date: /bumperbot_ws/install/bumperbot_controller/share/bumperbot_controller/config
[0.361s] -- Up-to-date: /bumperbot_ws/install/bumperbot_controller/share/bumperbot_controller/config/twist_mux_topics.yaml
[0.361s] -- Up-to-date: /bumperbot_ws/install/bumperbot_controller/share/bumperbot_controller/config/joy_teleop.yaml
[0.362s] -- Up-to-date: /bumperbot_ws/install/bumperbot_controller/share/bumperbot_controller/config/bumperbot_controllers.yaml
[0.362s] -- Up-to-date: /bumperbot_ws/install/bumperbot_controller/share/bumperbot_controller/config/twist_mux_joy.yaml
[0.362s] -- Up-to-date: /bumperbot_ws/install/bumperbot_controller/share/bumperbot_controller/config/joy_config.yaml
[0.362s] -- Up-to-date: /bumperbot_ws/install/bumperbot_controller/share/bumperbot_controller/config/twist_mux_locks.yaml
[0.362s] -- Up-to-date: /bumperbot_ws/install/bumperbot_controller/lib/bumperbot_controller/simple_controller.py
[0.362s] -- Up-to-date: /bumperbot_ws/install/bumperbot_controller/lib/bumperbot_controller/noisy_controller.py
[0.362s] -- Up-to-date: /bumperbot_ws/install/bumperbot_controller/lib/bumperbot_controller/twist_relay.py
[0.362s] -- Up-to-date: /bumperbot_ws/install/bumperbot_controller/share/ament_index/resource_index/package_run_dependencies/bumperbot_controller
[0.362s] -- Up-to-date: /bumperbot_ws/install/bumperbot_controller/share/ament_index/resource_index/parent_prefix_path/bumperbot_controller
[0.362s] -- Up-to-date: /bumperbot_ws/install/bumperbot_controller/share/bumperbot_controller/environment/ament_prefix_path.sh
[0.362s] -- Up-to-date: /bumperbot_ws/install/bumperbot_controller/share/bumperbot_controller/environment/ament_prefix_path.dsv
[0.363s] -- Up-to-date: /bumperbot_ws/install/bumperbot_controller/share/bumperbot_controller/environment/path.sh
[0.363s] -- Up-to-date: /bumperbot_ws/install/bumperbot_controller/share/bumperbot_controller/environment/path.dsv
[0.363s] -- Up-to-date: /bumperbot_ws/install/bumperbot_controller/share/bumperbot_controller/local_setup.bash
[0.363s] -- Up-to-date: /bumperbot_ws/install/bumperbot_controller/share/bumperbot_controller/local_setup.sh
[0.363s] -- Up-to-date: /bumperbot_ws/install/bumperbot_controller/share/bumperbot_controller/local_setup.zsh
[0.363s] -- Up-to-date: /bumperbot_ws/install/bumperbot_controller/share/bumperbot_controller/local_setup.dsv
[0.363s] -- Installing: /bumperbot_ws/install/bumperbot_controller/share/bumperbot_controller/package.dsv
[0.363s] -- Up-to-date: /bumperbot_ws/install/bumperbot_controller/share/ament_index/resource_index/packages/bumperbot_controller
[0.363s] -- Up-to-date: /bumperbot_ws/install/bumperbot_controller/share/bumperbot_controller/cmake/bumperbot_controllerConfig.cmake
[0.363s] -- Up-to-date: /bumperbot_ws/install/bumperbot_controller/share/bumperbot_controller/cmake/bumperbot_controllerConfig-version.cmake
[0.365s] -- Up-to-date: /bumperbot_ws/install/bumperbot_controller/share/bumperbot_controller/package.xml
[0.365s] Invoked command in '/bumperbot_ws/build/bumperbot_controller' returned '0': CMAKE_PREFIX_PATH=${CMAKE_PREFIX_PATH}:/opt/ros/jazzy /usr/bin/cmake --install /bumperbot_ws/build/bumperbot_controller
