[0.004s] Invoking command in '/bumperbot_ws/build/nav_2d_msgs': CMAKE_PREFIX_PATH=${CMAKE_PREFIX_PATH}:/opt/ros/jazzy /usr/bin/cmake --build /bumperbot_ws/build/nav_2d_msgs -- -j16 -l16
[0.022s] -- Found geometry_msgs: 5.3.6 (/opt/ros/jazzy/share/geometry_msgs/cmake)
[0.035s] -- Found Python3: /usr/bin/python3 (found version "3.12.3") found components: Interpreter 
[0.086s] -- Override CMake install command with custom implementation using symlinks instead of copying resources
[0.108s] -- Found rosidl_generator_c: 4.6.6 (/opt/ros/jazzy/share/rosidl_generator_c/cmake)
[0.114s] -- Found rosidl_generator_cpp: 4.6.6 (/opt/ros/jazzy/share/rosidl_generator_cpp/cmake)
[0.122s] -- Using all available rosidl_typesupport_c: rosidl_typesupport_fastrtps_c;rosidl_typesupport_introspection_c
[0.131s] -- Using all available rosidl_typesupport_cpp: rosidl_typesupport_fastrtps_cpp;rosidl_typesupport_introspection_cpp
[0.158s] -- Found rosidl_default_generators: 1.6.0 (/opt/ros/jazzy/share/rosidl_default_generators/cmake)
[0.163s] -- Found rosidl_adapter: 4.6.6 (/opt/ros/jazzy/share/rosidl_adapter/cmake)
[0.354s] -- Found ament_cmake_ros: 0.12.0 (/opt/ros/jazzy/share/ament_cmake_ros/cmake)
[0.525s] -- Using all available rosidl_typesupport_c: rosidl_typesupport_fastrtps_c;rosidl_typesupport_introspection_c
[0.590s] -- Using all available rosidl_typesupport_cpp: rosidl_typesupport_fastrtps_cpp;rosidl_typesupport_introspection_cpp
[0.591s] -- Found python_cmake_module: 0.11.1 (/opt/ros/jazzy/share/python_cmake_module/cmake)
[0.761s] -- Found Python3: /usr/bin/python3 (found version "3.12.3") found components: Interpreter Development NumPy Development.Module Development.Embed 
[0.792s] -- Configuring done (0.8s)
[0.822s] -- Generating done (0.0s)
[0.830s] -- Build files have been written to: /bumperbot_ws/build/nav_2d_msgs
[0.853s] [  1%] Built target nav_2d_msgs__rosidl_generator_type_description
[0.859s] [  1%] Built target ament_cmake_python_symlink_nav_2d_msgs
[0.868s] [  2%] Built target nav_2d_msgs__cpp
[0.875s] [ 26%] Built target nav_2d_msgs__rosidl_generator_c
[0.893s] [ 35%] Built target nav_2d_msgs__rosidl_typesupport_c
[0.897s] [ 45%] Built target nav_2d_msgs__rosidl_typesupport_introspection_c
[0.898s] [ 54%] Built target nav_2d_msgs__rosidl_typesupport_fastrtps_cpp
[0.898s] [ 64%] Built target nav_2d_msgs__rosidl_typesupport_cpp
[0.901s] [ 73%] Built target nav_2d_msgs__rosidl_typesupport_fastrtps_c
[0.902s] [ 83%] Built target nav_2d_msgs__rosidl_typesupport_introspection_cpp
[0.917s] [ 83%] Built target nav_2d_msgs
[0.932s] [ 84%] Built target nav_2d_msgs__py
[0.951s] [ 92%] Built target nav_2d_msgs__rosidl_generator_py
[0.969s] [ 95%] Built target nav_2d_msgs_s__rosidl_typesupport_fastrtps_c
[0.974s] [ 97%] Built target nav_2d_msgs_s__rosidl_typesupport_introspection_c
[0.975s] [100%] Built target nav_2d_msgs_s__rosidl_typesupport_c
[1.001s] running egg_info
[1.013s] writing nav_2d_msgs.egg-info/PKG-INFO
[1.013s] writing dependency_links to nav_2d_msgs.egg-info/dependency_links.txt
[1.013s] writing top-level names to nav_2d_msgs.egg-info/top_level.txt
[1.045s] reading manifest file 'nav_2d_msgs.egg-info/SOURCES.txt'
[1.046s] writing manifest file 'nav_2d_msgs.egg-info/SOURCES.txt'
[1.068s] [100%] Built target ament_cmake_python_build_nav_2d_msgs_egg
[1.076s] Invoked command in '/bumperbot_ws/build/nav_2d_msgs' returned '0': CMAKE_PREFIX_PATH=${CMAKE_PREFIX_PATH}:/opt/ros/jazzy /usr/bin/cmake --build /bumperbot_ws/build/nav_2d_msgs -- -j16 -l16
[1.077s] Invoking command in '/bumperbot_ws/build/nav_2d_msgs': CMAKE_PREFIX_PATH=${CMAKE_PREFIX_PATH}:/opt/ros/jazzy /usr/bin/cmake --install /bumperbot_ws/build/nav_2d_msgs
[1.084s] -- Install configuration: ""
[1.084s] -- Execute custom install script
[1.084s] -- Up-to-date symlink: /bumperbot_ws/install/nav_2d_msgs/share/ament_index/resource_index/rosidl_interfaces/nav_2d_msgs
[1.084s] -- Up-to-date symlink: /bumperbot_ws/install/nav_2d_msgs/share/nav_2d_msgs/msg/Path2D.json
[1.085s] -- Up-to-date symlink: /bumperbot_ws/install/nav_2d_msgs/share/nav_2d_msgs/msg/Pose2D32.json
[1.085s] -- Up-to-date symlink: /bumperbot_ws/install/nav_2d_msgs/share/nav_2d_msgs/msg/Pose2DStamped.json
[1.085s] -- Up-to-date symlink: /bumperbot_ws/install/nav_2d_msgs/share/nav_2d_msgs/msg/Twist2D.json
[1.085s] -- Up-to-date symlink: /bumperbot_ws/install/nav_2d_msgs/share/nav_2d_msgs/msg/Twist2D32.json
[1.085s] -- Up-to-date symlink: /bumperbot_ws/install/nav_2d_msgs/share/nav_2d_msgs/msg/Twist2DStamped.json
[1.085s] -- Up-to-date symlink: /bumperbot_ws/install/nav_2d_msgs/include/nav_2d_msgs/nav_2d_msgs/msg/detail/path2_d__functions.h
[1.086s] -- Up-to-date symlink: /bumperbot_ws/install/nav_2d_msgs/include/nav_2d_msgs/nav_2d_msgs/msg/detail/path2_d__struct.h
[1.086s] -- Up-to-date symlink: /bumperbot_ws/install/nav_2d_msgs/include/nav_2d_msgs/nav_2d_msgs/msg/detail/path2_d__type_support.h
[1.086s] -- Up-to-date symlink: /bumperbot_ws/install/nav_2d_msgs/include/nav_2d_msgs/nav_2d_msgs/msg/detail/pose2_d32__functions.h
[1.086s] -- Up-to-date symlink: /bumperbot_ws/install/nav_2d_msgs/include/nav_2d_msgs/nav_2d_msgs/msg/detail/pose2_d32__struct.h
[1.086s] -- Up-to-date symlink: /bumperbot_ws/install/nav_2d_msgs/include/nav_2d_msgs/nav_2d_msgs/msg/detail/pose2_d32__type_support.h
[1.086s] -- Up-to-date symlink: /bumperbot_ws/install/nav_2d_msgs/include/nav_2d_msgs/nav_2d_msgs/msg/detail/pose2_d_stamped__functions.h
[1.086s] -- Up-to-date symlink: /bumperbot_ws/install/nav_2d_msgs/include/nav_2d_msgs/nav_2d_msgs/msg/detail/pose2_d_stamped__struct.h
[1.086s] -- Up-to-date symlink: /bumperbot_ws/install/nav_2d_msgs/include/nav_2d_msgs/nav_2d_msgs/msg/detail/pose2_d_stamped__type_support.h
[1.087s] -- Up-to-date symlink: /bumperbot_ws/install/nav_2d_msgs/include/nav_2d_msgs/nav_2d_msgs/msg/detail/twist2_d32__functions.h
[1.087s] -- Up-to-date symlink: /bumperbot_ws/install/nav_2d_msgs/include/nav_2d_msgs/nav_2d_msgs/msg/detail/twist2_d32__struct.h
[1.087s] -- Up-to-date symlink: /bumperbot_ws/install/nav_2d_msgs/include/nav_2d_msgs/nav_2d_msgs/msg/detail/twist2_d32__type_support.h
[1.087s] -- Up-to-date symlink: /bumperbot_ws/install/nav_2d_msgs/include/nav_2d_msgs/nav_2d_msgs/msg/detail/twist2_d__functions.h
[1.087s] -- Up-to-date symlink: /bumperbot_ws/install/nav_2d_msgs/include/nav_2d_msgs/nav_2d_msgs/msg/detail/twist2_d__struct.h
[1.087s] -- Up-to-date symlink: /bumperbot_ws/install/nav_2d_msgs/include/nav_2d_msgs/nav_2d_msgs/msg/detail/twist2_d__type_support.h
[1.087s] -- Up-to-date symlink: /bumperbot_ws/install/nav_2d_msgs/include/nav_2d_msgs/nav_2d_msgs/msg/detail/twist2_d_stamped__functions.h
[1.087s] -- Up-to-date symlink: /bumperbot_ws/install/nav_2d_msgs/include/nav_2d_msgs/nav_2d_msgs/msg/detail/twist2_d_stamped__struct.h
[1.087s] -- Up-to-date symlink: /bumperbot_ws/install/nav_2d_msgs/include/nav_2d_msgs/nav_2d_msgs/msg/detail/twist2_d_stamped__type_support.h
[1.088s] -- Up-to-date symlink: /bumperbot_ws/install/nav_2d_msgs/include/nav_2d_msgs/nav_2d_msgs/msg/path2_d.h
[1.088s] -- Up-to-date symlink: /bumperbot_ws/install/nav_2d_msgs/include/nav_2d_msgs/nav_2d_msgs/msg/pose2_d32.h
[1.088s] -- Up-to-date symlink: /bumperbot_ws/install/nav_2d_msgs/include/nav_2d_msgs/nav_2d_msgs/msg/pose2_d_stamped.h
[1.088s] -- Up-to-date symlink: /bumperbot_ws/install/nav_2d_msgs/include/nav_2d_msgs/nav_2d_msgs/msg/rosidl_generator_c__visibility_control.h
[1.088s] -- Up-to-date symlink: /bumperbot_ws/install/nav_2d_msgs/include/nav_2d_msgs/nav_2d_msgs/msg/twist2_d.h
[1.088s] -- Up-to-date symlink: /bumperbot_ws/install/nav_2d_msgs/include/nav_2d_msgs/nav_2d_msgs/msg/twist2_d32.h
[1.088s] -- Up-to-date symlink: /bumperbot_ws/install/nav_2d_msgs/include/nav_2d_msgs/nav_2d_msgs/msg/twist2_d_stamped.h
[1.088s] -- Up-to-date symlink: /bumperbot_ws/install/nav_2d_msgs/share/nav_2d_msgs/environment/library_path.sh
[1.088s] -- Up-to-date symlink: /bumperbot_ws/install/nav_2d_msgs/share/nav_2d_msgs/environment/library_path.dsv
[1.088s] -- Up-to-date symlink: /bumperbot_ws/install/nav_2d_msgs/include/nav_2d_msgs/nav_2d_msgs/msg/detail/path2_d__rosidl_typesupport_fastrtps_c.h
[1.088s] -- Up-to-date symlink: /bumperbot_ws/install/nav_2d_msgs/include/nav_2d_msgs/nav_2d_msgs/msg/detail/pose2_d32__rosidl_typesupport_fastrtps_c.h
[1.089s] -- Up-to-date symlink: /bumperbot_ws/install/nav_2d_msgs/include/nav_2d_msgs/nav_2d_msgs/msg/detail/pose2_d_stamped__rosidl_typesupport_fastrtps_c.h
[1.089s] -- Up-to-date symlink: /bumperbot_ws/install/nav_2d_msgs/include/nav_2d_msgs/nav_2d_msgs/msg/detail/twist2_d32__rosidl_typesupport_fastrtps_c.h
[1.089s] -- Up-to-date symlink: /bumperbot_ws/install/nav_2d_msgs/include/nav_2d_msgs/nav_2d_msgs/msg/detail/twist2_d__rosidl_typesupport_fastrtps_c.h
[1.089s] -- Up-to-date symlink: /bumperbot_ws/install/nav_2d_msgs/include/nav_2d_msgs/nav_2d_msgs/msg/detail/twist2_d_stamped__rosidl_typesupport_fastrtps_c.h
[1.089s] -- Up-to-date symlink: /bumperbot_ws/install/nav_2d_msgs/include/nav_2d_msgs/nav_2d_msgs/msg/rosidl_typesupport_fastrtps_c__visibility_control.h
[1.089s] -- Up-to-date symlink: /bumperbot_ws/install/nav_2d_msgs/include/nav_2d_msgs/nav_2d_msgs/msg/detail/path2_d__builder.hpp
[1.089s] -- Up-to-date symlink: /bumperbot_ws/install/nav_2d_msgs/include/nav_2d_msgs/nav_2d_msgs/msg/detail/path2_d__struct.hpp
[1.089s] -- Up-to-date symlink: /bumperbot_ws/install/nav_2d_msgs/include/nav_2d_msgs/nav_2d_msgs/msg/detail/path2_d__traits.hpp
[1.089s] -- Up-to-date symlink: /bumperbot_ws/install/nav_2d_msgs/include/nav_2d_msgs/nav_2d_msgs/msg/detail/path2_d__type_support.hpp
[1.089s] -- Up-to-date symlink: /bumperbot_ws/install/nav_2d_msgs/include/nav_2d_msgs/nav_2d_msgs/msg/detail/pose2_d32__builder.hpp
[1.089s] -- Up-to-date symlink: /bumperbot_ws/install/nav_2d_msgs/include/nav_2d_msgs/nav_2d_msgs/msg/detail/pose2_d32__struct.hpp
[1.089s] -- Up-to-date symlink: /bumperbot_ws/install/nav_2d_msgs/include/nav_2d_msgs/nav_2d_msgs/msg/detail/pose2_d32__traits.hpp
[1.089s] -- Up-to-date symlink: /bumperbot_ws/install/nav_2d_msgs/include/nav_2d_msgs/nav_2d_msgs/msg/detail/pose2_d32__type_support.hpp
[1.090s] -- Up-to-date symlink: /bumperbot_ws/install/nav_2d_msgs/include/nav_2d_msgs/nav_2d_msgs/msg/detail/pose2_d_stamped__builder.hpp
[1.090s] -- Up-to-date symlink: /bumperbot_ws/install/nav_2d_msgs/include/nav_2d_msgs/nav_2d_msgs/msg/detail/pose2_d_stamped__struct.hpp
[1.090s] -- Up-to-date symlink: /bumperbot_ws/install/nav_2d_msgs/include/nav_2d_msgs/nav_2d_msgs/msg/detail/pose2_d_stamped__traits.hpp
[1.090s] -- Up-to-date symlink: /bumperbot_ws/install/nav_2d_msgs/include/nav_2d_msgs/nav_2d_msgs/msg/detail/pose2_d_stamped__type_support.hpp
[1.090s] -- Up-to-date symlink: /bumperbot_ws/install/nav_2d_msgs/include/nav_2d_msgs/nav_2d_msgs/msg/detail/twist2_d32__builder.hpp
[1.090s] -- Up-to-date symlink: /bumperbot_ws/install/nav_2d_msgs/include/nav_2d_msgs/nav_2d_msgs/msg/detail/twist2_d32__struct.hpp
[1.090s] -- Up-to-date symlink: /bumperbot_ws/install/nav_2d_msgs/include/nav_2d_msgs/nav_2d_msgs/msg/detail/twist2_d32__traits.hpp
[1.090s] -- Up-to-date symlink: /bumperbot_ws/install/nav_2d_msgs/include/nav_2d_msgs/nav_2d_msgs/msg/detail/twist2_d32__type_support.hpp
[1.090s] -- Up-to-date symlink: /bumperbot_ws/install/nav_2d_msgs/include/nav_2d_msgs/nav_2d_msgs/msg/detail/twist2_d__builder.hpp
[1.090s] -- Up-to-date symlink: /bumperbot_ws/install/nav_2d_msgs/include/nav_2d_msgs/nav_2d_msgs/msg/detail/twist2_d__struct.hpp
[1.090s] -- Up-to-date symlink: /bumperbot_ws/install/nav_2d_msgs/include/nav_2d_msgs/nav_2d_msgs/msg/detail/twist2_d__traits.hpp
[1.090s] -- Up-to-date symlink: /bumperbot_ws/install/nav_2d_msgs/include/nav_2d_msgs/nav_2d_msgs/msg/detail/twist2_d__type_support.hpp
[1.090s] -- Up-to-date symlink: /bumperbot_ws/install/nav_2d_msgs/include/nav_2d_msgs/nav_2d_msgs/msg/detail/twist2_d_stamped__builder.hpp
[1.091s] -- Up-to-date symlink: /bumperbot_ws/install/nav_2d_msgs/include/nav_2d_msgs/nav_2d_msgs/msg/detail/twist2_d_stamped__struct.hpp
[1.091s] -- Up-to-date symlink: /bumperbot_ws/install/nav_2d_msgs/include/nav_2d_msgs/nav_2d_msgs/msg/detail/twist2_d_stamped__traits.hpp
[1.091s] -- Up-to-date symlink: /bumperbot_ws/install/nav_2d_msgs/include/nav_2d_msgs/nav_2d_msgs/msg/detail/twist2_d_stamped__type_support.hpp
[1.091s] -- Up-to-date symlink: /bumperbot_ws/install/nav_2d_msgs/include/nav_2d_msgs/nav_2d_msgs/msg/path2_d.hpp
[1.091s] -- Up-to-date symlink: /bumperbot_ws/install/nav_2d_msgs/include/nav_2d_msgs/nav_2d_msgs/msg/pose2_d32.hpp
[1.091s] -- Up-to-date symlink: /bumperbot_ws/install/nav_2d_msgs/include/nav_2d_msgs/nav_2d_msgs/msg/pose2_d_stamped.hpp
[1.091s] -- Up-to-date symlink: /bumperbot_ws/install/nav_2d_msgs/include/nav_2d_msgs/nav_2d_msgs/msg/rosidl_generator_cpp__visibility_control.hpp
[1.091s] -- Up-to-date symlink: /bumperbot_ws/install/nav_2d_msgs/include/nav_2d_msgs/nav_2d_msgs/msg/twist2_d.hpp
[1.091s] -- Up-to-date symlink: /bumperbot_ws/install/nav_2d_msgs/include/nav_2d_msgs/nav_2d_msgs/msg/twist2_d32.hpp
[1.091s] -- Up-to-date symlink: /bumperbot_ws/install/nav_2d_msgs/include/nav_2d_msgs/nav_2d_msgs/msg/twist2_d_stamped.hpp
[1.091s] -- Up-to-date symlink: /bumperbot_ws/install/nav_2d_msgs/include/nav_2d_msgs/nav_2d_msgs/msg/detail/path2_d__rosidl_typesupport_fastrtps_cpp.hpp
[1.092s] -- Up-to-date symlink: /bumperbot_ws/install/nav_2d_msgs/include/nav_2d_msgs/nav_2d_msgs/msg/detail/pose2_d32__rosidl_typesupport_fastrtps_cpp.hpp
[1.092s] -- Up-to-date symlink: /bumperbot_ws/install/nav_2d_msgs/include/nav_2d_msgs/nav_2d_msgs/msg/detail/pose2_d_stamped__rosidl_typesupport_fastrtps_cpp.hpp
[1.092s] -- Up-to-date symlink: /bumperbot_ws/install/nav_2d_msgs/include/nav_2d_msgs/nav_2d_msgs/msg/detail/twist2_d32__rosidl_typesupport_fastrtps_cpp.hpp
[1.092s] -- Up-to-date symlink: /bumperbot_ws/install/nav_2d_msgs/include/nav_2d_msgs/nav_2d_msgs/msg/detail/twist2_d__rosidl_typesupport_fastrtps_cpp.hpp
[1.092s] -- Up-to-date symlink: /bumperbot_ws/install/nav_2d_msgs/include/nav_2d_msgs/nav_2d_msgs/msg/detail/twist2_d_stamped__rosidl_typesupport_fastrtps_cpp.hpp
[1.092s] -- Up-to-date symlink: /bumperbot_ws/install/nav_2d_msgs/include/nav_2d_msgs/nav_2d_msgs/msg/rosidl_typesupport_fastrtps_cpp__visibility_control.h
[1.092s] -- Up-to-date symlink: /bumperbot_ws/install/nav_2d_msgs/include/nav_2d_msgs/nav_2d_msgs/msg/detail/path2_d__rosidl_typesupport_introspection_c.h
[1.092s] -- Up-to-date symlink: /bumperbot_ws/install/nav_2d_msgs/include/nav_2d_msgs/nav_2d_msgs/msg/detail/pose2_d32__rosidl_typesupport_introspection_c.h
[1.092s] -- Up-to-date symlink: /bumperbot_ws/install/nav_2d_msgs/include/nav_2d_msgs/nav_2d_msgs/msg/detail/pose2_d_stamped__rosidl_typesupport_introspection_c.h
[1.092s] -- Up-to-date symlink: /bumperbot_ws/install/nav_2d_msgs/include/nav_2d_msgs/nav_2d_msgs/msg/detail/twist2_d32__rosidl_typesupport_introspection_c.h
[1.093s] -- Up-to-date symlink: /bumperbot_ws/install/nav_2d_msgs/include/nav_2d_msgs/nav_2d_msgs/msg/detail/twist2_d__rosidl_typesupport_introspection_c.h
[1.093s] -- Up-to-date symlink: /bumperbot_ws/install/nav_2d_msgs/include/nav_2d_msgs/nav_2d_msgs/msg/detail/twist2_d_stamped__rosidl_typesupport_introspection_c.h
[1.093s] -- Up-to-date symlink: /bumperbot_ws/install/nav_2d_msgs/include/nav_2d_msgs/nav_2d_msgs/msg/rosidl_typesupport_introspection_c__visibility_control.h
[1.093s] -- Up-to-date symlink: /bumperbot_ws/install/nav_2d_msgs/include/nav_2d_msgs/nav_2d_msgs/msg/detail/path2_d__rosidl_typesupport_introspection_cpp.hpp
[1.093s] -- Up-to-date symlink: /bumperbot_ws/install/nav_2d_msgs/include/nav_2d_msgs/nav_2d_msgs/msg/detail/pose2_d32__rosidl_typesupport_introspection_cpp.hpp
[1.093s] -- Up-to-date symlink: /bumperbot_ws/install/nav_2d_msgs/include/nav_2d_msgs/nav_2d_msgs/msg/detail/pose2_d_stamped__rosidl_typesupport_introspection_cpp.hpp
[1.093s] -- Up-to-date symlink: /bumperbot_ws/install/nav_2d_msgs/include/nav_2d_msgs/nav_2d_msgs/msg/detail/twist2_d32__rosidl_typesupport_introspection_cpp.hpp
[1.094s] -- Up-to-date symlink: /bumperbot_ws/install/nav_2d_msgs/include/nav_2d_msgs/nav_2d_msgs/msg/detail/twist2_d__rosidl_typesupport_introspection_cpp.hpp
[1.094s] -- Up-to-date symlink: /bumperbot_ws/install/nav_2d_msgs/include/nav_2d_msgs/nav_2d_msgs/msg/detail/twist2_d_stamped__rosidl_typesupport_introspection_cpp.hpp
[1.094s] -- Up-to-date symlink: /bumperbot_ws/install/nav_2d_msgs/share/nav_2d_msgs/environment/pythonpath.sh
[1.094s] -- Up-to-date symlink: /bumperbot_ws/install/nav_2d_msgs/share/nav_2d_msgs/environment/pythonpath.dsv
[1.094s] -- Symlinking: /bumperbot_ws/install/nav_2d_msgs/lib/python3.12/site-packages/nav_2d_msgs-1.3.9-py3.12.egg-info/PKG-INFO
[1.101s] -- Symlinking: /bumperbot_ws/install/nav_2d_msgs/lib/python3.12/site-packages/nav_2d_msgs-1.3.9-py3.12.egg-info/SOURCES.txt
[1.107s] -- Symlinking: /bumperbot_ws/install/nav_2d_msgs/lib/python3.12/site-packages/nav_2d_msgs-1.3.9-py3.12.egg-info/dependency_links.txt
[1.114s] -- Symlinking: /bumperbot_ws/install/nav_2d_msgs/lib/python3.12/site-packages/nav_2d_msgs-1.3.9-py3.12.egg-info/top_level.txt
[1.120s] -- Up-to-date symlink: /bumperbot_ws/install/nav_2d_msgs/lib/python3.12/site-packages/nav_2d_msgs/__init__.py
[1.121s] -- Up-to-date symlink: /bumperbot_ws/install/nav_2d_msgs/lib/python3.12/site-packages/nav_2d_msgs/_nav_2d_msgs_s.ep.rosidl_typesupport_c.c
[1.121s] -- Up-to-date symlink: /bumperbot_ws/install/nav_2d_msgs/lib/python3.12/site-packages/nav_2d_msgs/_nav_2d_msgs_s.ep.rosidl_typesupport_fastrtps_c.c
[1.121s] -- Up-to-date symlink: /bumperbot_ws/install/nav_2d_msgs/lib/python3.12/site-packages/nav_2d_msgs/_nav_2d_msgs_s.ep.rosidl_typesupport_introspection_c.c
[1.121s] -- Up-to-date symlink: /bumperbot_ws/install/nav_2d_msgs/lib/python3.12/site-packages/nav_2d_msgs/msg/__init__.py
[1.121s] -- Up-to-date symlink: /bumperbot_ws/install/nav_2d_msgs/lib/python3.12/site-packages/nav_2d_msgs/msg/_path2_d.py
[1.121s] -- Up-to-date symlink: /bumperbot_ws/install/nav_2d_msgs/lib/python3.12/site-packages/nav_2d_msgs/msg/_path2_d_s.c
[1.121s] -- Up-to-date symlink: /bumperbot_ws/install/nav_2d_msgs/lib/python3.12/site-packages/nav_2d_msgs/msg/_pose2_d32.py
[1.121s] -- Up-to-date symlink: /bumperbot_ws/install/nav_2d_msgs/lib/python3.12/site-packages/nav_2d_msgs/msg/_pose2_d32_s.c
[1.121s] -- Up-to-date symlink: /bumperbot_ws/install/nav_2d_msgs/lib/python3.12/site-packages/nav_2d_msgs/msg/_pose2_d_stamped.py
[1.121s] -- Up-to-date symlink: /bumperbot_ws/install/nav_2d_msgs/lib/python3.12/site-packages/nav_2d_msgs/msg/_pose2_d_stamped_s.c
[1.121s] -- Up-to-date symlink: /bumperbot_ws/install/nav_2d_msgs/lib/python3.12/site-packages/nav_2d_msgs/msg/_twist2_d.py
[1.121s] -- Up-to-date symlink: /bumperbot_ws/install/nav_2d_msgs/lib/python3.12/site-packages/nav_2d_msgs/msg/_twist2_d32.py
[1.121s] -- Up-to-date symlink: /bumperbot_ws/install/nav_2d_msgs/lib/python3.12/site-packages/nav_2d_msgs/msg/_twist2_d32_s.c
[1.121s] -- Up-to-date symlink: /bumperbot_ws/install/nav_2d_msgs/lib/python3.12/site-packages/nav_2d_msgs/msg/_twist2_d_s.c
[1.121s] -- Up-to-date symlink: /bumperbot_ws/install/nav_2d_msgs/lib/python3.12/site-packages/nav_2d_msgs/msg/_twist2_d_stamped.py
[1.121s] -- Up-to-date symlink: /bumperbot_ws/install/nav_2d_msgs/lib/python3.12/site-packages/nav_2d_msgs/msg/_twist2_d_stamped_s.c
[1.121s] -- Up-to-date symlink: /bumperbot_ws/install/nav_2d_msgs/lib/python3.12/site-packages/nav_2d_msgs/nav_2d_msgs_s__rosidl_typesupport_c.so
[1.122s] -- Up-to-date symlink: /bumperbot_ws/install/nav_2d_msgs/lib/python3.12/site-packages/nav_2d_msgs/nav_2d_msgs_s__rosidl_typesupport_fastrtps_c.so
[1.122s] -- Up-to-date symlink: /bumperbot_ws/install/nav_2d_msgs/lib/python3.12/site-packages/nav_2d_msgs/nav_2d_msgs_s__rosidl_typesupport_introspection_c.so
[1.122s] -- Up-to-date symlink: /bumperbot_ws/install/nav_2d_msgs/lib/python3.12/site-packages/nav_2d_msgs/nav_2d_msgs_s__rosidl_typesupport_fastrtps_c.so
[1.122s] -- Up-to-date symlink: /bumperbot_ws/install/nav_2d_msgs/lib/python3.12/site-packages/nav_2d_msgs/nav_2d_msgs_s__rosidl_typesupport_introspection_c.so
[1.122s] -- Up-to-date symlink: /bumperbot_ws/install/nav_2d_msgs/lib/python3.12/site-packages/nav_2d_msgs/nav_2d_msgs_s__rosidl_typesupport_c.so
[1.122s] -- Up-to-date symlink: /bumperbot_ws/install/nav_2d_msgs/share/nav_2d_msgs/msg/Path2D.idl
[1.122s] -- Up-to-date symlink: /bumperbot_ws/install/nav_2d_msgs/share/nav_2d_msgs/msg/Pose2D32.idl
[1.122s] -- Up-to-date symlink: /bumperbot_ws/install/nav_2d_msgs/share/nav_2d_msgs/msg/Pose2DStamped.idl
[1.122s] -- Up-to-date symlink: /bumperbot_ws/install/nav_2d_msgs/share/nav_2d_msgs/msg/Twist2D.idl
[1.122s] -- Up-to-date symlink: /bumperbot_ws/install/nav_2d_msgs/share/nav_2d_msgs/msg/Twist2D32.idl
[1.122s] -- Up-to-date symlink: /bumperbot_ws/install/nav_2d_msgs/share/nav_2d_msgs/msg/Twist2DStamped.idl
[1.122s] -- Up-to-date symlink: /bumperbot_ws/install/nav_2d_msgs/share/nav_2d_msgs/msg/Path2D.msg
[1.122s] -- Up-to-date symlink: /bumperbot_ws/install/nav_2d_msgs/share/nav_2d_msgs/msg/Pose2D32.msg
[1.122s] -- Up-to-date symlink: /bumperbot_ws/install/nav_2d_msgs/share/nav_2d_msgs/msg/Pose2DStamped.msg
[1.123s] -- Up-to-date symlink: /bumperbot_ws/install/nav_2d_msgs/share/nav_2d_msgs/msg/Twist2D.msg
[1.123s] -- Up-to-date symlink: /bumperbot_ws/install/nav_2d_msgs/share/nav_2d_msgs/msg/Twist2D32.msg
[1.123s] -- Up-to-date symlink: /bumperbot_ws/install/nav_2d_msgs/share/nav_2d_msgs/msg/Twist2DStamped.msg
[1.123s] -- Up-to-date symlink: /bumperbot_ws/install/nav_2d_msgs/share/ament_index/resource_index/package_run_dependencies/nav_2d_msgs
[1.123s] -- Up-to-date symlink: /bumperbot_ws/install/nav_2d_msgs/share/ament_index/resource_index/parent_prefix_path/nav_2d_msgs
[1.123s] -- Up-to-date symlink: /bumperbot_ws/install/nav_2d_msgs/share/nav_2d_msgs/environment/ament_prefix_path.sh
[1.123s] -- Up-to-date symlink: /bumperbot_ws/install/nav_2d_msgs/share/nav_2d_msgs/environment/ament_prefix_path.dsv
[1.123s] -- Up-to-date symlink: /bumperbot_ws/install/nav_2d_msgs/share/nav_2d_msgs/environment/path.sh
[1.123s] -- Up-to-date symlink: /bumperbot_ws/install/nav_2d_msgs/share/nav_2d_msgs/environment/path.dsv
[1.123s] -- Up-to-date symlink: /bumperbot_ws/install/nav_2d_msgs/share/nav_2d_msgs/local_setup.bash
[1.123s] -- Up-to-date symlink: /bumperbot_ws/install/nav_2d_msgs/share/nav_2d_msgs/local_setup.sh
[1.123s] -- Up-to-date symlink: /bumperbot_ws/install/nav_2d_msgs/share/nav_2d_msgs/local_setup.zsh
[1.124s] -- Up-to-date symlink: /bumperbot_ws/install/nav_2d_msgs/share/nav_2d_msgs/local_setup.dsv
[1.124s] -- Symlinking: /bumperbot_ws/install/nav_2d_msgs/share/nav_2d_msgs/package.dsv
[1.131s] -- Up-to-date symlink: /bumperbot_ws/install/nav_2d_msgs/share/ament_index/resource_index/packages/nav_2d_msgs
[1.131s] -- Up-to-date symlink: /bumperbot_ws/install/nav_2d_msgs/share/nav_2d_msgs/cmake/rosidl_cmake-extras.cmake
[1.131s] -- Up-to-date symlink: /bumperbot_ws/install/nav_2d_msgs/share/nav_2d_msgs/cmake/ament_cmake_export_dependencies-extras.cmake
[1.131s] -- Up-to-date symlink: /bumperbot_ws/install/nav_2d_msgs/share/nav_2d_msgs/cmake/ament_cmake_export_include_directories-extras.cmake
[1.131s] -- Up-to-date symlink: /bumperbot_ws/install/nav_2d_msgs/share/nav_2d_msgs/cmake/ament_cmake_export_libraries-extras.cmake
[1.131s] -- Up-to-date symlink: /bumperbot_ws/install/nav_2d_msgs/share/nav_2d_msgs/cmake/ament_cmake_export_targets-extras.cmake
[1.131s] -- Up-to-date symlink: /bumperbot_ws/install/nav_2d_msgs/share/nav_2d_msgs/cmake/rosidl_cmake_export_typesupport_targets-extras.cmake
[1.131s] -- Up-to-date symlink: /bumperbot_ws/install/nav_2d_msgs/share/nav_2d_msgs/cmake/rosidl_cmake_export_typesupport_libraries-extras.cmake
[1.131s] -- Up-to-date symlink: /bumperbot_ws/install/nav_2d_msgs/share/nav_2d_msgs/cmake/nav_2d_msgsConfig.cmake
[1.131s] -- Up-to-date symlink: /bumperbot_ws/install/nav_2d_msgs/share/nav_2d_msgs/cmake/nav_2d_msgsConfig-version.cmake
[1.131s] -- Up-to-date symlink: /bumperbot_ws/install/nav_2d_msgs/share/nav_2d_msgs/package.xml
[1.131s] -- Up-to-date: /bumperbot_ws/install/nav_2d_msgs/lib/libnav_2d_msgs__rosidl_generator_c.so
[1.131s] -- Up-to-date: /bumperbot_ws/install/nav_2d_msgs/lib/libnav_2d_msgs__rosidl_typesupport_fastrtps_c.so
[1.132s] -- Up-to-date: /bumperbot_ws/install/nav_2d_msgs/lib/libnav_2d_msgs__rosidl_typesupport_fastrtps_cpp.so
[1.132s] -- Up-to-date: /bumperbot_ws/install/nav_2d_msgs/lib/libnav_2d_msgs__rosidl_typesupport_introspection_c.so
[1.132s] -- Up-to-date: /bumperbot_ws/install/nav_2d_msgs/lib/libnav_2d_msgs__rosidl_typesupport_c.so
[1.132s] -- Up-to-date: /bumperbot_ws/install/nav_2d_msgs/lib/libnav_2d_msgs__rosidl_typesupport_introspection_cpp.so
[1.132s] -- Up-to-date: /bumperbot_ws/install/nav_2d_msgs/lib/libnav_2d_msgs__rosidl_typesupport_cpp.so
[1.158s] Listing '/bumperbot_ws/install/nav_2d_msgs/lib/python3.12/site-packages/nav_2d_msgs'...
[1.158s] Compiling '/bumperbot_ws/install/nav_2d_msgs/lib/python3.12/site-packages/nav_2d_msgs/__init__.py'...
[1.158s] Listing '/bumperbot_ws/install/nav_2d_msgs/lib/python3.12/site-packages/nav_2d_msgs/msg'...
[1.162s] -- Up-to-date: /bumperbot_ws/install/nav_2d_msgs/lib/libnav_2d_msgs__rosidl_generator_py.so
[1.162s] -- Up-to-date: /bumperbot_ws/install/nav_2d_msgs/share/nav_2d_msgs/cmake/export_nav_2d_msgs__rosidl_generator_cExport.cmake
[1.162s] -- Up-to-date: /bumperbot_ws/install/nav_2d_msgs/share/nav_2d_msgs/cmake/export_nav_2d_msgs__rosidl_generator_cExport-noconfig.cmake
[1.162s] -- Up-to-date: /bumperbot_ws/install/nav_2d_msgs/share/nav_2d_msgs/cmake/export_nav_2d_msgs__rosidl_typesupport_fastrtps_cExport.cmake
[1.162s] -- Up-to-date: /bumperbot_ws/install/nav_2d_msgs/share/nav_2d_msgs/cmake/export_nav_2d_msgs__rosidl_typesupport_fastrtps_cExport-noconfig.cmake
[1.162s] -- Up-to-date: /bumperbot_ws/install/nav_2d_msgs/share/nav_2d_msgs/cmake/export_nav_2d_msgs__rosidl_generator_cppExport.cmake
[1.163s] -- Up-to-date: /bumperbot_ws/install/nav_2d_msgs/share/nav_2d_msgs/cmake/export_nav_2d_msgs__rosidl_typesupport_fastrtps_cppExport.cmake
[1.163s] -- Up-to-date: /bumperbot_ws/install/nav_2d_msgs/share/nav_2d_msgs/cmake/export_nav_2d_msgs__rosidl_typesupport_fastrtps_cppExport-noconfig.cmake
[1.163s] -- Up-to-date: /bumperbot_ws/install/nav_2d_msgs/share/nav_2d_msgs/cmake/nav_2d_msgs__rosidl_typesupport_introspection_cExport.cmake
[1.163s] -- Up-to-date: /bumperbot_ws/install/nav_2d_msgs/share/nav_2d_msgs/cmake/nav_2d_msgs__rosidl_typesupport_introspection_cExport-noconfig.cmake
[1.163s] -- Up-to-date: /bumperbot_ws/install/nav_2d_msgs/share/nav_2d_msgs/cmake/nav_2d_msgs__rosidl_typesupport_cExport.cmake
[1.163s] -- Up-to-date: /bumperbot_ws/install/nav_2d_msgs/share/nav_2d_msgs/cmake/nav_2d_msgs__rosidl_typesupport_cExport-noconfig.cmake
[1.163s] -- Up-to-date: /bumperbot_ws/install/nav_2d_msgs/share/nav_2d_msgs/cmake/nav_2d_msgs__rosidl_typesupport_introspection_cppExport.cmake
[1.163s] -- Up-to-date: /bumperbot_ws/install/nav_2d_msgs/share/nav_2d_msgs/cmake/nav_2d_msgs__rosidl_typesupport_introspection_cppExport-noconfig.cmake
[1.163s] -- Up-to-date: /bumperbot_ws/install/nav_2d_msgs/share/nav_2d_msgs/cmake/nav_2d_msgs__rosidl_typesupport_cppExport.cmake
[1.163s] -- Up-to-date: /bumperbot_ws/install/nav_2d_msgs/share/nav_2d_msgs/cmake/nav_2d_msgs__rosidl_typesupport_cppExport-noconfig.cmake
[1.163s] -- Up-to-date: /bumperbot_ws/install/nav_2d_msgs/share/nav_2d_msgs/cmake/export_nav_2d_msgs__rosidl_generator_pyExport.cmake
[1.163s] -- Up-to-date: /bumperbot_ws/install/nav_2d_msgs/share/nav_2d_msgs/cmake/export_nav_2d_msgs__rosidl_generator_pyExport-noconfig.cmake
[1.164s] Invoked command in '/bumperbot_ws/build/nav_2d_msgs' returned '0': CMAKE_PREFIX_PATH=${CMAKE_PREFIX_PATH}:/opt/ros/jazzy /usr/bin/cmake --install /bumperbot_ws/build/nav_2d_msgs
