[0.023s] Invoking command in '/bumperbot_ws/build/bumperbot_controller': CMAKE_PREFIX_PATH=${CMAKE_PREFIX_PATH}:/opt/ros/jazzy /usr/bin/cmake /bumperbot_ws/src/bumperbot_controller -DCMAKE_INSTALL_PREFIX=/bumperbot_ws/install/bumperbot_controller
[0.065s] -- The C compiler identification is GNU 13.3.0
[0.105s] -- The CXX compiler identification is GNU 13.3.0
[0.115s] -- Detecting C compiler ABI info
[0.178s] -- Detecting C compiler ABI info - done
[0.185s] -- Check for working C compiler: /usr/bin/cc - skipped
[0.185s] -- Detecting C compile features
[0.185s] -- Detecting C compile features - done
[0.192s] -- Detecting CXX compiler ABI info
[0.259s] -- Detecting CXX compiler ABI info - done
[0.266s] -- Check for working CXX compiler: /usr/bin/c++ - skipped
[0.266s] -- Detecting CXX compile features
[0.266s] -- Detecting CXX compile features - done
[0.270s] -- Found ament_cmake: 2.5.4 (/opt/ros/jazzy/share/ament_cmake/cmake)
[0.380s] -- Found Python3: /usr/bin/python3 (found version "3.12.3") found components: Interpreter 
[0.496s] -- Found rclcpp: 28.1.12 (/opt/ros/jazzy/share/rclcpp/cmake)
[0.547s] -- Found rosidl_generator_c: 4.6.6 (/opt/ros/jazzy/share/rosidl_generator_c/cmake)
[0.566s] -- Found rosidl_generator_cpp: 4.6.6 (/opt/ros/jazzy/share/rosidl_generator_cpp/cmake)
[0.582s] -- Using all available rosidl_typesupport_c: rosidl_typesupport_fastrtps_c;rosidl_typesupport_introspection_c
[0.601s] -- Using all available rosidl_typesupport_cpp: rosidl_typesupport_fastrtps_cpp;rosidl_typesupport_introspection_cpp
[0.681s] -- Found rmw_implementation_cmake: 7.3.2 (/opt/ros/jazzy/share/rmw_implementation_cmake/cmake)
[0.685s] -- Found rmw_zenoh_cpp: 0.2.7 (/opt/ros/jazzy/share/rmw_zenoh_cpp/cmake)
[0.686s] -- Using RMW implementation 'rmw_zenoh_cpp' as default
[0.753s] -- Found rclpy: 7.1.5 (/opt/ros/jazzy/share/rclpy/cmake)
[0.756s] -- Found geometry_msgs: 5.3.6 (/opt/ros/jazzy/share/geometry_msgs/cmake)
[0.783s] -- Found sensor_msgs: 5.3.6 (/opt/ros/jazzy/share/sensor_msgs/cmake)
[0.803s] -- Found nav_msgs: 5.3.6 (/opt/ros/jazzy/share/nav_msgs/cmake)
[0.826s] -- Found tf2_ros: 0.36.14 (/opt/ros/jazzy/share/tf2_ros/cmake)
[1.112s] -- Configuring done (1.1s)
[1.137s] -- Generating done (0.0s)
[1.146s] -- Build files have been written to: /bumperbot_ws/build/bumperbot_controller
[1.156s] Invoked command in '/bumperbot_ws/build/bumperbot_controller' returned '0': CMAKE_PREFIX_PATH=${CMAKE_PREFIX_PATH}:/opt/ros/jazzy /usr/bin/cmake /bumperbot_ws/src/bumperbot_controller -DCMAKE_INSTALL_PREFIX=/bumperbot_ws/install/bumperbot_controller
[1.157s] Invoking command in '/bumperbot_ws/build/bumperbot_controller': CMAKE_PREFIX_PATH=${CMAKE_PREFIX_PATH}:/opt/ros/jazzy /usr/bin/cmake --build /bumperbot_ws/build/bumperbot_controller -- -j16 -l16
[1.204s] [ 16%] [32mBuilding CXX object CMakeFiles/twist_relay.dir/src/twist_relay.cpp.o[0m
[1.207s] [ 33%] [32mBuilding CXX object CMakeFiles/simple_controller.dir/src/simple_controller.cpp.o[0m
[1.207s] [ 50%] [32mBuilding CXX object CMakeFiles/noisy_controller.dir/src/noisy_controller.cpp.o[0m
[1.217s] [ 50%] Built target ament_cmake_python_copy_bumperbot_controller
[1.451s] running egg_info
[1.452s] creating bumperbot_controller.egg-info
[1.473s] writing bumperbot_controller.egg-info/PKG-INFO
[1.473s] writing dependency_links to bumperbot_controller.egg-info/dependency_links.txt
[1.473s] writing top-level names to bumperbot_controller.egg-info/top_level.txt
[1.473s] writing manifest file 'bumperbot_controller.egg-info/SOURCES.txt'
[1.526s] reading manifest file 'bumperbot_controller.egg-info/SOURCES.txt'
[1.526s] writing manifest file 'bumperbot_controller.egg-info/SOURCES.txt'
[1.555s] [ 50%] Built target ament_cmake_python_build_bumperbot_controller_egg
[10.352s] [ 66%] [32m[1mLinking CXX executable noisy_controller[0m
[10.868s] [ 66%] Built target noisy_controller
[11.056s] [ 83%] [32m[1mLinking CXX executable twist_relay[0m
[11.637s] [ 83%] Built target twist_relay
[15.098s] [100%] [32m[1mLinking CXX executable simple_controller[0m
[15.682s] [100%] Built target simple_controller
[15.693s] Invoked command in '/bumperbot_ws/build/bumperbot_controller' returned '0': CMAKE_PREFIX_PATH=${CMAKE_PREFIX_PATH}:/opt/ros/jazzy /usr/bin/cmake --build /bumperbot_ws/build/bumperbot_controller -- -j16 -l16
[15.693s] Invoking command in '/bumperbot_ws/build/bumperbot_controller': CMAKE_PREFIX_PATH=${CMAKE_PREFIX_PATH}:/opt/ros/jazzy /usr/bin/cmake --install /bumperbot_ws/build/bumperbot_controller
[15.700s] -- Install configuration: ""
[15.700s] -- Installing: /bumperbot_ws/install/bumperbot_controller/share/bumperbot_controller/environment/pythonpath.sh
[15.700s] -- Installing: /bumperbot_ws/install/bumperbot_controller/share/bumperbot_controller/environment/pythonpath.dsv
[15.700s] -- Installing: /bumperbot_ws/install/bumperbot_controller/lib/python3.12/site-packages/bumperbot_controller-0.0.0-py3.12.egg-info
[15.700s] -- Installing: /bumperbot_ws/install/bumperbot_controller/lib/python3.12/site-packages/bumperbot_controller-0.0.0-py3.12.egg-info/top_level.txt
[15.700s] -- Installing: /bumperbot_ws/install/bumperbot_controller/lib/python3.12/site-packages/bumperbot_controller-0.0.0-py3.12.egg-info/PKG-INFO
[15.701s] -- Installing: /bumperbot_ws/install/bumperbot_controller/lib/python3.12/site-packages/bumperbot_controller-0.0.0-py3.12.egg-info/SOURCES.txt
[15.701s] -- Installing: /bumperbot_ws/install/bumperbot_controller/lib/python3.12/site-packages/bumperbot_controller-0.0.0-py3.12.egg-info/dependency_links.txt
[15.701s] -- Installing: /bumperbot_ws/install/bumperbot_controller/lib/python3.12/site-packages/bumperbot_controller
[15.701s] -- Installing: /bumperbot_ws/install/bumperbot_controller/lib/python3.12/site-packages/bumperbot_controller/twist_relay.py
[15.701s] -- Installing: /bumperbot_ws/install/bumperbot_controller/lib/python3.12/site-packages/bumperbot_controller/noisy_controller.py
[15.701s] -- Installing: /bumperbot_ws/install/bumperbot_controller/lib/python3.12/site-packages/bumperbot_controller/simple_controller.py
[15.701s] -- Installing: /bumperbot_ws/install/bumperbot_controller/lib/python3.12/site-packages/bumperbot_controller/__init__.py
[15.734s] Listing '/bumperbot_ws/install/bumperbot_controller/lib/python3.12/site-packages/bumperbot_controller'...
[15.734s] Compiling '/bumperbot_ws/install/bumperbot_controller/lib/python3.12/site-packages/bumperbot_controller/__init__.py'...
[15.734s] Compiling '/bumperbot_ws/install/bumperbot_controller/lib/python3.12/site-packages/bumperbot_controller/noisy_controller.py'...
[15.734s] Compiling '/bumperbot_ws/install/bumperbot_controller/lib/python3.12/site-packages/bumperbot_controller/simple_controller.py'...
[15.734s] Compiling '/bumperbot_ws/install/bumperbot_controller/lib/python3.12/site-packages/bumperbot_controller/twist_relay.py'...
[15.739s] -- Installing: /bumperbot_ws/install/bumperbot_controller/include/include
[15.739s] -- Installing: /bumperbot_ws/install/bumperbot_controller/include/include/bumperbot_controller
[15.739s] -- Installing: /bumperbot_ws/install/bumperbot_controller/include/include/bumperbot_controller/noisy_controller.hpp
[15.739s] -- Installing: /bumperbot_ws/install/bumperbot_controller/include/include/bumperbot_controller/simple_controller.hpp
[15.739s] -- Installing: /bumperbot_ws/install/bumperbot_controller/lib/bumperbot_controller/simple_controller
[15.744s] -- Set non-toolchain portion of runtime path of "/bumperbot_ws/install/bumperbot_controller/lib/bumperbot_controller/simple_controller" to ""
[15.744s] -- Installing: /bumperbot_ws/install/bumperbot_controller/lib/bumperbot_controller/noisy_controller
[15.746s] -- Set non-toolchain portion of runtime path of "/bumperbot_ws/install/bumperbot_controller/lib/bumperbot_controller/noisy_controller" to ""
[15.746s] -- Installing: /bumperbot_ws/install/bumperbot_controller/lib/bumperbot_controller/twist_relay
[15.750s] -- Set non-toolchain portion of runtime path of "/bumperbot_ws/install/bumperbot_controller/lib/bumperbot_controller/twist_relay" to ""
[15.751s] -- Installing: /bumperbot_ws/install/bumperbot_controller/share/bumperbot_controller/launch
[15.751s] -- Installing: /bumperbot_ws/install/bumperbot_controller/share/bumperbot_controller/launch/joystick_teleop.launch.py
[15.751s] -- Installing: /bumperbot_ws/install/bumperbot_controller/share/bumperbot_controller/launch/controller.launch.py
[15.751s] -- Installing: /bumperbot_ws/install/bumperbot_controller/share/bumperbot_controller/config
[15.751s] -- Installing: /bumperbot_ws/install/bumperbot_controller/share/bumperbot_controller/config/twist_mux_topics.yaml
[15.751s] -- Installing: /bumperbot_ws/install/bumperbot_controller/share/bumperbot_controller/config/joy_teleop.yaml
[15.751s] -- Installing: /bumperbot_ws/install/bumperbot_controller/share/bumperbot_controller/config/bumperbot_controllers.yaml
[15.751s] -- Installing: /bumperbot_ws/install/bumperbot_controller/share/bumperbot_controller/config/twist_mux_joy.yaml
[15.751s] -- Installing: /bumperbot_ws/install/bumperbot_controller/share/bumperbot_controller/config/joy_config.yaml
[15.751s] -- Installing: /bumperbot_ws/install/bumperbot_controller/share/bumperbot_controller/config/twist_mux_locks.yaml
[15.751s] -- Installing: /bumperbot_ws/install/bumperbot_controller/lib/bumperbot_controller/simple_controller.py
[15.751s] -- Installing: /bumperbot_ws/install/bumperbot_controller/lib/bumperbot_controller/noisy_controller.py
[15.752s] -- Installing: /bumperbot_ws/install/bumperbot_controller/lib/bumperbot_controller/twist_relay.py
[15.752s] -- Installing: /bumperbot_ws/install/bumperbot_controller/share/ament_index/resource_index/package_run_dependencies/bumperbot_controller
[15.752s] -- Installing: /bumperbot_ws/install/bumperbot_controller/share/ament_index/resource_index/parent_prefix_path/bumperbot_controller
[15.752s] -- Installing: /bumperbot_ws/install/bumperbot_controller/share/bumperbot_controller/environment/ament_prefix_path.sh
[15.752s] -- Installing: /bumperbot_ws/install/bumperbot_controller/share/bumperbot_controller/environment/ament_prefix_path.dsv
[15.752s] -- Installing: /bumperbot_ws/install/bumperbot_controller/share/bumperbot_controller/environment/path.sh
[15.752s] -- Installing: /bumperbot_ws/install/bumperbot_controller/share/bumperbot_controller/environment/path.dsv
[15.752s] -- Installing: /bumperbot_ws/install/bumperbot_controller/share/bumperbot_controller/local_setup.bash
[15.752s] -- Installing: /bumperbot_ws/install/bumperbot_controller/share/bumperbot_controller/local_setup.sh
[15.752s] -- Installing: /bumperbot_ws/install/bumperbot_controller/share/bumperbot_controller/local_setup.zsh
[15.752s] -- Installing: /bumperbot_ws/install/bumperbot_controller/share/bumperbot_controller/local_setup.dsv
[15.752s] -- Installing: /bumperbot_ws/install/bumperbot_controller/share/bumperbot_controller/package.dsv
[15.753s] -- Installing: /bumperbot_ws/install/bumperbot_controller/share/ament_index/resource_index/packages/bumperbot_controller
[15.753s] -- Installing: /bumperbot_ws/install/bumperbot_controller/share/bumperbot_controller/cmake/bumperbot_controllerConfig.cmake
[15.753s] -- Installing: /bumperbot_ws/install/bumperbot_controller/share/bumperbot_controller/cmake/bumperbot_controllerConfig-version.cmake
[15.753s] -- Installing: /bumperbot_ws/install/bumperbot_controller/share/bumperbot_controller/package.xml
[15.754s] Invoked command in '/bumperbot_ws/build/bumperbot_controller' returned '0': CMAKE_PREFIX_PATH=${CMAKE_PREFIX_PATH}:/opt/ros/jazzy /usr/bin/cmake --install /bumperbot_ws/build/bumperbot_controller
