[0.024s] Invoking command in '/bumperbot/build/bumperbot_mapping': CMAKE_PREFIX_PATH=${CMAKE_PREFIX_PATH}:/opt/ros/jazzy /usr/bin/cmake --build /bumperbot/build/bumperbot_mapping -- -j8 -l8
[0.310s] [  0%] Built target ament_cmake_python_copy_bumperbot_mapping
[0.346s] [100%] Built target mapping_with_known_poses
[0.530s] running egg_info
[0.549s] writing bumperbot_mapping.egg-info/PKG-INFO
[0.549s] writing dependency_links to bumperbot_mapping.egg-info/dependency_links.txt
[0.549s] writing top-level names to bumperbot_mapping.egg-info/top_level.txt
[0.606s] reading manifest file 'bumperbot_mapping.egg-info/SOURCES.txt'
[0.606s] writing manifest file 'bumperbot_mapping.egg-info/SOURCES.txt'
[0.644s] [100%] Built target ament_cmake_python_build_bumperbot_mapping_egg
[0.659s] Invoked command in '/bumperbot/build/bumperbot_mapping' returned '0': CMAKE_PREFIX_PATH=${CMAKE_PREFIX_PATH}:/opt/ros/jazzy /usr/bin/cmake --build /bumperbot/build/bumperbot_mapping -- -j8 -l8
[0.671s] Invoking command in '/bumperbot/build/bumperbot_mapping': CMAKE_PREFIX_PATH=${CMAKE_PREFIX_PATH}:/opt/ros/jazzy /usr/bin/cmake --install /bumperbot/build/bumperbot_mapping
[0.685s] -- Install configuration: ""
[0.685s] -- Up-to-date: /bumperbot/install/bumperbot_mapping/share/bumperbot_mapping/environment/pythonpath.sh
[0.685s] -- Up-to-date: /bumperbot/install/bumperbot_mapping/share/bumperbot_mapping/environment/pythonpath.dsv
[0.685s] -- Up-to-date: /bumperbot/install/bumperbot_mapping/lib/python3.12/site-packages/bumperbot_mapping-0.0.0-py3.12.egg-info
[0.686s] -- Installing: /bumperbot/install/bumperbot_mapping/lib/python3.12/site-packages/bumperbot_mapping-0.0.0-py3.12.egg-info/dependency_links.txt
[0.686s] -- Installing: /bumperbot/install/bumperbot_mapping/lib/python3.12/site-packages/bumperbot_mapping-0.0.0-py3.12.egg-info/SOURCES.txt
[0.686s] -- Installing: /bumperbot/install/bumperbot_mapping/lib/python3.12/site-packages/bumperbot_mapping-0.0.0-py3.12.egg-info/PKG-INFO
[0.686s] -- Installing: /bumperbot/install/bumperbot_mapping/lib/python3.12/site-packages/bumperbot_mapping-0.0.0-py3.12.egg-info/top_level.txt
[0.686s] -- Up-to-date: /bumperbot/install/bumperbot_mapping/lib/python3.12/site-packages/bumperbot_mapping
[0.686s] -- Up-to-date: /bumperbot/install/bumperbot_mapping/lib/python3.12/site-packages/bumperbot_mapping/mapping_with_known_poses.py
[0.686s] -- Up-to-date: /bumperbot/install/bumperbot_mapping/lib/python3.12/site-packages/bumperbot_mapping/__init__.py
[0.746s] Listing '/bumperbot/install/bumperbot_mapping/lib/python3.12/site-packages/bumperbot_mapping'...
[0.756s] -- Up-to-date: /bumperbot/install/bumperbot_mapping/include/include
[0.756s] -- Up-to-date: /bumperbot/install/bumperbot_mapping/include/include/bumperbot_mapping
[0.756s] -- Up-to-date: /bumperbot/install/bumperbot_mapping/include/include/bumperbot_mapping/mapping_with_known_poses.hpp
[0.756s] -- Up-to-date: /bumperbot/install/bumperbot_mapping/lib/bumperbot_mapping/mapping_with_known_poses
[0.756s] -- Up-to-date: /bumperbot/install/bumperbot_mapping/share/bumperbot_mapping/config
[0.757s] -- Up-to-date: /bumperbot/install/bumperbot_mapping/share/bumperbot_mapping/config/slam_toolbox.yaml
[0.757s] -- Up-to-date: /bumperbot/install/bumperbot_mapping/share/bumperbot_mapping/launch
[0.757s] -- Up-to-date: /bumperbot/install/bumperbot_mapping/share/bumperbot_mapping/launch/slam.launch.py
[0.757s] -- Up-to-date: /bumperbot/install/bumperbot_mapping/share/bumperbot_mapping/maps
[0.758s] -- Up-to-date: /bumperbot/install/bumperbot_mapping/share/bumperbot_mapping/maps/small_warehouse
[0.758s] -- Up-to-date: /bumperbot/install/bumperbot_mapping/share/bumperbot_mapping/maps/small_warehouse/map.yaml
[0.758s] -- Up-to-date: /bumperbot/install/bumperbot_mapping/share/bumperbot_mapping/maps/small_warehouse/map.pgm
[0.758s] -- Up-to-date: /bumperbot/install/bumperbot_mapping/share/bumperbot_mapping/maps/small_house
[0.758s] -- Up-to-date: /bumperbot/install/bumperbot_mapping/share/bumperbot_mapping/maps/small_house/map.yaml
[0.758s] -- Up-to-date: /bumperbot/install/bumperbot_mapping/share/bumperbot_mapping/maps/small_house/map.pgm
[0.758s] -- Up-to-date: /bumperbot/install/bumperbot_mapping/share/bumperbot_mapping/rviz
[0.759s] -- Up-to-date: /bumperbot/install/bumperbot_mapping/share/bumperbot_mapping/rviz/slam.rviz
[0.759s] -- Up-to-date: /bumperbot/install/bumperbot_mapping/lib/bumperbot_mapping/mapping_with_known_poses.py
[0.759s] -- Up-to-date: /bumperbot/install/bumperbot_mapping/share/ament_index/resource_index/package_run_dependencies/bumperbot_mapping
[0.759s] -- Up-to-date: /bumperbot/install/bumperbot_mapping/share/ament_index/resource_index/parent_prefix_path/bumperbot_mapping
[0.759s] -- Up-to-date: /bumperbot/install/bumperbot_mapping/share/bumperbot_mapping/environment/ament_prefix_path.sh
[0.759s] -- Up-to-date: /bumperbot/install/bumperbot_mapping/share/bumperbot_mapping/environment/ament_prefix_path.dsv
[0.759s] -- Up-to-date: /bumperbot/install/bumperbot_mapping/share/bumperbot_mapping/environment/path.sh
[0.760s] -- Up-to-date: /bumperbot/install/bumperbot_mapping/share/bumperbot_mapping/environment/path.dsv
[0.760s] -- Up-to-date: /bumperbot/install/bumperbot_mapping/share/bumperbot_mapping/local_setup.bash
[0.760s] -- Up-to-date: /bumperbot/install/bumperbot_mapping/share/bumperbot_mapping/local_setup.sh
[0.761s] -- Up-to-date: /bumperbot/install/bumperbot_mapping/share/bumperbot_mapping/local_setup.zsh
[0.761s] -- Up-to-date: /bumperbot/install/bumperbot_mapping/share/bumperbot_mapping/local_setup.dsv
[0.761s] -- Installing: /bumperbot/install/bumperbot_mapping/share/bumperbot_mapping/package.dsv
[0.761s] -- Up-to-date: /bumperbot/install/bumperbot_mapping/share/ament_index/resource_index/packages/bumperbot_mapping
[0.762s] -- Up-to-date: /bumperbot/install/bumperbot_mapping/share/bumperbot_mapping/cmake/bumperbot_mappingConfig.cmake
[0.762s] -- Up-to-date: /bumperbot/install/bumperbot_mapping/share/bumperbot_mapping/cmake/bumperbot_mappingConfig-version.cmake
[0.762s] -- Up-to-date: /bumperbot/install/bumperbot_mapping/share/bumperbot_mapping/package.xml
[0.762s] Invoked command in '/bumperbot/build/bumperbot_mapping' returned '0': CMAKE_PREFIX_PATH=${CMAKE_PREFIX_PATH}:/opt/ros/jazzy /usr/bin/cmake --install /bumperbot/build/bumperbot_mapping
