[0.131s] DEBUG:colcon:Command line arguments: ['/usr/bin/colcon', 'build']
[0.131s] DEBUG:colcon:Parsed command line arguments: Namespace(log_base=None, log_level=None, verb_name='build', build_base='build', install_base='install', merge_install=False, symlink_install=False, test_result_base=None, continue_on_error=False, executor='parallel', parallel_workers=8, event_handlers=None, ignore_user_meta=False, metas=['./colcon.meta'], base_paths=['.'], packages_ignore=None, packages_ignore_regex=None, paths=None, packages_up_to=None, packages_up_to_regex=None, packages_above=None, packages_above_and_dependencies=None, packages_above_depth=None, packages_select_by_dep=None, packages_skip_by_dep=None, packages_skip_up_to=None, packages_select_build_failed=False, packages_skip_build_finished=False, packages_select_test_failures=False, packages_skip_test_passed=False, packages_select=None, packages_skip=None, packages_select_regex=None, packages_skip_regex=None, packages_start=None, packages_end=None, cmake_args=None, cmake_target=None, cmake_target_skip_unavailable=False, cmake_clean_cache=False, cmake_clean_first=False, cmake_force_configure=False, ament_cmake_args=None, catkin_cmake_args=None, catkin_skip_building_tests=False, mixin_files=None, mixin=None, verb_parser=<colcon_mixin.mixin.mixin_argument.MixinArgumentDecorator object at 0x7ff4325736e0>, verb_extension=<colcon_core.verb.build.BuildVerb object at 0x7ff432573440>, main=<bound method BuildVerb.main of <colcon_core.verb.build.BuildVerb object at 0x7ff432573440>>, mixin_verb=('build',))
[0.172s] Level 1:colcon.colcon_core.package_discovery:discover_packages(colcon_meta) check parameters
[0.173s] Level 1:colcon.colcon_core.package_discovery:discover_packages(recursive) check parameters
[0.173s] Level 1:colcon.colcon_core.package_discovery:discover_packages(ignore) check parameters
[0.173s] Level 1:colcon.colcon_core.package_discovery:discover_packages(path) check parameters
[0.173s] Level 1:colcon.colcon_core.package_discovery:discover_packages(colcon_meta) discover
[0.173s] Level 1:colcon.colcon_core.package_discovery:discover_packages(recursive) discover
[0.173s] INFO:colcon.colcon_core.package_discovery:Crawling recursively for packages in '/bumperbot'
[0.173s] Level 1:colcon.colcon_core.package_identification:_identify(.) by extensions ['ignore', 'ignore_ament_install']
[0.173s] Level 1:colcon.colcon_core.package_identification:_identify(.) by extension 'ignore'
[0.173s] Level 1:colcon.colcon_core.package_identification:_identify(.) by extension 'ignore_ament_install'
[0.173s] Level 1:colcon.colcon_core.package_identification:_identify(.) by extensions ['colcon_pkg']
[0.173s] Level 1:colcon.colcon_core.package_identification:_identify(.) by extension 'colcon_pkg'
[0.173s] Level 1:colcon.colcon_core.package_identification:_identify(.) by extensions ['colcon_meta']
[0.173s] Level 1:colcon.colcon_core.package_identification:_identify(.) by extension 'colcon_meta'
[0.173s] Level 1:colcon.colcon_core.package_identification:_identify(.) by extensions ['ros']
[0.173s] Level 1:colcon.colcon_core.package_identification:_identify(.) by extension 'ros'
[0.198s] Level 1:colcon.colcon_core.package_identification:_identify(.) by extensions ['cmake', 'python']
[0.198s] Level 1:colcon.colcon_core.package_identification:_identify(.) by extension 'cmake'
[0.198s] Level 1:colcon.colcon_core.package_identification:_identify(.) by extension 'python'
[0.198s] Level 1:colcon.colcon_core.package_identification:_identify(.) by extensions ['python_setup_py']
[0.198s] Level 1:colcon.colcon_core.package_identification:_identify(.) by extension 'python_setup_py'
[0.198s] Level 1:colcon.colcon_core.package_identification:_identify(build) by extensions ['ignore', 'ignore_ament_install']
[0.198s] Level 1:colcon.colcon_core.package_identification:_identify(build) by extension 'ignore'
[0.198s] Level 1:colcon.colcon_core.package_identification:_identify(build) ignored
[0.198s] Level 1:colcon.colcon_core.package_identification:_identify(install) by extensions ['ignore', 'ignore_ament_install']
[0.198s] Level 1:colcon.colcon_core.package_identification:_identify(install) by extension 'ignore'
[0.198s] Level 1:colcon.colcon_core.package_identification:_identify(install) ignored
[0.199s] Level 1:colcon.colcon_core.package_identification:_identify(log) by extensions ['ignore', 'ignore_ament_install']
[0.199s] Level 1:colcon.colcon_core.package_identification:_identify(log) by extension 'ignore'
[0.199s] Level 1:colcon.colcon_core.package_identification:_identify(log) ignored
[0.199s] Level 1:colcon.colcon_core.package_identification:_identify(src) by extensions ['ignore', 'ignore_ament_install']
[0.199s] Level 1:colcon.colcon_core.package_identification:_identify(src) by extension 'ignore'
[0.199s] Level 1:colcon.colcon_core.package_identification:_identify(src) by extension 'ignore_ament_install'
[0.199s] Level 1:colcon.colcon_core.package_identification:_identify(src) by extensions ['colcon_pkg']
[0.199s] Level 1:colcon.colcon_core.package_identification:_identify(src) by extension 'colcon_pkg'
[0.199s] Level 1:colcon.colcon_core.package_identification:_identify(src) by extensions ['colcon_meta']
[0.199s] Level 1:colcon.colcon_core.package_identification:_identify(src) by extension 'colcon_meta'
[0.199s] Level 1:colcon.colcon_core.package_identification:_identify(src) by extensions ['ros']
[0.199s] Level 1:colcon.colcon_core.package_identification:_identify(src) by extension 'ros'
[0.199s] Level 1:colcon.colcon_core.package_identification:_identify(src) by extensions ['cmake', 'python']
[0.199s] Level 1:colcon.colcon_core.package_identification:_identify(src) by extension 'cmake'
[0.199s] Level 1:colcon.colcon_core.package_identification:_identify(src) by extension 'python'
[0.199s] Level 1:colcon.colcon_core.package_identification:_identify(src) by extensions ['python_setup_py']
[0.199s] Level 1:colcon.colcon_core.package_identification:_identify(src) by extension 'python_setup_py'
[0.199s] Level 1:colcon.colcon_core.package_identification:_identify(src/bumperbot_cpp_examples) by extensions ['ignore', 'ignore_ament_install']
[0.199s] Level 1:colcon.colcon_core.package_identification:_identify(src/bumperbot_cpp_examples) by extension 'ignore'
[0.199s] Level 1:colcon.colcon_core.package_identification:_identify(src/bumperbot_cpp_examples) by extension 'ignore_ament_install'
[0.200s] Level 1:colcon.colcon_core.package_identification:_identify(src/bumperbot_cpp_examples) by extensions ['colcon_pkg']
[0.200s] Level 1:colcon.colcon_core.package_identification:_identify(src/bumperbot_cpp_examples) by extension 'colcon_pkg'
[0.200s] Level 1:colcon.colcon_core.package_identification:_identify(src/bumperbot_cpp_examples) by extensions ['colcon_meta']
[0.200s] Level 1:colcon.colcon_core.package_identification:_identify(src/bumperbot_cpp_examples) by extension 'colcon_meta'
[0.200s] Level 1:colcon.colcon_core.package_identification:_identify(src/bumperbot_cpp_examples) by extensions ['ros']
[0.200s] Level 1:colcon.colcon_core.package_identification:_identify(src/bumperbot_cpp_examples) by extension 'ros'
[0.203s] DEBUG:colcon.colcon_core.package_identification:Package 'src/bumperbot_cpp_examples' with type 'ros.ament_cmake' and name 'bumperbot_cpp_examples'
[0.203s] Level 1:colcon.colcon_core.package_identification:_identify(src/bumperbot_planning) by extensions ['ignore', 'ignore_ament_install']
[0.203s] Level 1:colcon.colcon_core.package_identification:_identify(src/bumperbot_planning) by extension 'ignore'
[0.203s] Level 1:colcon.colcon_core.package_identification:_identify(src/bumperbot_planning) by extension 'ignore_ament_install'
[0.203s] Level 1:colcon.colcon_core.package_identification:_identify(src/bumperbot_planning) by extensions ['colcon_pkg']
[0.203s] Level 1:colcon.colcon_core.package_identification:_identify(src/bumperbot_planning) by extension 'colcon_pkg'
[0.203s] Level 1:colcon.colcon_core.package_identification:_identify(src/bumperbot_planning) by extensions ['colcon_meta']
[0.203s] Level 1:colcon.colcon_core.package_identification:_identify(src/bumperbot_planning) by extension 'colcon_meta'
[0.203s] Level 1:colcon.colcon_core.package_identification:_identify(src/bumperbot_planning) by extensions ['ros']
[0.203s] Level 1:colcon.colcon_core.package_identification:_identify(src/bumperbot_planning) by extension 'ros'
[0.204s] DEBUG:colcon.colcon_core.package_identification:Package 'src/bumperbot_planning' with type 'ros.ament_cmake' and name 'bumperbot_planning'
[0.204s] Level 1:colcon.colcon_core.package_discovery:discover_packages(recursive) using defaults
[0.204s] Level 1:colcon.colcon_core.package_discovery:discover_packages(ignore) discover
[0.204s] Level 1:colcon.colcon_core.package_discovery:discover_packages(ignore) using defaults
[0.204s] Level 1:colcon.colcon_core.package_discovery:discover_packages(path) discover
[0.204s] Level 1:colcon.colcon_core.package_discovery:discover_packages(path) using defaults
[0.228s] Level 5:colcon.colcon_core.verb:set package 'bumperbot_cpp_examples' build argument 'cmake_args' from command line to 'None'
[0.228s] Level 5:colcon.colcon_core.verb:set package 'bumperbot_cpp_examples' build argument 'cmake_target' from command line to 'None'
[0.228s] Level 5:colcon.colcon_core.verb:set package 'bumperbot_cpp_examples' build argument 'cmake_target_skip_unavailable' from command line to 'False'
[0.228s] Level 5:colcon.colcon_core.verb:set package 'bumperbot_cpp_examples' build argument 'cmake_clean_cache' from command line to 'False'
[0.228s] Level 5:colcon.colcon_core.verb:set package 'bumperbot_cpp_examples' build argument 'cmake_clean_first' from command line to 'False'
[0.228s] Level 5:colcon.colcon_core.verb:set package 'bumperbot_cpp_examples' build argument 'cmake_force_configure' from command line to 'False'
[0.228s] Level 5:colcon.colcon_core.verb:set package 'bumperbot_cpp_examples' build argument 'ament_cmake_args' from command line to 'None'
[0.228s] Level 5:colcon.colcon_core.verb:set package 'bumperbot_cpp_examples' build argument 'catkin_cmake_args' from command line to 'None'
[0.228s] Level 5:colcon.colcon_core.verb:set package 'bumperbot_cpp_examples' build argument 'catkin_skip_building_tests' from command line to 'False'
[0.228s] DEBUG:colcon.colcon_core.verb:Building package 'bumperbot_cpp_examples' with the following arguments: {'ament_cmake_args': None, 'build_base': '/bumperbot/build/bumperbot_cpp_examples', 'catkin_cmake_args': None, 'catkin_skip_building_tests': False, 'cmake_args': None, 'cmake_clean_cache': False, 'cmake_clean_first': False, 'cmake_force_configure': False, 'cmake_target': None, 'cmake_target_skip_unavailable': False, 'install_base': '/bumperbot/install/bumperbot_cpp_examples', 'merge_install': False, 'path': '/bumperbot/src/bumperbot_cpp_examples', 'symlink_install': False, 'test_result_base': None}
[0.229s] Level 5:colcon.colcon_core.verb:set package 'bumperbot_planning' build argument 'cmake_args' from command line to 'None'
[0.229s] Level 5:colcon.colcon_core.verb:set package 'bumperbot_planning' build argument 'cmake_target' from command line to 'None'
[0.229s] Level 5:colcon.colcon_core.verb:set package 'bumperbot_planning' build argument 'cmake_target_skip_unavailable' from command line to 'False'
[0.229s] Level 5:colcon.colcon_core.verb:set package 'bumperbot_planning' build argument 'cmake_clean_cache' from command line to 'False'
[0.229s] Level 5:colcon.colcon_core.verb:set package 'bumperbot_planning' build argument 'cmake_clean_first' from command line to 'False'
[0.229s] Level 5:colcon.colcon_core.verb:set package 'bumperbot_planning' build argument 'cmake_force_configure' from command line to 'False'
[0.229s] Level 5:colcon.colcon_core.verb:set package 'bumperbot_planning' build argument 'ament_cmake_args' from command line to 'None'
[0.229s] Level 5:colcon.colcon_core.verb:set package 'bumperbot_planning' build argument 'catkin_cmake_args' from command line to 'None'
[0.229s] Level 5:colcon.colcon_core.verb:set package 'bumperbot_planning' build argument 'catkin_skip_building_tests' from command line to 'False'
[0.229s] DEBUG:colcon.colcon_core.verb:Building package 'bumperbot_planning' with the following arguments: {'ament_cmake_args': None, 'build_base': '/bumperbot/build/bumperbot_planning', 'catkin_cmake_args': None, 'catkin_skip_building_tests': False, 'cmake_args': None, 'cmake_clean_cache': False, 'cmake_clean_first': False, 'cmake_force_configure': False, 'cmake_target': None, 'cmake_target_skip_unavailable': False, 'install_base': '/bumperbot/install/bumperbot_planning', 'merge_install': False, 'path': '/bumperbot/src/bumperbot_planning', 'symlink_install': False, 'test_result_base': None}
[0.229s] INFO:colcon.colcon_core.executor:Executing jobs using 'parallel' executor
[0.230s] DEBUG:colcon.colcon_parallel_executor.executor.parallel:run_until_complete
[0.230s] INFO:colcon.colcon_ros.task.ament_cmake.build:Building ROS package in '/bumperbot/src/bumperbot_cpp_examples' with build type 'ament_cmake'
[0.230s] INFO:colcon.colcon_cmake.task.cmake.build:Building CMake package in '/bumperbot/src/bumperbot_cpp_examples'
[0.234s] INFO:colcon.colcon_core.plugin_system:Skipping extension 'colcon_core.shell.bat': Not used on non-Windows systems
[0.234s] INFO:colcon.colcon_core.shell:Skip shell extension 'powershell' for command environment: Not usable outside of PowerShell
[0.234s] DEBUG:colcon.colcon_core.shell:Skip shell extension 'dsv' for command environment
[0.240s] INFO:colcon.colcon_ros.task.ament_cmake.build:Building ROS package in '/bumperbot/src/bumperbot_planning' with build type 'ament_cmake'
[0.240s] INFO:colcon.colcon_cmake.task.cmake.build:Building CMake package in '/bumperbot/src/bumperbot_planning'
[0.240s] INFO:colcon.colcon_core.shell:Skip shell extension 'powershell' for command environment: Not usable outside of PowerShell
[0.240s] DEBUG:colcon.colcon_core.shell:Skip shell extension 'dsv' for command environment
[0.246s] DEBUG:colcon.colcon_core.event_handler.log_command:Invoking command in '/bumperbot/build/bumperbot_cpp_examples': CMAKE_PREFIX_PATH=/opt/ros/jazzy /usr/bin/cmake /bumperbot/src/bumperbot_cpp_examples -DCMAKE_INSTALL_PREFIX=/bumperbot/install/bumperbot_cpp_examples
[0.252s] DEBUG:colcon.colcon_core.event_handler.log_command:Invoking command in '/bumperbot/build/bumperbot_planning': CMAKE_PREFIX_PATH=/opt/ros/jazzy /usr/bin/cmake /bumperbot/src/bumperbot_planning -DCMAKE_INSTALL_PREFIX=/bumperbot/install/bumperbot_planning
[1.812s] DEBUG:colcon.colcon_core.event_handler.log_command:Invoked command in '/bumperbot/build/bumperbot_cpp_examples' returned '0': CMAKE_PREFIX_PATH=/opt/ros/jazzy /usr/bin/cmake /bumperbot/src/bumperbot_cpp_examples -DCMAKE_INSTALL_PREFIX=/bumperbot/install/bumperbot_cpp_examples
[1.813s] DEBUG:colcon.colcon_core.event_handler.log_command:Invoking command in '/bumperbot/build/bumperbot_cpp_examples': CMAKE_PREFIX_PATH=/opt/ros/jazzy /usr/bin/cmake --build /bumperbot/build/bumperbot_cpp_examples -- -j8 -l8
[2.137s] DEBUG:colcon.colcon_core.event_handler.log_command:Invoked command in '/bumperbot/build/bumperbot_planning' returned '0': CMAKE_PREFIX_PATH=/opt/ros/jazzy /usr/bin/cmake /bumperbot/src/bumperbot_planning -DCMAKE_INSTALL_PREFIX=/bumperbot/install/bumperbot_planning
[2.138s] DEBUG:colcon.colcon_core.event_handler.log_command:Invoking command in '/bumperbot/build/bumperbot_planning': CMAKE_PREFIX_PATH=/opt/ros/jazzy /usr/bin/cmake --build /bumperbot/build/bumperbot_planning -- -j8 -l8
[13.862s] DEBUG:colcon.colcon_core.event_handler.log_command:Invoked command in '/bumperbot/build/bumperbot_cpp_examples' returned '0': CMAKE_PREFIX_PATH=/opt/ros/jazzy /usr/bin/cmake --build /bumperbot/build/bumperbot_cpp_examples -- -j8 -l8
[13.873s] DEBUG:colcon.colcon_core.event_handler.log_command:Invoking command in '/bumperbot/build/bumperbot_cpp_examples': CMAKE_PREFIX_PATH=/opt/ros/jazzy /usr/bin/cmake --install /bumperbot/build/bumperbot_cpp_examples
[13.907s] Level 1:colcon.colcon_core.environment:create_environment_scripts_only(bumperbot_cpp_examples)
[13.908s] DEBUG:colcon.colcon_core.event_handler.log_command:Invoked command in '/bumperbot/build/bumperbot_cpp_examples' returned '0': CMAKE_PREFIX_PATH=/opt/ros/jazzy /usr/bin/cmake --install /bumperbot/build/bumperbot_cpp_examples
[13.914s] Level 1:colcon.colcon_core.environment:checking '/bumperbot/install/bumperbot_cpp_examples' for CMake module files
[13.915s] Level 1:colcon.colcon_core.environment:checking '/bumperbot/install/bumperbot_cpp_examples' for CMake config files
[13.915s] Level 1:colcon.colcon_core.shell:create_environment_hook('bumperbot_cpp_examples', 'cmake_prefix_path')
[13.915s] INFO:colcon.colcon_core.shell:Creating environment hook '/bumperbot/install/bumperbot_cpp_examples/share/bumperbot_cpp_examples/hook/cmake_prefix_path.ps1'
[13.916s] INFO:colcon.colcon_core.shell:Creating environment descriptor '/bumperbot/install/bumperbot_cpp_examples/share/bumperbot_cpp_examples/hook/cmake_prefix_path.dsv'
[13.917s] INFO:colcon.colcon_core.shell:Creating environment hook '/bumperbot/install/bumperbot_cpp_examples/share/bumperbot_cpp_examples/hook/cmake_prefix_path.sh'
[13.918s] Level 1:colcon.colcon_core.environment:checking '/bumperbot/install/bumperbot_cpp_examples/lib'
[13.918s] Level 1:colcon.colcon_core.environment:checking '/bumperbot/install/bumperbot_cpp_examples/bin'
[13.919s] Level 1:colcon.colcon_core.environment:checking '/bumperbot/install/bumperbot_cpp_examples/lib/pkgconfig/bumperbot_cpp_examples.pc'
[13.921s] Level 1:colcon.colcon_core.environment:checking '/bumperbot/install/bumperbot_cpp_examples/lib/python3.12/site-packages'
[13.921s] Level 1:colcon.colcon_core.environment:checking '/bumperbot/install/bumperbot_cpp_examples/bin'
[13.921s] INFO:colcon.colcon_core.shell:Creating package script '/bumperbot/install/bumperbot_cpp_examples/share/bumperbot_cpp_examples/package.ps1'
[13.922s] INFO:colcon.colcon_core.shell:Creating package descriptor '/bumperbot/install/bumperbot_cpp_examples/share/bumperbot_cpp_examples/package.dsv'
[13.923s] INFO:colcon.colcon_core.shell:Creating package script '/bumperbot/install/bumperbot_cpp_examples/share/bumperbot_cpp_examples/package.sh'
[13.924s] INFO:colcon.colcon_core.shell:Creating package script '/bumperbot/install/bumperbot_cpp_examples/share/bumperbot_cpp_examples/package.bash'
[13.925s] INFO:colcon.colcon_core.shell:Creating package script '/bumperbot/install/bumperbot_cpp_examples/share/bumperbot_cpp_examples/package.zsh'
[13.927s] Level 1:colcon.colcon_core.environment:create_file_with_runtime_dependencies(/bumperbot/install/bumperbot_cpp_examples/share/colcon-core/packages/bumperbot_cpp_examples)
[13.928s] Level 1:colcon.colcon_core.environment:create_environment_scripts_only(bumperbot_cpp_examples)
[13.928s] Level 1:colcon.colcon_core.environment:checking '/bumperbot/install/bumperbot_cpp_examples' for CMake module files
[13.928s] Level 1:colcon.colcon_core.environment:checking '/bumperbot/install/bumperbot_cpp_examples' for CMake config files
[13.929s] Level 1:colcon.colcon_core.shell:create_environment_hook('bumperbot_cpp_examples', 'cmake_prefix_path')
[13.929s] INFO:colcon.colcon_core.shell:Creating environment hook '/bumperbot/install/bumperbot_cpp_examples/share/bumperbot_cpp_examples/hook/cmake_prefix_path.ps1'
[13.929s] INFO:colcon.colcon_core.shell:Creating environment descriptor '/bumperbot/install/bumperbot_cpp_examples/share/bumperbot_cpp_examples/hook/cmake_prefix_path.dsv'
[13.930s] INFO:colcon.colcon_core.shell:Creating environment hook '/bumperbot/install/bumperbot_cpp_examples/share/bumperbot_cpp_examples/hook/cmake_prefix_path.sh'
[13.930s] Level 1:colcon.colcon_core.environment:checking '/bumperbot/install/bumperbot_cpp_examples/lib'
[13.930s] Level 1:colcon.colcon_core.environment:checking '/bumperbot/install/bumperbot_cpp_examples/bin'
[13.930s] Level 1:colcon.colcon_core.environment:checking '/bumperbot/install/bumperbot_cpp_examples/lib/pkgconfig/bumperbot_cpp_examples.pc'
[13.931s] Level 1:colcon.colcon_core.environment:checking '/bumperbot/install/bumperbot_cpp_examples/lib/python3.12/site-packages'
[13.931s] Level 1:colcon.colcon_core.environment:checking '/bumperbot/install/bumperbot_cpp_examples/bin'
[13.931s] INFO:colcon.colcon_core.shell:Creating package script '/bumperbot/install/bumperbot_cpp_examples/share/bumperbot_cpp_examples/package.ps1'
[13.932s] INFO:colcon.colcon_core.shell:Creating package descriptor '/bumperbot/install/bumperbot_cpp_examples/share/bumperbot_cpp_examples/package.dsv'
[13.933s] INFO:colcon.colcon_core.shell:Creating package script '/bumperbot/install/bumperbot_cpp_examples/share/bumperbot_cpp_examples/package.sh'
[13.933s] INFO:colcon.colcon_core.shell:Creating package script '/bumperbot/install/bumperbot_cpp_examples/share/bumperbot_cpp_examples/package.bash'
[13.934s] INFO:colcon.colcon_core.shell:Creating package script '/bumperbot/install/bumperbot_cpp_examples/share/bumperbot_cpp_examples/package.zsh'
[13.934s] Level 1:colcon.colcon_core.environment:create_file_with_runtime_dependencies(/bumperbot/install/bumperbot_cpp_examples/share/colcon-core/packages/bumperbot_cpp_examples)
[19.589s] DEBUG:colcon.colcon_core.event_handler.log_command:Invoked command in '/bumperbot/build/bumperbot_planning' returned '0': CMAKE_PREFIX_PATH=/opt/ros/jazzy /usr/bin/cmake --build /bumperbot/build/bumperbot_planning -- -j8 -l8
[19.590s] DEBUG:colcon.colcon_core.event_handler.log_command:Invoking command in '/bumperbot/build/bumperbot_planning': CMAKE_PREFIX_PATH=/opt/ros/jazzy /usr/bin/cmake --install /bumperbot/build/bumperbot_planning
[19.633s] Level 1:colcon.colcon_core.environment:create_environment_scripts_only(bumperbot_planning)
[19.633s] Level 1:colcon.colcon_core.environment:checking '/bumperbot/install/bumperbot_planning' for CMake module files
[19.634s] DEBUG:colcon.colcon_core.event_handler.log_command:Invoked command in '/bumperbot/build/bumperbot_planning' returned '0': CMAKE_PREFIX_PATH=/opt/ros/jazzy /usr/bin/cmake --install /bumperbot/build/bumperbot_planning
[19.635s] Level 1:colcon.colcon_core.environment:checking '/bumperbot/install/bumperbot_planning' for CMake config files
[19.636s] Level 1:colcon.colcon_core.shell:create_environment_hook('bumperbot_planning', 'cmake_prefix_path')
[19.636s] INFO:colcon.colcon_core.shell:Creating environment hook '/bumperbot/install/bumperbot_planning/share/bumperbot_planning/hook/cmake_prefix_path.ps1'
[19.636s] INFO:colcon.colcon_core.shell:Creating environment descriptor '/bumperbot/install/bumperbot_planning/share/bumperbot_planning/hook/cmake_prefix_path.dsv'
[19.637s] INFO:colcon.colcon_core.shell:Creating environment hook '/bumperbot/install/bumperbot_planning/share/bumperbot_planning/hook/cmake_prefix_path.sh'
[19.637s] Level 1:colcon.colcon_core.environment:checking '/bumperbot/install/bumperbot_planning/lib'
[19.638s] Level 1:colcon.colcon_core.environment:checking '/bumperbot/install/bumperbot_planning/bin'
[19.638s] Level 1:colcon.colcon_core.environment:checking '/bumperbot/install/bumperbot_planning/lib/pkgconfig/bumperbot_planning.pc'
[19.638s] Level 1:colcon.colcon_core.environment:checking '/bumperbot/install/bumperbot_planning/lib/python3.12/site-packages'
[19.639s] Level 1:colcon.colcon_core.environment:checking '/bumperbot/install/bumperbot_planning/bin'
[19.639s] INFO:colcon.colcon_core.shell:Creating package script '/bumperbot/install/bumperbot_planning/share/bumperbot_planning/package.ps1'
[19.639s] INFO:colcon.colcon_core.shell:Creating package descriptor '/bumperbot/install/bumperbot_planning/share/bumperbot_planning/package.dsv'
[19.640s] INFO:colcon.colcon_core.shell:Creating package script '/bumperbot/install/bumperbot_planning/share/bumperbot_planning/package.sh'
[19.640s] INFO:colcon.colcon_core.shell:Creating package script '/bumperbot/install/bumperbot_planning/share/bumperbot_planning/package.bash'
[19.641s] INFO:colcon.colcon_core.shell:Creating package script '/bumperbot/install/bumperbot_planning/share/bumperbot_planning/package.zsh'
[19.641s] Level 1:colcon.colcon_core.environment:create_file_with_runtime_dependencies(/bumperbot/install/bumperbot_planning/share/colcon-core/packages/bumperbot_planning)
[19.642s] Level 1:colcon.colcon_core.environment:create_environment_scripts_only(bumperbot_planning)
[19.642s] Level 1:colcon.colcon_core.environment:checking '/bumperbot/install/bumperbot_planning' for CMake module files
[19.644s] Level 1:colcon.colcon_core.environment:checking '/bumperbot/install/bumperbot_planning' for CMake config files
[19.644s] Level 1:colcon.colcon_core.shell:create_environment_hook('bumperbot_planning', 'cmake_prefix_path')
[19.644s] INFO:colcon.colcon_core.shell:Creating environment hook '/bumperbot/install/bumperbot_planning/share/bumperbot_planning/hook/cmake_prefix_path.ps1'
[19.645s] INFO:colcon.colcon_core.shell:Creating environment descriptor '/bumperbot/install/bumperbot_planning/share/bumperbot_planning/hook/cmake_prefix_path.dsv'
[19.645s] INFO:colcon.colcon_core.shell:Creating environment hook '/bumperbot/install/bumperbot_planning/share/bumperbot_planning/hook/cmake_prefix_path.sh'
[19.646s] Level 1:colcon.colcon_core.environment:checking '/bumperbot/install/bumperbot_planning/lib'
[19.646s] Level 1:colcon.colcon_core.environment:checking '/bumperbot/install/bumperbot_planning/bin'
[19.646s] Level 1:colcon.colcon_core.environment:checking '/bumperbot/install/bumperbot_planning/lib/pkgconfig/bumperbot_planning.pc'
[19.646s] Level 1:colcon.colcon_core.environment:checking '/bumperbot/install/bumperbot_planning/lib/python3.12/site-packages'
[19.647s] Level 1:colcon.colcon_core.environment:checking '/bumperbot/install/bumperbot_planning/bin'
[19.647s] INFO:colcon.colcon_core.shell:Creating package script '/bumperbot/install/bumperbot_planning/share/bumperbot_planning/package.ps1'
[19.648s] INFO:colcon.colcon_core.shell:Creating package descriptor '/bumperbot/install/bumperbot_planning/share/bumperbot_planning/package.dsv'
[19.648s] INFO:colcon.colcon_core.shell:Creating package script '/bumperbot/install/bumperbot_planning/share/bumperbot_planning/package.sh'
[19.649s] INFO:colcon.colcon_core.shell:Creating package script '/bumperbot/install/bumperbot_planning/share/bumperbot_planning/package.bash'
[19.649s] INFO:colcon.colcon_core.shell:Creating package script '/bumperbot/install/bumperbot_planning/share/bumperbot_planning/package.zsh'
[19.649s] Level 1:colcon.colcon_core.environment:create_file_with_runtime_dependencies(/bumperbot/install/bumperbot_planning/share/colcon-core/packages/bumperbot_planning)
[19.650s] DEBUG:colcon.colcon_parallel_executor.executor.parallel:closing loop
[19.650s] DEBUG:colcon.colcon_parallel_executor.executor.parallel:loop closed
[19.650s] DEBUG:colcon.colcon_parallel_executor.executor.parallel:run_until_complete finished with '0'
[19.650s] DEBUG:colcon.colcon_core.event_reactor:joining thread
[19.665s] INFO:colcon.colcon_core.plugin_system:Skipping extension 'colcon_notification.desktop_notification.terminal_notifier': Not used on non-Darwin systems
[19.666s] INFO:colcon.colcon_core.plugin_system:Skipping extension 'colcon_notification.desktop_notification.win32': Not used on non-Windows systems
[19.666s] INFO:colcon.colcon_notification.desktop_notification:Sending desktop notification using 'notify2'
[19.669s] DEBUG:colcon.colcon_notification.desktop_notification.notify2:Failed to initialize notify2: org.freedesktop.DBus.Error.Spawn.ExecFailed: /usr/bin/dbus-launch terminated abnormally without any error message
[19.669s] DEBUG:colcon.colcon_core.event_reactor:joined thread
[19.670s] INFO:colcon.colcon_core.shell:Creating prefix script '/bumperbot/install/local_setup.ps1'
[19.672s] INFO:colcon.colcon_core.shell:Creating prefix util module '/bumperbot/install/_local_setup_util_ps1.py'
[19.673s] INFO:colcon.colcon_core.shell:Creating prefix chain script '/bumperbot/install/setup.ps1'
[19.674s] INFO:colcon.colcon_core.shell:Creating prefix script '/bumperbot/install/local_setup.sh'
[19.675s] INFO:colcon.colcon_core.shell:Creating prefix util module '/bumperbot/install/_local_setup_util_sh.py'
[19.676s] INFO:colcon.colcon_core.shell:Creating prefix chain script '/bumperbot/install/setup.sh'
[19.677s] INFO:colcon.colcon_core.shell:Creating prefix script '/bumperbot/install/local_setup.bash'
[19.677s] INFO:colcon.colcon_core.shell:Creating prefix chain script '/bumperbot/install/setup.bash'
[19.680s] INFO:colcon.colcon_core.shell:Creating prefix script '/bumperbot/install/local_setup.zsh'
[19.680s] INFO:colcon.colcon_core.shell:Creating prefix chain script '/bumperbot/install/setup.zsh'
