[  0%] Built target ament_cmake_python_copy_bumperbot_planning
[ 25%] [32mBuilding CXX object CMakeFiles/dijkstra_planner.dir/src/dijkstra_planner.cpp.o[0m
[ 75%] Built target a_star_planner
running egg_info
writing bumperbot_planning.egg-info/PKG-INFO
writing dependency_links to bumperbot_planning.egg-info/dependency_links.txt
writing top-level names to bumperbot_planning.egg-info/top_level.txt
reading manifest file 'bumperbot_planning.egg-info/SOURCES.txt'
writing manifest file 'bumperbot_planning.egg-info/SOURCES.txt'
[ 75%] Built target ament_cmake_python_build_bumperbot_planning_egg
[01m[K/bumperbot_ws/src/bumperbot_planning/src/dijkstra_planner.cpp:[m[K In member function ‘[01m[Kvirtual nav_msgs::msg::Path bumperbot_planning::DijkstraPlanner::[01;32m[KcreatePlan[m[K(const geometry_msgs::msg::PoseStamped&, const geometry_msgs::msg::PoseStamped&, std::function<bool()>)[m[K’:
[01m[K/bumperbot_ws/src/bumperbot_planning/src/dijkstra_planner.cpp:63:136:[m[K [01;35m[Kwarning: [m[Kcomparison is always true due to limited range of data type [[01;35m[K]8;;https://gcc.gnu.org/onlinedocs/gcc/Warning-Options.html#index-Wtype-limits-Wtype-limits]8;;[m[K]
   63 |                     poseOnMap(new_node) && costmap_->getCost(new_node.x, new_node.y) < 99 && [01;35m[Kcostmap_->getCost(new_node.x, new_node.y) >= 0[m[K)
      |                                                                                              [01;35m[K~~~~~~~~~~~~~~~~~~~~~~~~~~~~~~~~~~~~~~~~~~^~~~[m[K
[100%] [32m[1mLinking CXX shared library libdijkstra_planner.so[0m
[100%] Built target dijkstra_planner
-- Install configuration: ""
-- Up-to-date: /bumperbot_ws/install/bumperbot_planning/share/bumperbot_planning/environment/pythonpath.sh
-- Up-to-date: /bumperbot_ws/install/bumperbot_planning/share/bumperbot_planning/environment/pythonpath.dsv
-- Up-to-date: /bumperbot_ws/install/bumperbot_planning/lib/python3.12/site-packages/bumperbot_planning-0.0.0-py3.12.egg-info
-- Installing: /bumperbot_ws/install/bumperbot_planning/lib/python3.12/site-packages/bumperbot_planning-0.0.0-py3.12.egg-info/top_level.txt
-- Installing: /bumperbot_ws/install/bumperbot_planning/lib/python3.12/site-packages/bumperbot_planning-0.0.0-py3.12.egg-info/PKG-INFO
-- Installing: /bumperbot_ws/install/bumperbot_planning/lib/python3.12/site-packages/bumperbot_planning-0.0.0-py3.12.egg-info/SOURCES.txt
-- Installing: /bumperbot_ws/install/bumperbot_planning/lib/python3.12/site-packages/bumperbot_planning-0.0.0-py3.12.egg-info/dependency_links.txt
-- Up-to-date: /bumperbot_ws/install/bumperbot_planning/lib/python3.12/site-packages/bumperbot_planning
-- Up-to-date: /bumperbot_ws/install/bumperbot_planning/lib/python3.12/site-packages/bumperbot_planning/a_star_planner.py
-- Up-to-date: /bumperbot_ws/install/bumperbot_planning/lib/python3.12/site-packages/bumperbot_planning/__init__.py
-- Up-to-date: /bumperbot_ws/install/bumperbot_planning/lib/python3.12/site-packages/bumperbot_planning/dijkstra_planner.py
Listing '/bumperbot_ws/install/bumperbot_planning/lib/python3.12/site-packages/bumperbot_planning'...
-- Up-to-date: /bumperbot_ws/install/bumperbot_planning/share/bumperbot_planning/global_planner_plugins.xml
-- Up-to-date: /bumperbot_ws/install/bumperbot_planning/include
-- Up-to-date: /bumperbot_ws/install/bumperbot_planning/include/bumperbot_planning
-- Up-to-date: /bumperbot_ws/install/bumperbot_planning/include/bumperbot_planning/dijkstra_planner.hpp
-- Up-to-date: /bumperbot_ws/install/bumperbot_planning/include/bumperbot_planning/a_star_planner.hpp
-- Installing: /bumperbot_ws/install/bumperbot_planning/lib/bumperbot_planning/libdijkstra_planner.so
-- Set non-toolchain portion of runtime path of "/bumperbot_ws/install/bumperbot_planning/lib/bumperbot_planning/libdijkstra_planner.so" to ""
-- Up-to-date: /bumperbot_ws/install/bumperbot_planning/lib/bumperbot_planning/a_star_planner
-- Installing: /bumperbot_ws/install/bumperbot_planning/lib/libdijkstra_planner.so
-- Set non-toolchain portion of runtime path of "/bumperbot_ws/install/bumperbot_planning/lib/libdijkstra_planner.so" to ""
-- Up-to-date: /bumperbot_ws/install/bumperbot_planning/share/bumperbot_planning/global_planner_plugins.xml
-- Up-to-date: /bumperbot_ws/install/bumperbot_planning/lib/bumperbot_planning/a_star_planner.py
-- Up-to-date: /bumperbot_ws/install/bumperbot_planning/lib/bumperbot_planning/dijkstra_planner.py
-- Up-to-date: /bumperbot_ws/install/bumperbot_planning/share/ament_index/resource_index/package_run_dependencies/bumperbot_planning
-- Up-to-date: /bumperbot_ws/install/bumperbot_planning/share/ament_index/resource_index/parent_prefix_path/bumperbot_planning
-- Up-to-date: /bumperbot_ws/install/bumperbot_planning/share/bumperbot_planning/environment/ament_prefix_path.sh
-- Up-to-date: /bumperbot_ws/install/bumperbot_planning/share/bumperbot_planning/environment/ament_prefix_path.dsv
-- Up-to-date: /bumperbot_ws/install/bumperbot_planning/share/bumperbot_planning/environment/path.sh
-- Up-to-date: /bumperbot_ws/install/bumperbot_planning/share/bumperbot_planning/environment/path.dsv
-- Up-to-date: /bumperbot_ws/install/bumperbot_planning/share/bumperbot_planning/local_setup.bash
-- Up-to-date: /bumperbot_ws/install/bumperbot_planning/share/bumperbot_planning/local_setup.sh
-- Up-to-date: /bumperbot_ws/install/bumperbot_planning/share/bumperbot_planning/local_setup.zsh
-- Up-to-date: /bumperbot_ws/install/bumperbot_planning/share/bumperbot_planning/local_setup.dsv
-- Installing: /bumperbot_ws/install/bumperbot_planning/share/bumperbot_planning/package.dsv
-- Up-to-date: /bumperbot_ws/install/bumperbot_planning/share/ament_index/resource_index/packages/bumperbot_planning
-- Up-to-date: /bumperbot_ws/install/bumperbot_planning/share/ament_index/resource_index/nav2_core__pluginlib__plugin/bumperbot_planning
-- Up-to-date: /bumperbot_ws/install/bumperbot_planning/share/bumperbot_planning/cmake/ament_cmake_export_include_directories-extras.cmake
-- Up-to-date: /bumperbot_ws/install/bumperbot_planning/share/bumperbot_planning/cmake/ament_cmake_export_dependencies-extras.cmake
-- Up-to-date: /bumperbot_ws/install/bumperbot_planning/share/bumperbot_planning/cmake/bumperbot_planningConfig.cmake
-- Up-to-date: /bumperbot_ws/install/bumperbot_planning/share/bumperbot_planning/cmake/bumperbot_planningConfig-version.cmake
-- Up-to-date: /bumperbot_ws/install/bumperbot_planning/share/bumperbot_planning/package.xml
