[0.229s] DEBUG:colcon:Command line arguments: ['/usr/bin/colcon', 'build']
[0.229s] DEBUG:colcon:Parsed command line arguments: Namespace(log_base=None, log_level=None, verb_name='build', build_base='build', install_base='install', merge_install=False, symlink_install=False, test_result_base=None, continue_on_error=False, executor='parallel', parallel_workers=8, event_handlers=None, ignore_user_meta=False, metas=['./colcon.meta'], base_paths=['.'], packages_ignore=None, packages_ignore_regex=None, paths=None, packages_up_to=None, packages_up_to_regex=None, packages_above=None, packages_above_and_dependencies=None, packages_above_depth=None, packages_select_by_dep=None, packages_skip_by_dep=None, packages_skip_up_to=None, packages_select_build_failed=False, packages_skip_build_finished=False, packages_select_test_failures=False, packages_skip_test_passed=False, packages_select=None, packages_skip=None, packages_select_regex=None, packages_skip_regex=None, packages_start=None, packages_end=None, cmake_args=None, cmake_target=None, cmake_target_skip_unavailable=False, cmake_clean_cache=False, cmake_clean_first=False, cmake_force_configure=False, ament_cmake_args=None, catkin_cmake_args=None, catkin_skip_building_tests=False, mixin_files=None, mixin=None, verb_parser=<colcon_mixin.mixin.mixin_argument.MixinArgumentDecorator object at 0x7f20c9dff470>, verb_extension=<colcon_core.verb.build.BuildVerb object at 0x7f20c9dff1a0>, main=<bound method BuildVerb.main of <colcon_core.verb.build.BuildVerb object at 0x7f20c9dff1a0>>, mixin_verb=('build',))
[0.295s] Level 1:colcon.colcon_core.package_discovery:discover_packages(colcon_meta) check parameters
[0.295s] Level 1:colcon.colcon_core.package_discovery:discover_packages(recursive) check parameters
[0.295s] Level 1:colcon.colcon_core.package_discovery:discover_packages(ignore) check parameters
[0.295s] Level 1:colcon.colcon_core.package_discovery:discover_packages(path) check parameters
[0.295s] Level 1:colcon.colcon_core.package_discovery:discover_packages(colcon_meta) discover
[0.296s] Level 1:colcon.colcon_core.package_discovery:discover_packages(recursive) discover
[0.296s] INFO:colcon.colcon_core.package_discovery:Crawling recursively for packages in '/bumperbot'
[0.296s] Level 1:colcon.colcon_core.package_identification:_identify(.) by extensions ['ignore', 'ignore_ament_install']
[0.296s] Level 1:colcon.colcon_core.package_identification:_identify(.) by extension 'ignore'
[0.296s] Level 1:colcon.colcon_core.package_identification:_identify(.) by extension 'ignore_ament_install'
[0.296s] Level 1:colcon.colcon_core.package_identification:_identify(.) by extensions ['colcon_pkg']
[0.296s] Level 1:colcon.colcon_core.package_identification:_identify(.) by extension 'colcon_pkg'
[0.296s] Level 1:colcon.colcon_core.package_identification:_identify(.) by extensions ['colcon_meta']
[0.296s] Level 1:colcon.colcon_core.package_identification:_identify(.) by extension 'colcon_meta'
[0.296s] Level 1:colcon.colcon_core.package_identification:_identify(.) by extensions ['ros']
[0.296s] Level 1:colcon.colcon_core.package_identification:_identify(.) by extension 'ros'
[0.338s] Level 1:colcon.colcon_core.package_identification:_identify(.) by extensions ['cmake', 'python']
[0.338s] Level 1:colcon.colcon_core.package_identification:_identify(.) by extension 'cmake'
[0.338s] Level 1:colcon.colcon_core.package_identification:_identify(.) by extension 'python'
[0.338s] Level 1:colcon.colcon_core.package_identification:_identify(.) by extensions ['python_setup_py']
[0.338s] Level 1:colcon.colcon_core.package_identification:_identify(.) by extension 'python_setup_py'
[0.338s] Level 1:colcon.colcon_core.package_identification:_identify(build) by extensions ['ignore', 'ignore_ament_install']
[0.339s] Level 1:colcon.colcon_core.package_identification:_identify(build) by extension 'ignore'
[0.339s] Level 1:colcon.colcon_core.package_identification:_identify(build) ignored
[0.339s] Level 1:colcon.colcon_core.package_identification:_identify(install) by extensions ['ignore', 'ignore_ament_install']
[0.339s] Level 1:colcon.colcon_core.package_identification:_identify(install) by extension 'ignore'
[0.339s] Level 1:colcon.colcon_core.package_identification:_identify(install) ignored
[0.339s] Level 1:colcon.colcon_core.package_identification:_identify(log) by extensions ['ignore', 'ignore_ament_install']
[0.339s] Level 1:colcon.colcon_core.package_identification:_identify(log) by extension 'ignore'
[0.339s] Level 1:colcon.colcon_core.package_identification:_identify(log) ignored
[0.339s] Level 1:colcon.colcon_core.package_identification:_identify(src) by extensions ['ignore', 'ignore_ament_install']
[0.339s] Level 1:colcon.colcon_core.package_identification:_identify(src) by extension 'ignore'
[0.340s] Level 1:colcon.colcon_core.package_identification:_identify(src) by extension 'ignore_ament_install'
[0.340s] Level 1:colcon.colcon_core.package_identification:_identify(src) by extensions ['colcon_pkg']
[0.340s] Level 1:colcon.colcon_core.package_identification:_identify(src) by extension 'colcon_pkg'
[0.340s] Level 1:colcon.colcon_core.package_identification:_identify(src) by extensions ['colcon_meta']
[0.340s] Level 1:colcon.colcon_core.package_identification:_identify(src) by extension 'colcon_meta'
[0.340s] Level 1:colcon.colcon_core.package_identification:_identify(src) by extensions ['ros']
[0.340s] Level 1:colcon.colcon_core.package_identification:_identify(src) by extension 'ros'
[0.340s] Level 1:colcon.colcon_core.package_identification:_identify(src) by extensions ['cmake', 'python']
[0.340s] Level 1:colcon.colcon_core.package_identification:_identify(src) by extension 'cmake'
[0.340s] Level 1:colcon.colcon_core.package_identification:_identify(src) by extension 'python'
[0.340s] Level 1:colcon.colcon_core.package_identification:_identify(src) by extensions ['python_setup_py']
[0.340s] Level 1:colcon.colcon_core.package_identification:_identify(src) by extension 'python_setup_py'
[0.340s] Level 1:colcon.colcon_core.package_identification:_identify(src/bumperbot_bringup) by extensions ['ignore', 'ignore_ament_install']
[0.340s] Level 1:colcon.colcon_core.package_identification:_identify(src/bumperbot_bringup) by extension 'ignore'
[0.340s] Level 1:colcon.colcon_core.package_identification:_identify(src/bumperbot_bringup) by extension 'ignore_ament_install'
[0.340s] Level 1:colcon.colcon_core.package_identification:_identify(src/bumperbot_bringup) by extensions ['colcon_pkg']
[0.340s] Level 1:colcon.colcon_core.package_identification:_identify(src/bumperbot_bringup) by extension 'colcon_pkg'
[0.340s] Level 1:colcon.colcon_core.package_identification:_identify(src/bumperbot_bringup) by extensions ['colcon_meta']
[0.341s] Level 1:colcon.colcon_core.package_identification:_identify(src/bumperbot_bringup) by extension 'colcon_meta'
[0.341s] Level 1:colcon.colcon_core.package_identification:_identify(src/bumperbot_bringup) by extensions ['ros']
[0.341s] Level 1:colcon.colcon_core.package_identification:_identify(src/bumperbot_bringup) by extension 'ros'
[0.345s] DEBUG:colcon.colcon_core.package_identification:Package 'src/bumperbot_bringup' with type 'ros.ament_cmake' and name 'bumperbot_bringup'
[0.345s] Level 1:colcon.colcon_core.package_identification:_identify(src/bumperbot_cpp_examples) by extensions ['ignore', 'ignore_ament_install']
[0.345s] Level 1:colcon.colcon_core.package_identification:_identify(src/bumperbot_cpp_examples) by extension 'ignore'
[0.345s] Level 1:colcon.colcon_core.package_identification:_identify(src/bumperbot_cpp_examples) by extension 'ignore_ament_install'
[0.345s] Level 1:colcon.colcon_core.package_identification:_identify(src/bumperbot_cpp_examples) by extensions ['colcon_pkg']
[0.345s] Level 1:colcon.colcon_core.package_identification:_identify(src/bumperbot_cpp_examples) by extension 'colcon_pkg'
[0.345s] Level 1:colcon.colcon_core.package_identification:_identify(src/bumperbot_cpp_examples) by extensions ['colcon_meta']
[0.345s] Level 1:colcon.colcon_core.package_identification:_identify(src/bumperbot_cpp_examples) by extension 'colcon_meta'
[0.345s] Level 1:colcon.colcon_core.package_identification:_identify(src/bumperbot_cpp_examples) by extensions ['ros']
[0.345s] Level 1:colcon.colcon_core.package_identification:_identify(src/bumperbot_cpp_examples) by extension 'ros'
[0.346s] DEBUG:colcon.colcon_core.package_identification:Package 'src/bumperbot_cpp_examples' with type 'ros.ament_cmake' and name 'bumperbot_cpp_examples'
[0.346s] Level 1:colcon.colcon_core.package_identification:_identify(src/bumperbot_planning) by extensions ['ignore', 'ignore_ament_install']
[0.346s] Level 1:colcon.colcon_core.package_identification:_identify(src/bumperbot_planning) by extension 'ignore'
[0.346s] Level 1:colcon.colcon_core.package_identification:_identify(src/bumperbot_planning) by extension 'ignore_ament_install'
[0.346s] Level 1:colcon.colcon_core.package_identification:_identify(src/bumperbot_planning) by extensions ['colcon_pkg']
[0.346s] Level 1:colcon.colcon_core.package_identification:_identify(src/bumperbot_planning) by extension 'colcon_pkg'
[0.346s] Level 1:colcon.colcon_core.package_identification:_identify(src/bumperbot_planning) by extensions ['colcon_meta']
[0.346s] Level 1:colcon.colcon_core.package_identification:_identify(src/bumperbot_planning) by extension 'colcon_meta'
[0.346s] Level 1:colcon.colcon_core.package_identification:_identify(src/bumperbot_planning) by extensions ['ros']
[0.347s] Level 1:colcon.colcon_core.package_identification:_identify(src/bumperbot_planning) by extension 'ros'
[0.347s] DEBUG:colcon.colcon_core.package_identification:Package 'src/bumperbot_planning' with type 'ros.ament_cmake' and name 'bumperbot_planning'
[0.347s] Level 1:colcon.colcon_core.package_discovery:discover_packages(recursive) using defaults
[0.347s] Level 1:colcon.colcon_core.package_discovery:discover_packages(ignore) discover
[0.347s] Level 1:colcon.colcon_core.package_discovery:discover_packages(ignore) using defaults
[0.347s] Level 1:colcon.colcon_core.package_discovery:discover_packages(path) discover
[0.348s] Level 1:colcon.colcon_core.package_discovery:discover_packages(path) using defaults
[0.377s] Level 5:colcon.colcon_core.verb:set package 'bumperbot_bringup' build argument 'cmake_args' from command line to 'None'
[0.377s] Level 5:colcon.colcon_core.verb:set package 'bumperbot_bringup' build argument 'cmake_target' from command line to 'None'
[0.377s] Level 5:colcon.colcon_core.verb:set package 'bumperbot_bringup' build argument 'cmake_target_skip_unavailable' from command line to 'False'
[0.377s] Level 5:colcon.colcon_core.verb:set package 'bumperbot_bringup' build argument 'cmake_clean_cache' from command line to 'False'
[0.377s] Level 5:colcon.colcon_core.verb:set package 'bumperbot_bringup' build argument 'cmake_clean_first' from command line to 'False'
[0.377s] Level 5:colcon.colcon_core.verb:set package 'bumperbot_bringup' build argument 'cmake_force_configure' from command line to 'False'
[0.377s] Level 5:colcon.colcon_core.verb:set package 'bumperbot_bringup' build argument 'ament_cmake_args' from command line to 'None'
[0.377s] Level 5:colcon.colcon_core.verb:set package 'bumperbot_bringup' build argument 'catkin_cmake_args' from command line to 'None'
[0.377s] Level 5:colcon.colcon_core.verb:set package 'bumperbot_bringup' build argument 'catkin_skip_building_tests' from command line to 'False'
[0.377s] DEBUG:colcon.colcon_core.verb:Building package 'bumperbot_bringup' with the following arguments: {'ament_cmake_args': None, 'build_base': '/bumperbot/build/bumperbot_bringup', 'catkin_cmake_args': None, 'catkin_skip_building_tests': False, 'cmake_args': None, 'cmake_clean_cache': False, 'cmake_clean_first': False, 'cmake_force_configure': False, 'cmake_target': None, 'cmake_target_skip_unavailable': False, 'install_base': '/bumperbot/install/bumperbot_bringup', 'merge_install': False, 'path': '/bumperbot/src/bumperbot_bringup', 'symlink_install': False, 'test_result_base': None}
[0.378s] Level 5:colcon.colcon_core.verb:set package 'bumperbot_cpp_examples' build argument 'cmake_args' from command line to 'None'
[0.378s] Level 5:colcon.colcon_core.verb:set package 'bumperbot_cpp_examples' build argument 'cmake_target' from command line to 'None'
[0.378s] Level 5:colcon.colcon_core.verb:set package 'bumperbot_cpp_examples' build argument 'cmake_target_skip_unavailable' from command line to 'False'
[0.378s] Level 5:colcon.colcon_core.verb:set package 'bumperbot_cpp_examples' build argument 'cmake_clean_cache' from command line to 'False'
[0.378s] Level 5:colcon.colcon_core.verb:set package 'bumperbot_cpp_examples' build argument 'cmake_clean_first' from command line to 'False'
[0.378s] Level 5:colcon.colcon_core.verb:set package 'bumperbot_cpp_examples' build argument 'cmake_force_configure' from command line to 'False'
[0.378s] Level 5:colcon.colcon_core.verb:set package 'bumperbot_cpp_examples' build argument 'ament_cmake_args' from command line to 'None'
[0.378s] Level 5:colcon.colcon_core.verb:set package 'bumperbot_cpp_examples' build argument 'catkin_cmake_args' from command line to 'None'
[0.378s] Level 5:colcon.colcon_core.verb:set package 'bumperbot_cpp_examples' build argument 'catkin_skip_building_tests' from command line to 'False'
[0.378s] DEBUG:colcon.colcon_core.verb:Building package 'bumperbot_cpp_examples' with the following arguments: {'ament_cmake_args': None, 'build_base': '/bumperbot/build/bumperbot_cpp_examples', 'catkin_cmake_args': None, 'catkin_skip_building_tests': False, 'cmake_args': None, 'cmake_clean_cache': False, 'cmake_clean_first': False, 'cmake_force_configure': False, 'cmake_target': None, 'cmake_target_skip_unavailable': False, 'install_base': '/bumperbot/install/bumperbot_cpp_examples', 'merge_install': False, 'path': '/bumperbot/src/bumperbot_cpp_examples', 'symlink_install': False, 'test_result_base': None}
[0.378s] Level 5:colcon.colcon_core.verb:set package 'bumperbot_planning' build argument 'cmake_args' from command line to 'None'
[0.378s] Level 5:colcon.colcon_core.verb:set package 'bumperbot_planning' build argument 'cmake_target' from command line to 'None'
[0.378s] Level 5:colcon.colcon_core.verb:set package 'bumperbot_planning' build argument 'cmake_target_skip_unavailable' from command line to 'False'
[0.378s] Level 5:colcon.colcon_core.verb:set package 'bumperbot_planning' build argument 'cmake_clean_cache' from command line to 'False'
[0.378s] Level 5:colcon.colcon_core.verb:set package 'bumperbot_planning' build argument 'cmake_clean_first' from command line to 'False'
[0.378s] Level 5:colcon.colcon_core.verb:set package 'bumperbot_planning' build argument 'cmake_force_configure' from command line to 'False'
[0.378s] Level 5:colcon.colcon_core.verb:set package 'bumperbot_planning' build argument 'ament_cmake_args' from command line to 'None'
[0.378s] Level 5:colcon.colcon_core.verb:set package 'bumperbot_planning' build argument 'catkin_cmake_args' from command line to 'None'
[0.378s] Level 5:colcon.colcon_core.verb:set package 'bumperbot_planning' build argument 'catkin_skip_building_tests' from command line to 'False'
[0.378s] DEBUG:colcon.colcon_core.verb:Building package 'bumperbot_planning' with the following arguments: {'ament_cmake_args': None, 'build_base': '/bumperbot/build/bumperbot_planning', 'catkin_cmake_args': None, 'catkin_skip_building_tests': False, 'cmake_args': None, 'cmake_clean_cache': False, 'cmake_clean_first': False, 'cmake_force_configure': False, 'cmake_target': None, 'cmake_target_skip_unavailable': False, 'install_base': '/bumperbot/install/bumperbot_planning', 'merge_install': False, 'path': '/bumperbot/src/bumperbot_planning', 'symlink_install': False, 'test_result_base': None}
[0.379s] INFO:colcon.colcon_core.executor:Executing jobs using 'parallel' executor
[0.379s] DEBUG:colcon.colcon_parallel_executor.executor.parallel:run_until_complete
[0.380s] INFO:colcon.colcon_ros.task.ament_cmake.build:Building ROS package in '/bumperbot/src/bumperbot_bringup' with build type 'ament_cmake'
[0.380s] INFO:colcon.colcon_cmake.task.cmake.build:Building CMake package in '/bumperbot/src/bumperbot_bringup'
[0.384s] INFO:colcon.colcon_core.plugin_system:Skipping extension 'colcon_core.shell.bat': Not used on non-Windows systems
[0.385s] INFO:colcon.colcon_core.shell:Skip shell extension 'powershell' for command environment: Not usable outside of PowerShell
[0.385s] DEBUG:colcon.colcon_core.shell:Skip shell extension 'dsv' for command environment
[0.391s] INFO:colcon.colcon_ros.task.ament_cmake.build:Building ROS package in '/bumperbot/src/bumperbot_cpp_examples' with build type 'ament_cmake'
[0.391s] INFO:colcon.colcon_cmake.task.cmake.build:Building CMake package in '/bumperbot/src/bumperbot_cpp_examples'
[0.391s] INFO:colcon.colcon_core.shell:Skip shell extension 'powershell' for command environment: Not usable outside of PowerShell
[0.391s] DEBUG:colcon.colcon_core.shell:Skip shell extension 'dsv' for command environment
[0.394s] INFO:colcon.colcon_ros.task.ament_cmake.build:Building ROS package in '/bumperbot/src/bumperbot_planning' with build type 'ament_cmake'
[0.394s] INFO:colcon.colcon_cmake.task.cmake.build:Building CMake package in '/bumperbot/src/bumperbot_planning'
[0.394s] INFO:colcon.colcon_core.shell:Skip shell extension 'powershell' for command environment: Not usable outside of PowerShell
[0.395s] DEBUG:colcon.colcon_core.shell:Skip shell extension 'dsv' for command environment
[0.400s] DEBUG:colcon.colcon_core.event_handler.log_command:Invoking command in '/bumperbot/build/bumperbot_bringup': CMAKE_PREFIX_PATH=/opt/ros/jazzy /usr/bin/cmake /bumperbot/src/bumperbot_bringup -DCMAKE_INSTALL_PREFIX=/bumperbot/install/bumperbot_bringup
[0.405s] DEBUG:colcon.colcon_core.event_handler.log_command:Invoking command in '/bumperbot/build/bumperbot_cpp_examples': CMAKE_PREFIX_PATH=/opt/ros/jazzy /usr/bin/cmake --build /bumperbot/build/bumperbot_cpp_examples -- -j8 -l8
[0.409s] DEBUG:colcon.colcon_core.event_handler.log_command:Invoking command in '/bumperbot/build/bumperbot_planning': CMAKE_PREFIX_PATH=/opt/ros/jazzy /usr/bin/cmake --build /bumperbot/build/bumperbot_planning -- -j8 -l8
[0.531s] DEBUG:colcon.colcon_core.event_handler.log_command:Invoked command in '/bumperbot/build/bumperbot_planning' returned '0': CMAKE_PREFIX_PATH=/opt/ros/jazzy /usr/bin/cmake --build /bumperbot/build/bumperbot_planning -- -j8 -l8
[0.544s] DEBUG:colcon.colcon_core.event_handler.log_command:Invoking command in '/bumperbot/build/bumperbot_planning': CMAKE_PREFIX_PATH=/opt/ros/jazzy /usr/bin/cmake --install /bumperbot/build/bumperbot_planning
[0.545s] DEBUG:colcon.colcon_core.event_handler.log_command:Invoked command in '/bumperbot/build/bumperbot_cpp_examples' returned '0': CMAKE_PREFIX_PATH=/opt/ros/jazzy /usr/bin/cmake --build /bumperbot/build/bumperbot_cpp_examples -- -j8 -l8
[0.548s] DEBUG:colcon.colcon_core.event_handler.log_command:Invoking command in '/bumperbot/build/bumperbot_cpp_examples': CMAKE_PREFIX_PATH=/opt/ros/jazzy /usr/bin/cmake --install /bumperbot/build/bumperbot_cpp_examples
[0.559s] Level 1:colcon.colcon_core.environment:create_environment_scripts_only(bumperbot_planning)
[0.559s] DEBUG:colcon.colcon_core.event_handler.log_command:Invoked command in '/bumperbot/build/bumperbot_planning' returned '0': CMAKE_PREFIX_PATH=/opt/ros/jazzy /usr/bin/cmake --install /bumperbot/build/bumperbot_planning
[0.564s] Level 1:colcon.colcon_core.environment:checking '/bumperbot/install/bumperbot_planning' for CMake module files
[0.565s] Level 1:colcon.colcon_core.environment:checking '/bumperbot/install/bumperbot_planning' for CMake config files
[0.567s] Level 1:colcon.colcon_core.shell:create_environment_hook('bumperbot_planning', 'cmake_prefix_path')
[0.567s] INFO:colcon.colcon_core.shell:Creating environment hook '/bumperbot/install/bumperbot_planning/share/bumperbot_planning/hook/cmake_prefix_path.ps1'
[0.569s] INFO:colcon.colcon_core.shell:Creating environment descriptor '/bumperbot/install/bumperbot_planning/share/bumperbot_planning/hook/cmake_prefix_path.dsv'
[0.570s] INFO:colcon.colcon_core.shell:Creating environment hook '/bumperbot/install/bumperbot_planning/share/bumperbot_planning/hook/cmake_prefix_path.sh'
[0.572s] Level 1:colcon.colcon_core.environment:checking '/bumperbot/install/bumperbot_planning/lib'
[0.573s] Level 1:colcon.colcon_core.environment:checking '/bumperbot/install/bumperbot_planning/bin'
[0.573s] Level 1:colcon.colcon_core.environment:checking '/bumperbot/install/bumperbot_planning/lib/pkgconfig/bumperbot_planning.pc'
[0.576s] Level 1:colcon.colcon_core.environment:checking '/bumperbot/install/bumperbot_planning/lib/python3.12/site-packages'
[0.577s] Level 1:colcon.colcon_core.environment:checking '/bumperbot/install/bumperbot_planning/bin'
[0.577s] INFO:colcon.colcon_core.shell:Creating package script '/bumperbot/install/bumperbot_planning/share/bumperbot_planning/package.ps1'
[0.579s] INFO:colcon.colcon_core.shell:Creating package descriptor '/bumperbot/install/bumperbot_planning/share/bumperbot_planning/package.dsv'
[0.580s] INFO:colcon.colcon_core.shell:Creating package script '/bumperbot/install/bumperbot_planning/share/bumperbot_planning/package.sh'
[0.581s] INFO:colcon.colcon_core.shell:Creating package script '/bumperbot/install/bumperbot_planning/share/bumperbot_planning/package.bash'
[0.582s] INFO:colcon.colcon_core.shell:Creating package script '/bumperbot/install/bumperbot_planning/share/bumperbot_planning/package.zsh'
[0.583s] Level 1:colcon.colcon_core.environment:create_file_with_runtime_dependencies(/bumperbot/install/bumperbot_planning/share/colcon-core/packages/bumperbot_planning)
[0.584s] Level 1:colcon.colcon_core.environment:create_environment_scripts_only(bumperbot_planning)
[0.584s] Level 1:colcon.colcon_core.environment:checking '/bumperbot/install/bumperbot_planning' for CMake module files
[0.586s] Level 1:colcon.colcon_core.environment:checking '/bumperbot/install/bumperbot_planning' for CMake config files
[0.586s] Level 1:colcon.colcon_core.shell:create_environment_hook('bumperbot_planning', 'cmake_prefix_path')
[0.586s] INFO:colcon.colcon_core.shell:Creating environment hook '/bumperbot/install/bumperbot_planning/share/bumperbot_planning/hook/cmake_prefix_path.ps1'
[0.587s] INFO:colcon.colcon_core.shell:Creating environment descriptor '/bumperbot/install/bumperbot_planning/share/bumperbot_planning/hook/cmake_prefix_path.dsv'
[0.587s] INFO:colcon.colcon_core.shell:Creating environment hook '/bumperbot/install/bumperbot_planning/share/bumperbot_planning/hook/cmake_prefix_path.sh'
[0.588s] Level 1:colcon.colcon_core.environment:checking '/bumperbot/install/bumperbot_planning/lib'
[0.588s] Level 1:colcon.colcon_core.environment:checking '/bumperbot/install/bumperbot_planning/bin'
[0.588s] Level 1:colcon.colcon_core.environment:checking '/bumperbot/install/bumperbot_planning/lib/pkgconfig/bumperbot_planning.pc'
[0.588s] Level 1:colcon.colcon_core.environment:checking '/bumperbot/install/bumperbot_planning/lib/python3.12/site-packages'
[0.588s] Level 1:colcon.colcon_core.environment:checking '/bumperbot/install/bumperbot_planning/bin'
[0.589s] INFO:colcon.colcon_core.shell:Creating package script '/bumperbot/install/bumperbot_planning/share/bumperbot_planning/package.ps1'
[0.589s] INFO:colcon.colcon_core.shell:Creating package descriptor '/bumperbot/install/bumperbot_planning/share/bumperbot_planning/package.dsv'
[0.590s] INFO:colcon.colcon_core.shell:Creating package script '/bumperbot/install/bumperbot_planning/share/bumperbot_planning/package.sh'
[0.590s] INFO:colcon.colcon_core.shell:Creating package script '/bumperbot/install/bumperbot_planning/share/bumperbot_planning/package.bash'
[0.590s] INFO:colcon.colcon_core.shell:Creating package script '/bumperbot/install/bumperbot_planning/share/bumperbot_planning/package.zsh'
[0.591s] Level 1:colcon.colcon_core.environment:create_file_with_runtime_dependencies(/bumperbot/install/bumperbot_planning/share/colcon-core/packages/bumperbot_planning)
[0.592s] Level 1:colcon.colcon_core.environment:create_environment_scripts_only(bumperbot_cpp_examples)
[0.592s] Level 1:colcon.colcon_core.environment:checking '/bumperbot/install/bumperbot_cpp_examples' for CMake module files
[0.593s] DEBUG:colcon.colcon_core.event_handler.log_command:Invoked command in '/bumperbot/build/bumperbot_cpp_examples' returned '0': CMAKE_PREFIX_PATH=/opt/ros/jazzy /usr/bin/cmake --install /bumperbot/build/bumperbot_cpp_examples
[0.593s] Level 1:colcon.colcon_core.environment:checking '/bumperbot/install/bumperbot_cpp_examples' for CMake config files
[0.594s] Level 1:colcon.colcon_core.shell:create_environment_hook('bumperbot_cpp_examples', 'cmake_prefix_path')
[0.594s] INFO:colcon.colcon_core.shell:Creating environment hook '/bumperbot/install/bumperbot_cpp_examples/share/bumperbot_cpp_examples/hook/cmake_prefix_path.ps1'
[0.595s] INFO:colcon.colcon_core.shell:Creating environment descriptor '/bumperbot/install/bumperbot_cpp_examples/share/bumperbot_cpp_examples/hook/cmake_prefix_path.dsv'
[0.595s] INFO:colcon.colcon_core.shell:Creating environment hook '/bumperbot/install/bumperbot_cpp_examples/share/bumperbot_cpp_examples/hook/cmake_prefix_path.sh'
[0.595s] Level 1:colcon.colcon_core.environment:checking '/bumperbot/install/bumperbot_cpp_examples/lib'
[0.596s] Level 1:colcon.colcon_core.environment:checking '/bumperbot/install/bumperbot_cpp_examples/bin'
[0.596s] Level 1:colcon.colcon_core.environment:checking '/bumperbot/install/bumperbot_cpp_examples/lib/pkgconfig/bumperbot_cpp_examples.pc'
[0.596s] Level 1:colcon.colcon_core.environment:checking '/bumperbot/install/bumperbot_cpp_examples/lib/python3.12/site-packages'
[0.596s] Level 1:colcon.colcon_core.environment:checking '/bumperbot/install/bumperbot_cpp_examples/bin'
[0.596s] INFO:colcon.colcon_core.shell:Creating package script '/bumperbot/install/bumperbot_cpp_examples/share/bumperbot_cpp_examples/package.ps1'
[0.597s] INFO:colcon.colcon_core.shell:Creating package descriptor '/bumperbot/install/bumperbot_cpp_examples/share/bumperbot_cpp_examples/package.dsv'
[0.597s] INFO:colcon.colcon_core.shell:Creating package script '/bumperbot/install/bumperbot_cpp_examples/share/bumperbot_cpp_examples/package.sh'
[0.598s] INFO:colcon.colcon_core.shell:Creating package script '/bumperbot/install/bumperbot_cpp_examples/share/bumperbot_cpp_examples/package.bash'
[0.598s] INFO:colcon.colcon_core.shell:Creating package script '/bumperbot/install/bumperbot_cpp_examples/share/bumperbot_cpp_examples/package.zsh'
[0.598s] Level 1:colcon.colcon_core.environment:create_file_with_runtime_dependencies(/bumperbot/install/bumperbot_cpp_examples/share/colcon-core/packages/bumperbot_cpp_examples)
[0.599s] Level 1:colcon.colcon_core.environment:create_environment_scripts_only(bumperbot_cpp_examples)
[0.599s] Level 1:colcon.colcon_core.environment:checking '/bumperbot/install/bumperbot_cpp_examples' for CMake module files
[0.600s] Level 1:colcon.colcon_core.environment:checking '/bumperbot/install/bumperbot_cpp_examples' for CMake config files
[0.601s] Level 1:colcon.colcon_core.shell:create_environment_hook('bumperbot_cpp_examples', 'cmake_prefix_path')
[0.601s] INFO:colcon.colcon_core.shell:Creating environment hook '/bumperbot/install/bumperbot_cpp_examples/share/bumperbot_cpp_examples/hook/cmake_prefix_path.ps1'
[0.602s] INFO:colcon.colcon_core.shell:Creating environment descriptor '/bumperbot/install/bumperbot_cpp_examples/share/bumperbot_cpp_examples/hook/cmake_prefix_path.dsv'
[0.602s] INFO:colcon.colcon_core.shell:Creating environment hook '/bumperbot/install/bumperbot_cpp_examples/share/bumperbot_cpp_examples/hook/cmake_prefix_path.sh'
[0.603s] Level 1:colcon.colcon_core.environment:checking '/bumperbot/install/bumperbot_cpp_examples/lib'
[0.603s] Level 1:colcon.colcon_core.environment:checking '/bumperbot/install/bumperbot_cpp_examples/bin'
[0.603s] Level 1:colcon.colcon_core.environment:checking '/bumperbot/install/bumperbot_cpp_examples/lib/pkgconfig/bumperbot_cpp_examples.pc'
[0.604s] Level 1:colcon.colcon_core.environment:checking '/bumperbot/install/bumperbot_cpp_examples/lib/python3.12/site-packages'
[0.604s] Level 1:colcon.colcon_core.environment:checking '/bumperbot/install/bumperbot_cpp_examples/bin'
[0.604s] INFO:colcon.colcon_core.shell:Creating package script '/bumperbot/install/bumperbot_cpp_examples/share/bumperbot_cpp_examples/package.ps1'
[0.604s] INFO:colcon.colcon_core.shell:Creating package descriptor '/bumperbot/install/bumperbot_cpp_examples/share/bumperbot_cpp_examples/package.dsv'
[0.605s] INFO:colcon.colcon_core.shell:Creating package script '/bumperbot/install/bumperbot_cpp_examples/share/bumperbot_cpp_examples/package.sh'
[0.605s] INFO:colcon.colcon_core.shell:Creating package script '/bumperbot/install/bumperbot_cpp_examples/share/bumperbot_cpp_examples/package.bash'
[0.606s] INFO:colcon.colcon_core.shell:Creating package script '/bumperbot/install/bumperbot_cpp_examples/share/bumperbot_cpp_examples/package.zsh'
[0.606s] Level 1:colcon.colcon_core.environment:create_file_with_runtime_dependencies(/bumperbot/install/bumperbot_cpp_examples/share/colcon-core/packages/bumperbot_cpp_examples)
[1.375s] DEBUG:colcon.colcon_core.event_handler.log_command:Invoked command in '/bumperbot/build/bumperbot_bringup' returned '0': CMAKE_PREFIX_PATH=/opt/ros/jazzy /usr/bin/cmake /bumperbot/src/bumperbot_bringup -DCMAKE_INSTALL_PREFIX=/bumperbot/install/bumperbot_bringup
[1.376s] DEBUG:colcon.colcon_core.event_handler.log_command:Invoking command in '/bumperbot/build/bumperbot_bringup': CMAKE_PREFIX_PATH=/opt/ros/jazzy /usr/bin/cmake --build /bumperbot/build/bumperbot_bringup -- -j8 -l8
[1.418s] DEBUG:colcon.colcon_core.event_handler.log_command:Invoked command in '/bumperbot/build/bumperbot_bringup' returned '0': CMAKE_PREFIX_PATH=/opt/ros/jazzy /usr/bin/cmake --build /bumperbot/build/bumperbot_bringup -- -j8 -l8
[1.419s] DEBUG:colcon.colcon_core.event_handler.log_command:Invoking command in '/bumperbot/build/bumperbot_bringup': CMAKE_PREFIX_PATH=/opt/ros/jazzy /usr/bin/cmake --install /bumperbot/build/bumperbot_bringup
[1.431s] Level 1:colcon.colcon_core.environment:create_environment_scripts_only(bumperbot_bringup)
[1.431s] Level 1:colcon.colcon_core.environment:checking '/bumperbot/install/bumperbot_bringup' for CMake module files
[1.432s] DEBUG:colcon.colcon_core.event_handler.log_command:Invoked command in '/bumperbot/build/bumperbot_bringup' returned '0': CMAKE_PREFIX_PATH=/opt/ros/jazzy /usr/bin/cmake --install /bumperbot/build/bumperbot_bringup
[1.433s] Level 1:colcon.colcon_core.environment:checking '/bumperbot/install/bumperbot_bringup' for CMake config files
[1.433s] Level 1:colcon.colcon_core.shell:create_environment_hook('bumperbot_bringup', 'cmake_prefix_path')
[1.434s] INFO:colcon.colcon_core.shell:Creating environment hook '/bumperbot/install/bumperbot_bringup/share/bumperbot_bringup/hook/cmake_prefix_path.ps1'
[1.434s] INFO:colcon.colcon_core.shell:Creating environment descriptor '/bumperbot/install/bumperbot_bringup/share/bumperbot_bringup/hook/cmake_prefix_path.dsv'
[1.435s] INFO:colcon.colcon_core.shell:Creating environment hook '/bumperbot/install/bumperbot_bringup/share/bumperbot_bringup/hook/cmake_prefix_path.sh'
[1.435s] Level 1:colcon.colcon_core.environment:checking '/bumperbot/install/bumperbot_bringup/bin'
[1.435s] Level 1:colcon.colcon_core.environment:checking '/bumperbot/install/bumperbot_bringup/lib/pkgconfig/bumperbot_bringup.pc'
[1.436s] Level 1:colcon.colcon_core.environment:checking '/bumperbot/install/bumperbot_bringup/lib/python3.12/site-packages'
[1.436s] Level 1:colcon.colcon_core.environment:checking '/bumperbot/install/bumperbot_bringup/bin'
[1.436s] INFO:colcon.colcon_core.shell:Creating package script '/bumperbot/install/bumperbot_bringup/share/bumperbot_bringup/package.ps1'
[1.437s] INFO:colcon.colcon_core.shell:Creating package descriptor '/bumperbot/install/bumperbot_bringup/share/bumperbot_bringup/package.dsv'
[1.437s] INFO:colcon.colcon_core.shell:Creating package script '/bumperbot/install/bumperbot_bringup/share/bumperbot_bringup/package.sh'
[1.438s] INFO:colcon.colcon_core.shell:Creating package script '/bumperbot/install/bumperbot_bringup/share/bumperbot_bringup/package.bash'
[1.438s] INFO:colcon.colcon_core.shell:Creating package script '/bumperbot/install/bumperbot_bringup/share/bumperbot_bringup/package.zsh'
[1.439s] Level 1:colcon.colcon_core.environment:create_file_with_runtime_dependencies(/bumperbot/install/bumperbot_bringup/share/colcon-core/packages/bumperbot_bringup)
[1.439s] Level 1:colcon.colcon_core.environment:create_environment_scripts_only(bumperbot_bringup)
[1.439s] Level 1:colcon.colcon_core.environment:checking '/bumperbot/install/bumperbot_bringup' for CMake module files
[1.440s] Level 1:colcon.colcon_core.environment:checking '/bumperbot/install/bumperbot_bringup' for CMake config files
[1.440s] Level 1:colcon.colcon_core.shell:create_environment_hook('bumperbot_bringup', 'cmake_prefix_path')
[1.440s] INFO:colcon.colcon_core.shell:Creating environment hook '/bumperbot/install/bumperbot_bringup/share/bumperbot_bringup/hook/cmake_prefix_path.ps1'
[1.440s] INFO:colcon.colcon_core.shell:Creating environment descriptor '/bumperbot/install/bumperbot_bringup/share/bumperbot_bringup/hook/cmake_prefix_path.dsv'
[1.441s] INFO:colcon.colcon_core.shell:Creating environment hook '/bumperbot/install/bumperbot_bringup/share/bumperbot_bringup/hook/cmake_prefix_path.sh'
[1.441s] Level 1:colcon.colcon_core.environment:checking '/bumperbot/install/bumperbot_bringup/bin'
[1.441s] Level 1:colcon.colcon_core.environment:checking '/bumperbot/install/bumperbot_bringup/lib/pkgconfig/bumperbot_bringup.pc'
[1.442s] Level 1:colcon.colcon_core.environment:checking '/bumperbot/install/bumperbot_bringup/lib/python3.12/site-packages'
[1.442s] Level 1:colcon.colcon_core.environment:checking '/bumperbot/install/bumperbot_bringup/bin'
[1.442s] INFO:colcon.colcon_core.shell:Creating package script '/bumperbot/install/bumperbot_bringup/share/bumperbot_bringup/package.ps1'
[1.443s] INFO:colcon.colcon_core.shell:Creating package descriptor '/bumperbot/install/bumperbot_bringup/share/bumperbot_bringup/package.dsv'
[1.443s] INFO:colcon.colcon_core.shell:Creating package script '/bumperbot/install/bumperbot_bringup/share/bumperbot_bringup/package.sh'
[1.443s] INFO:colcon.colcon_core.shell:Creating package script '/bumperbot/install/bumperbot_bringup/share/bumperbot_bringup/package.bash'
[1.444s] INFO:colcon.colcon_core.shell:Creating package script '/bumperbot/install/bumperbot_bringup/share/bumperbot_bringup/package.zsh'
[1.444s] Level 1:colcon.colcon_core.environment:create_file_with_runtime_dependencies(/bumperbot/install/bumperbot_bringup/share/colcon-core/packages/bumperbot_bringup)
[1.444s] DEBUG:colcon.colcon_parallel_executor.executor.parallel:closing loop
[1.445s] DEBUG:colcon.colcon_parallel_executor.executor.parallel:loop closed
[1.445s] DEBUG:colcon.colcon_parallel_executor.executor.parallel:run_until_complete finished with '0'
[1.445s] DEBUG:colcon.colcon_core.event_reactor:joining thread
[1.459s] INFO:colcon.colcon_core.plugin_system:Skipping extension 'colcon_notification.desktop_notification.terminal_notifier': Not used on non-Darwin systems
[1.459s] INFO:colcon.colcon_core.plugin_system:Skipping extension 'colcon_notification.desktop_notification.win32': Not used on non-Windows systems
[1.459s] INFO:colcon.colcon_notification.desktop_notification:Sending desktop notification using 'notify2'
[1.461s] DEBUG:colcon.colcon_notification.desktop_notification.notify2:Failed to initialize notify2: org.freedesktop.DBus.Error.Spawn.ExecFailed: /usr/bin/dbus-launch terminated abnormally without any error message
[1.462s] DEBUG:colcon.colcon_core.event_reactor:joined thread
[1.462s] INFO:colcon.colcon_core.shell:Creating prefix script '/bumperbot/install/local_setup.ps1'
[1.464s] INFO:colcon.colcon_core.shell:Creating prefix util module '/bumperbot/install/_local_setup_util_ps1.py'
[1.465s] INFO:colcon.colcon_core.shell:Creating prefix chain script '/bumperbot/install/setup.ps1'
[1.466s] INFO:colcon.colcon_core.shell:Creating prefix script '/bumperbot/install/local_setup.sh'
[1.467s] INFO:colcon.colcon_core.shell:Creating prefix util module '/bumperbot/install/_local_setup_util_sh.py'
[1.468s] INFO:colcon.colcon_core.shell:Creating prefix chain script '/bumperbot/install/setup.sh'
[1.469s] INFO:colcon.colcon_core.shell:Creating prefix script '/bumperbot/install/local_setup.bash'
[1.469s] INFO:colcon.colcon_core.shell:Creating prefix chain script '/bumperbot/install/setup.bash'
[1.470s] INFO:colcon.colcon_core.shell:Creating prefix script '/bumperbot/install/local_setup.zsh'
[1.471s] INFO:colcon.colcon_core.shell:Creating prefix chain script '/bumperbot/install/setup.zsh'
