-- The C compiler identification is GNU 13.3.0
-- The CXX compiler identification is GNU 13.3.0
-- Detecting C compiler ABI info
-- Detecting C compiler ABI info - done
-- Check for working C compiler: /usr/bin/cc - skipped
-- Detecting C compile features
-- Detecting C compile features - done
-- Detecting CXX compiler ABI info
-- Detecting CXX compiler ABI info - done
-- Check for working CXX compiler: /usr/bin/c++ - skipped
-- Detecting CXX compile features
-- Detecting CXX compile features - done
-- Found ament_cmake: 2.5.4 (/opt/ros/jazzy/share/ament_cmake/cmake)
-- Found Python3: /usr/bin/python3 (found version "3.12.3") found components: Interpreter 
-- Found rclcpp: 28.1.12 (/opt/ros/jazzy/share/rclcpp/cmake)
-- Found rosidl_generator_c: 4.6.6 (/opt/ros/jazzy/share/rosidl_generator_c/cmake)
-- Found rosidl_generator_cpp: 4.6.6 (/opt/ros/jazzy/share/rosidl_generator_cpp/cmake)
-- Using all available rosidl_typesupport_c: rosidl_typesupport_fastrtps_c;rosidl_typesupport_introspection_c
-- Using all available rosidl_typesupport_cpp: rosidl_typesupport_fastrtps_cpp;rosidl_typesupport_introspection_cpp
-- Found rmw_implementation_cmake: 7.3.2 (/opt/ros/jazzy/share/rmw_implementation_cmake/cmake)
-- Found rmw_zenoh_cpp: 0.2.7 (/opt/ros/jazzy/share/rmw_zenoh_cpp/cmake)
-- Using RMW implementation 'rmw_zenoh_cpp' as default
-- Found std_msgs: 5.3.6 (/opt/ros/jazzy/share/std_msgs/cmake)
-- Found nav_msgs: 5.3.6 (/opt/ros/jazzy/share/nav_msgs/cmake)
-- Found tf2_ros: 0.36.14 (/opt/ros/jazzy/share/tf2_ros/cmake)
-- Configuring done (1.8s)
-- Generating done (0.0s)
-- Build files have been written to: /bumperbot/build/bumperbot_planning
[ 50%] [32mBuilding CXX object CMakeFiles/dijkstra_planner.dir/src/dijkstra_planner.cpp.o[0m
[100%] [32m[1mLinking CXX executable dijkstra_planner[0m
[100%] Built target dijkstra_planner
-- Install configuration: ""
-- Installing: /bumperbot/install/bumperbot_planning/include/include
-- Installing: /bumperbot/install/bumperbot_planning/include/include/bumperbot_planning
-- Installing: /bumperbot/install/bumperbot_planning/include/include/bumperbot_planning/dijkstra_planner.hpp
-- Installing: /bumperbot/install/bumperbot_planning/lib/bumperbot_planning/dijkstra_planner
-- Set non-toolchain portion of runtime path of "/bumperbot/install/bumperbot_planning/lib/bumperbot_planning/dijkstra_planner" to ""
-- Installing: /bumperbot/install/bumperbot_planning/share/ament_index/resource_index/package_run_dependencies/bumperbot_planning
-- Installing: /bumperbot/install/bumperbot_planning/share/ament_index/resource_index/parent_prefix_path/bumperbot_planning
-- Installing: /bumperbot/install/bumperbot_planning/share/bumperbot_planning/environment/ament_prefix_path.sh
-- Installing: /bumperbot/install/bumperbot_planning/share/bumperbot_planning/environment/ament_prefix_path.dsv
-- Installing: /bumperbot/install/bumperbot_planning/share/bumperbot_planning/environment/path.sh
-- Installing: /bumperbot/install/bumperbot_planning/share/bumperbot_planning/environment/path.dsv
-- Installing: /bumperbot/install/bumperbot_planning/share/bumperbot_planning/local_setup.bash
-- Installing: /bumperbot/install/bumperbot_planning/share/bumperbot_planning/local_setup.sh
-- Installing: /bumperbot/install/bumperbot_planning/share/bumperbot_planning/local_setup.zsh
-- Installing: /bumperbot/install/bumperbot_planning/share/bumperbot_planning/local_setup.dsv
-- Installing: /bumperbot/install/bumperbot_planning/share/bumperbot_planning/package.dsv
-- Installing: /bumperbot/install/bumperbot_planning/share/ament_index/resource_index/packages/bumperbot_planning
-- Installing: /bumperbot/install/bumperbot_planning/share/bumperbot_planning/cmake/ament_cmake_export_include_directories-extras.cmake
-- Installing: /bumperbot/install/bumperbot_planning/share/bumperbot_planning/cmake/ament_cmake_export_dependencies-extras.cmake
-- Installing: /bumperbot/install/bumperbot_planning/share/bumperbot_planning/cmake/bumperbot_planningConfig.cmake
-- Installing: /bumperbot/install/bumperbot_planning/share/bumperbot_planning/cmake/bumperbot_planningConfig-version.cmake
-- Installing: /bumperbot/install/bumperbot_planning/share/bumperbot_planning/package.xml
