[0.016s] Invoking command in '/bumperbot_ws/build/bumperbot_motion': CMAKE_PREFIX_PATH=${CMAKE_PREFIX_PATH}:/opt/ros/jazzy /usr/bin/cmake --build /bumperbot_ws/build/bumperbot_motion -- -j16 -l16
[0.046s] -- Found ament_cmake: 2.5.4 (/opt/ros/jazzy/share/ament_cmake/cmake)
[0.198s] -- Found rclcpp: 28.1.12 (/opt/ros/jazzy/share/rclcpp/cmake)
[0.230s] -- Found rosidl_generator_c: 4.6.6 (/opt/ros/jazzy/share/rosidl_generator_c/cmake)
[0.237s] -- Found rosidl_generator_cpp: 4.6.6 (/opt/ros/jazzy/share/rosidl_generator_cpp/cmake)
[0.248s] -- Using all available rosidl_typesupport_c: rosidl_typesupport_fastrtps_c;rosidl_typesupport_introspection_c
[0.260s] -- Using all available rosidl_typesupport_cpp: rosidl_typesupport_fastrtps_cpp;rosidl_typesupport_introspection_cpp
[0.319s] -- Found rmw_implementation_cmake: 7.3.2 (/opt/ros/jazzy/share/rmw_implementation_cmake/cmake)
[0.322s] -- Found rmw_zenoh_cpp: 0.2.7 (/opt/ros/jazzy/share/rmw_zenoh_cpp/cmake)
[0.322s] -- Using RMW implementation 'rmw_zenoh_cpp' as default
[0.375s] -- Found rclpy: 7.1.5 (/opt/ros/jazzy/share/rclpy/cmake)
[0.375s] -- Found nav_msgs: 5.3.6 (/opt/ros/jazzy/share/nav_msgs/cmake)
[0.422s] -- Found tf2: 0.36.14 (/opt/ros/jazzy/share/tf2/cmake)
[0.425s] -- Found tf2_ros: 0.36.14 (/opt/ros/jazzy/share/tf2_ros/cmake)
[0.504s] -- Found tf2_geometry_msgs: 0.36.14 (/opt/ros/jazzy/share/tf2_geometry_msgs/cmake)
[0.508s] -- Found eigen3_cmake_module: 0.3.0 (/opt/ros/jazzy/share/eigen3_cmake_module/cmake)
[0.510s] -- Ensuring Eigen3 include directory is part of orocos-kdl CMake target
[0.525s] [31mCMake Error at CMakeLists.txt:17 (find_package):
[0.525s]   By not providing "Findnav2_core.cmake" in CMAKE_MODULE_PATH this project
[0.525s]   has asked CMake to find a package configuration file provided by
[0.525s]   "nav2_core", but CMake did not find one.
[0.525s] 
[0.525s]   Could not find a package configuration file provided by "nav2_core" with
[0.525s]   any of the following names:
[0.525s] 
[0.525s]     nav2_coreConfig.cmake
[0.525s]     nav2_core-config.cmake
[0.525s] 
[0.526s]   Add the installation prefix of "nav2_core" to CMAKE_PREFIX_PATH or set
[0.526s]   "nav2_core_DIR" to a directory containing one of the above files.  If
[0.526s]   "nav2_core" provides a separate development package or SDK, be sure it has
[0.526s]   been installed.
[0.526s] 
[0.526s] [0m
[0.526s] -- Configuring incomplete, errors occurred!
[0.529s] gmake: *** [Makefile:336: cmake_check_build_system] Error 1
[0.530s] Invoked command in '/bumperbot_ws/build/bumperbot_motion' returned '2': CMAKE_PREFIX_PATH=${CMAKE_PREFIX_PATH}:/opt/ros/jazzy /usr/bin/cmake --build /bumperbot_ws/build/bumperbot_motion -- -j16 -l16
