[0.016s] Invoking command in '/bumperbot/build/bumperbot_mapping': CMAKE_PREFIX_PATH=${CMAKE_PREFIX_PATH}:/opt/ros/jazzy /usr/bin/cmake --build /bumperbot/build/bumperbot_mapping -- -j8 -l8
[0.089s] [  0%] Built target ament_cmake_python_copy_bumperbot_mapping
[0.175s] [100%] Built target mapping_with_known_poses
[0.393s] running egg_info
[0.411s] writing bumperbot_mapping.egg-info/PKG-INFO
[0.412s] writing dependency_links to bumperbot_mapping.egg-info/dependency_links.txt
[0.412s] writing top-level names to bumperbot_mapping.egg-info/top_level.txt
[0.462s] reading manifest file 'bumperbot_mapping.egg-info/SOURCES.txt'
[0.463s] writing manifest file 'bumperbot_mapping.egg-info/SOURCES.txt'
[0.500s] [100%] Built target ament_cmake_python_build_bumperbot_mapping_egg
[0.510s] Invoked command in '/bumperbot/build/bumperbot_mapping' returned '0': CMAKE_PREFIX_PATH=${CMAKE_PREFIX_PATH}:/opt/ros/jazzy /usr/bin/cmake --build /bumperbot/build/bumperbot_mapping -- -j8 -l8
[0.511s] Invoking command in '/bumperbot/build/bumperbot_mapping': CMAKE_PREFIX_PATH=${CMAKE_PREFIX_PATH}:/opt/ros/jazzy /usr/bin/cmake --install /bumperbot/build/bumperbot_mapping
[0.520s] -- Install configuration: ""
[0.520s] -- Installing: /bumperbot/install/bumperbot_mapping/share/bumperbot_mapping/environment/pythonpath.sh
[0.520s] -- Installing: /bumperbot/install/bumperbot_mapping/share/bumperbot_mapping/environment/pythonpath.dsv
[0.521s] -- Installing: /bumperbot/install/bumperbot_mapping/lib/python3.12/site-packages/bumperbot_mapping-0.0.0-py3.12.egg-info
[0.521s] -- Installing: /bumperbot/install/bumperbot_mapping/lib/python3.12/site-packages/bumperbot_mapping-0.0.0-py3.12.egg-info/dependency_links.txt
[0.521s] -- Installing: /bumperbot/install/bumperbot_mapping/lib/python3.12/site-packages/bumperbot_mapping-0.0.0-py3.12.egg-info/SOURCES.txt
[0.521s] -- Installing: /bumperbot/install/bumperbot_mapping/lib/python3.12/site-packages/bumperbot_mapping-0.0.0-py3.12.egg-info/PKG-INFO
[0.521s] -- Installing: /bumperbot/install/bumperbot_mapping/lib/python3.12/site-packages/bumperbot_mapping-0.0.0-py3.12.egg-info/top_level.txt
[0.521s] -- Installing: /bumperbot/install/bumperbot_mapping/lib/python3.12/site-packages/bumperbot_mapping
[0.522s] -- Installing: /bumperbot/install/bumperbot_mapping/lib/python3.12/site-packages/bumperbot_mapping/mapping_with_known_poses.py
[0.522s] -- Installing: /bumperbot/install/bumperbot_mapping/lib/python3.12/site-packages/bumperbot_mapping/__init__.py
[0.568s] Listing '/bumperbot/install/bumperbot_mapping/lib/python3.12/site-packages/bumperbot_mapping'...
[0.568s] Compiling '/bumperbot/install/bumperbot_mapping/lib/python3.12/site-packages/bumperbot_mapping/__init__.py'...
[0.569s] Compiling '/bumperbot/install/bumperbot_mapping/lib/python3.12/site-packages/bumperbot_mapping/mapping_with_known_poses.py'...
[0.574s] -- Installing: /bumperbot/install/bumperbot_mapping/include/include
[0.575s] -- Installing: /bumperbot/install/bumperbot_mapping/include/include/bumperbot_mapping
[0.575s] -- Installing: /bumperbot/install/bumperbot_mapping/include/include/bumperbot_mapping/mapping_with_known_poses.hpp
[0.575s] -- Installing: /bumperbot/install/bumperbot_mapping/lib/bumperbot_mapping/mapping_with_known_poses
[0.583s] -- Set non-toolchain portion of runtime path of "/bumperbot/install/bumperbot_mapping/lib/bumperbot_mapping/mapping_with_known_poses" to ""
[0.583s] -- Installing: /bumperbot/install/bumperbot_mapping/share/bumperbot_mapping/config
[0.583s] -- Installing: /bumperbot/install/bumperbot_mapping/share/bumperbot_mapping/config/slam_toolbox.yaml
[0.583s] -- Installing: /bumperbot/install/bumperbot_mapping/share/bumperbot_mapping/launch
[0.584s] -- Installing: /bumperbot/install/bumperbot_mapping/share/bumperbot_mapping/launch/slam.launch.py
[0.584s] -- Installing: /bumperbot/install/bumperbot_mapping/share/bumperbot_mapping/maps
[0.584s] -- Installing: /bumperbot/install/bumperbot_mapping/share/bumperbot_mapping/maps/small_warehouse
[0.584s] -- Installing: /bumperbot/install/bumperbot_mapping/share/bumperbot_mapping/maps/small_warehouse/map.yaml
[0.584s] -- Installing: /bumperbot/install/bumperbot_mapping/share/bumperbot_mapping/maps/small_warehouse/map.pgm
[0.584s] -- Installing: /bumperbot/install/bumperbot_mapping/share/bumperbot_mapping/maps/small_house
[0.584s] -- Installing: /bumperbot/install/bumperbot_mapping/share/bumperbot_mapping/maps/small_house/map.yaml
[0.585s] -- Installing: /bumperbot/install/bumperbot_mapping/share/bumperbot_mapping/maps/small_house/map.pgm
[0.585s] -- Installing: /bumperbot/install/bumperbot_mapping/share/bumperbot_mapping/rviz
[0.585s] -- Installing: /bumperbot/install/bumperbot_mapping/share/bumperbot_mapping/rviz/slam.rviz
[0.585s] -- Installing: /bumperbot/install/bumperbot_mapping/lib/bumperbot_mapping/mapping_with_known_poses.py
[0.586s] -- Installing: /bumperbot/install/bumperbot_mapping/share/ament_index/resource_index/package_run_dependencies/bumperbot_mapping
[0.586s] -- Installing: /bumperbot/install/bumperbot_mapping/share/ament_index/resource_index/parent_prefix_path/bumperbot_mapping
[0.586s] -- Installing: /bumperbot/install/bumperbot_mapping/share/bumperbot_mapping/environment/ament_prefix_path.sh
[0.587s] -- Installing: /bumperbot/install/bumperbot_mapping/share/bumperbot_mapping/environment/ament_prefix_path.dsv
[0.587s] -- Installing: /bumperbot/install/bumperbot_mapping/share/bumperbot_mapping/environment/path.sh
[0.587s] -- Installing: /bumperbot/install/bumperbot_mapping/share/bumperbot_mapping/environment/path.dsv
[0.587s] -- Installing: /bumperbot/install/bumperbot_mapping/share/bumperbot_mapping/local_setup.bash
[0.587s] -- Installing: /bumperbot/install/bumperbot_mapping/share/bumperbot_mapping/local_setup.sh
[0.587s] -- Installing: /bumperbot/install/bumperbot_mapping/share/bumperbot_mapping/local_setup.zsh
[0.588s] -- Installing: /bumperbot/install/bumperbot_mapping/share/bumperbot_mapping/local_setup.dsv
[0.588s] -- Installing: /bumperbot/install/bumperbot_mapping/share/bumperbot_mapping/package.dsv
[0.588s] -- Installing: /bumperbot/install/bumperbot_mapping/share/ament_index/resource_index/packages/bumperbot_mapping
[0.588s] -- Installing: /bumperbot/install/bumperbot_mapping/share/bumperbot_mapping/cmake/bumperbot_mappingConfig.cmake
[0.588s] -- Installing: /bumperbot/install/bumperbot_mapping/share/bumperbot_mapping/cmake/bumperbot_mappingConfig-version.cmake
[0.588s] -- Installing: /bumperbot/install/bumperbot_mapping/share/bumperbot_mapping/package.xml
[0.590s] Invoked command in '/bumperbot/build/bumperbot_mapping' returned '0': CMAKE_PREFIX_PATH=${CMAKE_PREFIX_PATH}:/opt/ros/jazzy /usr/bin/cmake --install /bumperbot/build/bumperbot_mapping
