[0.014s] Invoking command in '/bumperbot_ws/build/bumperbot_msgs': CMAKE_PREFIX_PATH=${CMAKE_PREFIX_PATH}:/opt/ros/jazzy /usr/bin/cmake /bumperbot_ws/src/bumperbot_msgs -DCMAKE_INSTALL_PREFIX=/bumperbot_ws/install/bumperbot_msgs
[0.053s] -- The C compiler identification is GNU 13.3.0
[0.093s] -- The CXX compiler identification is GNU 13.3.0
[0.104s] -- Detecting C compiler ABI info
[0.167s] -- Detecting C compiler ABI info - done
[0.173s] -- Check for working C compiler: /usr/bin/cc - skipped
[0.173s] -- Detecting C compile features
[0.173s] -- Detecting C compile features - done
[0.180s] -- Detecting CXX compiler ABI info
[0.247s] -- Detecting CXX compiler ABI info - done
[0.254s] -- Check for working CXX compiler: /usr/bin/c++ - skipped
[0.254s] -- Detecting CXX compile features
[0.254s] -- Detecting CXX compile features - done
[0.258s] -- Found ament_cmake: 2.5.4 (/opt/ros/jazzy/share/ament_cmake/cmake)
[0.369s] -- Found Python3: /usr/bin/python3 (found version "3.12.3") found components: Interpreter 
[0.485s] -- Found geometry_msgs: 5.3.6 (/opt/ros/jazzy/share/geometry_msgs/cmake)
[0.537s] -- Found rosidl_generator_c: 4.6.6 (/opt/ros/jazzy/share/rosidl_generator_c/cmake)
[0.556s] -- Found rosidl_generator_cpp: 4.6.6 (/opt/ros/jazzy/share/rosidl_generator_cpp/cmake)
[0.573s] -- Using all available rosidl_typesupport_c: rosidl_typesupport_fastrtps_c;rosidl_typesupport_introspection_c
[0.594s] -- Using all available rosidl_typesupport_cpp: rosidl_typesupport_fastrtps_cpp;rosidl_typesupport_introspection_cpp
[0.638s] -- Found rosidl_default_generators: 1.6.0 (/opt/ros/jazzy/share/rosidl_default_generators/cmake)
[0.655s] -- Found rosidl_adapter: 4.6.6 (/opt/ros/jazzy/share/rosidl_adapter/cmake)
[1.130s] -- Found ament_cmake_ros: 0.12.0 (/opt/ros/jazzy/share/ament_cmake_ros/cmake)
[1.922s] -- Using all available rosidl_typesupport_c: rosidl_typesupport_fastrtps_c;rosidl_typesupport_introspection_c
[2.327s] -- Using all available rosidl_typesupport_cpp: rosidl_typesupport_fastrtps_cpp;rosidl_typesupport_introspection_cpp
[2.333s] -- Found python_cmake_module: 0.11.1 (/opt/ros/jazzy/share/python_cmake_module/cmake)
[2.462s] -- Found PythonExtra: /usr/bin/python3  
[2.985s] -- Found Python3: /usr/bin/python3 (found version "3.12.3") found components: Interpreter Development NumPy Development.Module Development.Embed 
[3.074s] -- Configuring done (3.1s)
[3.139s] -- Generating done (0.0s)
[3.152s] -- Build files have been written to: /bumperbot_ws/build/bumperbot_msgs
[3.167s] Invoked command in '/bumperbot_ws/build/bumperbot_msgs' returned '0': CMAKE_PREFIX_PATH=${CMAKE_PREFIX_PATH}:/opt/ros/jazzy /usr/bin/cmake /bumperbot_ws/src/bumperbot_msgs -DCMAKE_INSTALL_PREFIX=/bumperbot_ws/install/bumperbot_msgs
[3.168s] Invoking command in '/bumperbot_ws/build/bumperbot_msgs': CMAKE_PREFIX_PATH=${CMAKE_PREFIX_PATH}:/opt/ros/jazzy /usr/bin/cmake --build /bumperbot_ws/build/bumperbot_msgs -- -j16 -l16
[3.232s] [  1%] [34m[1mGenerating type hashes for ROS interfaces[0m
[3.243s] [  1%] Built target ament_cmake_python_copy_bumperbot_msgs
[3.494s] running egg_info
[3.496s] creating bumperbot_msgs.egg-info
[3.517s] writing bumperbot_msgs.egg-info/PKG-INFO
[3.517s] writing dependency_links to bumperbot_msgs.egg-info/dependency_links.txt
[3.517s] writing top-level names to bumperbot_msgs.egg-info/top_level.txt
[3.517s] writing manifest file 'bumperbot_msgs.egg-info/SOURCES.txt'
[3.580s] [  1%] Built target bumperbot_msgs__rosidl_generator_type_description
[3.583s] reading manifest file 'bumperbot_msgs.egg-info/SOURCES.txt'
[3.584s] writing manifest file 'bumperbot_msgs.egg-info/SOURCES.txt'
[3.597s] [  3%] [34m[1mGenerating C code for ROS interfaces[0m
[3.607s] [  5%] [34m[1mGenerating C++ code for ROS interfaces[0m
[3.632s] [  5%] Built target ament_cmake_python_build_bumperbot_msgs_egg
[4.208s] [  7%] [32mBuilding C object CMakeFiles/bumperbot_msgs__rosidl_generator_c.dir/rosidl_generator_c/bumperbot_msgs/action/detail/fibonacci__functions.c.o[0m
[4.208s] [  9%] [32mBuilding C object CMakeFiles/bumperbot_msgs__rosidl_generator_c.dir/rosidl_generator_c/bumperbot_msgs/action/detail/fibonacci__type_support.c.o[0m
[4.209s] [ 11%] [32mBuilding C object CMakeFiles/bumperbot_msgs__rosidl_generator_c.dir/rosidl_generator_c/bumperbot_msgs/action/detail/fibonacci__description.c.o[0m
[4.213s] [ 12%] [32mBuilding C object CMakeFiles/bumperbot_msgs__rosidl_generator_c.dir/rosidl_generator_c/bumperbot_msgs/srv/detail/add_two_ints__description.c.o[0m
[4.219s] [ 14%] [32mBuilding C object CMakeFiles/bumperbot_msgs__rosidl_generator_c.dir/rosidl_generator_c/bumperbot_msgs/srv/detail/add_two_ints__functions.c.o[0m
[4.219s] [ 16%] [32mBuilding C object CMakeFiles/bumperbot_msgs__rosidl_generator_c.dir/rosidl_generator_c/bumperbot_msgs/srv/detail/get_transform__description.c.o[0m
[4.226s] [ 18%] [32mBuilding C object CMakeFiles/bumperbot_msgs__rosidl_generator_c.dir/rosidl_generator_c/bumperbot_msgs/srv/detail/add_two_ints__type_support.c.o[0m
[4.232s] [ 20%] [32mBuilding C object CMakeFiles/bumperbot_msgs__rosidl_generator_c.dir/rosidl_generator_c/bumperbot_msgs/srv/detail/get_transform__type_support.c.o[0m
[4.234s] [ 22%] [32mBuilding C object CMakeFiles/bumperbot_msgs__rosidl_generator_c.dir/rosidl_generator_c/bumperbot_msgs/srv/detail/get_transform__functions.c.o[0m
[4.408s] [ 22%] Built target bumperbot_msgs__cpp
[4.433s] [ 24%] [32m[1mLinking C shared library libbumperbot_msgs__rosidl_generator_c.so[0m
[4.481s] [ 24%] Built target bumperbot_msgs__rosidl_generator_c
[4.494s] [ 29%] [34m[1mGenerating C type support for eProsima Fast-RTPS[0m
[4.494s] [ 29%] [34m[1mGenerating C++ type support dispatch for ROS interfaces[0m
[4.500s] [ 29%] [34m[1mGenerating C introspection for ROS interfaces[0m
[4.500s] [ 31%] [34m[1mGenerating C type support dispatch for ROS interfaces[0m
[4.503s] [ 33%] [34m[1mGenerating C++ type support for eProsima Fast-RTPS[0m
[4.508s] [ 35%] [34m[1mGenerating C++ introspection for ROS interfaces[0m
[5.064s] [ 40%] [32mBuilding CXX object CMakeFiles/bumperbot_msgs__rosidl_typesupport_c.dir/rosidl_typesupport_c/bumperbot_msgs/srv/get_transform__type_support.cpp.o[0m
[5.064s] [ 40%] [32mBuilding CXX object CMakeFiles/bumperbot_msgs__rosidl_typesupport_c.dir/rosidl_typesupport_c/bumperbot_msgs/action/fibonacci__type_support.cpp.o[0m
[5.065s] [ 40%] [32mBuilding CXX object CMakeFiles/bumperbot_msgs__rosidl_typesupport_c.dir/rosidl_typesupport_c/bumperbot_msgs/srv/add_two_ints__type_support.cpp.o[0m
[5.070s] [ 44%] [32mBuilding CXX object CMakeFiles/bumperbot_msgs__rosidl_typesupport_cpp.dir/rosidl_typesupport_cpp/bumperbot_msgs/action/fibonacci__type_support.cpp.o[0m
[5.073s] [ 44%] [32mBuilding CXX object CMakeFiles/bumperbot_msgs__rosidl_typesupport_cpp.dir/rosidl_typesupport_cpp/bumperbot_msgs/srv/add_two_ints__type_support.cpp.o[0m
[5.082s] [ 46%] [32mBuilding CXX object CMakeFiles/bumperbot_msgs__rosidl_typesupport_cpp.dir/rosidl_typesupport_cpp/bumperbot_msgs/srv/get_transform__type_support.cpp.o[0m
[5.195s] [ 48%] [32m[1mLinking CXX shared library libbumperbot_msgs__rosidl_typesupport_c.so[0m
[5.292s] [ 48%] Built target bumperbot_msgs__rosidl_typesupport_c
[5.381s] [ 50%] [32mBuilding CXX object CMakeFiles/bumperbot_msgs__rosidl_typesupport_introspection_cpp.dir/rosidl_typesupport_introspection_cpp/bumperbot_msgs/action/detail/fibonacci__type_support.cpp.o[0m
[5.385s] [ 51%] [32mBuilding CXX object CMakeFiles/bumperbot_msgs__rosidl_typesupport_introspection_cpp.dir/rosidl_typesupport_introspection_cpp/bumperbot_msgs/srv/detail/add_two_ints__type_support.cpp.o[0m
[5.387s] [ 53%] [32mBuilding CXX object CMakeFiles/bumperbot_msgs__rosidl_typesupport_introspection_cpp.dir/rosidl_typesupport_introspection_cpp/bumperbot_msgs/srv/detail/get_transform__type_support.cpp.o[0m
[5.418s] [ 55%] [32mBuilding CXX object CMakeFiles/bumperbot_msgs__rosidl_typesupport_fastrtps_cpp.dir/rosidl_typesupport_fastrtps_cpp/bumperbot_msgs/action/detail/dds_fastrtps/fibonacci__type_support.cpp.o[0m
[5.423s] [ 57%] [32mBuilding CXX object CMakeFiles/bumperbot_msgs__rosidl_typesupport_fastrtps_cpp.dir/rosidl_typesupport_fastrtps_cpp/bumperbot_msgs/srv/detail/dds_fastrtps/add_two_ints__type_support.cpp.o[0m
[5.433s] [ 59%] [32mBuilding CXX object CMakeFiles/bumperbot_msgs__rosidl_typesupport_fastrtps_cpp.dir/rosidl_typesupport_fastrtps_cpp/bumperbot_msgs/srv/detail/dds_fastrtps/get_transform__type_support.cpp.o[0m
[5.532s] [ 61%] [32mBuilding C object CMakeFiles/bumperbot_msgs__rosidl_typesupport_introspection_c.dir/rosidl_typesupport_introspection_c/bumperbot_msgs/action/detail/fibonacci__type_support.c.o[0m
[5.538s] [ 62%] [32mBuilding C object CMakeFiles/bumperbot_msgs__rosidl_typesupport_introspection_c.dir/rosidl_typesupport_introspection_c/bumperbot_msgs/srv/detail/add_two_ints__type_support.c.o[0m
[5.539s] [ 64%] [32mBuilding C object CMakeFiles/bumperbot_msgs__rosidl_typesupport_introspection_c.dir/rosidl_typesupport_introspection_c/bumperbot_msgs/srv/detail/get_transform__type_support.c.o[0m
[5.723s] [ 66%] [32m[1mLinking C shared library libbumperbot_msgs__rosidl_typesupport_introspection_c.so[0m
[5.808s] [ 66%] Built target bumperbot_msgs__rosidl_typesupport_introspection_c
[6.010s] [ 68%] [32mBuilding CXX object CMakeFiles/bumperbot_msgs__rosidl_typesupport_fastrtps_c.dir/rosidl_typesupport_fastrtps_c/bumperbot_msgs/action/detail/fibonacci__type_support_c.cpp.o[0m
[6.013s] [ 70%] [32mBuilding CXX object CMakeFiles/bumperbot_msgs__rosidl_typesupport_fastrtps_c.dir/rosidl_typesupport_fastrtps_c/bumperbot_msgs/srv/detail/add_two_ints__type_support_c.cpp.o[0m
[6.028s] [ 72%] [32mBuilding CXX object CMakeFiles/bumperbot_msgs__rosidl_typesupport_fastrtps_c.dir/rosidl_typesupport_fastrtps_c/bumperbot_msgs/srv/detail/get_transform__type_support_c.cpp.o[0m
[6.147s] [ 74%] [32m[1mLinking CXX shared library libbumperbot_msgs__rosidl_typesupport_cpp.so[0m
[6.348s] [ 74%] Built target bumperbot_msgs__rosidl_typesupport_cpp
[6.521s] [ 75%] [32m[1mLinking CXX shared library libbumperbot_msgs__rosidl_typesupport_introspection_cpp.so[0m
[6.727s] [ 75%] Built target bumperbot_msgs__rosidl_typesupport_introspection_cpp
[6.776s] [ 77%] [32m[1mLinking CXX shared library libbumperbot_msgs__rosidl_typesupport_fastrtps_cpp.so[0m
[6.882s] [ 77%] Built target bumperbot_msgs__rosidl_typesupport_fastrtps_cpp
[6.889s] [ 79%] [32m[1mLinking CXX shared library libbumperbot_msgs__rosidl_typesupport_fastrtps_c.so[0m
[6.992s] [ 79%] Built target bumperbot_msgs__rosidl_typesupport_fastrtps_c
[7.016s] [ 79%] Built target bumperbot_msgs
[7.044s] [ 81%] [34m[1mGenerating Python code for ROS interfaces[0m
[8.463s] [ 81%] Built target bumperbot_msgs__py
[8.491s] [ 85%] [32mBuilding C object CMakeFiles/bumperbot_msgs__rosidl_generator_py.dir/rosidl_generator_py/bumperbot_msgs/srv/_add_two_ints_s.c.o[0m
[8.491s] [ 87%] [32mBuilding C object CMakeFiles/bumperbot_msgs__rosidl_generator_py.dir/rosidl_generator_py/bumperbot_msgs/action/_fibonacci_s.c.o[0m
[8.491s] [ 87%] [32mBuilding C object CMakeFiles/bumperbot_msgs__rosidl_generator_py.dir/rosidl_generator_py/bumperbot_msgs/srv/_get_transform_s.c.o[0m
[8.757s] [ 88%] [32m[1mLinking C shared library libbumperbot_msgs__rosidl_generator_py.so[0m
[8.812s] [ 88%] Built target bumperbot_msgs__rosidl_generator_py
[8.837s] [ 94%] [32mBuilding C object CMakeFiles/bumperbot_msgs_s__rosidl_typesupport_introspection_c.dir/rosidl_generator_py/bumperbot_msgs/_bumperbot_msgs_s.ep.rosidl_typesupport_introspection_c.c.o[0m
[8.837s] [ 94%] [32mBuilding C object CMakeFiles/bumperbot_msgs_s__rosidl_typesupport_c.dir/rosidl_generator_py/bumperbot_msgs/_bumperbot_msgs_s.ep.rosidl_typesupport_c.c.o[0m
[8.837s] [ 94%] [32mBuilding C object CMakeFiles/bumperbot_msgs_s__rosidl_typesupport_fastrtps_c.dir/rosidl_generator_py/bumperbot_msgs/_bumperbot_msgs_s.ep.rosidl_typesupport_fastrtps_c.c.o[0m
[9.028s] [ 96%] [32m[1mLinking C shared module rosidl_generator_py/bumperbot_msgs/bumperbot_msgs_s__rosidl_typesupport_c.so[0m
[9.049s] [ 98%] [32m[1mLinking C shared module rosidl_generator_py/bumperbot_msgs/bumperbot_msgs_s__rosidl_typesupport_fastrtps_c.so[0m
[9.078s] [ 98%] Built target bumperbot_msgs_s__rosidl_typesupport_c
[9.085s] [100%] [32m[1mLinking C shared module rosidl_generator_py/bumperbot_msgs/bumperbot_msgs_s__rosidl_typesupport_introspection_c.so[0m
[9.103s] [100%] Built target bumperbot_msgs_s__rosidl_typesupport_fastrtps_c
[9.140s] [100%] Built target bumperbot_msgs_s__rosidl_typesupport_introspection_c
[9.161s] Invoked command in '/bumperbot_ws/build/bumperbot_msgs' returned '0': CMAKE_PREFIX_PATH=${CMAKE_PREFIX_PATH}:/opt/ros/jazzy /usr/bin/cmake --build /bumperbot_ws/build/bumperbot_msgs -- -j16 -l16
[9.162s] Invoking command in '/bumperbot_ws/build/bumperbot_msgs': CMAKE_PREFIX_PATH=${CMAKE_PREFIX_PATH}:/opt/ros/jazzy /usr/bin/cmake --install /bumperbot_ws/build/bumperbot_msgs
[9.176s] -- Install configuration: ""
[9.177s] -- Installing: /bumperbot_ws/install/bumperbot_msgs/share/ament_index/resource_index/rosidl_interfaces/bumperbot_msgs
[9.177s] -- Installing: /bumperbot_ws/install/bumperbot_msgs/share/bumperbot_msgs/action/Fibonacci.json
[9.177s] -- Installing: /bumperbot_ws/install/bumperbot_msgs/share/bumperbot_msgs/srv/AddTwoInts.json
[9.177s] -- Installing: /bumperbot_ws/install/bumperbot_msgs/share/bumperbot_msgs/srv/GetTransform.json
[9.177s] -- Installing: /bumperbot_ws/install/bumperbot_msgs/include/bumperbot_msgs/bumperbot_msgs
[9.177s] -- Installing: /bumperbot_ws/install/bumperbot_msgs/include/bumperbot_msgs/bumperbot_msgs/msg
[9.177s] -- Installing: /bumperbot_ws/install/bumperbot_msgs/include/bumperbot_msgs/bumperbot_msgs/msg/rosidl_generator_c__visibility_control.h
[9.177s] -- Installing: /bumperbot_ws/install/bumperbot_msgs/include/bumperbot_msgs/bumperbot_msgs/srv
[9.177s] -- Installing: /bumperbot_ws/install/bumperbot_msgs/include/bumperbot_msgs/bumperbot_msgs/srv/detail
[9.178s] -- Installing: /bumperbot_ws/install/bumperbot_msgs/include/bumperbot_msgs/bumperbot_msgs/srv/detail/get_transform__type_support.c
[9.178s] -- Installing: /bumperbot_ws/install/bumperbot_msgs/include/bumperbot_msgs/bumperbot_msgs/srv/detail/get_transform__struct.h
[9.178s] -- Installing: /bumperbot_ws/install/bumperbot_msgs/include/bumperbot_msgs/bumperbot_msgs/srv/detail/add_two_ints__functions.h
[9.178s] -- Installing: /bumperbot_ws/install/bumperbot_msgs/include/bumperbot_msgs/bumperbot_msgs/srv/detail/get_transform__functions.c
[9.178s] -- Installing: /bumperbot_ws/install/bumperbot_msgs/include/bumperbot_msgs/bumperbot_msgs/srv/detail/add_two_ints__struct.h
[9.178s] -- Installing: /bumperbot_ws/install/bumperbot_msgs/include/bumperbot_msgs/bumperbot_msgs/srv/detail/get_transform__functions.h
[9.178s] -- Installing: /bumperbot_ws/install/bumperbot_msgs/include/bumperbot_msgs/bumperbot_msgs/srv/detail/add_two_ints__functions.c
[9.178s] -- Installing: /bumperbot_ws/install/bumperbot_msgs/include/bumperbot_msgs/bumperbot_msgs/srv/detail/add_two_ints__type_support.c
[9.178s] -- Installing: /bumperbot_ws/install/bumperbot_msgs/include/bumperbot_msgs/bumperbot_msgs/srv/detail/get_transform__type_support.h
[9.179s] -- Installing: /bumperbot_ws/install/bumperbot_msgs/include/bumperbot_msgs/bumperbot_msgs/srv/detail/get_transform__description.c
[9.179s] -- Installing: /bumperbot_ws/install/bumperbot_msgs/include/bumperbot_msgs/bumperbot_msgs/srv/detail/add_two_ints__type_support.h
[9.179s] -- Installing: /bumperbot_ws/install/bumperbot_msgs/include/bumperbot_msgs/bumperbot_msgs/srv/detail/add_two_ints__description.c
[9.179s] -- Installing: /bumperbot_ws/install/bumperbot_msgs/include/bumperbot_msgs/bumperbot_msgs/srv/get_transform.h
[9.179s] -- Installing: /bumperbot_ws/install/bumperbot_msgs/include/bumperbot_msgs/bumperbot_msgs/srv/add_two_ints.h
[9.179s] -- Installing: /bumperbot_ws/install/bumperbot_msgs/include/bumperbot_msgs/bumperbot_msgs/action
[9.179s] -- Installing: /bumperbot_ws/install/bumperbot_msgs/include/bumperbot_msgs/bumperbot_msgs/action/fibonacci.h
[9.179s] -- Installing: /bumperbot_ws/install/bumperbot_msgs/include/bumperbot_msgs/bumperbot_msgs/action/detail
[9.179s] -- Installing: /bumperbot_ws/install/bumperbot_msgs/include/bumperbot_msgs/bumperbot_msgs/action/detail/fibonacci__functions.c
[9.180s] -- Installing: /bumperbot_ws/install/bumperbot_msgs/include/bumperbot_msgs/bumperbot_msgs/action/detail/fibonacci__type_support.h
[9.180s] -- Installing: /bumperbot_ws/install/bumperbot_msgs/include/bumperbot_msgs/bumperbot_msgs/action/detail/fibonacci__functions.h
[9.180s] -- Installing: /bumperbot_ws/install/bumperbot_msgs/include/bumperbot_msgs/bumperbot_msgs/action/detail/fibonacci__type_support.c
[9.180s] -- Installing: /bumperbot_ws/install/bumperbot_msgs/include/bumperbot_msgs/bumperbot_msgs/action/detail/fibonacci__struct.h
[9.180s] -- Installing: /bumperbot_ws/install/bumperbot_msgs/include/bumperbot_msgs/bumperbot_msgs/action/detail/fibonacci__description.c
[9.180s] -- Installing: /bumperbot_ws/install/bumperbot_msgs/share/bumperbot_msgs/environment/library_path.sh
[9.180s] -- Installing: /bumperbot_ws/install/bumperbot_msgs/share/bumperbot_msgs/environment/library_path.dsv
[9.180s] -- Installing: /bumperbot_ws/install/bumperbot_msgs/lib/libbumperbot_msgs__rosidl_generator_c.so
[9.180s] -- Set non-toolchain portion of runtime path of "/bumperbot_ws/install/bumperbot_msgs/lib/libbumperbot_msgs__rosidl_generator_c.so" to ""
[9.180s] -- Up-to-date: /bumperbot_ws/install/bumperbot_msgs/include/bumperbot_msgs/bumperbot_msgs
[9.181s] -- Up-to-date: /bumperbot_ws/install/bumperbot_msgs/include/bumperbot_msgs/bumperbot_msgs/msg
[9.181s] -- Installing: /bumperbot_ws/install/bumperbot_msgs/include/bumperbot_msgs/bumperbot_msgs/msg/rosidl_typesupport_fastrtps_c__visibility_control.h
[9.181s] -- Up-to-date: /bumperbot_ws/install/bumperbot_msgs/include/bumperbot_msgs/bumperbot_msgs/srv
[9.181s] -- Up-to-date: /bumperbot_ws/install/bumperbot_msgs/include/bumperbot_msgs/bumperbot_msgs/srv/detail
[9.181s] -- Installing: /bumperbot_ws/install/bumperbot_msgs/include/bumperbot_msgs/bumperbot_msgs/srv/detail/get_transform__rosidl_typesupport_fastrtps_c.h
[9.181s] -- Installing: /bumperbot_ws/install/bumperbot_msgs/include/bumperbot_msgs/bumperbot_msgs/srv/detail/add_two_ints__rosidl_typesupport_fastrtps_c.h
[9.181s] -- Up-to-date: /bumperbot_ws/install/bumperbot_msgs/include/bumperbot_msgs/bumperbot_msgs/action
[9.181s] -- Up-to-date: /bumperbot_ws/install/bumperbot_msgs/include/bumperbot_msgs/bumperbot_msgs/action/detail
[9.182s] -- Installing: /bumperbot_ws/install/bumperbot_msgs/include/bumperbot_msgs/bumperbot_msgs/action/detail/fibonacci__rosidl_typesupport_fastrtps_c.h
[9.182s] -- Installing: /bumperbot_ws/install/bumperbot_msgs/lib/libbumperbot_msgs__rosidl_typesupport_fastrtps_c.so
[9.182s] -- Set non-toolchain portion of runtime path of "/bumperbot_ws/install/bumperbot_msgs/lib/libbumperbot_msgs__rosidl_typesupport_fastrtps_c.so" to ""
[9.182s] -- Up-to-date: /bumperbot_ws/install/bumperbot_msgs/include/bumperbot_msgs/bumperbot_msgs
[9.182s] -- Up-to-date: /bumperbot_ws/install/bumperbot_msgs/include/bumperbot_msgs/bumperbot_msgs/msg
[9.182s] -- Installing: /bumperbot_ws/install/bumperbot_msgs/include/bumperbot_msgs/bumperbot_msgs/msg/rosidl_generator_cpp__visibility_control.hpp
[9.182s] -- Up-to-date: /bumperbot_ws/install/bumperbot_msgs/include/bumperbot_msgs/bumperbot_msgs/srv
[9.183s] -- Installing: /bumperbot_ws/install/bumperbot_msgs/include/bumperbot_msgs/bumperbot_msgs/srv/get_transform.hpp
[9.183s] -- Installing: /bumperbot_ws/install/bumperbot_msgs/include/bumperbot_msgs/bumperbot_msgs/srv/add_two_ints.hpp
[9.183s] -- Up-to-date: /bumperbot_ws/install/bumperbot_msgs/include/bumperbot_msgs/bumperbot_msgs/srv/detail
[9.183s] -- Installing: /bumperbot_ws/install/bumperbot_msgs/include/bumperbot_msgs/bumperbot_msgs/srv/detail/get_transform__type_support.hpp
[9.183s] -- Installing: /bumperbot_ws/install/bumperbot_msgs/include/bumperbot_msgs/bumperbot_msgs/srv/detail/get_transform__traits.hpp
[9.183s] -- Installing: /bumperbot_ws/install/bumperbot_msgs/include/bumperbot_msgs/bumperbot_msgs/srv/detail/add_two_ints__struct.hpp
[9.183s] -- Installing: /bumperbot_ws/install/bumperbot_msgs/include/bumperbot_msgs/bumperbot_msgs/srv/detail/add_two_ints__builder.hpp
[9.183s] -- Installing: /bumperbot_ws/install/bumperbot_msgs/include/bumperbot_msgs/bumperbot_msgs/srv/detail/add_two_ints__traits.hpp
[9.183s] -- Installing: /bumperbot_ws/install/bumperbot_msgs/include/bumperbot_msgs/bumperbot_msgs/srv/detail/add_two_ints__type_support.hpp
[9.184s] -- Installing: /bumperbot_ws/install/bumperbot_msgs/include/bumperbot_msgs/bumperbot_msgs/srv/detail/get_transform__struct.hpp
[9.184s] -- Installing: /bumperbot_ws/install/bumperbot_msgs/include/bumperbot_msgs/bumperbot_msgs/srv/detail/get_transform__builder.hpp
[9.184s] -- Up-to-date: /bumperbot_ws/install/bumperbot_msgs/include/bumperbot_msgs/bumperbot_msgs/action
[9.184s] -- Installing: /bumperbot_ws/install/bumperbot_msgs/include/bumperbot_msgs/bumperbot_msgs/action/fibonacci.hpp
[9.184s] -- Up-to-date: /bumperbot_ws/install/bumperbot_msgs/include/bumperbot_msgs/bumperbot_msgs/action/detail
[9.184s] -- Installing: /bumperbot_ws/install/bumperbot_msgs/include/bumperbot_msgs/bumperbot_msgs/action/detail/fibonacci__traits.hpp
[9.184s] -- Installing: /bumperbot_ws/install/bumperbot_msgs/include/bumperbot_msgs/bumperbot_msgs/action/detail/fibonacci__type_support.hpp
[9.184s] -- Installing: /bumperbot_ws/install/bumperbot_msgs/include/bumperbot_msgs/bumperbot_msgs/action/detail/fibonacci__builder.hpp
[9.184s] -- Installing: /bumperbot_ws/install/bumperbot_msgs/include/bumperbot_msgs/bumperbot_msgs/action/detail/fibonacci__struct.hpp
[9.184s] -- Up-to-date: /bumperbot_ws/install/bumperbot_msgs/include/bumperbot_msgs/bumperbot_msgs
[9.185s] -- Up-to-date: /bumperbot_ws/install/bumperbot_msgs/include/bumperbot_msgs/bumperbot_msgs/msg
[9.185s] -- Installing: /bumperbot_ws/install/bumperbot_msgs/include/bumperbot_msgs/bumperbot_msgs/msg/rosidl_typesupport_fastrtps_cpp__visibility_control.h
[9.185s] -- Up-to-date: /bumperbot_ws/install/bumperbot_msgs/include/bumperbot_msgs/bumperbot_msgs/srv
[9.185s] -- Up-to-date: /bumperbot_ws/install/bumperbot_msgs/include/bumperbot_msgs/bumperbot_msgs/srv/detail
[9.185s] -- Installing: /bumperbot_ws/install/bumperbot_msgs/include/bumperbot_msgs/bumperbot_msgs/srv/detail/dds_fastrtps
[9.185s] -- Installing: /bumperbot_ws/install/bumperbot_msgs/include/bumperbot_msgs/bumperbot_msgs/srv/detail/get_transform__rosidl_typesupport_fastrtps_cpp.hpp
[9.185s] -- Installing: /bumperbot_ws/install/bumperbot_msgs/include/bumperbot_msgs/bumperbot_msgs/srv/detail/add_two_ints__rosidl_typesupport_fastrtps_cpp.hpp
[9.185s] -- Up-to-date: /bumperbot_ws/install/bumperbot_msgs/include/bumperbot_msgs/bumperbot_msgs/action
[9.185s] -- Up-to-date: /bumperbot_ws/install/bumperbot_msgs/include/bumperbot_msgs/bumperbot_msgs/action/detail
[9.186s] -- Installing: /bumperbot_ws/install/bumperbot_msgs/include/bumperbot_msgs/bumperbot_msgs/action/detail/fibonacci__rosidl_typesupport_fastrtps_cpp.hpp
[9.186s] -- Installing: /bumperbot_ws/install/bumperbot_msgs/include/bumperbot_msgs/bumperbot_msgs/action/detail/dds_fastrtps
[9.186s] -- Installing: /bumperbot_ws/install/bumperbot_msgs/lib/libbumperbot_msgs__rosidl_typesupport_fastrtps_cpp.so
[9.186s] -- Set non-toolchain portion of runtime path of "/bumperbot_ws/install/bumperbot_msgs/lib/libbumperbot_msgs__rosidl_typesupport_fastrtps_cpp.so" to ""
[9.186s] -- Up-to-date: /bumperbot_ws/install/bumperbot_msgs/include/bumperbot_msgs/bumperbot_msgs
[9.186s] -- Up-to-date: /bumperbot_ws/install/bumperbot_msgs/include/bumperbot_msgs/bumperbot_msgs/msg
[9.186s] -- Installing: /bumperbot_ws/install/bumperbot_msgs/include/bumperbot_msgs/bumperbot_msgs/msg/rosidl_typesupport_introspection_c__visibility_control.h
[9.186s] -- Up-to-date: /bumperbot_ws/install/bumperbot_msgs/include/bumperbot_msgs/bumperbot_msgs/srv
[9.186s] -- Up-to-date: /bumperbot_ws/install/bumperbot_msgs/include/bumperbot_msgs/bumperbot_msgs/srv/detail
[9.186s] -- Installing: /bumperbot_ws/install/bumperbot_msgs/include/bumperbot_msgs/bumperbot_msgs/srv/detail/get_transform__type_support.c
[9.186s] -- Installing: /bumperbot_ws/install/bumperbot_msgs/include/bumperbot_msgs/bumperbot_msgs/srv/detail/add_two_ints__rosidl_typesupport_introspection_c.h
[9.187s] -- Installing: /bumperbot_ws/install/bumperbot_msgs/include/bumperbot_msgs/bumperbot_msgs/srv/detail/get_transform__rosidl_typesupport_introspection_c.h
[9.187s] -- Installing: /bumperbot_ws/install/bumperbot_msgs/include/bumperbot_msgs/bumperbot_msgs/srv/detail/add_two_ints__type_support.c
[9.187s] -- Up-to-date: /bumperbot_ws/install/bumperbot_msgs/include/bumperbot_msgs/bumperbot_msgs/action
[9.187s] -- Up-to-date: /bumperbot_ws/install/bumperbot_msgs/include/bumperbot_msgs/bumperbot_msgs/action/detail
[9.187s] -- Installing: /bumperbot_ws/install/bumperbot_msgs/include/bumperbot_msgs/bumperbot_msgs/action/detail/fibonacci__type_support.c
[9.187s] -- Installing: /bumperbot_ws/install/bumperbot_msgs/include/bumperbot_msgs/bumperbot_msgs/action/detail/fibonacci__rosidl_typesupport_introspection_c.h
[9.187s] -- Installing: /bumperbot_ws/install/bumperbot_msgs/lib/libbumperbot_msgs__rosidl_typesupport_introspection_c.so
[9.187s] -- Set non-toolchain portion of runtime path of "/bumperbot_ws/install/bumperbot_msgs/lib/libbumperbot_msgs__rosidl_typesupport_introspection_c.so" to ""
[9.187s] -- Installing: /bumperbot_ws/install/bumperbot_msgs/lib/libbumperbot_msgs__rosidl_typesupport_c.so
[9.188s] -- Set non-toolchain portion of runtime path of "/bumperbot_ws/install/bumperbot_msgs/lib/libbumperbot_msgs__rosidl_typesupport_c.so" to ""
[9.188s] -- Up-to-date: /bumperbot_ws/install/bumperbot_msgs/include/bumperbot_msgs/bumperbot_msgs
[9.188s] -- Up-to-date: /bumperbot_ws/install/bumperbot_msgs/include/bumperbot_msgs/bumperbot_msgs/srv
[9.188s] -- Up-to-date: /bumperbot_ws/install/bumperbot_msgs/include/bumperbot_msgs/bumperbot_msgs/srv/detail
[9.188s] -- Installing: /bumperbot_ws/install/bumperbot_msgs/include/bumperbot_msgs/bumperbot_msgs/srv/detail/get_transform__rosidl_typesupport_introspection_cpp.hpp
[9.188s] -- Installing: /bumperbot_ws/install/bumperbot_msgs/include/bumperbot_msgs/bumperbot_msgs/srv/detail/get_transform__type_support.cpp
[9.188s] -- Installing: /bumperbot_ws/install/bumperbot_msgs/include/bumperbot_msgs/bumperbot_msgs/srv/detail/add_two_ints__rosidl_typesupport_introspection_cpp.hpp
[9.188s] -- Installing: /bumperbot_ws/install/bumperbot_msgs/include/bumperbot_msgs/bumperbot_msgs/srv/detail/add_two_ints__type_support.cpp
[9.188s] -- Up-to-date: /bumperbot_ws/install/bumperbot_msgs/include/bumperbot_msgs/bumperbot_msgs/action
[9.188s] -- Up-to-date: /bumperbot_ws/install/bumperbot_msgs/include/bumperbot_msgs/bumperbot_msgs/action/detail
[9.188s] -- Installing: /bumperbot_ws/install/bumperbot_msgs/include/bumperbot_msgs/bumperbot_msgs/action/detail/fibonacci__rosidl_typesupport_introspection_cpp.hpp
[9.189s] -- Installing: /bumperbot_ws/install/bumperbot_msgs/include/bumperbot_msgs/bumperbot_msgs/action/detail/fibonacci__type_support.cpp
[9.189s] -- Installing: /bumperbot_ws/install/bumperbot_msgs/lib/libbumperbot_msgs__rosidl_typesupport_introspection_cpp.so
[9.189s] -- Set non-toolchain portion of runtime path of "/bumperbot_ws/install/bumperbot_msgs/lib/libbumperbot_msgs__rosidl_typesupport_introspection_cpp.so" to ""
[9.189s] -- Installing: /bumperbot_ws/install/bumperbot_msgs/lib/libbumperbot_msgs__rosidl_typesupport_cpp.so
[9.189s] -- Set non-toolchain portion of runtime path of "/bumperbot_ws/install/bumperbot_msgs/lib/libbumperbot_msgs__rosidl_typesupport_cpp.so" to ""
[9.189s] -- Installing: /bumperbot_ws/install/bumperbot_msgs/share/bumperbot_msgs/environment/pythonpath.sh
[9.189s] -- Installing: /bumperbot_ws/install/bumperbot_msgs/share/bumperbot_msgs/environment/pythonpath.dsv
[9.189s] -- Installing: /bumperbot_ws/install/bumperbot_msgs/lib/python3.12/site-packages/bumperbot_msgs-0.0.0-py3.12.egg-info
[9.189s] -- Installing: /bumperbot_ws/install/bumperbot_msgs/lib/python3.12/site-packages/bumperbot_msgs-0.0.0-py3.12.egg-info/top_level.txt
[9.190s] -- Installing: /bumperbot_ws/install/bumperbot_msgs/lib/python3.12/site-packages/bumperbot_msgs-0.0.0-py3.12.egg-info/PKG-INFO
[9.190s] -- Installing: /bumperbot_ws/install/bumperbot_msgs/lib/python3.12/site-packages/bumperbot_msgs-0.0.0-py3.12.egg-info/SOURCES.txt
[9.190s] -- Installing: /bumperbot_ws/install/bumperbot_msgs/lib/python3.12/site-packages/bumperbot_msgs-0.0.0-py3.12.egg-info/dependency_links.txt
[9.190s] -- Installing: /bumperbot_ws/install/bumperbot_msgs/lib/python3.12/site-packages/bumperbot_msgs
[9.190s] -- Installing: /bumperbot_ws/install/bumperbot_msgs/lib/python3.12/site-packages/bumperbot_msgs/_bumperbot_msgs_s.ep.rosidl_typesupport_c.c
[9.190s] -- Installing: /bumperbot_ws/install/bumperbot_msgs/lib/python3.12/site-packages/bumperbot_msgs/bumperbot_msgs_s__rosidl_typesupport_fastrtps_c.so
[9.190s] -- Installing: /bumperbot_ws/install/bumperbot_msgs/lib/python3.12/site-packages/bumperbot_msgs/__init__.py
[9.190s] -- Installing: /bumperbot_ws/install/bumperbot_msgs/lib/python3.12/site-packages/bumperbot_msgs/_bumperbot_msgs_s.ep.rosidl_typesupport_fastrtps_c.c
[9.190s] -- Installing: /bumperbot_ws/install/bumperbot_msgs/lib/python3.12/site-packages/bumperbot_msgs/_bumperbot_msgs_s.ep.rosidl_typesupport_introspection_c.c
[9.191s] -- Installing: /bumperbot_ws/install/bumperbot_msgs/lib/python3.12/site-packages/bumperbot_msgs/bumperbot_msgs_s__rosidl_typesupport_introspection_c.so
[9.191s] -- Installing: /bumperbot_ws/install/bumperbot_msgs/lib/python3.12/site-packages/bumperbot_msgs/srv
[9.191s] -- Installing: /bumperbot_ws/install/bumperbot_msgs/lib/python3.12/site-packages/bumperbot_msgs/srv/__init__.py
[9.191s] -- Installing: /bumperbot_ws/install/bumperbot_msgs/lib/python3.12/site-packages/bumperbot_msgs/srv/_get_transform.py
[9.191s] -- Installing: /bumperbot_ws/install/bumperbot_msgs/lib/python3.12/site-packages/bumperbot_msgs/srv/_add_two_ints_s.c
[9.191s] -- Installing: /bumperbot_ws/install/bumperbot_msgs/lib/python3.12/site-packages/bumperbot_msgs/srv/_add_two_ints.py
[9.191s] -- Installing: /bumperbot_ws/install/bumperbot_msgs/lib/python3.12/site-packages/bumperbot_msgs/srv/_get_transform_s.c
[9.191s] -- Installing: /bumperbot_ws/install/bumperbot_msgs/lib/python3.12/site-packages/bumperbot_msgs/bumperbot_msgs_s__rosidl_typesupport_c.so
[9.191s] -- Installing: /bumperbot_ws/install/bumperbot_msgs/lib/python3.12/site-packages/bumperbot_msgs/action
[9.191s] -- Installing: /bumperbot_ws/install/bumperbot_msgs/lib/python3.12/site-packages/bumperbot_msgs/action/__init__.py
[9.191s] -- Installing: /bumperbot_ws/install/bumperbot_msgs/lib/python3.12/site-packages/bumperbot_msgs/action/_fibonacci.py
[9.192s] -- Installing: /bumperbot_ws/install/bumperbot_msgs/lib/python3.12/site-packages/bumperbot_msgs/action/_fibonacci_s.c
[9.276s] Listing '/bumperbot_ws/install/bumperbot_msgs/lib/python3.12/site-packages/bumperbot_msgs'...
[9.276s] Compiling '/bumperbot_ws/install/bumperbot_msgs/lib/python3.12/site-packages/bumperbot_msgs/__init__.py'...
[9.277s] Listing '/bumperbot_ws/install/bumperbot_msgs/lib/python3.12/site-packages/bumperbot_msgs/action'...
[9.277s] Compiling '/bumperbot_ws/install/bumperbot_msgs/lib/python3.12/site-packages/bumperbot_msgs/action/__init__.py'...
[9.277s] Compiling '/bumperbot_ws/install/bumperbot_msgs/lib/python3.12/site-packages/bumperbot_msgs/action/_fibonacci.py'...
[9.277s] Listing '/bumperbot_ws/install/bumperbot_msgs/lib/python3.12/site-packages/bumperbot_msgs/srv'...
[9.277s] Compiling '/bumperbot_ws/install/bumperbot_msgs/lib/python3.12/site-packages/bumperbot_msgs/srv/__init__.py'...
[9.277s] Compiling '/bumperbot_ws/install/bumperbot_msgs/lib/python3.12/site-packages/bumperbot_msgs/srv/_add_two_ints.py'...
[9.277s] Compiling '/bumperbot_ws/install/bumperbot_msgs/lib/python3.12/site-packages/bumperbot_msgs/srv/_get_transform.py'...
[9.286s] -- Installing: /bumperbot_ws/install/bumperbot_msgs/lib/python3.12/site-packages/bumperbot_msgs/bumperbot_msgs_s__rosidl_typesupport_fastrtps_c.so
[9.286s] -- Set non-toolchain portion of runtime path of "/bumperbot_ws/install/bumperbot_msgs/lib/python3.12/site-packages/bumperbot_msgs/bumperbot_msgs_s__rosidl_typesupport_fastrtps_c.so" to ""
[9.287s] -- Installing: /bumperbot_ws/install/bumperbot_msgs/lib/python3.12/site-packages/bumperbot_msgs/bumperbot_msgs_s__rosidl_typesupport_introspection_c.so
[9.287s] -- Set non-toolchain portion of runtime path of "/bumperbot_ws/install/bumperbot_msgs/lib/python3.12/site-packages/bumperbot_msgs/bumperbot_msgs_s__rosidl_typesupport_introspection_c.so" to ""
[9.287s] -- Installing: /bumperbot_ws/install/bumperbot_msgs/lib/python3.12/site-packages/bumperbot_msgs/bumperbot_msgs_s__rosidl_typesupport_c.so
[9.288s] -- Set non-toolchain portion of runtime path of "/bumperbot_ws/install/bumperbot_msgs/lib/python3.12/site-packages/bumperbot_msgs/bumperbot_msgs_s__rosidl_typesupport_c.so" to ""
[9.288s] -- Installing: /bumperbot_ws/install/bumperbot_msgs/lib/libbumperbot_msgs__rosidl_generator_py.so
[9.288s] -- Set non-toolchain portion of runtime path of "/bumperbot_ws/install/bumperbot_msgs/lib/libbumperbot_msgs__rosidl_generator_py.so" to ""
[9.288s] -- Installing: /bumperbot_ws/install/bumperbot_msgs/share/bumperbot_msgs/action/Fibonacci.idl
[9.288s] -- Installing: /bumperbot_ws/install/bumperbot_msgs/share/bumperbot_msgs/srv/AddTwoInts.idl
[9.288s] -- Installing: /bumperbot_ws/install/bumperbot_msgs/share/bumperbot_msgs/srv/GetTransform.idl
[9.289s] -- Installing: /bumperbot_ws/install/bumperbot_msgs/share/bumperbot_msgs/action/Fibonacci.action
[9.289s] -- Installing: /bumperbot_ws/install/bumperbot_msgs/share/bumperbot_msgs/srv/AddTwoInts.srv
[9.289s] -- Installing: /bumperbot_ws/install/bumperbot_msgs/share/bumperbot_msgs/srv/GetTransform.srv
[9.289s] -- Installing: /bumperbot_ws/install/bumperbot_msgs/share/ament_index/resource_index/package_run_dependencies/bumperbot_msgs
[9.289s] -- Installing: /bumperbot_ws/install/bumperbot_msgs/share/ament_index/resource_index/parent_prefix_path/bumperbot_msgs
[9.289s] -- Installing: /bumperbot_ws/install/bumperbot_msgs/share/bumperbot_msgs/environment/ament_prefix_path.sh
[9.290s] -- Installing: /bumperbot_ws/install/bumperbot_msgs/share/bumperbot_msgs/environment/ament_prefix_path.dsv
[9.290s] -- Installing: /bumperbot_ws/install/bumperbot_msgs/share/bumperbot_msgs/environment/path.sh
[9.290s] -- Installing: /bumperbot_ws/install/bumperbot_msgs/share/bumperbot_msgs/environment/path.dsv
[9.290s] -- Installing: /bumperbot_ws/install/bumperbot_msgs/share/bumperbot_msgs/local_setup.bash
[9.290s] -- Installing: /bumperbot_ws/install/bumperbot_msgs/share/bumperbot_msgs/local_setup.sh
[9.290s] -- Installing: /bumperbot_ws/install/bumperbot_msgs/share/bumperbot_msgs/local_setup.zsh
[9.290s] -- Installing: /bumperbot_ws/install/bumperbot_msgs/share/bumperbot_msgs/local_setup.dsv
[9.291s] -- Installing: /bumperbot_ws/install/bumperbot_msgs/share/bumperbot_msgs/package.dsv
[9.291s] -- Installing: /bumperbot_ws/install/bumperbot_msgs/share/ament_index/resource_index/packages/bumperbot_msgs
[9.291s] -- Installing: /bumperbot_ws/install/bumperbot_msgs/share/bumperbot_msgs/cmake/export_bumperbot_msgs__rosidl_generator_cExport.cmake
[9.291s] -- Installing: /bumperbot_ws/install/bumperbot_msgs/share/bumperbot_msgs/cmake/export_bumperbot_msgs__rosidl_generator_cExport-noconfig.cmake
[9.291s] -- Installing: /bumperbot_ws/install/bumperbot_msgs/share/bumperbot_msgs/cmake/export_bumperbot_msgs__rosidl_typesupport_fastrtps_cExport.cmake
[9.291s] -- Installing: /bumperbot_ws/install/bumperbot_msgs/share/bumperbot_msgs/cmake/export_bumperbot_msgs__rosidl_typesupport_fastrtps_cExport-noconfig.cmake
[9.291s] -- Installing: /bumperbot_ws/install/bumperbot_msgs/share/bumperbot_msgs/cmake/export_bumperbot_msgs__rosidl_generator_cppExport.cmake
[9.291s] -- Installing: /bumperbot_ws/install/bumperbot_msgs/share/bumperbot_msgs/cmake/export_bumperbot_msgs__rosidl_typesupport_fastrtps_cppExport.cmake
[9.291s] -- Installing: /bumperbot_ws/install/bumperbot_msgs/share/bumperbot_msgs/cmake/export_bumperbot_msgs__rosidl_typesupport_fastrtps_cppExport-noconfig.cmake
[9.292s] -- Installing: /bumperbot_ws/install/bumperbot_msgs/share/bumperbot_msgs/cmake/bumperbot_msgs__rosidl_typesupport_introspection_cExport.cmake
[9.292s] -- Installing: /bumperbot_ws/install/bumperbot_msgs/share/bumperbot_msgs/cmake/bumperbot_msgs__rosidl_typesupport_introspection_cExport-noconfig.cmake
[9.292s] -- Installing: /bumperbot_ws/install/bumperbot_msgs/share/bumperbot_msgs/cmake/bumperbot_msgs__rosidl_typesupport_cExport.cmake
[9.292s] -- Installing: /bumperbot_ws/install/bumperbot_msgs/share/bumperbot_msgs/cmake/bumperbot_msgs__rosidl_typesupport_cExport-noconfig.cmake
[9.292s] -- Installing: /bumperbot_ws/install/bumperbot_msgs/share/bumperbot_msgs/cmake/bumperbot_msgs__rosidl_typesupport_introspection_cppExport.cmake
[9.292s] -- Installing: /bumperbot_ws/install/bumperbot_msgs/share/bumperbot_msgs/cmake/bumperbot_msgs__rosidl_typesupport_introspection_cppExport-noconfig.cmake
[9.292s] -- Installing: /bumperbot_ws/install/bumperbot_msgs/share/bumperbot_msgs/cmake/bumperbot_msgs__rosidl_typesupport_cppExport.cmake
[9.292s] -- Installing: /bumperbot_ws/install/bumperbot_msgs/share/bumperbot_msgs/cmake/bumperbot_msgs__rosidl_typesupport_cppExport-noconfig.cmake
[9.292s] -- Installing: /bumperbot_ws/install/bumperbot_msgs/share/bumperbot_msgs/cmake/export_bumperbot_msgs__rosidl_generator_pyExport.cmake
[9.292s] -- Installing: /bumperbot_ws/install/bumperbot_msgs/share/bumperbot_msgs/cmake/export_bumperbot_msgs__rosidl_generator_pyExport-noconfig.cmake
[9.292s] -- Installing: /bumperbot_ws/install/bumperbot_msgs/share/bumperbot_msgs/cmake/rosidl_cmake-extras.cmake
[9.292s] -- Installing: /bumperbot_ws/install/bumperbot_msgs/share/bumperbot_msgs/cmake/ament_cmake_export_dependencies-extras.cmake
[9.293s] -- Installing: /bumperbot_ws/install/bumperbot_msgs/share/bumperbot_msgs/cmake/ament_cmake_export_include_directories-extras.cmake
[9.293s] -- Installing: /bumperbot_ws/install/bumperbot_msgs/share/bumperbot_msgs/cmake/ament_cmake_export_libraries-extras.cmake
[9.293s] -- Installing: /bumperbot_ws/install/bumperbot_msgs/share/bumperbot_msgs/cmake/ament_cmake_export_targets-extras.cmake
[9.293s] -- Installing: /bumperbot_ws/install/bumperbot_msgs/share/bumperbot_msgs/cmake/rosidl_cmake_export_typesupport_targets-extras.cmake
[9.293s] -- Installing: /bumperbot_ws/install/bumperbot_msgs/share/bumperbot_msgs/cmake/rosidl_cmake_export_typesupport_libraries-extras.cmake
[9.293s] -- Installing: /bumperbot_ws/install/bumperbot_msgs/share/bumperbot_msgs/cmake/bumperbot_msgsConfig.cmake
[9.293s] -- Installing: /bumperbot_ws/install/bumperbot_msgs/share/bumperbot_msgs/cmake/bumperbot_msgsConfig-version.cmake
[9.293s] -- Installing: /bumperbot_ws/install/bumperbot_msgs/share/bumperbot_msgs/package.xml
[9.295s] Invoked command in '/bumperbot_ws/build/bumperbot_msgs' returned '0': CMAKE_PREFIX_PATH=${CMAKE_PREFIX_PATH}:/opt/ros/jazzy /usr/bin/cmake --install /bumperbot_ws/build/bumperbot_msgs
