[0.014s] Invoking command in '/bumperbot/build/bumperbot_cpp_examples': CMAKE_PREFIX_PATH=/opt/ros/jazzy /usr/bin/cmake --build /bumperbot/build/bumperbot_cpp_examples -- -j8 -l8
[0.123s] [ 20%] Built target simple_publisher
[0.124s] [ 40%] Built target simple_subscriber
[0.126s] [ 60%] Built target simple_lifecycle_node
[0.134s] [ 80%] Built target simple_qos_publisher
[0.141s] [100%] Built target simple_qos_subscriber
[0.154s] Invoked command in '/bumperbot/build/bumperbot_cpp_examples' returned '0': CMAKE_PREFIX_PATH=/opt/ros/jazzy /usr/bin/cmake --build /bumperbot/build/bumperbot_cpp_examples -- -j8 -l8
[0.157s] Invoking command in '/bumperbot/build/bumperbot_cpp_examples': CMAKE_PREFIX_PATH=/opt/ros/jazzy /usr/bin/cmake --install /bumperbot/build/bumperbot_cpp_examples
[0.175s] -- Install configuration: ""
[0.175s] -- Up-to-date: /bumperbot/install/bumperbot_cpp_examples/lib/bumperbot_cpp_examples/simple_publisher
[0.176s] -- Up-to-date: /bumperbot/install/bumperbot_cpp_examples/lib/bumperbot_cpp_examples/simple_subscriber
[0.177s] -- Up-to-date: /bumperbot/install/bumperbot_cpp_examples/lib/bumperbot_cpp_examples/simple_lifecycle_node
[0.178s] -- Up-to-date: /bumperbot/install/bumperbot_cpp_examples/lib/bumperbot_cpp_examples/simple_qos_publisher
[0.178s] -- Up-to-date: /bumperbot/install/bumperbot_cpp_examples/lib/bumperbot_cpp_examples/simple_qos_subscriber
[0.179s] -- Up-to-date: /bumperbot/install/bumperbot_cpp_examples/share/ament_index/resource_index/package_run_dependencies/bumperbot_cpp_examples
[0.179s] -- Up-to-date: /bumperbot/install/bumperbot_cpp_examples/share/ament_index/resource_index/parent_prefix_path/bumperbot_cpp_examples
[0.179s] -- Up-to-date: /bumperbot/install/bumperbot_cpp_examples/share/bumperbot_cpp_examples/environment/ament_prefix_path.sh
[0.180s] -- Up-to-date: /bumperbot/install/bumperbot_cpp_examples/share/bumperbot_cpp_examples/environment/ament_prefix_path.dsv
[0.180s] -- Up-to-date: /bumperbot/install/bumperbot_cpp_examples/share/bumperbot_cpp_examples/environment/path.sh
[0.181s] -- Up-to-date: /bumperbot/install/bumperbot_cpp_examples/share/bumperbot_cpp_examples/environment/path.dsv
[0.181s] -- Up-to-date: /bumperbot/install/bumperbot_cpp_examples/share/bumperbot_cpp_examples/local_setup.bash
[0.181s] -- Up-to-date: /bumperbot/install/bumperbot_cpp_examples/share/bumperbot_cpp_examples/local_setup.sh
[0.182s] -- Up-to-date: /bumperbot/install/bumperbot_cpp_examples/share/bumperbot_cpp_examples/local_setup.zsh
[0.182s] -- Up-to-date: /bumperbot/install/bumperbot_cpp_examples/share/bumperbot_cpp_examples/local_setup.dsv
[0.182s] -- Installing: /bumperbot/install/bumperbot_cpp_examples/share/bumperbot_cpp_examples/package.dsv
[0.183s] -- Up-to-date: /bumperbot/install/bumperbot_cpp_examples/share/ament_index/resource_index/packages/bumperbot_cpp_examples
[0.185s] -- Up-to-date: /bumperbot/install/bumperbot_cpp_examples/share/bumperbot_cpp_examples/cmake/bumperbot_cpp_examplesConfig.cmake
[0.186s] -- Up-to-date: /bumperbot/install/bumperbot_cpp_examples/share/bumperbot_cpp_examples/cmake/bumperbot_cpp_examplesConfig-version.cmake
[0.187s] -- Up-to-date: /bumperbot/install/bumperbot_cpp_examples/share/bumperbot_cpp_examples/package.xml
[0.202s] Invoked command in '/bumperbot/build/bumperbot_cpp_examples' returned '0': CMAKE_PREFIX_PATH=/opt/ros/jazzy /usr/bin/cmake --install /bumperbot/build/bumperbot_cpp_examples
