[100%] Built target dijkstra_planner
-- Install configuration: ""
-- Up-to-date: /bumperbot/install/bumperbot_planning/include/include
-- Up-to-date: /bumperbot/install/bumperbot_planning/include/include/bumperbot_planning
-- Up-to-date: /bumperbot/install/bumperbot_planning/include/include/bumperbot_planning/dijkstra_planner.hpp
-- Up-to-date: /bumperbot/install/bumperbot_planning/lib/bumperbot_planning/dijkstra_planner
-- Up-to-date: /bumperbot/install/bumperbot_planning/share/ament_index/resource_index/package_run_dependencies/bumperbot_planning
-- Up-to-date: /bumperbot/install/bumperbot_planning/share/ament_index/resource_index/parent_prefix_path/bumperbot_planning
-- Up-to-date: /bumperbot/install/bumperbot_planning/share/bumperbot_planning/environment/ament_prefix_path.sh
-- Up-to-date: /bumperbot/install/bumperbot_planning/share/bumperbot_planning/environment/ament_prefix_path.dsv
-- Up-to-date: /bumperbot/install/bumperbot_planning/share/bumperbot_planning/environment/path.sh
-- Up-to-date: /bumperbot/install/bumperbot_planning/share/bumperbot_planning/environment/path.dsv
-- Up-to-date: /bumperbot/install/bumperbot_planning/share/bumperbot_planning/local_setup.bash
-- Up-to-date: /bumperbot/install/bumperbot_planning/share/bumperbot_planning/local_setup.sh
-- Up-to-date: /bumperbot/install/bumperbot_planning/share/bumperbot_planning/local_setup.zsh
-- Up-to-date: /bumperbot/install/bumperbot_planning/share/bumperbot_planning/local_setup.dsv
-- Installing: /bumperbot/install/bumperbot_planning/share/bumperbot_planning/package.dsv
-- Up-to-date: /bumperbot/install/bumperbot_planning/share/ament_index/resource_index/packages/bumperbot_planning
-- Up-to-date: /bumperbot/install/bumperbot_planning/share/bumperbot_planning/cmake/ament_cmake_export_include_directories-extras.cmake
-- Up-to-date: /bumperbot/install/bumperbot_planning/share/bumperbot_planning/cmake/ament_cmake_export_dependencies-extras.cmake
-- Up-to-date: /bumperbot/install/bumperbot_planning/share/bumperbot_planning/cmake/bumperbot_planningConfig.cmake
-- Up-to-date: /bumperbot/install/bumperbot_planning/share/bumperbot_planning/cmake/bumperbot_planningConfig-version.cmake
-- Up-to-date: /bumperbot/install/bumperbot_planning/share/bumperbot_planning/package.xml
