[0.026s] Invoking command in '/bumperbot/build/bumperbot_planning': CMAKE_PREFIX_PATH=${CMAKE_PREFIX_PATH}:/opt/ros/jazzy /usr/bin/cmake --build /bumperbot/build/bumperbot_planning -- -j8 -l8
[0.257s] [100%] Built target dijkstra_planner
[0.328s] Invoked command in '/bumperbot/build/bumperbot_planning' returned '0': CMAKE_PREFIX_PATH=${CMAKE_PREFIX_PATH}:/opt/ros/jazzy /usr/bin/cmake --build /bumperbot/build/bumperbot_planning -- -j8 -l8
[0.329s] Invoking command in '/bumperbot/build/bumperbot_planning': CMAKE_PREFIX_PATH=${CMAKE_PREFIX_PATH}:/opt/ros/jazzy /usr/bin/cmake --install /bumperbot/build/bumperbot_planning
[0.329s] -- Install configuration: ""
[0.329s] -- Up-to-date: /bumperbot/install/bumperbot_planning/include/include
[0.329s] -- Up-to-date: /bumperbot/install/bumperbot_planning/include/include/bumperbot_planning
[0.330s] -- Up-to-date: /bumperbot/install/bumperbot_planning/include/include/bumperbot_planning/dijkstra_planner.hpp
[0.330s] -- Up-to-date: /bumperbot/install/bumperbot_planning/lib/bumperbot_planning/dijkstra_planner
[0.330s] -- Up-to-date: /bumperbot/install/bumperbot_planning/share/ament_index/resource_index/package_run_dependencies/bumperbot_planning
[0.330s] -- Up-to-date: /bumperbot/install/bumperbot_planning/share/ament_index/resource_index/parent_prefix_path/bumperbot_planning
[0.330s] -- Up-to-date: /bumperbot/install/bumperbot_planning/share/bumperbot_planning/environment/ament_prefix_path.sh
[0.330s] -- Up-to-date: /bumperbot/install/bumperbot_planning/share/bumperbot_planning/environment/ament_prefix_path.dsv
[0.330s] -- Up-to-date: /bumperbot/install/bumperbot_planning/share/bumperbot_planning/environment/path.sh
[0.331s] -- Up-to-date: /bumperbot/install/bumperbot_planning/share/bumperbot_planning/environment/path.dsv
[0.331s] -- Up-to-date: /bumperbot/install/bumperbot_planning/share/bumperbot_planning/local_setup.bash
[0.331s] -- Up-to-date: /bumperbot/install/bumperbot_planning/share/bumperbot_planning/local_setup.sh
[0.331s] -- Up-to-date: /bumperbot/install/bumperbot_planning/share/bumperbot_planning/local_setup.zsh
[0.331s] -- Up-to-date: /bumperbot/install/bumperbot_planning/share/bumperbot_planning/local_setup.dsv
[0.331s] -- Installing: /bumperbot/install/bumperbot_planning/share/bumperbot_planning/package.dsv
[0.332s] -- Up-to-date: /bumperbot/install/bumperbot_planning/share/ament_index/resource_index/packages/bumperbot_planning
[0.332s] -- Up-to-date: /bumperbot/install/bumperbot_planning/share/bumperbot_planning/cmake/ament_cmake_export_include_directories-extras.cmake
[0.332s] -- Up-to-date: /bumperbot/install/bumperbot_planning/share/bumperbot_planning/cmake/ament_cmake_export_dependencies-extras.cmake
[0.332s] -- Up-to-date: /bumperbot/install/bumperbot_planning/share/bumperbot_planning/cmake/bumperbot_planningConfig.cmake
[0.332s] -- Up-to-date: /bumperbot/install/bumperbot_planning/share/bumperbot_planning/cmake/bumperbot_planningConfig-version.cmake
[0.332s] -- Up-to-date: /bumperbot/install/bumperbot_planning/share/bumperbot_planning/package.xml
[0.333s] Invoked command in '/bumperbot/build/bumperbot_planning' returned '0': CMAKE_PREFIX_PATH=${CMAKE_PREFIX_PATH}:/opt/ros/jazzy /usr/bin/cmake --install /bumperbot/build/bumperbot_planning
