[0.064s] DEBUG:colcon:Command line arguments: ['/usr/bin/colcon', 'build']
[0.064s] DEBUG:colcon:Parsed command line arguments: Namespace(log_base=None, log_level=None, verb_name='build', build_base='build', install_base='install', merge_install=False, symlink_install=False, test_result_base=None, continue_on_error=False, executor='parallel', parallel_workers=16, event_handlers=None, ignore_user_meta=False, metas=['./colcon.meta'], base_paths=['.'], packages_ignore=None, packages_ignore_regex=None, paths=None, packages_up_to=None, packages_up_to_regex=None, packages_above=None, packages_above_and_dependencies=None, packages_above_depth=None, packages_select_by_dep=None, packages_skip_by_dep=None, packages_skip_up_to=None, packages_select_build_failed=False, packages_skip_build_finished=False, packages_select_test_failures=False, packages_skip_test_passed=False, packages_select=None, packages_skip=None, packages_select_regex=None, packages_skip_regex=None, packages_start=None, packages_end=None, cmake_args=None, cmake_target=None, cmake_target_skip_unavailable=False, cmake_clean_cache=False, cmake_clean_first=False, cmake_force_configure=False, ament_cmake_args=None, catkin_cmake_args=None, catkin_skip_building_tests=False, mixin_files=None, mixin=None, verb_parser=<colcon_mixin.mixin.mixin_argument.MixinArgumentDecorator object at 0x76030d0c04d0>, verb_extension=<colcon_core.verb.build.BuildVerb object at 0x76030d1d4b90>, main=<bound method BuildVerb.main of <colcon_core.verb.build.BuildVerb object at 0x76030d1d4b90>>, mixin_verb=('build',))
[0.086s] Level 1:colcon.colcon_core.package_discovery:discover_packages(colcon_meta) check parameters
[0.086s] Level 1:colcon.colcon_core.package_discovery:discover_packages(recursive) check parameters
[0.086s] Level 1:colcon.colcon_core.package_discovery:discover_packages(ignore) check parameters
[0.086s] Level 1:colcon.colcon_core.package_discovery:discover_packages(path) check parameters
[0.086s] Level 1:colcon.colcon_core.package_discovery:discover_packages(colcon_meta) discover
[0.086s] Level 1:colcon.colcon_core.package_discovery:discover_packages(recursive) discover
[0.086s] INFO:colcon.colcon_core.package_discovery:Crawling recursively for packages in '/bumperbot_ws'
[0.086s] Level 1:colcon.colcon_core.package_identification:_identify(.) by extensions ['ignore', 'ignore_ament_install']
[0.087s] Level 1:colcon.colcon_core.package_identification:_identify(.) by extension 'ignore'
[0.087s] Level 1:colcon.colcon_core.package_identification:_identify(.) by extension 'ignore_ament_install'
[0.087s] Level 1:colcon.colcon_core.package_identification:_identify(.) by extensions ['colcon_pkg']
[0.087s] Level 1:colcon.colcon_core.package_identification:_identify(.) by extension 'colcon_pkg'
[0.087s] Level 1:colcon.colcon_core.package_identification:_identify(.) by extensions ['colcon_meta']
[0.087s] Level 1:colcon.colcon_core.package_identification:_identify(.) by extension 'colcon_meta'
[0.087s] Level 1:colcon.colcon_core.package_identification:_identify(.) by extensions ['ros']
[0.087s] Level 1:colcon.colcon_core.package_identification:_identify(.) by extension 'ros'
[0.101s] Level 1:colcon.colcon_core.package_identification:_identify(.) by extensions ['cmake', 'python']
[0.101s] Level 1:colcon.colcon_core.package_identification:_identify(.) by extension 'cmake'
[0.101s] Level 1:colcon.colcon_core.package_identification:_identify(.) by extension 'python'
[0.101s] Level 1:colcon.colcon_core.package_identification:_identify(.) by extensions ['python_setup_py']
[0.101s] Level 1:colcon.colcon_core.package_identification:_identify(.) by extension 'python_setup_py'
[0.101s] Level 1:colcon.colcon_core.package_identification:_identify(build) by extensions ['ignore', 'ignore_ament_install']
[0.101s] Level 1:colcon.colcon_core.package_identification:_identify(build) by extension 'ignore'
[0.101s] Level 1:colcon.colcon_core.package_identification:_identify(build) ignored
[0.101s] Level 1:colcon.colcon_core.package_identification:_identify(install) by extensions ['ignore', 'ignore_ament_install']
[0.101s] Level 1:colcon.colcon_core.package_identification:_identify(install) by extension 'ignore'
[0.101s] Level 1:colcon.colcon_core.package_identification:_identify(install) ignored
[0.101s] Level 1:colcon.colcon_core.package_identification:_identify(log) by extensions ['ignore', 'ignore_ament_install']
[0.101s] Level 1:colcon.colcon_core.package_identification:_identify(log) by extension 'ignore'
[0.101s] Level 1:colcon.colcon_core.package_identification:_identify(log) ignored
[0.101s] Level 1:colcon.colcon_core.package_identification:_identify(src) by extensions ['ignore', 'ignore_ament_install']
[0.101s] Level 1:colcon.colcon_core.package_identification:_identify(src) by extension 'ignore'
[0.102s] Level 1:colcon.colcon_core.package_identification:_identify(src) by extension 'ignore_ament_install'
[0.102s] Level 1:colcon.colcon_core.package_identification:_identify(src) by extensions ['colcon_pkg']
[0.102s] Level 1:colcon.colcon_core.package_identification:_identify(src) by extension 'colcon_pkg'
[0.102s] Level 1:colcon.colcon_core.package_identification:_identify(src) by extensions ['colcon_meta']
[0.102s] Level 1:colcon.colcon_core.package_identification:_identify(src) by extension 'colcon_meta'
[0.102s] Level 1:colcon.colcon_core.package_identification:_identify(src) by extensions ['ros']
[0.102s] Level 1:colcon.colcon_core.package_identification:_identify(src) by extension 'ros'
[0.102s] Level 1:colcon.colcon_core.package_identification:_identify(src) by extensions ['cmake', 'python']
[0.102s] Level 1:colcon.colcon_core.package_identification:_identify(src) by extension 'cmake'
[0.102s] Level 1:colcon.colcon_core.package_identification:_identify(src) by extension 'python'
[0.102s] Level 1:colcon.colcon_core.package_identification:_identify(src) by extensions ['python_setup_py']
[0.102s] Level 1:colcon.colcon_core.package_identification:_identify(src) by extension 'python_setup_py'
[0.102s] Level 1:colcon.colcon_core.package_identification:_identify(src/bumperbot_bringup) by extensions ['ignore', 'ignore_ament_install']
[0.102s] Level 1:colcon.colcon_core.package_identification:_identify(src/bumperbot_bringup) by extension 'ignore'
[0.102s] Level 1:colcon.colcon_core.package_identification:_identify(src/bumperbot_bringup) by extension 'ignore_ament_install'
[0.102s] Level 1:colcon.colcon_core.package_identification:_identify(src/bumperbot_bringup) by extensions ['colcon_pkg']
[0.102s] Level 1:colcon.colcon_core.package_identification:_identify(src/bumperbot_bringup) by extension 'colcon_pkg'
[0.102s] Level 1:colcon.colcon_core.package_identification:_identify(src/bumperbot_bringup) by extensions ['colcon_meta']
[0.102s] Level 1:colcon.colcon_core.package_identification:_identify(src/bumperbot_bringup) by extension 'colcon_meta'
[0.102s] Level 1:colcon.colcon_core.package_identification:_identify(src/bumperbot_bringup) by extensions ['ros']
[0.102s] Level 1:colcon.colcon_core.package_identification:_identify(src/bumperbot_bringup) by extension 'ros'
[0.104s] DEBUG:colcon.colcon_core.package_identification:Package 'src/bumperbot_bringup' with type 'ros.ament_cmake' and name 'bumperbot_bringup'
[0.104s] Level 1:colcon.colcon_core.package_identification:_identify(src/bumperbot_controller) by extensions ['ignore', 'ignore_ament_install']
[0.104s] Level 1:colcon.colcon_core.package_identification:_identify(src/bumperbot_controller) by extension 'ignore'
[0.104s] Level 1:colcon.colcon_core.package_identification:_identify(src/bumperbot_controller) by extension 'ignore_ament_install'
[0.104s] Level 1:colcon.colcon_core.package_identification:_identify(src/bumperbot_controller) by extensions ['colcon_pkg']
[0.104s] Level 1:colcon.colcon_core.package_identification:_identify(src/bumperbot_controller) by extension 'colcon_pkg'
[0.104s] Level 1:colcon.colcon_core.package_identification:_identify(src/bumperbot_controller) by extensions ['colcon_meta']
[0.104s] Level 1:colcon.colcon_core.package_identification:_identify(src/bumperbot_controller) by extension 'colcon_meta'
[0.104s] Level 1:colcon.colcon_core.package_identification:_identify(src/bumperbot_controller) by extensions ['ros']
[0.104s] Level 1:colcon.colcon_core.package_identification:_identify(src/bumperbot_controller) by extension 'ros'
[0.105s] DEBUG:colcon.colcon_core.package_identification:Package 'src/bumperbot_controller' with type 'ros.ament_cmake' and name 'bumperbot_controller'
[0.105s] Level 1:colcon.colcon_core.package_identification:_identify(src/bumperbot_cpp_examples) by extensions ['ignore', 'ignore_ament_install']
[0.105s] Level 1:colcon.colcon_core.package_identification:_identify(src/bumperbot_cpp_examples) by extension 'ignore'
[0.105s] Level 1:colcon.colcon_core.package_identification:_identify(src/bumperbot_cpp_examples) by extension 'ignore_ament_install'
[0.105s] Level 1:colcon.colcon_core.package_identification:_identify(src/bumperbot_cpp_examples) by extensions ['colcon_pkg']
[0.105s] Level 1:colcon.colcon_core.package_identification:_identify(src/bumperbot_cpp_examples) by extension 'colcon_pkg'
[0.105s] Level 1:colcon.colcon_core.package_identification:_identify(src/bumperbot_cpp_examples) by extensions ['colcon_meta']
[0.105s] Level 1:colcon.colcon_core.package_identification:_identify(src/bumperbot_cpp_examples) by extension 'colcon_meta'
[0.105s] Level 1:colcon.colcon_core.package_identification:_identify(src/bumperbot_cpp_examples) by extensions ['ros']
[0.105s] Level 1:colcon.colcon_core.package_identification:_identify(src/bumperbot_cpp_examples) by extension 'ros'
[0.105s] Level 1:colcon.colcon_core.package_identification:_identify(src/bumperbot_cpp_examples) by extensions ['cmake', 'python']
[0.105s] Level 1:colcon.colcon_core.package_identification:_identify(src/bumperbot_cpp_examples) by extension 'cmake'
[0.105s] Level 1:colcon.colcon_core.package_identification:_identify(src/bumperbot_cpp_examples) by extension 'python'
[0.105s] Level 1:colcon.colcon_core.package_identification:_identify(src/bumperbot_cpp_examples) by extensions ['python_setup_py']
[0.105s] Level 1:colcon.colcon_core.package_identification:_identify(src/bumperbot_cpp_examples) by extension 'python_setup_py'
[0.105s] Level 1:colcon.colcon_core.package_identification:_identify(src/bumperbot_cpp_examples/include) by extensions ['ignore', 'ignore_ament_install']
[0.105s] Level 1:colcon.colcon_core.package_identification:_identify(src/bumperbot_cpp_examples/include) by extension 'ignore'
[0.105s] Level 1:colcon.colcon_core.package_identification:_identify(src/bumperbot_cpp_examples/include) by extension 'ignore_ament_install'
[0.105s] Level 1:colcon.colcon_core.package_identification:_identify(src/bumperbot_cpp_examples/include) by extensions ['colcon_pkg']
[0.105s] Level 1:colcon.colcon_core.package_identification:_identify(src/bumperbot_cpp_examples/include) by extension 'colcon_pkg'
[0.105s] Level 1:colcon.colcon_core.package_identification:_identify(src/bumperbot_cpp_examples/include) by extensions ['colcon_meta']
[0.105s] Level 1:colcon.colcon_core.package_identification:_identify(src/bumperbot_cpp_examples/include) by extension 'colcon_meta'
[0.105s] Level 1:colcon.colcon_core.package_identification:_identify(src/bumperbot_cpp_examples/include) by extensions ['ros']
[0.105s] Level 1:colcon.colcon_core.package_identification:_identify(src/bumperbot_cpp_examples/include) by extension 'ros'
[0.105s] Level 1:colcon.colcon_core.package_identification:_identify(src/bumperbot_cpp_examples/include) by extensions ['cmake', 'python']
[0.105s] Level 1:colcon.colcon_core.package_identification:_identify(src/bumperbot_cpp_examples/include) by extension 'cmake'
[0.105s] Level 1:colcon.colcon_core.package_identification:_identify(src/bumperbot_cpp_examples/include) by extension 'python'
[0.105s] Level 1:colcon.colcon_core.package_identification:_identify(src/bumperbot_cpp_examples/include) by extensions ['python_setup_py']
[0.105s] Level 1:colcon.colcon_core.package_identification:_identify(src/bumperbot_cpp_examples/include) by extension 'python_setup_py'
[0.105s] Level 1:colcon.colcon_core.package_identification:_identify(src/bumperbot_cpp_examples/include/bumperbot_cpp_examples) by extensions ['ignore', 'ignore_ament_install']
[0.105s] Level 1:colcon.colcon_core.package_identification:_identify(src/bumperbot_cpp_examples/include/bumperbot_cpp_examples) by extension 'ignore'
[0.105s] Level 1:colcon.colcon_core.package_identification:_identify(src/bumperbot_cpp_examples/include/bumperbot_cpp_examples) by extension 'ignore_ament_install'
[0.106s] Level 1:colcon.colcon_core.package_identification:_identify(src/bumperbot_cpp_examples/include/bumperbot_cpp_examples) by extensions ['colcon_pkg']
[0.106s] Level 1:colcon.colcon_core.package_identification:_identify(src/bumperbot_cpp_examples/include/bumperbot_cpp_examples) by extension 'colcon_pkg'
[0.106s] Level 1:colcon.colcon_core.package_identification:_identify(src/bumperbot_cpp_examples/include/bumperbot_cpp_examples) by extensions ['colcon_meta']
[0.106s] Level 1:colcon.colcon_core.package_identification:_identify(src/bumperbot_cpp_examples/include/bumperbot_cpp_examples) by extension 'colcon_meta'
[0.106s] Level 1:colcon.colcon_core.package_identification:_identify(src/bumperbot_cpp_examples/include/bumperbot_cpp_examples) by extensions ['ros']
[0.106s] Level 1:colcon.colcon_core.package_identification:_identify(src/bumperbot_cpp_examples/include/bumperbot_cpp_examples) by extension 'ros'
[0.106s] Level 1:colcon.colcon_core.package_identification:_identify(src/bumperbot_cpp_examples/include/bumperbot_cpp_examples) by extensions ['cmake', 'python']
[0.106s] Level 1:colcon.colcon_core.package_identification:_identify(src/bumperbot_cpp_examples/include/bumperbot_cpp_examples) by extension 'cmake'
[0.106s] Level 1:colcon.colcon_core.package_identification:_identify(src/bumperbot_cpp_examples/include/bumperbot_cpp_examples) by extension 'python'
[0.106s] Level 1:colcon.colcon_core.package_identification:_identify(src/bumperbot_cpp_examples/include/bumperbot_cpp_examples) by extensions ['python_setup_py']
[0.106s] Level 1:colcon.colcon_core.package_identification:_identify(src/bumperbot_cpp_examples/include/bumperbot_cpp_examples) by extension 'python_setup_py'
[0.106s] Level 1:colcon.colcon_core.package_identification:_identify(src/bumperbot_description) by extensions ['ignore', 'ignore_ament_install']
[0.106s] Level 1:colcon.colcon_core.package_identification:_identify(src/bumperbot_description) by extension 'ignore'
[0.106s] Level 1:colcon.colcon_core.package_identification:_identify(src/bumperbot_description) by extension 'ignore_ament_install'
[0.106s] Level 1:colcon.colcon_core.package_identification:_identify(src/bumperbot_description) by extensions ['colcon_pkg']
[0.106s] Level 1:colcon.colcon_core.package_identification:_identify(src/bumperbot_description) by extension 'colcon_pkg'
[0.106s] Level 1:colcon.colcon_core.package_identification:_identify(src/bumperbot_description) by extensions ['colcon_meta']
[0.106s] Level 1:colcon.colcon_core.package_identification:_identify(src/bumperbot_description) by extension 'colcon_meta'
[0.106s] Level 1:colcon.colcon_core.package_identification:_identify(src/bumperbot_description) by extensions ['ros']
[0.106s] Level 1:colcon.colcon_core.package_identification:_identify(src/bumperbot_description) by extension 'ros'
[0.108s] DEBUG:colcon.colcon_core.package_identification:Package 'src/bumperbot_description' with type 'ros.ament_cmake' and name 'bumperbot_description'
[0.108s] Level 1:colcon.colcon_core.package_identification:_identify(src/bumperbot_localization) by extensions ['ignore', 'ignore_ament_install']
[0.108s] Level 1:colcon.colcon_core.package_identification:_identify(src/bumperbot_localization) by extension 'ignore'
[0.108s] Level 1:colcon.colcon_core.package_identification:_identify(src/bumperbot_localization) by extension 'ignore_ament_install'
[0.108s] Level 1:colcon.colcon_core.package_identification:_identify(src/bumperbot_localization) by extensions ['colcon_pkg']
[0.108s] Level 1:colcon.colcon_core.package_identification:_identify(src/bumperbot_localization) by extension 'colcon_pkg'
[0.108s] Level 1:colcon.colcon_core.package_identification:_identify(src/bumperbot_localization) by extensions ['colcon_meta']
[0.108s] Level 1:colcon.colcon_core.package_identification:_identify(src/bumperbot_localization) by extension 'colcon_meta'
[0.108s] Level 1:colcon.colcon_core.package_identification:_identify(src/bumperbot_localization) by extensions ['ros']
[0.108s] Level 1:colcon.colcon_core.package_identification:_identify(src/bumperbot_localization) by extension 'ros'
[0.108s] DEBUG:colcon.colcon_core.package_identification:Package 'src/bumperbot_localization' with type 'ros.ament_cmake' and name 'bumperbot_localization'
[0.108s] Level 1:colcon.colcon_core.package_identification:_identify(src/bumperbot_mapping) by extensions ['ignore', 'ignore_ament_install']
[0.109s] Level 1:colcon.colcon_core.package_identification:_identify(src/bumperbot_mapping) by extension 'ignore'
[0.109s] Level 1:colcon.colcon_core.package_identification:_identify(src/bumperbot_mapping) by extension 'ignore_ament_install'
[0.109s] Level 1:colcon.colcon_core.package_identification:_identify(src/bumperbot_mapping) by extensions ['colcon_pkg']
[0.109s] Level 1:colcon.colcon_core.package_identification:_identify(src/bumperbot_mapping) by extension 'colcon_pkg'
[0.109s] Level 1:colcon.colcon_core.package_identification:_identify(src/bumperbot_mapping) by extensions ['colcon_meta']
[0.109s] Level 1:colcon.colcon_core.package_identification:_identify(src/bumperbot_mapping) by extension 'colcon_meta'
[0.109s] Level 1:colcon.colcon_core.package_identification:_identify(src/bumperbot_mapping) by extensions ['ros']
[0.109s] Level 1:colcon.colcon_core.package_identification:_identify(src/bumperbot_mapping) by extension 'ros'
[0.109s] DEBUG:colcon.colcon_core.package_identification:Package 'src/bumperbot_mapping' with type 'ros.ament_cmake' and name 'bumperbot_mapping'
[0.109s] Level 1:colcon.colcon_core.package_identification:_identify(src/bumperbot_planning) by extensions ['ignore', 'ignore_ament_install']
[0.109s] Level 1:colcon.colcon_core.package_identification:_identify(src/bumperbot_planning) by extension 'ignore'
[0.109s] Level 1:colcon.colcon_core.package_identification:_identify(src/bumperbot_planning) by extension 'ignore_ament_install'
[0.109s] Level 1:colcon.colcon_core.package_identification:_identify(src/bumperbot_planning) by extensions ['colcon_pkg']
[0.109s] Level 1:colcon.colcon_core.package_identification:_identify(src/bumperbot_planning) by extension 'colcon_pkg'
[0.109s] Level 1:colcon.colcon_core.package_identification:_identify(src/bumperbot_planning) by extensions ['colcon_meta']
[0.109s] Level 1:colcon.colcon_core.package_identification:_identify(src/bumperbot_planning) by extension 'colcon_meta'
[0.109s] Level 1:colcon.colcon_core.package_identification:_identify(src/bumperbot_planning) by extensions ['ros']
[0.109s] Level 1:colcon.colcon_core.package_identification:_identify(src/bumperbot_planning) by extension 'ros'
[0.110s] DEBUG:colcon.colcon_core.package_identification:Package 'src/bumperbot_planning' with type 'ros.ament_cmake' and name 'bumperbot_planning'
[0.110s] Level 1:colcon.colcon_core.package_discovery:discover_packages(recursive) using defaults
[0.110s] Level 1:colcon.colcon_core.package_discovery:discover_packages(ignore) discover
[0.110s] Level 1:colcon.colcon_core.package_discovery:discover_packages(ignore) using defaults
[0.110s] Level 1:colcon.colcon_core.package_discovery:discover_packages(path) discover
[0.110s] Level 1:colcon.colcon_core.package_discovery:discover_packages(path) using defaults
[0.121s] Level 5:colcon.colcon_core.verb:set package 'bumperbot_controller' build argument 'cmake_args' from command line to 'None'
[0.121s] Level 5:colcon.colcon_core.verb:set package 'bumperbot_controller' build argument 'cmake_target' from command line to 'None'
[0.121s] Level 5:colcon.colcon_core.verb:set package 'bumperbot_controller' build argument 'cmake_target_skip_unavailable' from command line to 'False'
[0.121s] Level 5:colcon.colcon_core.verb:set package 'bumperbot_controller' build argument 'cmake_clean_cache' from command line to 'False'
[0.121s] Level 5:colcon.colcon_core.verb:set package 'bumperbot_controller' build argument 'cmake_clean_first' from command line to 'False'
[0.121s] Level 5:colcon.colcon_core.verb:set package 'bumperbot_controller' build argument 'cmake_force_configure' from command line to 'False'
[0.121s] Level 5:colcon.colcon_core.verb:set package 'bumperbot_controller' build argument 'ament_cmake_args' from command line to 'None'
[0.121s] Level 5:colcon.colcon_core.verb:set package 'bumperbot_controller' build argument 'catkin_cmake_args' from command line to 'None'
[0.121s] Level 5:colcon.colcon_core.verb:set package 'bumperbot_controller' build argument 'catkin_skip_building_tests' from command line to 'False'
[0.121s] DEBUG:colcon.colcon_core.verb:Building package 'bumperbot_controller' with the following arguments: {'ament_cmake_args': None, 'build_base': '/bumperbot_ws/build/bumperbot_controller', 'catkin_cmake_args': None, 'catkin_skip_building_tests': False, 'cmake_args': None, 'cmake_clean_cache': False, 'cmake_clean_first': False, 'cmake_force_configure': False, 'cmake_target': None, 'cmake_target_skip_unavailable': False, 'install_base': '/bumperbot_ws/install/bumperbot_controller', 'merge_install': False, 'path': '/bumperbot_ws/src/bumperbot_controller', 'symlink_install': False, 'test_result_base': None}
[0.121s] Level 5:colcon.colcon_core.verb:set package 'bumperbot_description' build argument 'cmake_args' from command line to 'None'
[0.121s] Level 5:colcon.colcon_core.verb:set package 'bumperbot_description' build argument 'cmake_target' from command line to 'None'
[0.121s] Level 5:colcon.colcon_core.verb:set package 'bumperbot_description' build argument 'cmake_target_skip_unavailable' from command line to 'False'
[0.121s] Level 5:colcon.colcon_core.verb:set package 'bumperbot_description' build argument 'cmake_clean_cache' from command line to 'False'
[0.121s] Level 5:colcon.colcon_core.verb:set package 'bumperbot_description' build argument 'cmake_clean_first' from command line to 'False'
[0.121s] Level 5:colcon.colcon_core.verb:set package 'bumperbot_description' build argument 'cmake_force_configure' from command line to 'False'
[0.121s] Level 5:colcon.colcon_core.verb:set package 'bumperbot_description' build argument 'ament_cmake_args' from command line to 'None'
[0.121s] Level 5:colcon.colcon_core.verb:set package 'bumperbot_description' build argument 'catkin_cmake_args' from command line to 'None'
[0.121s] Level 5:colcon.colcon_core.verb:set package 'bumperbot_description' build argument 'catkin_skip_building_tests' from command line to 'False'
[0.121s] DEBUG:colcon.colcon_core.verb:Building package 'bumperbot_description' with the following arguments: {'ament_cmake_args': None, 'build_base': '/bumperbot_ws/build/bumperbot_description', 'catkin_cmake_args': None, 'catkin_skip_building_tests': False, 'cmake_args': None, 'cmake_clean_cache': False, 'cmake_clean_first': False, 'cmake_force_configure': False, 'cmake_target': None, 'cmake_target_skip_unavailable': False, 'install_base': '/bumperbot_ws/install/bumperbot_description', 'merge_install': False, 'path': '/bumperbot_ws/src/bumperbot_description', 'symlink_install': False, 'test_result_base': None}
[0.122s] Level 5:colcon.colcon_core.verb:set package 'bumperbot_localization' build argument 'cmake_args' from command line to 'None'
[0.122s] Level 5:colcon.colcon_core.verb:set package 'bumperbot_localization' build argument 'cmake_target' from command line to 'None'
[0.122s] Level 5:colcon.colcon_core.verb:set package 'bumperbot_localization' build argument 'cmake_target_skip_unavailable' from command line to 'False'
[0.122s] Level 5:colcon.colcon_core.verb:set package 'bumperbot_localization' build argument 'cmake_clean_cache' from command line to 'False'
[0.122s] Level 5:colcon.colcon_core.verb:set package 'bumperbot_localization' build argument 'cmake_clean_first' from command line to 'False'
[0.122s] Level 5:colcon.colcon_core.verb:set package 'bumperbot_localization' build argument 'cmake_force_configure' from command line to 'False'
[0.122s] Level 5:colcon.colcon_core.verb:set package 'bumperbot_localization' build argument 'ament_cmake_args' from command line to 'None'
[0.122s] Level 5:colcon.colcon_core.verb:set package 'bumperbot_localization' build argument 'catkin_cmake_args' from command line to 'None'
[0.122s] Level 5:colcon.colcon_core.verb:set package 'bumperbot_localization' build argument 'catkin_skip_building_tests' from command line to 'False'
[0.122s] DEBUG:colcon.colcon_core.verb:Building package 'bumperbot_localization' with the following arguments: {'ament_cmake_args': None, 'build_base': '/bumperbot_ws/build/bumperbot_localization', 'catkin_cmake_args': None, 'catkin_skip_building_tests': False, 'cmake_args': None, 'cmake_clean_cache': False, 'cmake_clean_first': False, 'cmake_force_configure': False, 'cmake_target': None, 'cmake_target_skip_unavailable': False, 'install_base': '/bumperbot_ws/install/bumperbot_localization', 'merge_install': False, 'path': '/bumperbot_ws/src/bumperbot_localization', 'symlink_install': False, 'test_result_base': None}
[0.122s] Level 5:colcon.colcon_core.verb:set package 'bumperbot_mapping' build argument 'cmake_args' from command line to 'None'
[0.122s] Level 5:colcon.colcon_core.verb:set package 'bumperbot_mapping' build argument 'cmake_target' from command line to 'None'
[0.122s] Level 5:colcon.colcon_core.verb:set package 'bumperbot_mapping' build argument 'cmake_target_skip_unavailable' from command line to 'False'
[0.122s] Level 5:colcon.colcon_core.verb:set package 'bumperbot_mapping' build argument 'cmake_clean_cache' from command line to 'False'
[0.122s] Level 5:colcon.colcon_core.verb:set package 'bumperbot_mapping' build argument 'cmake_clean_first' from command line to 'False'
[0.122s] Level 5:colcon.colcon_core.verb:set package 'bumperbot_mapping' build argument 'cmake_force_configure' from command line to 'False'
[0.122s] Level 5:colcon.colcon_core.verb:set package 'bumperbot_mapping' build argument 'ament_cmake_args' from command line to 'None'
[0.122s] Level 5:colcon.colcon_core.verb:set package 'bumperbot_mapping' build argument 'catkin_cmake_args' from command line to 'None'
[0.122s] Level 5:colcon.colcon_core.verb:set package 'bumperbot_mapping' build argument 'catkin_skip_building_tests' from command line to 'False'
[0.122s] DEBUG:colcon.colcon_core.verb:Building package 'bumperbot_mapping' with the following arguments: {'ament_cmake_args': None, 'build_base': '/bumperbot_ws/build/bumperbot_mapping', 'catkin_cmake_args': None, 'catkin_skip_building_tests': False, 'cmake_args': None, 'cmake_clean_cache': False, 'cmake_clean_first': False, 'cmake_force_configure': False, 'cmake_target': None, 'cmake_target_skip_unavailable': False, 'install_base': '/bumperbot_ws/install/bumperbot_mapping', 'merge_install': False, 'path': '/bumperbot_ws/src/bumperbot_mapping', 'symlink_install': False, 'test_result_base': None}
[0.122s] Level 5:colcon.colcon_core.verb:set package 'bumperbot_planning' build argument 'cmake_args' from command line to 'None'
[0.122s] Level 5:colcon.colcon_core.verb:set package 'bumperbot_planning' build argument 'cmake_target' from command line to 'None'
[0.122s] Level 5:colcon.colcon_core.verb:set package 'bumperbot_planning' build argument 'cmake_target_skip_unavailable' from command line to 'False'
[0.122s] Level 5:colcon.colcon_core.verb:set package 'bumperbot_planning' build argument 'cmake_clean_cache' from command line to 'False'
[0.122s] Level 5:colcon.colcon_core.verb:set package 'bumperbot_planning' build argument 'cmake_clean_first' from command line to 'False'
[0.122s] Level 5:colcon.colcon_core.verb:set package 'bumperbot_planning' build argument 'cmake_force_configure' from command line to 'False'
[0.122s] Level 5:colcon.colcon_core.verb:set package 'bumperbot_planning' build argument 'ament_cmake_args' from command line to 'None'
[0.122s] Level 5:colcon.colcon_core.verb:set package 'bumperbot_planning' build argument 'catkin_cmake_args' from command line to 'None'
[0.122s] Level 5:colcon.colcon_core.verb:set package 'bumperbot_planning' build argument 'catkin_skip_building_tests' from command line to 'False'
[0.122s] DEBUG:colcon.colcon_core.verb:Building package 'bumperbot_planning' with the following arguments: {'ament_cmake_args': None, 'build_base': '/bumperbot_ws/build/bumperbot_planning', 'catkin_cmake_args': None, 'catkin_skip_building_tests': False, 'cmake_args': None, 'cmake_clean_cache': False, 'cmake_clean_first': False, 'cmake_force_configure': False, 'cmake_target': None, 'cmake_target_skip_unavailable': False, 'install_base': '/bumperbot_ws/install/bumperbot_planning', 'merge_install': False, 'path': '/bumperbot_ws/src/bumperbot_planning', 'symlink_install': False, 'test_result_base': None}
[0.122s] Level 5:colcon.colcon_core.verb:set package 'bumperbot_bringup' build argument 'cmake_args' from command line to 'None'
[0.122s] Level 5:colcon.colcon_core.verb:set package 'bumperbot_bringup' build argument 'cmake_target' from command line to 'None'
[0.122s] Level 5:colcon.colcon_core.verb:set package 'bumperbot_bringup' build argument 'cmake_target_skip_unavailable' from command line to 'False'
[0.122s] Level 5:colcon.colcon_core.verb:set package 'bumperbot_bringup' build argument 'cmake_clean_cache' from command line to 'False'
[0.122s] Level 5:colcon.colcon_core.verb:set package 'bumperbot_bringup' build argument 'cmake_clean_first' from command line to 'False'
[0.122s] Level 5:colcon.colcon_core.verb:set package 'bumperbot_bringup' build argument 'cmake_force_configure' from command line to 'False'
[0.122s] Level 5:colcon.colcon_core.verb:set package 'bumperbot_bringup' build argument 'ament_cmake_args' from command line to 'None'
[0.122s] Level 5:colcon.colcon_core.verb:set package 'bumperbot_bringup' build argument 'catkin_cmake_args' from command line to 'None'
[0.122s] Level 5:colcon.colcon_core.verb:set package 'bumperbot_bringup' build argument 'catkin_skip_building_tests' from command line to 'False'
[0.122s] DEBUG:colcon.colcon_core.verb:Building package 'bumperbot_bringup' with the following arguments: {'ament_cmake_args': None, 'build_base': '/bumperbot_ws/build/bumperbot_bringup', 'catkin_cmake_args': None, 'catkin_skip_building_tests': False, 'cmake_args': None, 'cmake_clean_cache': False, 'cmake_clean_first': False, 'cmake_force_configure': False, 'cmake_target': None, 'cmake_target_skip_unavailable': False, 'install_base': '/bumperbot_ws/install/bumperbot_bringup', 'merge_install': False, 'path': '/bumperbot_ws/src/bumperbot_bringup', 'symlink_install': False, 'test_result_base': None}
[0.122s] INFO:colcon.colcon_core.executor:Executing jobs using 'parallel' executor
[0.123s] DEBUG:colcon.colcon_parallel_executor.executor.parallel:run_until_complete
[0.123s] INFO:colcon.colcon_ros.task.ament_cmake.build:Building ROS package in '/bumperbot_ws/src/bumperbot_controller' with build type 'ament_cmake'
[0.123s] INFO:colcon.colcon_cmake.task.cmake.build:Building CMake package in '/bumperbot_ws/src/bumperbot_controller'
[0.126s] INFO:colcon.colcon_core.plugin_system:Skipping extension 'colcon_core.shell.bat': Not used on non-Windows systems
[0.126s] INFO:colcon.colcon_core.shell:Skip shell extension 'powershell' for command environment: Not usable outside of PowerShell
[0.126s] DEBUG:colcon.colcon_core.shell:Skip shell extension 'dsv' for command environment
[0.129s] INFO:colcon.colcon_ros.task.ament_cmake.build:Building ROS package in '/bumperbot_ws/src/bumperbot_description' with build type 'ament_cmake'
[0.129s] INFO:colcon.colcon_cmake.task.cmake.build:Building CMake package in '/bumperbot_ws/src/bumperbot_description'
[0.129s] INFO:colcon.colcon_core.shell:Skip shell extension 'powershell' for command environment: Not usable outside of PowerShell
[0.129s] DEBUG:colcon.colcon_core.shell:Skip shell extension 'dsv' for command environment
[0.131s] INFO:colcon.colcon_ros.task.ament_cmake.build:Building ROS package in '/bumperbot_ws/src/bumperbot_localization' with build type 'ament_cmake'
[0.131s] INFO:colcon.colcon_cmake.task.cmake.build:Building CMake package in '/bumperbot_ws/src/bumperbot_localization'
[0.131s] INFO:colcon.colcon_core.shell:Skip shell extension 'powershell' for command environment: Not usable outside of PowerShell
[0.131s] DEBUG:colcon.colcon_core.shell:Skip shell extension 'dsv' for command environment
[0.132s] INFO:colcon.colcon_ros.task.ament_cmake.build:Building ROS package in '/bumperbot_ws/src/bumperbot_mapping' with build type 'ament_cmake'
[0.132s] INFO:colcon.colcon_cmake.task.cmake.build:Building CMake package in '/bumperbot_ws/src/bumperbot_mapping'
[0.132s] INFO:colcon.colcon_core.shell:Skip shell extension 'powershell' for command environment: Not usable outside of PowerShell
[0.133s] DEBUG:colcon.colcon_core.shell:Skip shell extension 'dsv' for command environment
[0.134s] INFO:colcon.colcon_ros.task.ament_cmake.build:Building ROS package in '/bumperbot_ws/src/bumperbot_planning' with build type 'ament_cmake'
[0.134s] INFO:colcon.colcon_cmake.task.cmake.build:Building CMake package in '/bumperbot_ws/src/bumperbot_planning'
[0.134s] INFO:colcon.colcon_core.shell:Skip shell extension 'powershell' for command environment: Not usable outside of PowerShell
[0.134s] DEBUG:colcon.colcon_core.shell:Skip shell extension 'dsv' for command environment
[0.139s] DEBUG:colcon.colcon_core.event_handler.log_command:Invoking command in '/bumperbot_ws/build/bumperbot_controller': CMAKE_PREFIX_PATH=${CMAKE_PREFIX_PATH}:/opt/ros/jazzy /usr/bin/cmake --build /bumperbot_ws/build/bumperbot_controller -- -j16 -l16
[0.141s] DEBUG:colcon.colcon_core.event_handler.log_command:Invoking command in '/bumperbot_ws/build/bumperbot_description': CMAKE_PREFIX_PATH=${CMAKE_PREFIX_PATH}:/opt/ros/jazzy /usr/bin/cmake --build /bumperbot_ws/build/bumperbot_description -- -j16 -l16
[0.142s] DEBUG:colcon.colcon_core.event_handler.log_command:Invoking command in '/bumperbot_ws/build/bumperbot_localization': CMAKE_PREFIX_PATH=${CMAKE_PREFIX_PATH}:/opt/ros/jazzy /usr/bin/cmake --build /bumperbot_ws/build/bumperbot_localization -- -j16 -l16
[0.144s] DEBUG:colcon.colcon_core.event_handler.log_command:Invoking command in '/bumperbot_ws/build/bumperbot_mapping': CMAKE_PREFIX_PATH=${CMAKE_PREFIX_PATH}:/opt/ros/jazzy /usr/bin/cmake --build /bumperbot_ws/build/bumperbot_mapping -- -j16 -l16
[0.148s] DEBUG:colcon.colcon_core.event_handler.log_command:Invoking command in '/bumperbot_ws/build/bumperbot_planning': CMAKE_PREFIX_PATH=${CMAKE_PREFIX_PATH}:/opt/ros/jazzy /usr/bin/cmake --build /bumperbot_ws/build/bumperbot_planning -- -j16 -l16
[0.175s] DEBUG:colcon.colcon_core.event_handler.log_command:Invoked command in '/bumperbot_ws/build/bumperbot_description' returned '0': CMAKE_PREFIX_PATH=${CMAKE_PREFIX_PATH}:/opt/ros/jazzy /usr/bin/cmake --build /bumperbot_ws/build/bumperbot_description -- -j16 -l16
[0.184s] DEBUG:colcon.colcon_core.event_handler.log_command:Invoking command in '/bumperbot_ws/build/bumperbot_description': CMAKE_PREFIX_PATH=${CMAKE_PREFIX_PATH}:/opt/ros/jazzy /usr/bin/cmake --install /bumperbot_ws/build/bumperbot_description
[0.214s] Level 1:colcon.colcon_core.environment:create_environment_scripts_only(bumperbot_description)
[0.236s] Level 1:colcon.colcon_core.environment:checking '/bumperbot_ws/install/bumperbot_description' for CMake module files
[0.240s] Level 1:colcon.colcon_core.environment:checking '/bumperbot_ws/install/bumperbot_description' for CMake config files
[0.243s] DEBUG:colcon.colcon_core.event_handler.log_command:Invoked command in '/bumperbot_ws/build/bumperbot_planning' returned '0': CMAKE_PREFIX_PATH=${CMAKE_PREFIX_PATH}:/opt/ros/jazzy /usr/bin/cmake --build /bumperbot_ws/build/bumperbot_planning -- -j16 -l16
[0.243s] DEBUG:colcon.colcon_core.event_handler.log_command:Invoking command in '/bumperbot_ws/build/bumperbot_planning': CMAKE_PREFIX_PATH=${CMAKE_PREFIX_PATH}:/opt/ros/jazzy /usr/bin/cmake --install /bumperbot_ws/build/bumperbot_planning
[0.243s] DEBUG:colcon.colcon_core.event_handler.log_command:Invoked command in '/bumperbot_ws/build/bumperbot_description' returned '0': CMAKE_PREFIX_PATH=${CMAKE_PREFIX_PATH}:/opt/ros/jazzy /usr/bin/cmake --install /bumperbot_ws/build/bumperbot_description
[0.245s] Level 1:colcon.colcon_core.shell:create_environment_hook('bumperbot_description', 'cmake_prefix_path')
[0.245s] INFO:colcon.colcon_core.shell:Creating environment hook '/bumperbot_ws/install/bumperbot_description/share/bumperbot_description/hook/cmake_prefix_path.ps1'
[0.246s] INFO:colcon.colcon_core.shell:Creating environment descriptor '/bumperbot_ws/install/bumperbot_description/share/bumperbot_description/hook/cmake_prefix_path.dsv'
[0.246s] INFO:colcon.colcon_core.shell:Creating environment hook '/bumperbot_ws/install/bumperbot_description/share/bumperbot_description/hook/cmake_prefix_path.sh'
[0.247s] Level 1:colcon.colcon_core.environment:checking '/bumperbot_ws/install/bumperbot_description/bin'
[0.247s] Level 1:colcon.colcon_core.environment:checking '/bumperbot_ws/install/bumperbot_description/lib/pkgconfig/bumperbot_description.pc'
[0.249s] Level 1:colcon.colcon_core.environment:checking '/bumperbot_ws/install/bumperbot_description/lib/python3.12/site-packages'
[0.249s] Level 1:colcon.colcon_core.environment:checking '/bumperbot_ws/install/bumperbot_description/bin'
[0.249s] INFO:colcon.colcon_core.shell:Creating package script '/bumperbot_ws/install/bumperbot_description/share/bumperbot_description/package.ps1'
[0.250s] INFO:colcon.colcon_core.shell:Creating package descriptor '/bumperbot_ws/install/bumperbot_description/share/bumperbot_description/package.dsv'
[0.251s] INFO:colcon.colcon_core.shell:Creating package script '/bumperbot_ws/install/bumperbot_description/share/bumperbot_description/package.sh'
[0.251s] INFO:colcon.colcon_core.shell:Creating package script '/bumperbot_ws/install/bumperbot_description/share/bumperbot_description/package.bash'
[0.252s] INFO:colcon.colcon_core.shell:Creating package script '/bumperbot_ws/install/bumperbot_description/share/bumperbot_description/package.zsh'
[0.252s] Level 1:colcon.colcon_core.environment:create_file_with_runtime_dependencies(/bumperbot_ws/install/bumperbot_description/share/colcon-core/packages/bumperbot_description)
[0.253s] Level 1:colcon.colcon_core.environment:create_environment_scripts_only(bumperbot_description)
[0.253s] Level 1:colcon.colcon_core.environment:checking '/bumperbot_ws/install/bumperbot_description' for CMake module files
[0.253s] Level 1:colcon.colcon_core.environment:checking '/bumperbot_ws/install/bumperbot_description' for CMake config files
[0.253s] Level 1:colcon.colcon_core.shell:create_environment_hook('bumperbot_description', 'cmake_prefix_path')
[0.253s] INFO:colcon.colcon_core.shell:Creating environment hook '/bumperbot_ws/install/bumperbot_description/share/bumperbot_description/hook/cmake_prefix_path.ps1'
[0.254s] INFO:colcon.colcon_core.shell:Creating environment descriptor '/bumperbot_ws/install/bumperbot_description/share/bumperbot_description/hook/cmake_prefix_path.dsv'
[0.254s] INFO:colcon.colcon_core.shell:Creating environment hook '/bumperbot_ws/install/bumperbot_description/share/bumperbot_description/hook/cmake_prefix_path.sh'
[0.254s] Level 1:colcon.colcon_core.environment:checking '/bumperbot_ws/install/bumperbot_description/bin'
[0.254s] Level 1:colcon.colcon_core.environment:checking '/bumperbot_ws/install/bumperbot_description/lib/pkgconfig/bumperbot_description.pc'
[0.254s] Level 1:colcon.colcon_core.environment:checking '/bumperbot_ws/install/bumperbot_description/lib/python3.12/site-packages'
[0.254s] Level 1:colcon.colcon_core.environment:checking '/bumperbot_ws/install/bumperbot_description/bin'
[0.255s] INFO:colcon.colcon_core.shell:Creating package script '/bumperbot_ws/install/bumperbot_description/share/bumperbot_description/package.ps1'
[0.255s] INFO:colcon.colcon_core.shell:Creating package descriptor '/bumperbot_ws/install/bumperbot_description/share/bumperbot_description/package.dsv'
[0.255s] INFO:colcon.colcon_core.shell:Creating package script '/bumperbot_ws/install/bumperbot_description/share/bumperbot_description/package.sh'
[0.255s] INFO:colcon.colcon_core.shell:Creating package script '/bumperbot_ws/install/bumperbot_description/share/bumperbot_description/package.bash'
[0.255s] INFO:colcon.colcon_core.shell:Creating package script '/bumperbot_ws/install/bumperbot_description/share/bumperbot_description/package.zsh'
[0.256s] Level 1:colcon.colcon_core.environment:create_file_with_runtime_dependencies(/bumperbot_ws/install/bumperbot_description/share/colcon-core/packages/bumperbot_description)
[0.256s] Level 1:colcon.colcon_core.environment:create_environment_scripts_only(bumperbot_planning)
[0.257s] Level 1:colcon.colcon_core.environment:checking '/bumperbot_ws/install/bumperbot_planning' for CMake module files
[0.257s] DEBUG:colcon.colcon_core.event_handler.log_command:Invoked command in '/bumperbot_ws/build/bumperbot_planning' returned '0': CMAKE_PREFIX_PATH=${CMAKE_PREFIX_PATH}:/opt/ros/jazzy /usr/bin/cmake --install /bumperbot_ws/build/bumperbot_planning
[0.257s] Level 1:colcon.colcon_core.environment:checking '/bumperbot_ws/install/bumperbot_planning' for CMake config files
[0.257s] Level 1:colcon.colcon_core.shell:create_environment_hook('bumperbot_planning', 'cmake_prefix_path')
[0.257s] INFO:colcon.colcon_core.shell:Creating environment hook '/bumperbot_ws/install/bumperbot_planning/share/bumperbot_planning/hook/cmake_prefix_path.ps1'
[0.257s] INFO:colcon.colcon_core.shell:Creating environment descriptor '/bumperbot_ws/install/bumperbot_planning/share/bumperbot_planning/hook/cmake_prefix_path.dsv'
[0.258s] INFO:colcon.colcon_core.shell:Creating environment hook '/bumperbot_ws/install/bumperbot_planning/share/bumperbot_planning/hook/cmake_prefix_path.sh'
[0.258s] Level 1:colcon.colcon_core.environment:checking '/bumperbot_ws/install/bumperbot_planning/lib'
[0.258s] Level 1:colcon.colcon_core.environment:checking '/bumperbot_ws/install/bumperbot_planning/bin'
[0.258s] Level 1:colcon.colcon_core.environment:checking '/bumperbot_ws/install/bumperbot_planning/lib/pkgconfig/bumperbot_planning.pc'
[0.258s] Level 1:colcon.colcon_core.environment:checking '/bumperbot_ws/install/bumperbot_planning/lib/python3.12/site-packages'
[0.258s] Level 1:colcon.colcon_core.environment:checking '/bumperbot_ws/install/bumperbot_planning/bin'
[0.258s] INFO:colcon.colcon_core.shell:Creating package script '/bumperbot_ws/install/bumperbot_planning/share/bumperbot_planning/package.ps1'
[0.259s] INFO:colcon.colcon_core.shell:Creating package descriptor '/bumperbot_ws/install/bumperbot_planning/share/bumperbot_planning/package.dsv'
[0.259s] INFO:colcon.colcon_core.shell:Creating package script '/bumperbot_ws/install/bumperbot_planning/share/bumperbot_planning/package.sh'
[0.259s] INFO:colcon.colcon_core.shell:Creating package script '/bumperbot_ws/install/bumperbot_planning/share/bumperbot_planning/package.bash'
[0.259s] INFO:colcon.colcon_core.shell:Creating package script '/bumperbot_ws/install/bumperbot_planning/share/bumperbot_planning/package.zsh'
[0.259s] Level 1:colcon.colcon_core.environment:create_file_with_runtime_dependencies(/bumperbot_ws/install/bumperbot_planning/share/colcon-core/packages/bumperbot_planning)
[0.260s] Level 1:colcon.colcon_core.environment:create_environment_scripts_only(bumperbot_planning)
[0.260s] Level 1:colcon.colcon_core.environment:checking '/bumperbot_ws/install/bumperbot_planning' for CMake module files
[0.260s] Level 1:colcon.colcon_core.environment:checking '/bumperbot_ws/install/bumperbot_planning' for CMake config files
[0.260s] Level 1:colcon.colcon_core.shell:create_environment_hook('bumperbot_planning', 'cmake_prefix_path')
[0.260s] INFO:colcon.colcon_core.shell:Creating environment hook '/bumperbot_ws/install/bumperbot_planning/share/bumperbot_planning/hook/cmake_prefix_path.ps1'
[0.260s] INFO:colcon.colcon_core.shell:Creating environment descriptor '/bumperbot_ws/install/bumperbot_planning/share/bumperbot_planning/hook/cmake_prefix_path.dsv'
[0.261s] INFO:colcon.colcon_core.shell:Creating environment hook '/bumperbot_ws/install/bumperbot_planning/share/bumperbot_planning/hook/cmake_prefix_path.sh'
[0.261s] Level 1:colcon.colcon_core.environment:checking '/bumperbot_ws/install/bumperbot_planning/lib'
[0.261s] Level 1:colcon.colcon_core.environment:checking '/bumperbot_ws/install/bumperbot_planning/bin'
[0.261s] Level 1:colcon.colcon_core.environment:checking '/bumperbot_ws/install/bumperbot_planning/lib/pkgconfig/bumperbot_planning.pc'
[0.261s] Level 1:colcon.colcon_core.environment:checking '/bumperbot_ws/install/bumperbot_planning/lib/python3.12/site-packages'
[0.261s] Level 1:colcon.colcon_core.environment:checking '/bumperbot_ws/install/bumperbot_planning/bin'
[0.261s] INFO:colcon.colcon_core.shell:Creating package script '/bumperbot_ws/install/bumperbot_planning/share/bumperbot_planning/package.ps1'
[0.262s] INFO:colcon.colcon_core.shell:Creating package descriptor '/bumperbot_ws/install/bumperbot_planning/share/bumperbot_planning/package.dsv'
[0.262s] INFO:colcon.colcon_core.shell:Creating package script '/bumperbot_ws/install/bumperbot_planning/share/bumperbot_planning/package.sh'
[0.262s] INFO:colcon.colcon_core.shell:Creating package script '/bumperbot_ws/install/bumperbot_planning/share/bumperbot_planning/package.bash'
[0.262s] INFO:colcon.colcon_core.shell:Creating package script '/bumperbot_ws/install/bumperbot_planning/share/bumperbot_planning/package.zsh'
[0.263s] Level 1:colcon.colcon_core.environment:create_file_with_runtime_dependencies(/bumperbot_ws/install/bumperbot_planning/share/colcon-core/packages/bumperbot_planning)
[0.388s] DEBUG:colcon.colcon_core.event_handler.log_command:Invoked command in '/bumperbot_ws/build/bumperbot_localization' returned '0': CMAKE_PREFIX_PATH=${CMAKE_PREFIX_PATH}:/opt/ros/jazzy /usr/bin/cmake --build /bumperbot_ws/build/bumperbot_localization -- -j16 -l16
[0.389s] DEBUG:colcon.colcon_core.event_handler.log_command:Invoking command in '/bumperbot_ws/build/bumperbot_localization': CMAKE_PREFIX_PATH=${CMAKE_PREFIX_PATH}:/opt/ros/jazzy /usr/bin/cmake --install /bumperbot_ws/build/bumperbot_localization
[0.390s] DEBUG:colcon.colcon_core.event_handler.log_command:Invoked command in '/bumperbot_ws/build/bumperbot_mapping' returned '0': CMAKE_PREFIX_PATH=${CMAKE_PREFIX_PATH}:/opt/ros/jazzy /usr/bin/cmake --build /bumperbot_ws/build/bumperbot_mapping -- -j16 -l16
[0.390s] DEBUG:colcon.colcon_core.event_handler.log_command:Invoking command in '/bumperbot_ws/build/bumperbot_mapping': CMAKE_PREFIX_PATH=${CMAKE_PREFIX_PATH}:/opt/ros/jazzy /usr/bin/cmake --install /bumperbot_ws/build/bumperbot_mapping
[0.395s] DEBUG:colcon.colcon_core.event_handler.log_command:Invoked command in '/bumperbot_ws/build/bumperbot_controller' returned '0': CMAKE_PREFIX_PATH=${CMAKE_PREFIX_PATH}:/opt/ros/jazzy /usr/bin/cmake --build /bumperbot_ws/build/bumperbot_controller -- -j16 -l16
[0.396s] DEBUG:colcon.colcon_core.event_handler.log_command:Invoking command in '/bumperbot_ws/build/bumperbot_controller': CMAKE_PREFIX_PATH=${CMAKE_PREFIX_PATH}:/opt/ros/jazzy /usr/bin/cmake --install /bumperbot_ws/build/bumperbot_controller
[0.425s] Level 1:colcon.colcon_core.environment:create_environment_scripts_only(bumperbot_mapping)
[0.426s] Level 1:colcon.colcon_core.environment:checking '/bumperbot_ws/install/bumperbot_mapping' for CMake module files
[0.426s] DEBUG:colcon.colcon_core.event_handler.log_command:Invoked command in '/bumperbot_ws/build/bumperbot_mapping' returned '0': CMAKE_PREFIX_PATH=${CMAKE_PREFIX_PATH}:/opt/ros/jazzy /usr/bin/cmake --install /bumperbot_ws/build/bumperbot_mapping
[0.426s] Level 1:colcon.colcon_core.environment:checking '/bumperbot_ws/install/bumperbot_mapping' for CMake config files
[0.427s] Level 1:colcon.colcon_core.shell:create_environment_hook('bumperbot_mapping', 'cmake_prefix_path')
[0.427s] INFO:colcon.colcon_core.shell:Creating environment hook '/bumperbot_ws/install/bumperbot_mapping/share/bumperbot_mapping/hook/cmake_prefix_path.ps1'
[0.427s] INFO:colcon.colcon_core.shell:Creating environment descriptor '/bumperbot_ws/install/bumperbot_mapping/share/bumperbot_mapping/hook/cmake_prefix_path.dsv'
[0.427s] INFO:colcon.colcon_core.shell:Creating environment hook '/bumperbot_ws/install/bumperbot_mapping/share/bumperbot_mapping/hook/cmake_prefix_path.sh'
[0.427s] Level 1:colcon.colcon_core.environment:checking '/bumperbot_ws/install/bumperbot_mapping/lib'
[0.428s] Level 1:colcon.colcon_core.environment:checking '/bumperbot_ws/install/bumperbot_mapping/bin'
[0.428s] Level 1:colcon.colcon_core.environment:checking '/bumperbot_ws/install/bumperbot_mapping/lib/pkgconfig/bumperbot_mapping.pc'
[0.428s] Level 1:colcon.colcon_core.environment:checking '/bumperbot_ws/install/bumperbot_mapping/lib/python3.12/site-packages'
[0.428s] Level 1:colcon.colcon_core.shell:create_environment_hook('bumperbot_mapping', 'pythonpath')
[0.428s] INFO:colcon.colcon_core.shell:Creating environment hook '/bumperbot_ws/install/bumperbot_mapping/share/bumperbot_mapping/hook/pythonpath.ps1'
[0.428s] INFO:colcon.colcon_core.shell:Creating environment descriptor '/bumperbot_ws/install/bumperbot_mapping/share/bumperbot_mapping/hook/pythonpath.dsv'
[0.428s] INFO:colcon.colcon_core.shell:Creating environment hook '/bumperbot_ws/install/bumperbot_mapping/share/bumperbot_mapping/hook/pythonpath.sh'
[0.429s] Level 1:colcon.colcon_core.environment:checking '/bumperbot_ws/install/bumperbot_mapping/bin'
[0.429s] INFO:colcon.colcon_core.shell:Creating package script '/bumperbot_ws/install/bumperbot_mapping/share/bumperbot_mapping/package.ps1'
[0.430s] INFO:colcon.colcon_core.shell:Creating package descriptor '/bumperbot_ws/install/bumperbot_mapping/share/bumperbot_mapping/package.dsv'
[0.430s] INFO:colcon.colcon_core.shell:Creating package script '/bumperbot_ws/install/bumperbot_mapping/share/bumperbot_mapping/package.sh'
[0.432s] INFO:colcon.colcon_core.shell:Creating package script '/bumperbot_ws/install/bumperbot_mapping/share/bumperbot_mapping/package.bash'
[0.432s] INFO:colcon.colcon_core.shell:Creating package script '/bumperbot_ws/install/bumperbot_mapping/share/bumperbot_mapping/package.zsh'
[0.432s] Level 1:colcon.colcon_core.environment:create_file_with_runtime_dependencies(/bumperbot_ws/install/bumperbot_mapping/share/colcon-core/packages/bumperbot_mapping)
[0.433s] Level 1:colcon.colcon_core.environment:create_environment_scripts_only(bumperbot_mapping)
[0.433s] Level 1:colcon.colcon_core.environment:checking '/bumperbot_ws/install/bumperbot_mapping' for CMake module files
[0.433s] Level 1:colcon.colcon_core.environment:checking '/bumperbot_ws/install/bumperbot_mapping' for CMake config files
[0.433s] Level 1:colcon.colcon_core.shell:create_environment_hook('bumperbot_mapping', 'cmake_prefix_path')
[0.433s] INFO:colcon.colcon_core.shell:Creating environment hook '/bumperbot_ws/install/bumperbot_mapping/share/bumperbot_mapping/hook/cmake_prefix_path.ps1'
[0.434s] INFO:colcon.colcon_core.shell:Creating environment descriptor '/bumperbot_ws/install/bumperbot_mapping/share/bumperbot_mapping/hook/cmake_prefix_path.dsv'
[0.434s] INFO:colcon.colcon_core.shell:Creating environment hook '/bumperbot_ws/install/bumperbot_mapping/share/bumperbot_mapping/hook/cmake_prefix_path.sh'
[0.434s] Level 1:colcon.colcon_core.environment:checking '/bumperbot_ws/install/bumperbot_mapping/lib'
[0.434s] Level 1:colcon.colcon_core.environment:checking '/bumperbot_ws/install/bumperbot_mapping/bin'
[0.434s] Level 1:colcon.colcon_core.environment:checking '/bumperbot_ws/install/bumperbot_mapping/lib/pkgconfig/bumperbot_mapping.pc'
[0.434s] Level 1:colcon.colcon_core.environment:checking '/bumperbot_ws/install/bumperbot_mapping/lib/python3.12/site-packages'
[0.434s] Level 1:colcon.colcon_core.shell:create_environment_hook('bumperbot_mapping', 'pythonpath')
[0.435s] INFO:colcon.colcon_core.shell:Creating environment hook '/bumperbot_ws/install/bumperbot_mapping/share/bumperbot_mapping/hook/pythonpath.ps1'
[0.435s] INFO:colcon.colcon_core.shell:Creating environment descriptor '/bumperbot_ws/install/bumperbot_mapping/share/bumperbot_mapping/hook/pythonpath.dsv'
[0.435s] INFO:colcon.colcon_core.shell:Creating environment hook '/bumperbot_ws/install/bumperbot_mapping/share/bumperbot_mapping/hook/pythonpath.sh'
[0.435s] Level 1:colcon.colcon_core.environment:checking '/bumperbot_ws/install/bumperbot_mapping/bin'
[0.435s] INFO:colcon.colcon_core.shell:Creating package script '/bumperbot_ws/install/bumperbot_mapping/share/bumperbot_mapping/package.ps1'
[0.436s] INFO:colcon.colcon_core.shell:Creating package descriptor '/bumperbot_ws/install/bumperbot_mapping/share/bumperbot_mapping/package.dsv'
[0.436s] INFO:colcon.colcon_core.shell:Creating package script '/bumperbot_ws/install/bumperbot_mapping/share/bumperbot_mapping/package.sh'
[0.437s] INFO:colcon.colcon_core.shell:Creating package script '/bumperbot_ws/install/bumperbot_mapping/share/bumperbot_mapping/package.bash'
[0.437s] INFO:colcon.colcon_core.shell:Creating package script '/bumperbot_ws/install/bumperbot_mapping/share/bumperbot_mapping/package.zsh'
[0.437s] Level 1:colcon.colcon_core.environment:create_file_with_runtime_dependencies(/bumperbot_ws/install/bumperbot_mapping/share/colcon-core/packages/bumperbot_mapping)
[0.438s] Level 1:colcon.colcon_core.environment:create_environment_scripts_only(bumperbot_localization)
[0.438s] Level 1:colcon.colcon_core.environment:checking '/bumperbot_ws/install/bumperbot_localization' for CMake module files
[0.438s] DEBUG:colcon.colcon_core.event_handler.log_command:Invoked command in '/bumperbot_ws/build/bumperbot_localization' returned '0': CMAKE_PREFIX_PATH=${CMAKE_PREFIX_PATH}:/opt/ros/jazzy /usr/bin/cmake --install /bumperbot_ws/build/bumperbot_localization
[0.438s] Level 1:colcon.colcon_core.environment:checking '/bumperbot_ws/install/bumperbot_localization' for CMake config files
[0.439s] Level 1:colcon.colcon_core.shell:create_environment_hook('bumperbot_localization', 'cmake_prefix_path')
[0.439s] INFO:colcon.colcon_core.shell:Creating environment hook '/bumperbot_ws/install/bumperbot_localization/share/bumperbot_localization/hook/cmake_prefix_path.ps1'
[0.439s] INFO:colcon.colcon_core.shell:Creating environment descriptor '/bumperbot_ws/install/bumperbot_localization/share/bumperbot_localization/hook/cmake_prefix_path.dsv'
[0.439s] INFO:colcon.colcon_core.shell:Creating environment hook '/bumperbot_ws/install/bumperbot_localization/share/bumperbot_localization/hook/cmake_prefix_path.sh'
[0.439s] Level 1:colcon.colcon_core.environment:checking '/bumperbot_ws/install/bumperbot_localization/lib'
[0.440s] Level 1:colcon.colcon_core.environment:checking '/bumperbot_ws/install/bumperbot_localization/bin'
[0.440s] Level 1:colcon.colcon_core.shell:create_environment_hook('bumperbot_localization', 'path')
[0.440s] INFO:colcon.colcon_core.shell:Creating environment hook '/bumperbot_ws/install/bumperbot_localization/share/bumperbot_localization/hook/path.ps1'
[0.440s] INFO:colcon.colcon_core.shell:Creating environment descriptor '/bumperbot_ws/install/bumperbot_localization/share/bumperbot_localization/hook/path.dsv'
[0.440s] INFO:colcon.colcon_core.shell:Creating environment hook '/bumperbot_ws/install/bumperbot_localization/share/bumperbot_localization/hook/path.sh'
[0.440s] Level 1:colcon.colcon_core.environment:checking '/bumperbot_ws/install/bumperbot_localization/lib/pkgconfig/bumperbot_localization.pc'
[0.441s] Level 1:colcon.colcon_core.environment:checking '/bumperbot_ws/install/bumperbot_localization/lib/python3.12/site-packages'
[0.441s] Level 1:colcon.colcon_core.shell:create_environment_hook('bumperbot_localization', 'pythonpath')
[0.441s] INFO:colcon.colcon_core.shell:Creating environment hook '/bumperbot_ws/install/bumperbot_localization/share/bumperbot_localization/hook/pythonpath.ps1'
[0.441s] INFO:colcon.colcon_core.shell:Creating environment descriptor '/bumperbot_ws/install/bumperbot_localization/share/bumperbot_localization/hook/pythonpath.dsv'
[0.441s] INFO:colcon.colcon_core.shell:Creating environment hook '/bumperbot_ws/install/bumperbot_localization/share/bumperbot_localization/hook/pythonpath.sh'
[0.441s] Level 1:colcon.colcon_core.environment:checking '/bumperbot_ws/install/bumperbot_localization/bin'
[0.442s] Level 1:colcon.colcon_core.shell:create_environment_hook('bumperbot_localization', 'pythonscriptspath')
[0.442s] INFO:colcon.colcon_core.shell:Creating environment hook '/bumperbot_ws/install/bumperbot_localization/share/bumperbot_localization/hook/pythonscriptspath.ps1'
[0.442s] INFO:colcon.colcon_core.shell:Creating environment descriptor '/bumperbot_ws/install/bumperbot_localization/share/bumperbot_localization/hook/pythonscriptspath.dsv'
[0.442s] INFO:colcon.colcon_core.shell:Creating environment hook '/bumperbot_ws/install/bumperbot_localization/share/bumperbot_localization/hook/pythonscriptspath.sh'
[0.442s] INFO:colcon.colcon_core.shell:Creating package script '/bumperbot_ws/install/bumperbot_localization/share/bumperbot_localization/package.ps1'
[0.443s] INFO:colcon.colcon_core.shell:Creating package descriptor '/bumperbot_ws/install/bumperbot_localization/share/bumperbot_localization/package.dsv'
[0.443s] INFO:colcon.colcon_core.shell:Creating package script '/bumperbot_ws/install/bumperbot_localization/share/bumperbot_localization/package.sh'
[0.443s] INFO:colcon.colcon_core.shell:Creating package script '/bumperbot_ws/install/bumperbot_localization/share/bumperbot_localization/package.bash'
[0.443s] INFO:colcon.colcon_core.shell:Creating package script '/bumperbot_ws/install/bumperbot_localization/share/bumperbot_localization/package.zsh'
[0.444s] Level 1:colcon.colcon_core.environment:create_file_with_runtime_dependencies(/bumperbot_ws/install/bumperbot_localization/share/colcon-core/packages/bumperbot_localization)
[0.444s] Level 1:colcon.colcon_core.environment:create_environment_scripts_only(bumperbot_localization)
[0.444s] Level 1:colcon.colcon_core.environment:checking '/bumperbot_ws/install/bumperbot_localization' for CMake module files
[0.444s] Level 1:colcon.colcon_core.environment:checking '/bumperbot_ws/install/bumperbot_localization' for CMake config files
[0.444s] Level 1:colcon.colcon_core.shell:create_environment_hook('bumperbot_localization', 'cmake_prefix_path')
[0.445s] INFO:colcon.colcon_core.shell:Creating environment hook '/bumperbot_ws/install/bumperbot_localization/share/bumperbot_localization/hook/cmake_prefix_path.ps1'
[0.445s] INFO:colcon.colcon_core.shell:Creating environment descriptor '/bumperbot_ws/install/bumperbot_localization/share/bumperbot_localization/hook/cmake_prefix_path.dsv'
[0.445s] INFO:colcon.colcon_core.shell:Creating environment hook '/bumperbot_ws/install/bumperbot_localization/share/bumperbot_localization/hook/cmake_prefix_path.sh'
[0.445s] Level 1:colcon.colcon_core.environment:checking '/bumperbot_ws/install/bumperbot_localization/lib'
[0.445s] Level 1:colcon.colcon_core.environment:checking '/bumperbot_ws/install/bumperbot_localization/bin'
[0.445s] Level 1:colcon.colcon_core.shell:create_environment_hook('bumperbot_localization', 'path')
[0.446s] INFO:colcon.colcon_core.shell:Creating environment hook '/bumperbot_ws/install/bumperbot_localization/share/bumperbot_localization/hook/path.ps1'
[0.446s] INFO:colcon.colcon_core.shell:Creating environment descriptor '/bumperbot_ws/install/bumperbot_localization/share/bumperbot_localization/hook/path.dsv'
[0.446s] INFO:colcon.colcon_core.shell:Creating environment hook '/bumperbot_ws/install/bumperbot_localization/share/bumperbot_localization/hook/path.sh'
[0.446s] Level 1:colcon.colcon_core.environment:checking '/bumperbot_ws/install/bumperbot_localization/lib/pkgconfig/bumperbot_localization.pc'
[0.446s] Level 1:colcon.colcon_core.environment:checking '/bumperbot_ws/install/bumperbot_localization/lib/python3.12/site-packages'
[0.446s] Level 1:colcon.colcon_core.shell:create_environment_hook('bumperbot_localization', 'pythonpath')
[0.446s] INFO:colcon.colcon_core.shell:Creating environment hook '/bumperbot_ws/install/bumperbot_localization/share/bumperbot_localization/hook/pythonpath.ps1'
[0.447s] INFO:colcon.colcon_core.shell:Creating environment descriptor '/bumperbot_ws/install/bumperbot_localization/share/bumperbot_localization/hook/pythonpath.dsv'
[0.447s] INFO:colcon.colcon_core.shell:Creating environment hook '/bumperbot_ws/install/bumperbot_localization/share/bumperbot_localization/hook/pythonpath.sh'
[0.447s] Level 1:colcon.colcon_core.environment:checking '/bumperbot_ws/install/bumperbot_localization/bin'
[0.447s] Level 1:colcon.colcon_core.shell:create_environment_hook('bumperbot_localization', 'pythonscriptspath')
[0.447s] INFO:colcon.colcon_core.shell:Creating environment hook '/bumperbot_ws/install/bumperbot_localization/share/bumperbot_localization/hook/pythonscriptspath.ps1'
[0.447s] INFO:colcon.colcon_core.shell:Creating environment descriptor '/bumperbot_ws/install/bumperbot_localization/share/bumperbot_localization/hook/pythonscriptspath.dsv'
[0.448s] INFO:colcon.colcon_core.shell:Creating environment hook '/bumperbot_ws/install/bumperbot_localization/share/bumperbot_localization/hook/pythonscriptspath.sh'
[0.448s] INFO:colcon.colcon_core.shell:Creating package script '/bumperbot_ws/install/bumperbot_localization/share/bumperbot_localization/package.ps1'
[0.448s] INFO:colcon.colcon_core.shell:Creating package descriptor '/bumperbot_ws/install/bumperbot_localization/share/bumperbot_localization/package.dsv'
[0.449s] INFO:colcon.colcon_core.shell:Creating package script '/bumperbot_ws/install/bumperbot_localization/share/bumperbot_localization/package.sh'
[0.449s] INFO:colcon.colcon_core.shell:Creating package script '/bumperbot_ws/install/bumperbot_localization/share/bumperbot_localization/package.bash'
[0.449s] INFO:colcon.colcon_core.shell:Creating package script '/bumperbot_ws/install/bumperbot_localization/share/bumperbot_localization/package.zsh'
[0.449s] Level 1:colcon.colcon_core.environment:create_file_with_runtime_dependencies(/bumperbot_ws/install/bumperbot_localization/share/colcon-core/packages/bumperbot_localization)
[0.450s] Level 1:colcon.colcon_core.environment:create_environment_scripts_only(bumperbot_controller)
[0.450s] Level 1:colcon.colcon_core.environment:checking '/bumperbot_ws/install/bumperbot_controller' for CMake module files
[0.450s] DEBUG:colcon.colcon_core.event_handler.log_command:Invoked command in '/bumperbot_ws/build/bumperbot_controller' returned '0': CMAKE_PREFIX_PATH=${CMAKE_PREFIX_PATH}:/opt/ros/jazzy /usr/bin/cmake --install /bumperbot_ws/build/bumperbot_controller
[0.451s] Level 1:colcon.colcon_core.environment:checking '/bumperbot_ws/install/bumperbot_controller' for CMake config files
[0.451s] Level 1:colcon.colcon_core.shell:create_environment_hook('bumperbot_controller', 'cmake_prefix_path')
[0.451s] INFO:colcon.colcon_core.shell:Creating environment hook '/bumperbot_ws/install/bumperbot_controller/share/bumperbot_controller/hook/cmake_prefix_path.ps1'
[0.451s] INFO:colcon.colcon_core.shell:Creating environment descriptor '/bumperbot_ws/install/bumperbot_controller/share/bumperbot_controller/hook/cmake_prefix_path.dsv'
[0.451s] INFO:colcon.colcon_core.shell:Creating environment hook '/bumperbot_ws/install/bumperbot_controller/share/bumperbot_controller/hook/cmake_prefix_path.sh'
[0.451s] Level 1:colcon.colcon_core.environment:checking '/bumperbot_ws/install/bumperbot_controller/lib'
[0.452s] Level 1:colcon.colcon_core.environment:checking '/bumperbot_ws/install/bumperbot_controller/bin'
[0.452s] Level 1:colcon.colcon_core.environment:checking '/bumperbot_ws/install/bumperbot_controller/lib/pkgconfig/bumperbot_controller.pc'
[0.452s] Level 1:colcon.colcon_core.environment:checking '/bumperbot_ws/install/bumperbot_controller/lib/python3.12/site-packages'
[0.452s] Level 1:colcon.colcon_core.shell:create_environment_hook('bumperbot_controller', 'pythonpath')
[0.452s] INFO:colcon.colcon_core.shell:Creating environment hook '/bumperbot_ws/install/bumperbot_controller/share/bumperbot_controller/hook/pythonpath.ps1'
[0.452s] INFO:colcon.colcon_core.shell:Creating environment descriptor '/bumperbot_ws/install/bumperbot_controller/share/bumperbot_controller/hook/pythonpath.dsv'
[0.452s] INFO:colcon.colcon_core.shell:Creating environment hook '/bumperbot_ws/install/bumperbot_controller/share/bumperbot_controller/hook/pythonpath.sh'
[0.453s] Level 1:colcon.colcon_core.environment:checking '/bumperbot_ws/install/bumperbot_controller/bin'
[0.453s] INFO:colcon.colcon_core.shell:Creating package script '/bumperbot_ws/install/bumperbot_controller/share/bumperbot_controller/package.ps1'
[0.453s] INFO:colcon.colcon_core.shell:Creating package descriptor '/bumperbot_ws/install/bumperbot_controller/share/bumperbot_controller/package.dsv'
[0.453s] INFO:colcon.colcon_core.shell:Creating package script '/bumperbot_ws/install/bumperbot_controller/share/bumperbot_controller/package.sh'
[0.453s] INFO:colcon.colcon_core.shell:Creating package script '/bumperbot_ws/install/bumperbot_controller/share/bumperbot_controller/package.bash'
[0.454s] INFO:colcon.colcon_core.shell:Creating package script '/bumperbot_ws/install/bumperbot_controller/share/bumperbot_controller/package.zsh'
[0.454s] Level 1:colcon.colcon_core.environment:create_file_with_runtime_dependencies(/bumperbot_ws/install/bumperbot_controller/share/colcon-core/packages/bumperbot_controller)
[0.454s] Level 1:colcon.colcon_core.environment:create_environment_scripts_only(bumperbot_controller)
[0.454s] Level 1:colcon.colcon_core.environment:checking '/bumperbot_ws/install/bumperbot_controller' for CMake module files
[0.454s] Level 1:colcon.colcon_core.environment:checking '/bumperbot_ws/install/bumperbot_controller' for CMake config files
[0.454s] Level 1:colcon.colcon_core.shell:create_environment_hook('bumperbot_controller', 'cmake_prefix_path')
[0.455s] INFO:colcon.colcon_core.shell:Creating environment hook '/bumperbot_ws/install/bumperbot_controller/share/bumperbot_controller/hook/cmake_prefix_path.ps1'
[0.455s] INFO:colcon.colcon_core.shell:Creating environment descriptor '/bumperbot_ws/install/bumperbot_controller/share/bumperbot_controller/hook/cmake_prefix_path.dsv'
[0.455s] INFO:colcon.colcon_core.shell:Creating environment hook '/bumperbot_ws/install/bumperbot_controller/share/bumperbot_controller/hook/cmake_prefix_path.sh'
[0.455s] Level 1:colcon.colcon_core.environment:checking '/bumperbot_ws/install/bumperbot_controller/lib'
[0.455s] Level 1:colcon.colcon_core.environment:checking '/bumperbot_ws/install/bumperbot_controller/bin'
[0.455s] Level 1:colcon.colcon_core.environment:checking '/bumperbot_ws/install/bumperbot_controller/lib/pkgconfig/bumperbot_controller.pc'
[0.455s] Level 1:colcon.colcon_core.environment:checking '/bumperbot_ws/install/bumperbot_controller/lib/python3.12/site-packages'
[0.456s] Level 1:colcon.colcon_core.shell:create_environment_hook('bumperbot_controller', 'pythonpath')
[0.456s] INFO:colcon.colcon_core.shell:Creating environment hook '/bumperbot_ws/install/bumperbot_controller/share/bumperbot_controller/hook/pythonpath.ps1'
[0.456s] INFO:colcon.colcon_core.shell:Creating environment descriptor '/bumperbot_ws/install/bumperbot_controller/share/bumperbot_controller/hook/pythonpath.dsv'
[0.456s] INFO:colcon.colcon_core.shell:Creating environment hook '/bumperbot_ws/install/bumperbot_controller/share/bumperbot_controller/hook/pythonpath.sh'
[0.456s] Level 1:colcon.colcon_core.environment:checking '/bumperbot_ws/install/bumperbot_controller/bin'
[0.456s] INFO:colcon.colcon_core.shell:Creating package script '/bumperbot_ws/install/bumperbot_controller/share/bumperbot_controller/package.ps1'
[0.457s] INFO:colcon.colcon_core.shell:Creating package descriptor '/bumperbot_ws/install/bumperbot_controller/share/bumperbot_controller/package.dsv'
[0.457s] INFO:colcon.colcon_core.shell:Creating package script '/bumperbot_ws/install/bumperbot_controller/share/bumperbot_controller/package.sh'
[0.457s] INFO:colcon.colcon_core.shell:Creating package script '/bumperbot_ws/install/bumperbot_controller/share/bumperbot_controller/package.bash'
[0.457s] INFO:colcon.colcon_core.shell:Creating package script '/bumperbot_ws/install/bumperbot_controller/share/bumperbot_controller/package.zsh'
[0.458s] Level 1:colcon.colcon_core.environment:create_file_with_runtime_dependencies(/bumperbot_ws/install/bumperbot_controller/share/colcon-core/packages/bumperbot_controller)
[0.458s] INFO:colcon.colcon_ros.task.ament_cmake.build:Building ROS package in '/bumperbot_ws/src/bumperbot_bringup' with build type 'ament_cmake'
[0.458s] INFO:colcon.colcon_cmake.task.cmake.build:Building CMake package in '/bumperbot_ws/src/bumperbot_bringup'
[0.458s] INFO:colcon.colcon_core.shell:Skip shell extension 'powershell' for command environment: Not usable outside of PowerShell
[0.458s] DEBUG:colcon.colcon_core.shell:Skip shell extension 'dsv' for command environment
[0.466s] DEBUG:colcon.colcon_core.event_handler.log_command:Invoking command in '/bumperbot_ws/build/bumperbot_bringup': AMENT_PREFIX_PATH=/bumperbot_ws/install/bumperbot_mapping:/bumperbot_ws/install/bumperbot_localization:/bumperbot_ws/install/bumperbot_description:/bumperbot_ws/install/bumperbot_controller:${AMENT_PREFIX_PATH} CMAKE_PREFIX_PATH=/bumperbot_ws/install/bumperbot_mapping:/bumperbot_ws/install/bumperbot_localization:/bumperbot_ws/install/bumperbot_description:/bumperbot_ws/install/bumperbot_controller:/opt/ros/jazzy/opt/gz_sim_vendor:/opt/ros/jazzy/opt/gz_sensors_vendor:/opt/ros/jazzy/opt/gz_physics_vendor:/opt/ros/jazzy/opt/sdformat_vendor:/opt/ros/jazzy/opt/gz_gui_vendor:/opt/ros/jazzy/opt/gz_transport_vendor:/opt/ros/jazzy/opt/gz_rendering_vendor:/opt/ros/jazzy/opt/gz_plugin_vendor:/opt/ros/jazzy/opt/gz_fuel_tools_vendor:/opt/ros/jazzy/opt/gz_msgs_vendor:/opt/ros/jazzy/opt/gz_common_vendor:/opt/ros/jazzy/opt/gz_math_vendor:/opt/ros/jazzy/opt/gz_utils_vendor:/opt/ros/jazzy/opt/gz_tools_vendor:/opt/ros/jazzy/opt/gz_ogre_next_vendor:/opt/ros/jazzy/opt/gz_dartsim_vendor:/opt/ros/jazzy/opt/gz_cmake_vendor:/opt/ros/jazzy PATH=/bumperbot_ws/install/bumperbot_localization/bin:${PATH} PYTHONPATH=/bumperbot_ws/install/bumperbot_mapping/lib/python3.12/site-packages:/bumperbot_ws/install/bumperbot_localization/lib/python3.12/site-packages:/bumperbot_ws/install/bumperbot_controller/lib/python3.12/site-packages:${PYTHONPATH} /usr/bin/cmake --build /bumperbot_ws/build/bumperbot_bringup -- -j16 -l16
[0.491s] DEBUG:colcon.colcon_core.event_handler.log_command:Invoked command in '/bumperbot_ws/build/bumperbot_bringup' returned '0': AMENT_PREFIX_PATH=/bumperbot_ws/install/bumperbot_mapping:/bumperbot_ws/install/bumperbot_localization:/bumperbot_ws/install/bumperbot_description:/bumperbot_ws/install/bumperbot_controller:${AMENT_PREFIX_PATH} CMAKE_PREFIX_PATH=/bumperbot_ws/install/bumperbot_mapping:/bumperbot_ws/install/bumperbot_localization:/bumperbot_ws/install/bumperbot_description:/bumperbot_ws/install/bumperbot_controller:/opt/ros/jazzy/opt/gz_sim_vendor:/opt/ros/jazzy/opt/gz_sensors_vendor:/opt/ros/jazzy/opt/gz_physics_vendor:/opt/ros/jazzy/opt/sdformat_vendor:/opt/ros/jazzy/opt/gz_gui_vendor:/opt/ros/jazzy/opt/gz_transport_vendor:/opt/ros/jazzy/opt/gz_rendering_vendor:/opt/ros/jazzy/opt/gz_plugin_vendor:/opt/ros/jazzy/opt/gz_fuel_tools_vendor:/opt/ros/jazzy/opt/gz_msgs_vendor:/opt/ros/jazzy/opt/gz_common_vendor:/opt/ros/jazzy/opt/gz_math_vendor:/opt/ros/jazzy/opt/gz_utils_vendor:/opt/ros/jazzy/opt/gz_tools_vendor:/opt/ros/jazzy/opt/gz_ogre_next_vendor:/opt/ros/jazzy/opt/gz_dartsim_vendor:/opt/ros/jazzy/opt/gz_cmake_vendor:/opt/ros/jazzy PATH=/bumperbot_ws/install/bumperbot_localization/bin:${PATH} PYTHONPATH=/bumperbot_ws/install/bumperbot_mapping/lib/python3.12/site-packages:/bumperbot_ws/install/bumperbot_localization/lib/python3.12/site-packages:/bumperbot_ws/install/bumperbot_controller/lib/python3.12/site-packages:${PYTHONPATH} /usr/bin/cmake --build /bumperbot_ws/build/bumperbot_bringup -- -j16 -l16
[0.492s] DEBUG:colcon.colcon_core.event_handler.log_command:Invoking command in '/bumperbot_ws/build/bumperbot_bringup': AMENT_PREFIX_PATH=/bumperbot_ws/install/bumperbot_mapping:/bumperbot_ws/install/bumperbot_localization:/bumperbot_ws/install/bumperbot_description:/bumperbot_ws/install/bumperbot_controller:${AMENT_PREFIX_PATH} CMAKE_PREFIX_PATH=/bumperbot_ws/install/bumperbot_mapping:/bumperbot_ws/install/bumperbot_localization:/bumperbot_ws/install/bumperbot_description:/bumperbot_ws/install/bumperbot_controller:/opt/ros/jazzy/opt/gz_sim_vendor:/opt/ros/jazzy/opt/gz_sensors_vendor:/opt/ros/jazzy/opt/gz_physics_vendor:/opt/ros/jazzy/opt/sdformat_vendor:/opt/ros/jazzy/opt/gz_gui_vendor:/opt/ros/jazzy/opt/gz_transport_vendor:/opt/ros/jazzy/opt/gz_rendering_vendor:/opt/ros/jazzy/opt/gz_plugin_vendor:/opt/ros/jazzy/opt/gz_fuel_tools_vendor:/opt/ros/jazzy/opt/gz_msgs_vendor:/opt/ros/jazzy/opt/gz_common_vendor:/opt/ros/jazzy/opt/gz_math_vendor:/opt/ros/jazzy/opt/gz_utils_vendor:/opt/ros/jazzy/opt/gz_tools_vendor:/opt/ros/jazzy/opt/gz_ogre_next_vendor:/opt/ros/jazzy/opt/gz_dartsim_vendor:/opt/ros/jazzy/opt/gz_cmake_vendor:/opt/ros/jazzy PATH=/bumperbot_ws/install/bumperbot_localization/bin:${PATH} PYTHONPATH=/bumperbot_ws/install/bumperbot_mapping/lib/python3.12/site-packages:/bumperbot_ws/install/bumperbot_localization/lib/python3.12/site-packages:/bumperbot_ws/install/bumperbot_controller/lib/python3.12/site-packages:${PYTHONPATH} /usr/bin/cmake --install /bumperbot_ws/build/bumperbot_bringup
[0.498s] Level 1:colcon.colcon_core.environment:create_environment_scripts_only(bumperbot_bringup)
[0.498s] Level 1:colcon.colcon_core.environment:checking '/bumperbot_ws/install/bumperbot_bringup' for CMake module files
[0.498s] DEBUG:colcon.colcon_core.event_handler.log_command:Invoked command in '/bumperbot_ws/build/bumperbot_bringup' returned '0': AMENT_PREFIX_PATH=/bumperbot_ws/install/bumperbot_mapping:/bumperbot_ws/install/bumperbot_localization:/bumperbot_ws/install/bumperbot_description:/bumperbot_ws/install/bumperbot_controller:${AMENT_PREFIX_PATH} CMAKE_PREFIX_PATH=/bumperbot_ws/install/bumperbot_mapping:/bumperbot_ws/install/bumperbot_localization:/bumperbot_ws/install/bumperbot_description:/bumperbot_ws/install/bumperbot_controller:/opt/ros/jazzy/opt/gz_sim_vendor:/opt/ros/jazzy/opt/gz_sensors_vendor:/opt/ros/jazzy/opt/gz_physics_vendor:/opt/ros/jazzy/opt/sdformat_vendor:/opt/ros/jazzy/opt/gz_gui_vendor:/opt/ros/jazzy/opt/gz_transport_vendor:/opt/ros/jazzy/opt/gz_rendering_vendor:/opt/ros/jazzy/opt/gz_plugin_vendor:/opt/ros/jazzy/opt/gz_fuel_tools_vendor:/opt/ros/jazzy/opt/gz_msgs_vendor:/opt/ros/jazzy/opt/gz_common_vendor:/opt/ros/jazzy/opt/gz_math_vendor:/opt/ros/jazzy/opt/gz_utils_vendor:/opt/ros/jazzy/opt/gz_tools_vendor:/opt/ros/jazzy/opt/gz_ogre_next_vendor:/opt/ros/jazzy/opt/gz_dartsim_vendor:/opt/ros/jazzy/opt/gz_cmake_vendor:/opt/ros/jazzy PATH=/bumperbot_ws/install/bumperbot_localization/bin:${PATH} PYTHONPATH=/bumperbot_ws/install/bumperbot_mapping/lib/python3.12/site-packages:/bumperbot_ws/install/bumperbot_localization/lib/python3.12/site-packages:/bumperbot_ws/install/bumperbot_controller/lib/python3.12/site-packages:${PYTHONPATH} /usr/bin/cmake --install /bumperbot_ws/build/bumperbot_bringup
[0.498s] Level 1:colcon.colcon_core.environment:checking '/bumperbot_ws/install/bumperbot_bringup' for CMake config files
[0.498s] Level 1:colcon.colcon_core.shell:create_environment_hook('bumperbot_bringup', 'cmake_prefix_path')
[0.498s] INFO:colcon.colcon_core.shell:Creating environment hook '/bumperbot_ws/install/bumperbot_bringup/share/bumperbot_bringup/hook/cmake_prefix_path.ps1'
[0.499s] INFO:colcon.colcon_core.shell:Creating environment descriptor '/bumperbot_ws/install/bumperbot_bringup/share/bumperbot_bringup/hook/cmake_prefix_path.dsv'
[0.499s] INFO:colcon.colcon_core.shell:Creating environment hook '/bumperbot_ws/install/bumperbot_bringup/share/bumperbot_bringup/hook/cmake_prefix_path.sh'
[0.499s] Level 1:colcon.colcon_core.environment:checking '/bumperbot_ws/install/bumperbot_bringup/bin'
[0.499s] Level 1:colcon.colcon_core.environment:checking '/bumperbot_ws/install/bumperbot_bringup/lib/pkgconfig/bumperbot_bringup.pc'
[0.499s] Level 1:colcon.colcon_core.environment:checking '/bumperbot_ws/install/bumperbot_bringup/lib/python3.12/site-packages'
[0.500s] Level 1:colcon.colcon_core.environment:checking '/bumperbot_ws/install/bumperbot_bringup/bin'
[0.500s] INFO:colcon.colcon_core.shell:Creating package script '/bumperbot_ws/install/bumperbot_bringup/share/bumperbot_bringup/package.ps1'
[0.500s] INFO:colcon.colcon_core.shell:Creating package descriptor '/bumperbot_ws/install/bumperbot_bringup/share/bumperbot_bringup/package.dsv'
[0.500s] INFO:colcon.colcon_core.shell:Creating package script '/bumperbot_ws/install/bumperbot_bringup/share/bumperbot_bringup/package.sh'
[0.500s] INFO:colcon.colcon_core.shell:Creating package script '/bumperbot_ws/install/bumperbot_bringup/share/bumperbot_bringup/package.bash'
[0.501s] INFO:colcon.colcon_core.shell:Creating package script '/bumperbot_ws/install/bumperbot_bringup/share/bumperbot_bringup/package.zsh'
[0.501s] Level 1:colcon.colcon_core.environment:create_file_with_runtime_dependencies(/bumperbot_ws/install/bumperbot_bringup/share/colcon-core/packages/bumperbot_bringup)
[0.501s] Level 1:colcon.colcon_core.environment:create_environment_scripts_only(bumperbot_bringup)
[0.501s] Level 1:colcon.colcon_core.environment:checking '/bumperbot_ws/install/bumperbot_bringup' for CMake module files
[0.501s] Level 1:colcon.colcon_core.environment:checking '/bumperbot_ws/install/bumperbot_bringup' for CMake config files
[0.501s] Level 1:colcon.colcon_core.shell:create_environment_hook('bumperbot_bringup', 'cmake_prefix_path')
[0.501s] INFO:colcon.colcon_core.shell:Creating environment hook '/bumperbot_ws/install/bumperbot_bringup/share/bumperbot_bringup/hook/cmake_prefix_path.ps1'
[0.502s] INFO:colcon.colcon_core.shell:Creating environment descriptor '/bumperbot_ws/install/bumperbot_bringup/share/bumperbot_bringup/hook/cmake_prefix_path.dsv'
[0.502s] INFO:colcon.colcon_core.shell:Creating environment hook '/bumperbot_ws/install/bumperbot_bringup/share/bumperbot_bringup/hook/cmake_prefix_path.sh'
[0.502s] Level 1:colcon.colcon_core.environment:checking '/bumperbot_ws/install/bumperbot_bringup/bin'
[0.502s] Level 1:colcon.colcon_core.environment:checking '/bumperbot_ws/install/bumperbot_bringup/lib/pkgconfig/bumperbot_bringup.pc'
[0.502s] Level 1:colcon.colcon_core.environment:checking '/bumperbot_ws/install/bumperbot_bringup/lib/python3.12/site-packages'
[0.502s] Level 1:colcon.colcon_core.environment:checking '/bumperbot_ws/install/bumperbot_bringup/bin'
[0.503s] INFO:colcon.colcon_core.shell:Creating package script '/bumperbot_ws/install/bumperbot_bringup/share/bumperbot_bringup/package.ps1'
[0.503s] INFO:colcon.colcon_core.shell:Creating package descriptor '/bumperbot_ws/install/bumperbot_bringup/share/bumperbot_bringup/package.dsv'
[0.503s] INFO:colcon.colcon_core.shell:Creating package script '/bumperbot_ws/install/bumperbot_bringup/share/bumperbot_bringup/package.sh'
[0.503s] INFO:colcon.colcon_core.shell:Creating package script '/bumperbot_ws/install/bumperbot_bringup/share/bumperbot_bringup/package.bash'
[0.504s] INFO:colcon.colcon_core.shell:Creating package script '/bumperbot_ws/install/bumperbot_bringup/share/bumperbot_bringup/package.zsh'
[0.504s] Level 1:colcon.colcon_core.environment:create_file_with_runtime_dependencies(/bumperbot_ws/install/bumperbot_bringup/share/colcon-core/packages/bumperbot_bringup)
[0.504s] DEBUG:colcon.colcon_parallel_executor.executor.parallel:closing loop
[0.504s] DEBUG:colcon.colcon_parallel_executor.executor.parallel:loop closed
[0.504s] DEBUG:colcon.colcon_parallel_executor.executor.parallel:run_until_complete finished with '0'
[0.504s] DEBUG:colcon.colcon_core.event_reactor:joining thread
[0.512s] INFO:colcon.colcon_core.plugin_system:Skipping extension 'colcon_notification.desktop_notification.terminal_notifier': Not used on non-Darwin systems
[0.512s] INFO:colcon.colcon_core.plugin_system:Skipping extension 'colcon_notification.desktop_notification.win32': Not used on non-Windows systems
[0.512s] INFO:colcon.colcon_notification.desktop_notification:Sending desktop notification using 'notify2'
[0.514s] DEBUG:colcon.colcon_notification.desktop_notification.notify2:Failed to initialize notify2: org.freedesktop.DBus.Error.Spawn.ExecFailed: /usr/bin/dbus-launch terminated abnormally without any error message
[0.514s] DEBUG:colcon.colcon_core.event_reactor:joined thread
[0.515s] INFO:colcon.colcon_core.shell:Creating prefix script '/bumperbot_ws/install/local_setup.ps1'
[0.515s] INFO:colcon.colcon_core.shell:Creating prefix util module '/bumperbot_ws/install/_local_setup_util_ps1.py'
[0.516s] INFO:colcon.colcon_core.shell:Creating prefix chain script '/bumperbot_ws/install/setup.ps1'
[0.517s] INFO:colcon.colcon_core.shell:Creating prefix script '/bumperbot_ws/install/local_setup.sh'
[0.517s] INFO:colcon.colcon_core.shell:Creating prefix util module '/bumperbot_ws/install/_local_setup_util_sh.py'
[0.518s] INFO:colcon.colcon_core.shell:Creating prefix chain script '/bumperbot_ws/install/setup.sh'
[0.518s] INFO:colcon.colcon_core.shell:Creating prefix script '/bumperbot_ws/install/local_setup.bash'
[0.519s] INFO:colcon.colcon_core.shell:Creating prefix chain script '/bumperbot_ws/install/setup.bash'
[0.519s] INFO:colcon.colcon_core.shell:Creating prefix script '/bumperbot_ws/install/local_setup.zsh'
[0.520s] INFO:colcon.colcon_core.shell:Creating prefix chain script '/bumperbot_ws/install/setup.zsh'
