-- Found ament_cmake: 2.5.4 (/opt/ros/jazzy/share/ament_cmake/cmake)
-- Found rclcpp: 28.1.12 (/opt/ros/jazzy/share/rclcpp/cmake)
-- Found rosidl_generator_c: 4.6.6 (/opt/ros/jazzy/share/rosidl_generator_c/cmake)
-- Found rosidl_generator_cpp: 4.6.6 (/opt/ros/jazzy/share/rosidl_generator_cpp/cmake)
-- Using all available rosidl_typesupport_c: rosidl_typesupport_fastrtps_c;rosidl_typesupport_introspection_c
-- Using all available rosidl_typesupport_cpp: rosidl_typesupport_fastrtps_cpp;rosidl_typesupport_introspection_cpp
-- Found rmw_implementation_cmake: 7.3.2 (/opt/ros/jazzy/share/rmw_implementation_cmake/cmake)
-- Found rmw_zenoh_cpp: 0.2.7 (/opt/ros/jazzy/share/rmw_zenoh_cpp/cmake)
-- Using RMW implementation 'rmw_zenoh_cpp' as default
-- Found rclpy: 7.1.5 (/opt/ros/jazzy/share/rclpy/cmake)
-- Found nav_msgs: 5.3.6 (/opt/ros/jazzy/share/nav_msgs/cmake)
-- Found tf2_ros: 0.36.14 (/opt/ros/jazzy/share/tf2_ros/cmake)
-- Found nav2_core: 1.3.8 (/opt/ros/jazzy/share/nav2_core/cmake)
-- Found eigen3_cmake_module: 0.3.0 (/opt/ros/jazzy/share/eigen3_cmake_module/cmake)
-- Found Eigen3: TRUE (found version "3.4.0") 
-- Ensuring Eigen3 include directory is part of orocos-kdl CMake target
-- Found TinyXML2 via Config file: /usr/lib/x86_64-linux-gnu/cmake/tinyxml2
-- Configuring done (1.0s)
-- Generating done (0.1s)
-- Build files have been written to: /bumperbot_ws/build/bumperbot_planning
[  0%] Built target ament_cmake_python_copy_bumperbot_planning
[ 50%] Building CXX object CMakeFiles/dijkstra_planner.dir/src/dijkstra_planner.cpp.o
[ 50%] Building CXX object CMakeFiles/a_star_planner.dir/src/a_star_planner.cpp.o
running egg_info
writing bumperbot_planning.egg-info/PKG-INFO
writing dependency_links to bumperbot_planning.egg-info/dependency_links.txt
writing top-level names to bumperbot_planning.egg-info/top_level.txt
reading manifest file 'bumperbot_planning.egg-info/SOURCES.txt'
writing manifest file 'bumperbot_planning.egg-info/SOURCES.txt'
[ 50%] Built target ament_cmake_python_build_bumperbot_planning_egg
[ 75%] Linking CXX executable a_star_planner
[ 75%] Built target a_star_planner
