[0.009s] Invoking command in '/bumperbot_ws/build/bumperbot_planning': CMAKE_PREFIX_PATH=${CMAKE_PREFIX_PATH}:/opt/ros/jazzy /usr/bin/cmake --build /bumperbot_ws/build/bumperbot_planning -- -j16 -l16
[0.032s] -- Found ament_cmake: 2.5.4 (/opt/ros/jazzy/share/ament_cmake/cmake)
[0.192s] -- Found rclcpp: 28.1.12 (/opt/ros/jazzy/share/rclcpp/cmake)
[0.219s] -- Found rosidl_generator_c: 4.6.6 (/opt/ros/jazzy/share/rosidl_generator_c/cmake)
[0.227s] -- Found rosidl_generator_cpp: 4.6.6 (/opt/ros/jazzy/share/rosidl_generator_cpp/cmake)
[0.235s] -- Using all available rosidl_typesupport_c: rosidl_typesupport_fastrtps_c;rosidl_typesupport_introspection_c
[0.246s] -- Using all available rosidl_typesupport_cpp: rosidl_typesupport_fastrtps_cpp;rosidl_typesupport_introspection_cpp
[0.298s] -- Found rmw_implementation_cmake: 7.3.2 (/opt/ros/jazzy/share/rmw_implementation_cmake/cmake)
[0.300s] -- Found rmw_zenoh_cpp: 0.2.7 (/opt/ros/jazzy/share/rmw_zenoh_cpp/cmake)
[0.301s] -- Using RMW implementation 'rmw_zenoh_cpp' as default
[0.352s] -- Found rclpy: 7.1.5 (/opt/ros/jazzy/share/rclpy/cmake)
[0.352s] -- Found nav_msgs: 5.3.6 (/opt/ros/jazzy/share/nav_msgs/cmake)
[0.405s] -- Found tf2_ros: 0.36.14 (/opt/ros/jazzy/share/tf2_ros/cmake)
[0.497s] -- Found nav2_core: 1.3.8 (/opt/ros/jazzy/share/nav2_core/cmake)
[0.751s] -- Found eigen3_cmake_module: 0.3.0 (/opt/ros/jazzy/share/eigen3_cmake_module/cmake)
[0.751s] -- Found Eigen3: TRUE (found version "3.4.0") 
[0.752s] -- Ensuring Eigen3 include directory is part of orocos-kdl CMake target
[0.772s] -- Found TinyXML2 via Config file: /usr/lib/x86_64-linux-gnu/cmake/tinyxml2
[1.057s] -- Configuring done (1.0s)
[1.132s] -- Generating done (0.1s)
[1.142s] -- Build files have been written to: /bumperbot_ws/build/bumperbot_planning
[1.177s] [  0%] Built target ament_cmake_python_copy_bumperbot_planning
[1.179s] [ 50%] Building CXX object CMakeFiles/dijkstra_planner.dir/src/dijkstra_planner.cpp.o
[1.179s] [ 50%] Building CXX object CMakeFiles/a_star_planner.dir/src/a_star_planner.cpp.o
[1.367s] running egg_info
[1.380s] writing bumperbot_planning.egg-info/PKG-INFO
[1.380s] writing dependency_links to bumperbot_planning.egg-info/dependency_links.txt
[1.380s] writing top-level names to bumperbot_planning.egg-info/top_level.txt
[1.418s] reading manifest file 'bumperbot_planning.egg-info/SOURCES.txt'
[1.420s] writing manifest file 'bumperbot_planning.egg-info/SOURCES.txt'
[1.450s] [ 50%] Built target ament_cmake_python_build_bumperbot_planning_egg
[3.934s] /bumperbot_ws/src/bumperbot_planning/src/dijkstra_planner.cpp: In member function ‘virtual void bumperbot_planning::DijkstraPlanner::configure(const rclcpp_lifecycle::LifecycleNode::WeakPtr&, std::string, std::shared_ptr<tf2_ros::Buffer>, std::shared_ptr<nav2_costmap_2d::Costmap2DROS>)’:
[3.934s] /bumperbot_ws/src/bumperbot_planning/src/dijkstra_planner.cpp:11:61: warning: unused parameter ‘parent’ [-Wunused-parameter]
[3.934s]    11 |             const rclcpp_lifecycle::LifecycleNode::WeakPtr &parent,
[3.934s]       |             ~~~~~~~~~~~~~~~~~~~~~~~~~~~~~~~~~~~~~~~~~~~~~~~~^~~~~~
[3.934s] /bumperbot_ws/src/bumperbot_planning/src/dijkstra_planner.cpp:12:25: warning: unused parameter ‘name’ [-Wunused-parameter]
[3.934s]    12 |             std::string name, std::shared_ptr<tf2_ros::Buffer> tf,
[3.934s]       |             ~~~~~~~~~~~~^~~~
[3.934s] /bumperbot_ws/src/bumperbot_planning/src/dijkstra_planner.cpp:12:64: warning: unused parameter ‘tf’ [-Wunused-parameter]
[3.934s]    12 |             std::string name, std::shared_ptr<tf2_ros::Buffer> tf,
[3.935s]       |                               ~~~~~~~~~~~~~~~~~~~~~~~~~~~~~~~~~^~
[3.935s] /bumperbot_ws/src/bumperbot_planning/src/dijkstra_planner.cpp:13:60: warning: unused parameter ‘costmap_ros’ [-Wunused-parameter]
[3.935s]    13 |             std::shared_ptr<nav2_costmap_2d::Costmap2DROS> costmap_ros
[3.935s]       |             ~~~~~~~~~~~~~~~~~~~~~~~~~~~~~~~~~~~~~~~~~~~~~~~^~~~~~~~~~~
[3.935s] /bumperbot_ws/src/bumperbot_planning/src/dijkstra_planner.cpp: At global scope:
[3.935s] /bumperbot_ws/src/bumperbot_planning/src/dijkstra_planner.cpp:18:25: error: no declaration matches ‘nav_msgs::msg::Path bumperbot_planning::DijkstraPlanner::plan(const geometry_msgs::msg::Pose&, const geometry_msgs::msg::Pose&)’
[3.935s]    18 |     nav_msgs::msg::Path DijkstraPlanner::plan(const geometry_msgs::msg::Pose &start, const geometry_msgs::msg::Pose &goal)
[3.935s]       |                         ^~~~~~~~~~~~~~~
[3.935s] /bumperbot_ws/src/bumperbot_planning/src/dijkstra_planner.cpp:18:25: note: no functions named ‘nav_msgs::msg::Path bumperbot_planning::DijkstraPlanner::plan(const geometry_msgs::msg::Pose&, const geometry_msgs::msg::Pose&)’
[3.935s] In file included from /bumperbot_ws/src/bumperbot_planning/src/dijkstra_planner.cpp:4:
[3.936s] /bumperbot_ws/src/bumperbot_planning/include/bumperbot_planning/dijkstra_planner.hpp:46:11: note: ‘class bumperbot_planning::DijkstraPlanner’ defined here
[3.936s]    46 |     class DijkstraPlanner : public nav2_core::GlobalPlanner
[3.936s]       |           ^~~~~~~~~~~~~~~
[3.942s] /bumperbot_ws/src/bumperbot_planning/src/dijkstra_planner.cpp: In member function ‘bool bumperbot_planning::DijkstraPlanner::poseOnMap(const bumperbot_planning::GraphNode&)’:
[3.942s] /bumperbot_ws/src/bumperbot_planning/src/dijkstra_planner.cpp:77:42: error: ‘map_’ was not declared in this scope
[3.942s]    77 |         return node.x < static_cast<int>(map_->info.width) && node.x >= 0 &&
[3.942s]       |                                          ^~~~
[3.948s] /bumperbot_ws/src/bumperbot_planning/src/dijkstra_planner.cpp: In member function ‘bumperbot_planning::GraphNode bumperbot_planning::DijkstraPlanner::worldToGrid(const geometry_msgs::msg::Pose&)’:
[3.948s] /bumperbot_ws/src/bumperbot_planning/src/dijkstra_planner.cpp:83:58: error: ‘map_’ was not declared in this scope
[3.948s]    83 |         int grid_x = static_cast<int>((pose.position.x - map_->info.origin.position.x) / map_->info.resolution);
[3.948s]       |                                                          ^~~~
[3.952s] /bumperbot_ws/src/bumperbot_planning/src/dijkstra_planner.cpp: In member function ‘geometry_msgs::msg::Pose bumperbot_planning::DijkstraPlanner::gridToWorld(const bumperbot_planning::GraphNode&)’:
[3.952s] /bumperbot_ws/src/bumperbot_planning/src/dijkstra_planner.cpp:91:36: error: ‘map_’ was not declared in this scope
[3.952s]    91 |         pose.position.x = node.x * map_->info.resolution + map_->info.origin.position.x;
[3.952s]       |                                    ^~~~
[3.958s] /bumperbot_ws/src/bumperbot_planning/src/dijkstra_planner.cpp: In member function ‘unsigned int bumperbot_planning::DijkstraPlanner::poseToCell(const bumperbot_planning::GraphNode&)’:
[3.958s] /bumperbot_ws/src/bumperbot_planning/src/dijkstra_planner.cpp:98:16: error: ‘map_’ was not declared in this scope
[3.958s]    98 |         return map_->info.width * node.y + node.x;
[3.958s]       |                ^~~~
[3.959s] /bumperbot_ws/src/bumperbot_planning/src/dijkstra_planner.cpp: In function ‘int main(int, char**)’:
[3.959s] /bumperbot_ws/src/bumperbot_planning/src/dijkstra_planner.cpp:106:17: error: no matching function for call to ‘spin(std::shared_ptr<bumperbot_planning::DijkstraPlanner>&)’
[3.959s]   106 |     rclcpp::spin(node);
[3.959s]       |     ~~~~~~~~~~~~^~~~~~
[3.960s] In file included from /opt/ros/jazzy/include/rclcpp/rclcpp/rclcpp.hpp:172,
[3.960s]                  from /bumperbot_ws/src/bumperbot_planning/include/bumperbot_planning/dijkstra_planner.hpp:6:
[3.960s] /opt/ros/jazzy/include/rclcpp/rclcpp/executors.hpp:58:1: note: candidate: ‘void rclcpp::spin(node_interfaces::NodeBaseInterface::SharedPtr)’
[3.960s]    58 | spin(rclcpp::node_interfaces::NodeBaseInterface::SharedPtr node_ptr);
[3.960s]       | ^~~~
[3.960s] /opt/ros/jazzy/include/rclcpp/rclcpp/executors.hpp:58:60: note:   no known conversion for argument 1 from ‘shared_ptr<bumperbot_planning::DijkstraPlanner>’ to ‘shared_ptr<rclcpp::node_interfaces::NodeBaseInterface>’
[3.960s]    58 | spin(rclcpp::node_interfaces::NodeBaseInterface::SharedPtr node_ptr);
[3.960s]       |      ~~~~~~~~~~~~~~~~~~~~~~~~~~~~~~~~~~~~~~~~~~~~~~~~~~~~~~^~~~~~~~
[3.960s] /opt/ros/jazzy/include/rclcpp/rclcpp/executors.hpp:62:1: note: candidate: ‘void rclcpp::spin(Node::SharedPtr)’
[3.960s]    62 | spin(rclcpp::Node::SharedPtr node_ptr);
[3.960s]       | ^~~~
[3.960s] /opt/ros/jazzy/include/rclcpp/rclcpp/executors.hpp:62:30: note:   no known conversion for argument 1 from ‘shared_ptr<bumperbot_planning::DijkstraPlanner>’ to ‘shared_ptr<rclcpp::Node>’
[3.960s]    62 | spin(rclcpp::Node::SharedPtr node_ptr);
[3.960s]       |      ~~~~~~~~~~~~~~~~~~~~~~~~^~~~~~~~
[5.202s] gmake[2]: *** [CMakeFiles/dijkstra_planner.dir/build.make:76: CMakeFiles/dijkstra_planner.dir/src/dijkstra_planner.cpp.o] Error 1
[5.202s] gmake[1]: *** [CMakeFiles/Makefile2:194: CMakeFiles/dijkstra_planner.dir/all] Error 2
[5.202s] gmake[1]: *** Waiting for unfinished jobs....
[10.758s] [ 75%] Linking CXX executable a_star_planner
[11.409s] [ 75%] Built target a_star_planner
[11.410s] gmake: *** [Makefile:146: all] Error 2
[11.412s] Invoked command in '/bumperbot_ws/build/bumperbot_planning' returned '2': CMAKE_PREFIX_PATH=${CMAKE_PREFIX_PATH}:/opt/ros/jazzy /usr/bin/cmake --build /bumperbot_ws/build/bumperbot_planning -- -j16 -l16
