[0.008s] Invoking command in '/bumperbot_ws/build/nav2_common': CMAKE_PREFIX_PATH=${CMAKE_PREFIX_PATH}:/opt/ros/jazzy /usr/bin/cmake --build /bumperbot_ws/build/nav2_common -- -j16 -l16
[0.020s] -- Found ament_cmake_core: 2.5.4 (/opt/ros/jazzy/share/ament_cmake_core/cmake)
[0.083s] -- Override CMake install command with custom implementation using symlinks instead of copying resources
[0.084s] -- Found ament_cmake_python: 2.5.4 (/opt/ros/jazzy/share/ament_cmake_python/cmake)
[0.199s] -- Configuring done (0.2s)
[0.201s] -- Generating done (0.0s)
[0.202s] -- Build files have been written to: /bumperbot_ws/build/nav2_common
[0.227s] Built target ament_cmake_python_symlink_nav2_common
[0.357s] running egg_info
[0.368s] writing nav2_common.egg-info/PKG-INFO
[0.368s] writing dependency_links to nav2_common.egg-info/dependency_links.txt
[0.368s] writing top-level names to nav2_common.egg-info/top_level.txt
[0.400s] reading manifest file 'nav2_common.egg-info/SOURCES.txt'
[0.400s] writing manifest file 'nav2_common.egg-info/SOURCES.txt'
[0.418s] Built target ament_cmake_python_build_nav2_common_egg
[0.425s] Invoked command in '/bumperbot_ws/build/nav2_common' returned '0': CMAKE_PREFIX_PATH=${CMAKE_PREFIX_PATH}:/opt/ros/jazzy /usr/bin/cmake --build /bumperbot_ws/build/nav2_common -- -j16 -l16
[0.431s] Invoking command in '/bumperbot_ws/build/nav2_common': CMAKE_PREFIX_PATH=${CMAKE_PREFIX_PATH}:/opt/ros/jazzy /usr/bin/cmake --install /bumperbot_ws/build/nav2_common
[0.436s] -- Install configuration: ""
[0.437s] -- Execute custom install script
[0.437s] -- Up-to-date symlink: /bumperbot_ws/install/nav2_common/share/nav2_common/environment/pythonpath.sh
[0.437s] -- Up-to-date symlink: /bumperbot_ws/install/nav2_common/share/nav2_common/environment/pythonpath.dsv
[0.437s] -- Symlinking: /bumperbot_ws/install/nav2_common/lib/python3.12/site-packages/nav2_common-1.3.9-py3.12.egg-info/PKG-INFO
[0.442s] -- Symlinking: /bumperbot_ws/install/nav2_common/lib/python3.12/site-packages/nav2_common-1.3.9-py3.12.egg-info/SOURCES.txt
[0.448s] -- Symlinking: /bumperbot_ws/install/nav2_common/lib/python3.12/site-packages/nav2_common-1.3.9-py3.12.egg-info/dependency_links.txt
[0.454s] -- Symlinking: /bumperbot_ws/install/nav2_common/lib/python3.12/site-packages/nav2_common-1.3.9-py3.12.egg-info/top_level.txt
[0.460s] -- Up-to-date symlink: /bumperbot_ws/install/nav2_common/lib/python3.12/site-packages/nav2_common/__init__.py
[0.460s] -- Up-to-date symlink: /bumperbot_ws/install/nav2_common/lib/python3.12/site-packages/nav2_common/launch/__init__.py
[0.460s] -- Up-to-date symlink: /bumperbot_ws/install/nav2_common/lib/python3.12/site-packages/nav2_common/launch/has_node_params.py
[0.460s] -- Up-to-date symlink: /bumperbot_ws/install/nav2_common/lib/python3.12/site-packages/nav2_common/launch/parse_multirobot_pose.py
[0.460s] -- Up-to-date symlink: /bumperbot_ws/install/nav2_common/lib/python3.12/site-packages/nav2_common/launch/replace_string.py
[0.460s] -- Up-to-date symlink: /bumperbot_ws/install/nav2_common/lib/python3.12/site-packages/nav2_common/launch/rewritten_yaml.py
[0.460s] -- Up-to-date symlink: /bumperbot_ws/install/nav2_common/share/ament_index/resource_index/package_run_dependencies/nav2_common
[0.460s] -- Up-to-date symlink: /bumperbot_ws/install/nav2_common/share/ament_index/resource_index/parent_prefix_path/nav2_common
[0.460s] -- Up-to-date symlink: /bumperbot_ws/install/nav2_common/share/nav2_common/environment/ament_prefix_path.sh
[0.461s] -- Up-to-date symlink: /bumperbot_ws/install/nav2_common/share/nav2_common/environment/ament_prefix_path.dsv
[0.461s] -- Up-to-date symlink: /bumperbot_ws/install/nav2_common/share/nav2_common/environment/path.sh
[0.461s] -- Up-to-date symlink: /bumperbot_ws/install/nav2_common/share/nav2_common/environment/path.dsv
[0.461s] -- Up-to-date symlink: /bumperbot_ws/install/nav2_common/share/nav2_common/local_setup.bash
[0.461s] -- Up-to-date symlink: /bumperbot_ws/install/nav2_common/share/nav2_common/local_setup.sh
[0.461s] -- Up-to-date symlink: /bumperbot_ws/install/nav2_common/share/nav2_common/local_setup.zsh
[0.461s] -- Up-to-date symlink: /bumperbot_ws/install/nav2_common/share/nav2_common/local_setup.dsv
[0.461s] -- Symlinking: /bumperbot_ws/install/nav2_common/share/nav2_common/package.dsv
[0.467s] -- Up-to-date symlink: /bumperbot_ws/install/nav2_common/share/ament_index/resource_index/packages/nav2_common
[0.467s] -- Up-to-date symlink: /bumperbot_ws/install/nav2_common/share/nav2_common/cmake/nav2_common-extras.cmake
[0.467s] -- Up-to-date symlink: /bumperbot_ws/install/nav2_common/share/nav2_common/cmake/nav2_commonConfig.cmake
[0.467s] -- Up-to-date symlink: /bumperbot_ws/install/nav2_common/share/nav2_common/cmake/nav2_commonConfig-version.cmake
[0.467s] -- Up-to-date symlink: /bumperbot_ws/install/nav2_common/share/nav2_common/package.xml
[0.468s] -- Up-to-date symlink: /bumperbot_ws/install/nav2_common/share/nav2_common/cmake/nav2_package.cmake
[0.495s] Listing '/bumperbot_ws/install/nav2_common/lib/python3.12/site-packages/nav2_common'...
[0.495s] Compiling '/bumperbot_ws/install/nav2_common/lib/python3.12/site-packages/nav2_common/__init__.py'...
[0.495s] Listing '/bumperbot_ws/install/nav2_common/lib/python3.12/site-packages/nav2_common/launch'...
[0.495s] Compiling '/bumperbot_ws/install/nav2_common/lib/python3.12/site-packages/nav2_common/launch/__init__.py'...
[0.495s] Compiling '/bumperbot_ws/install/nav2_common/lib/python3.12/site-packages/nav2_common/launch/has_node_params.py'...
[0.495s] Compiling '/bumperbot_ws/install/nav2_common/lib/python3.12/site-packages/nav2_common/launch/parse_multirobot_pose.py'...
[0.495s] Compiling '/bumperbot_ws/install/nav2_common/lib/python3.12/site-packages/nav2_common/launch/replace_string.py'...
[0.495s] Compiling '/bumperbot_ws/install/nav2_common/lib/python3.12/site-packages/nav2_common/launch/rewritten_yaml.py'...
[0.499s] Invoked command in '/bumperbot_ws/build/nav2_common' returned '0': CMAKE_PREFIX_PATH=${CMAKE_PREFIX_PATH}:/opt/ros/jazzy /usr/bin/cmake --install /bumperbot_ws/build/nav2_common
