[0.015s] Invoking command in '/bumperbot_ws/build/bumperbot_navigation': CMAKE_PREFIX_PATH=${CMAKE_PREFIX_PATH}:/opt/ros/jazzy /usr/bin/cmake --build /bumperbot_ws/build/bumperbot_navigation -- -j16 -l16
[0.052s] Invoked command in '/bumperbot_ws/build/bumperbot_navigation' returned '0': CMAKE_PREFIX_PATH=${CMAKE_PREFIX_PATH}:/opt/ros/jazzy /usr/bin/cmake --build /bumperbot_ws/build/bumperbot_navigation -- -j16 -l16
[0.053s] Invoking command in '/bumperbot_ws/build/bumperbot_navigation': CMAKE_PREFIX_PATH=${CMAKE_PREFIX_PATH}:/opt/ros/jazzy /usr/bin/cmake --install /bumperbot_ws/build/bumperbot_navigation
[0.074s] -- Install configuration: ""
[0.074s] -- Up-to-date: /bumperbot_ws/install/bumperbot_navigation/share/ament_index/resource_index/package_run_dependencies/bumperbot_navigation
[0.074s] -- Up-to-date: /bumperbot_ws/install/bumperbot_navigation/share/ament_index/resource_index/parent_prefix_path/bumperbot_navigation
[0.074s] -- Up-to-date: /bumperbot_ws/install/bumperbot_navigation/share/bumperbot_navigation/environment/ament_prefix_path.sh
[0.074s] -- Up-to-date: /bumperbot_ws/install/bumperbot_navigation/share/bumperbot_navigation/environment/ament_prefix_path.dsv
[0.074s] -- Up-to-date: /bumperbot_ws/install/bumperbot_navigation/share/bumperbot_navigation/environment/path.sh
[0.074s] -- Up-to-date: /bumperbot_ws/install/bumperbot_navigation/share/bumperbot_navigation/environment/path.dsv
[0.074s] -- Up-to-date: /bumperbot_ws/install/bumperbot_navigation/share/bumperbot_navigation/local_setup.bash
[0.074s] -- Up-to-date: /bumperbot_ws/install/bumperbot_navigation/share/bumperbot_navigation/local_setup.sh
[0.075s] -- Up-to-date: /bumperbot_ws/install/bumperbot_navigation/share/bumperbot_navigation/local_setup.zsh
[0.077s] -- Up-to-date: /bumperbot_ws/install/bumperbot_navigation/share/bumperbot_navigation/local_setup.dsv
[0.090s] -- Installing: /bumperbot_ws/install/bumperbot_navigation/share/bumperbot_navigation/package.dsv
[0.090s] -- Up-to-date: /bumperbot_ws/install/bumperbot_navigation/share/ament_index/resource_index/packages/bumperbot_navigation
[0.090s] -- Up-to-date: /bumperbot_ws/install/bumperbot_navigation/share/bumperbot_navigation/cmake/bumperbot_navigationConfig.cmake
[0.090s] -- Up-to-date: /bumperbot_ws/install/bumperbot_navigation/share/bumperbot_navigation/cmake/bumperbot_navigationConfig-version.cmake
[0.091s] -- Up-to-date: /bumperbot_ws/install/bumperbot_navigation/share/bumperbot_navigation/package.xml
[0.091s] Invoked command in '/bumperbot_ws/build/bumperbot_navigation' returned '0': CMAKE_PREFIX_PATH=${CMAKE_PREFIX_PATH}:/opt/ros/jazzy /usr/bin/cmake --install /bumperbot_ws/build/bumperbot_navigation
