[0.103s] DEBUG:colcon:Command line arguments: ['/usr/bin/colcon', 'build']
[0.103s] DEBUG:colcon:Parsed command line arguments: Namespace(log_base=None, log_level=None, verb_name='build', build_base='build', install_base='install', merge_install=False, symlink_install=False, test_result_base=None, continue_on_error=False, executor='parallel', parallel_workers=8, event_handlers=None, ignore_user_meta=False, metas=['./colcon.meta'], base_paths=['.'], packages_ignore=None, packages_ignore_regex=None, paths=None, packages_up_to=None, packages_up_to_regex=None, packages_above=None, packages_above_and_dependencies=None, packages_above_depth=None, packages_select_by_dep=None, packages_skip_by_dep=None, packages_skip_up_to=None, packages_select_build_failed=False, packages_skip_build_finished=False, packages_select_test_failures=False, packages_skip_test_passed=False, packages_select=None, packages_skip=None, packages_select_regex=None, packages_skip_regex=None, packages_start=None, packages_end=None, cmake_args=None, cmake_target=None, cmake_target_skip_unavailable=False, cmake_clean_cache=False, cmake_clean_first=False, cmake_force_configure=False, ament_cmake_args=None, catkin_cmake_args=None, catkin_skip_building_tests=False, mixin_files=None, mixin=None, verb_parser=<colcon_mixin.mixin.mixin_argument.MixinArgumentDecorator object at 0x7f937876f620>, verb_extension=<colcon_core.verb.build.BuildVerb object at 0x7f937876f260>, main=<bound method BuildVerb.main of <colcon_core.verb.build.BuildVerb object at 0x7f937876f260>>, mixin_verb=('build',))
[0.141s] Level 1:colcon.colcon_core.package_discovery:discover_packages(colcon_meta) check parameters
[0.141s] Level 1:colcon.colcon_core.package_discovery:discover_packages(recursive) check parameters
[0.141s] Level 1:colcon.colcon_core.package_discovery:discover_packages(ignore) check parameters
[0.141s] Level 1:colcon.colcon_core.package_discovery:discover_packages(path) check parameters
[0.141s] Level 1:colcon.colcon_core.package_discovery:discover_packages(colcon_meta) discover
[0.141s] Level 1:colcon.colcon_core.package_discovery:discover_packages(recursive) discover
[0.141s] INFO:colcon.colcon_core.package_discovery:Crawling recursively for packages in '/bumperbot'
[0.141s] Level 1:colcon.colcon_core.package_identification:_identify(.) by extensions ['ignore', 'ignore_ament_install']
[0.141s] Level 1:colcon.colcon_core.package_identification:_identify(.) by extension 'ignore'
[0.142s] Level 1:colcon.colcon_core.package_identification:_identify(.) by extension 'ignore_ament_install'
[0.142s] Level 1:colcon.colcon_core.package_identification:_identify(.) by extensions ['colcon_pkg']
[0.142s] Level 1:colcon.colcon_core.package_identification:_identify(.) by extension 'colcon_pkg'
[0.142s] Level 1:colcon.colcon_core.package_identification:_identify(.) by extensions ['colcon_meta']
[0.142s] Level 1:colcon.colcon_core.package_identification:_identify(.) by extension 'colcon_meta'
[0.142s] Level 1:colcon.colcon_core.package_identification:_identify(.) by extensions ['ros']
[0.142s] Level 1:colcon.colcon_core.package_identification:_identify(.) by extension 'ros'
[0.167s] Level 1:colcon.colcon_core.package_identification:_identify(.) by extensions ['cmake', 'python']
[0.167s] Level 1:colcon.colcon_core.package_identification:_identify(.) by extension 'cmake'
[0.167s] Level 1:colcon.colcon_core.package_identification:_identify(.) by extension 'python'
[0.167s] Level 1:colcon.colcon_core.package_identification:_identify(.) by extensions ['python_setup_py']
[0.167s] Level 1:colcon.colcon_core.package_identification:_identify(.) by extension 'python_setup_py'
[0.167s] Level 1:colcon.colcon_core.package_identification:_identify(build) by extensions ['ignore', 'ignore_ament_install']
[0.167s] Level 1:colcon.colcon_core.package_identification:_identify(build) by extension 'ignore'
[0.167s] Level 1:colcon.colcon_core.package_identification:_identify(build) ignored
[0.167s] Level 1:colcon.colcon_core.package_identification:_identify(install) by extensions ['ignore', 'ignore_ament_install']
[0.168s] Level 1:colcon.colcon_core.package_identification:_identify(install) by extension 'ignore'
[0.168s] Level 1:colcon.colcon_core.package_identification:_identify(install) ignored
[0.168s] Level 1:colcon.colcon_core.package_identification:_identify(log) by extensions ['ignore', 'ignore_ament_install']
[0.168s] Level 1:colcon.colcon_core.package_identification:_identify(log) by extension 'ignore'
[0.168s] Level 1:colcon.colcon_core.package_identification:_identify(log) ignored
[0.168s] Level 1:colcon.colcon_core.package_identification:_identify(src) by extensions ['ignore', 'ignore_ament_install']
[0.168s] Level 1:colcon.colcon_core.package_identification:_identify(src) by extension 'ignore'
[0.168s] Level 1:colcon.colcon_core.package_identification:_identify(src) by extension 'ignore_ament_install'
[0.168s] Level 1:colcon.colcon_core.package_identification:_identify(src) by extensions ['colcon_pkg']
[0.168s] Level 1:colcon.colcon_core.package_identification:_identify(src) by extension 'colcon_pkg'
[0.168s] Level 1:colcon.colcon_core.package_identification:_identify(src) by extensions ['colcon_meta']
[0.168s] Level 1:colcon.colcon_core.package_identification:_identify(src) by extension 'colcon_meta'
[0.168s] Level 1:colcon.colcon_core.package_identification:_identify(src) by extensions ['ros']
[0.169s] Level 1:colcon.colcon_core.package_identification:_identify(src) by extension 'ros'
[0.169s] Level 1:colcon.colcon_core.package_identification:_identify(src) by extensions ['cmake', 'python']
[0.169s] Level 1:colcon.colcon_core.package_identification:_identify(src) by extension 'cmake'
[0.169s] Level 1:colcon.colcon_core.package_identification:_identify(src) by extension 'python'
[0.169s] Level 1:colcon.colcon_core.package_identification:_identify(src) by extensions ['python_setup_py']
[0.169s] Level 1:colcon.colcon_core.package_identification:_identify(src) by extension 'python_setup_py'
[0.169s] Level 1:colcon.colcon_core.package_identification:_identify(src/bumperbot_bringup) by extensions ['ignore', 'ignore_ament_install']
[0.169s] Level 1:colcon.colcon_core.package_identification:_identify(src/bumperbot_bringup) by extension 'ignore'
[0.169s] Level 1:colcon.colcon_core.package_identification:_identify(src/bumperbot_bringup) by extension 'ignore_ament_install'
[0.169s] Level 1:colcon.colcon_core.package_identification:_identify(src/bumperbot_bringup) by extensions ['colcon_pkg']
[0.169s] Level 1:colcon.colcon_core.package_identification:_identify(src/bumperbot_bringup) by extension 'colcon_pkg'
[0.169s] Level 1:colcon.colcon_core.package_identification:_identify(src/bumperbot_bringup) by extensions ['colcon_meta']
[0.169s] Level 1:colcon.colcon_core.package_identification:_identify(src/bumperbot_bringup) by extension 'colcon_meta'
[0.169s] Level 1:colcon.colcon_core.package_identification:_identify(src/bumperbot_bringup) by extensions ['ros']
[0.169s] Level 1:colcon.colcon_core.package_identification:_identify(src/bumperbot_bringup) by extension 'ros'
[0.172s] DEBUG:colcon.colcon_core.package_identification:Package 'src/bumperbot_bringup' with type 'ros.ament_cmake' and name 'bumperbot_bringup'
[0.173s] Level 1:colcon.colcon_core.package_identification:_identify(src/bumperbot_controller) by extensions ['ignore', 'ignore_ament_install']
[0.173s] Level 1:colcon.colcon_core.package_identification:_identify(src/bumperbot_controller) by extension 'ignore'
[0.173s] Level 1:colcon.colcon_core.package_identification:_identify(src/bumperbot_controller) by extension 'ignore_ament_install'
[0.173s] Level 1:colcon.colcon_core.package_identification:_identify(src/bumperbot_controller) by extensions ['colcon_pkg']
[0.173s] Level 1:colcon.colcon_core.package_identification:_identify(src/bumperbot_controller) by extension 'colcon_pkg'
[0.173s] Level 1:colcon.colcon_core.package_identification:_identify(src/bumperbot_controller) by extensions ['colcon_meta']
[0.173s] Level 1:colcon.colcon_core.package_identification:_identify(src/bumperbot_controller) by extension 'colcon_meta'
[0.173s] Level 1:colcon.colcon_core.package_identification:_identify(src/bumperbot_controller) by extensions ['ros']
[0.173s] Level 1:colcon.colcon_core.package_identification:_identify(src/bumperbot_controller) by extension 'ros'
[0.174s] DEBUG:colcon.colcon_core.package_identification:Package 'src/bumperbot_controller' with type 'ros.ament_cmake' and name 'bumperbot_controller'
[0.174s] Level 1:colcon.colcon_core.package_identification:_identify(src/bumperbot_description) by extensions ['ignore', 'ignore_ament_install']
[0.175s] Level 1:colcon.colcon_core.package_identification:_identify(src/bumperbot_description) by extension 'ignore'
[0.175s] Level 1:colcon.colcon_core.package_identification:_identify(src/bumperbot_description) by extension 'ignore_ament_install'
[0.175s] Level 1:colcon.colcon_core.package_identification:_identify(src/bumperbot_description) by extensions ['colcon_pkg']
[0.175s] Level 1:colcon.colcon_core.package_identification:_identify(src/bumperbot_description) by extension 'colcon_pkg'
[0.175s] Level 1:colcon.colcon_core.package_identification:_identify(src/bumperbot_description) by extensions ['colcon_meta']
[0.175s] Level 1:colcon.colcon_core.package_identification:_identify(src/bumperbot_description) by extension 'colcon_meta'
[0.175s] Level 1:colcon.colcon_core.package_identification:_identify(src/bumperbot_description) by extensions ['ros']
[0.175s] Level 1:colcon.colcon_core.package_identification:_identify(src/bumperbot_description) by extension 'ros'
[0.178s] DEBUG:colcon.colcon_core.package_identification:Package 'src/bumperbot_description' with type 'ros.ament_cmake' and name 'bumperbot_description'
[0.178s] Level 1:colcon.colcon_core.package_identification:_identify(src/bumperbot_mapping) by extensions ['ignore', 'ignore_ament_install']
[0.179s] Level 1:colcon.colcon_core.package_identification:_identify(src/bumperbot_mapping) by extension 'ignore'
[0.179s] Level 1:colcon.colcon_core.package_identification:_identify(src/bumperbot_mapping) by extension 'ignore_ament_install'
[0.179s] Level 1:colcon.colcon_core.package_identification:_identify(src/bumperbot_mapping) by extensions ['colcon_pkg']
[0.179s] Level 1:colcon.colcon_core.package_identification:_identify(src/bumperbot_mapping) by extension 'colcon_pkg'
[0.179s] Level 1:colcon.colcon_core.package_identification:_identify(src/bumperbot_mapping) by extensions ['colcon_meta']
[0.179s] Level 1:colcon.colcon_core.package_identification:_identify(src/bumperbot_mapping) by extension 'colcon_meta'
[0.179s] Level 1:colcon.colcon_core.package_identification:_identify(src/bumperbot_mapping) by extensions ['ros']
[0.179s] Level 1:colcon.colcon_core.package_identification:_identify(src/bumperbot_mapping) by extension 'ros'
[0.180s] DEBUG:colcon.colcon_core.package_identification:Package 'src/bumperbot_mapping' with type 'ros.ament_cmake' and name 'bumperbot_mapping'
[0.180s] Level 1:colcon.colcon_core.package_identification:_identify(src/bumperbot_planning) by extensions ['ignore', 'ignore_ament_install']
[0.181s] Level 1:colcon.colcon_core.package_identification:_identify(src/bumperbot_planning) by extension 'ignore'
[0.181s] Level 1:colcon.colcon_core.package_identification:_identify(src/bumperbot_planning) by extension 'ignore_ament_install'
[0.181s] Level 1:colcon.colcon_core.package_identification:_identify(src/bumperbot_planning) by extensions ['colcon_pkg']
[0.181s] Level 1:colcon.colcon_core.package_identification:_identify(src/bumperbot_planning) by extension 'colcon_pkg'
[0.181s] Level 1:colcon.colcon_core.package_identification:_identify(src/bumperbot_planning) by extensions ['colcon_meta']
[0.181s] Level 1:colcon.colcon_core.package_identification:_identify(src/bumperbot_planning) by extension 'colcon_meta'
[0.181s] Level 1:colcon.colcon_core.package_identification:_identify(src/bumperbot_planning) by extensions ['ros']
[0.181s] Level 1:colcon.colcon_core.package_identification:_identify(src/bumperbot_planning) by extension 'ros'
[0.182s] DEBUG:colcon.colcon_core.package_identification:Package 'src/bumperbot_planning' with type 'ros.ament_cmake' and name 'bumperbot_planning'
[0.182s] Level 1:colcon.colcon_core.package_discovery:discover_packages(recursive) using defaults
[0.182s] Level 1:colcon.colcon_core.package_discovery:discover_packages(ignore) discover
[0.182s] Level 1:colcon.colcon_core.package_discovery:discover_packages(ignore) using defaults
[0.182s] Level 1:colcon.colcon_core.package_discovery:discover_packages(path) discover
[0.182s] Level 1:colcon.colcon_core.package_discovery:discover_packages(path) using defaults
[0.202s] Level 5:colcon.colcon_core.verb:set package 'bumperbot_controller' build argument 'cmake_args' from command line to 'None'
[0.202s] Level 5:colcon.colcon_core.verb:set package 'bumperbot_controller' build argument 'cmake_target' from command line to 'None'
[0.202s] Level 5:colcon.colcon_core.verb:set package 'bumperbot_controller' build argument 'cmake_target_skip_unavailable' from command line to 'False'
[0.202s] Level 5:colcon.colcon_core.verb:set package 'bumperbot_controller' build argument 'cmake_clean_cache' from command line to 'False'
[0.202s] Level 5:colcon.colcon_core.verb:set package 'bumperbot_controller' build argument 'cmake_clean_first' from command line to 'False'
[0.202s] Level 5:colcon.colcon_core.verb:set package 'bumperbot_controller' build argument 'cmake_force_configure' from command line to 'False'
[0.202s] Level 5:colcon.colcon_core.verb:set package 'bumperbot_controller' build argument 'ament_cmake_args' from command line to 'None'
[0.202s] Level 5:colcon.colcon_core.verb:set package 'bumperbot_controller' build argument 'catkin_cmake_args' from command line to 'None'
[0.202s] Level 5:colcon.colcon_core.verb:set package 'bumperbot_controller' build argument 'catkin_skip_building_tests' from command line to 'False'
[0.202s] DEBUG:colcon.colcon_core.verb:Building package 'bumperbot_controller' with the following arguments: {'ament_cmake_args': None, 'build_base': '/bumperbot/build/bumperbot_controller', 'catkin_cmake_args': None, 'catkin_skip_building_tests': False, 'cmake_args': None, 'cmake_clean_cache': False, 'cmake_clean_first': False, 'cmake_force_configure': False, 'cmake_target': None, 'cmake_target_skip_unavailable': False, 'install_base': '/bumperbot/install/bumperbot_controller', 'merge_install': False, 'path': '/bumperbot/src/bumperbot_controller', 'symlink_install': False, 'test_result_base': None}
[0.202s] Level 5:colcon.colcon_core.verb:set package 'bumperbot_description' build argument 'cmake_args' from command line to 'None'
[0.202s] Level 5:colcon.colcon_core.verb:set package 'bumperbot_description' build argument 'cmake_target' from command line to 'None'
[0.202s] Level 5:colcon.colcon_core.verb:set package 'bumperbot_description' build argument 'cmake_target_skip_unavailable' from command line to 'False'
[0.202s] Level 5:colcon.colcon_core.verb:set package 'bumperbot_description' build argument 'cmake_clean_cache' from command line to 'False'
[0.203s] Level 5:colcon.colcon_core.verb:set package 'bumperbot_description' build argument 'cmake_clean_first' from command line to 'False'
[0.203s] Level 5:colcon.colcon_core.verb:set package 'bumperbot_description' build argument 'cmake_force_configure' from command line to 'False'
[0.203s] Level 5:colcon.colcon_core.verb:set package 'bumperbot_description' build argument 'ament_cmake_args' from command line to 'None'
[0.203s] Level 5:colcon.colcon_core.verb:set package 'bumperbot_description' build argument 'catkin_cmake_args' from command line to 'None'
[0.203s] Level 5:colcon.colcon_core.verb:set package 'bumperbot_description' build argument 'catkin_skip_building_tests' from command line to 'False'
[0.203s] DEBUG:colcon.colcon_core.verb:Building package 'bumperbot_description' with the following arguments: {'ament_cmake_args': None, 'build_base': '/bumperbot/build/bumperbot_description', 'catkin_cmake_args': None, 'catkin_skip_building_tests': False, 'cmake_args': None, 'cmake_clean_cache': False, 'cmake_clean_first': False, 'cmake_force_configure': False, 'cmake_target': None, 'cmake_target_skip_unavailable': False, 'install_base': '/bumperbot/install/bumperbot_description', 'merge_install': False, 'path': '/bumperbot/src/bumperbot_description', 'symlink_install': False, 'test_result_base': None}
[0.203s] Level 5:colcon.colcon_core.verb:set package 'bumperbot_mapping' build argument 'cmake_args' from command line to 'None'
[0.203s] Level 5:colcon.colcon_core.verb:set package 'bumperbot_mapping' build argument 'cmake_target' from command line to 'None'
[0.203s] Level 5:colcon.colcon_core.verb:set package 'bumperbot_mapping' build argument 'cmake_target_skip_unavailable' from command line to 'False'
[0.203s] Level 5:colcon.colcon_core.verb:set package 'bumperbot_mapping' build argument 'cmake_clean_cache' from command line to 'False'
[0.203s] Level 5:colcon.colcon_core.verb:set package 'bumperbot_mapping' build argument 'cmake_clean_first' from command line to 'False'
[0.203s] Level 5:colcon.colcon_core.verb:set package 'bumperbot_mapping' build argument 'cmake_force_configure' from command line to 'False'
[0.203s] Level 5:colcon.colcon_core.verb:set package 'bumperbot_mapping' build argument 'ament_cmake_args' from command line to 'None'
[0.203s] Level 5:colcon.colcon_core.verb:set package 'bumperbot_mapping' build argument 'catkin_cmake_args' from command line to 'None'
[0.203s] Level 5:colcon.colcon_core.verb:set package 'bumperbot_mapping' build argument 'catkin_skip_building_tests' from command line to 'False'
[0.203s] DEBUG:colcon.colcon_core.verb:Building package 'bumperbot_mapping' with the following arguments: {'ament_cmake_args': None, 'build_base': '/bumperbot/build/bumperbot_mapping', 'catkin_cmake_args': None, 'catkin_skip_building_tests': False, 'cmake_args': None, 'cmake_clean_cache': False, 'cmake_clean_first': False, 'cmake_force_configure': False, 'cmake_target': None, 'cmake_target_skip_unavailable': False, 'install_base': '/bumperbot/install/bumperbot_mapping', 'merge_install': False, 'path': '/bumperbot/src/bumperbot_mapping', 'symlink_install': False, 'test_result_base': None}
[0.203s] Level 5:colcon.colcon_core.verb:set package 'bumperbot_planning' build argument 'cmake_args' from command line to 'None'
[0.203s] Level 5:colcon.colcon_core.verb:set package 'bumperbot_planning' build argument 'cmake_target' from command line to 'None'
[0.203s] Level 5:colcon.colcon_core.verb:set package 'bumperbot_planning' build argument 'cmake_target_skip_unavailable' from command line to 'False'
[0.203s] Level 5:colcon.colcon_core.verb:set package 'bumperbot_planning' build argument 'cmake_clean_cache' from command line to 'False'
[0.204s] Level 5:colcon.colcon_core.verb:set package 'bumperbot_planning' build argument 'cmake_clean_first' from command line to 'False'
[0.204s] Level 5:colcon.colcon_core.verb:set package 'bumperbot_planning' build argument 'cmake_force_configure' from command line to 'False'
[0.204s] Level 5:colcon.colcon_core.verb:set package 'bumperbot_planning' build argument 'ament_cmake_args' from command line to 'None'
[0.204s] Level 5:colcon.colcon_core.verb:set package 'bumperbot_planning' build argument 'catkin_cmake_args' from command line to 'None'
[0.204s] Level 5:colcon.colcon_core.verb:set package 'bumperbot_planning' build argument 'catkin_skip_building_tests' from command line to 'False'
[0.204s] DEBUG:colcon.colcon_core.verb:Building package 'bumperbot_planning' with the following arguments: {'ament_cmake_args': None, 'build_base': '/bumperbot/build/bumperbot_planning', 'catkin_cmake_args': None, 'catkin_skip_building_tests': False, 'cmake_args': None, 'cmake_clean_cache': False, 'cmake_clean_first': False, 'cmake_force_configure': False, 'cmake_target': None, 'cmake_target_skip_unavailable': False, 'install_base': '/bumperbot/install/bumperbot_planning', 'merge_install': False, 'path': '/bumperbot/src/bumperbot_planning', 'symlink_install': False, 'test_result_base': None}
[0.204s] Level 5:colcon.colcon_core.verb:set package 'bumperbot_bringup' build argument 'cmake_args' from command line to 'None'
[0.204s] Level 5:colcon.colcon_core.verb:set package 'bumperbot_bringup' build argument 'cmake_target' from command line to 'None'
[0.204s] Level 5:colcon.colcon_core.verb:set package 'bumperbot_bringup' build argument 'cmake_target_skip_unavailable' from command line to 'False'
[0.204s] Level 5:colcon.colcon_core.verb:set package 'bumperbot_bringup' build argument 'cmake_clean_cache' from command line to 'False'
[0.204s] Level 5:colcon.colcon_core.verb:set package 'bumperbot_bringup' build argument 'cmake_clean_first' from command line to 'False'
[0.204s] Level 5:colcon.colcon_core.verb:set package 'bumperbot_bringup' build argument 'cmake_force_configure' from command line to 'False'
[0.204s] Level 5:colcon.colcon_core.verb:set package 'bumperbot_bringup' build argument 'ament_cmake_args' from command line to 'None'
[0.204s] Level 5:colcon.colcon_core.verb:set package 'bumperbot_bringup' build argument 'catkin_cmake_args' from command line to 'None'
[0.204s] Level 5:colcon.colcon_core.verb:set package 'bumperbot_bringup' build argument 'catkin_skip_building_tests' from command line to 'False'
[0.204s] DEBUG:colcon.colcon_core.verb:Building package 'bumperbot_bringup' with the following arguments: {'ament_cmake_args': None, 'build_base': '/bumperbot/build/bumperbot_bringup', 'catkin_cmake_args': None, 'catkin_skip_building_tests': False, 'cmake_args': None, 'cmake_clean_cache': False, 'cmake_clean_first': False, 'cmake_force_configure': False, 'cmake_target': None, 'cmake_target_skip_unavailable': False, 'install_base': '/bumperbot/install/bumperbot_bringup', 'merge_install': False, 'path': '/bumperbot/src/bumperbot_bringup', 'symlink_install': False, 'test_result_base': None}
[0.204s] INFO:colcon.colcon_core.executor:Executing jobs using 'parallel' executor
[0.205s] DEBUG:colcon.colcon_parallel_executor.executor.parallel:run_until_complete
[0.206s] INFO:colcon.colcon_ros.task.ament_cmake.build:Building ROS package in '/bumperbot/src/bumperbot_controller' with build type 'ament_cmake'
[0.206s] INFO:colcon.colcon_cmake.task.cmake.build:Building CMake package in '/bumperbot/src/bumperbot_controller'
[0.208s] INFO:colcon.colcon_core.plugin_system:Skipping extension 'colcon_core.shell.bat': Not used on non-Windows systems
[0.208s] INFO:colcon.colcon_core.shell:Skip shell extension 'powershell' for command environment: Not usable outside of PowerShell
[0.208s] DEBUG:colcon.colcon_core.shell:Skip shell extension 'dsv' for command environment
[0.213s] INFO:colcon.colcon_ros.task.ament_cmake.build:Building ROS package in '/bumperbot/src/bumperbot_description' with build type 'ament_cmake'
[0.213s] INFO:colcon.colcon_cmake.task.cmake.build:Building CMake package in '/bumperbot/src/bumperbot_description'
[0.213s] INFO:colcon.colcon_core.shell:Skip shell extension 'powershell' for command environment: Not usable outside of PowerShell
[0.213s] DEBUG:colcon.colcon_core.shell:Skip shell extension 'dsv' for command environment
[0.218s] INFO:colcon.colcon_ros.task.ament_cmake.build:Building ROS package in '/bumperbot/src/bumperbot_mapping' with build type 'ament_cmake'
[0.218s] INFO:colcon.colcon_cmake.task.cmake.build:Building CMake package in '/bumperbot/src/bumperbot_mapping'
[0.219s] INFO:colcon.colcon_core.shell:Skip shell extension 'powershell' for command environment: Not usable outside of PowerShell
[0.219s] DEBUG:colcon.colcon_core.shell:Skip shell extension 'dsv' for command environment
[0.222s] INFO:colcon.colcon_ros.task.ament_cmake.build:Building ROS package in '/bumperbot/src/bumperbot_planning' with build type 'ament_cmake'
[0.222s] INFO:colcon.colcon_cmake.task.cmake.build:Building CMake package in '/bumperbot/src/bumperbot_planning'
[0.222s] INFO:colcon.colcon_core.shell:Skip shell extension 'powershell' for command environment: Not usable outside of PowerShell
[0.222s] DEBUG:colcon.colcon_core.shell:Skip shell extension 'dsv' for command environment
[0.229s] DEBUG:colcon.colcon_core.event_handler.log_command:Invoking command in '/bumperbot/build/bumperbot_controller': CMAKE_PREFIX_PATH=${CMAKE_PREFIX_PATH}:/opt/ros/jazzy /usr/bin/cmake /bumperbot/src/bumperbot_controller -DCMAKE_INSTALL_PREFIX=/bumperbot/install/bumperbot_controller
[0.234s] DEBUG:colcon.colcon_core.event_handler.log_command:Invoking command in '/bumperbot/build/bumperbot_description': CMAKE_PREFIX_PATH=${CMAKE_PREFIX_PATH}:/opt/ros/jazzy /usr/bin/cmake --build /bumperbot/build/bumperbot_description -- -j8 -l8
[0.236s] DEBUG:colcon.colcon_core.event_handler.log_command:Invoking command in '/bumperbot/build/bumperbot_mapping': CMAKE_PREFIX_PATH=${CMAKE_PREFIX_PATH}:/opt/ros/jazzy /usr/bin/cmake --build /bumperbot/build/bumperbot_mapping -- -j8 -l8
[0.245s] DEBUG:colcon.colcon_core.event_handler.log_command:Invoking command in '/bumperbot/build/bumperbot_planning': CMAKE_PREFIX_PATH=${CMAKE_PREFIX_PATH}:/opt/ros/jazzy /usr/bin/cmake --build /bumperbot/build/bumperbot_planning -- -j8 -l8
[0.286s] DEBUG:colcon.colcon_core.event_handler.log_command:Invoked command in '/bumperbot/build/bumperbot_description' returned '0': CMAKE_PREFIX_PATH=${CMAKE_PREFIX_PATH}:/opt/ros/jazzy /usr/bin/cmake --build /bumperbot/build/bumperbot_description -- -j8 -l8
[0.302s] DEBUG:colcon.colcon_core.event_handler.log_command:Invoking command in '/bumperbot/build/bumperbot_description': CMAKE_PREFIX_PATH=${CMAKE_PREFIX_PATH}:/opt/ros/jazzy /usr/bin/cmake --install /bumperbot/build/bumperbot_description
[0.356s] Level 1:colcon.colcon_core.environment:create_environment_scripts_only(bumperbot_description)
[0.369s] Level 1:colcon.colcon_core.environment:checking '/bumperbot/install/bumperbot_description' for CMake module files
[0.372s] Level 1:colcon.colcon_core.environment:checking '/bumperbot/install/bumperbot_description' for CMake config files
[0.376s] Level 1:colcon.colcon_core.shell:create_environment_hook('bumperbot_description', 'cmake_prefix_path')
[0.376s] INFO:colcon.colcon_core.shell:Creating environment hook '/bumperbot/install/bumperbot_description/share/bumperbot_description/hook/cmake_prefix_path.ps1'
[0.377s] INFO:colcon.colcon_core.shell:Creating environment descriptor '/bumperbot/install/bumperbot_description/share/bumperbot_description/hook/cmake_prefix_path.dsv'
[0.378s] INFO:colcon.colcon_core.shell:Creating environment hook '/bumperbot/install/bumperbot_description/share/bumperbot_description/hook/cmake_prefix_path.sh'
[0.379s] Level 1:colcon.colcon_core.environment:checking '/bumperbot/install/bumperbot_description/bin'
[0.380s] Level 1:colcon.colcon_core.environment:checking '/bumperbot/install/bumperbot_description/lib/pkgconfig/bumperbot_description.pc'
[0.382s] Level 1:colcon.colcon_core.environment:checking '/bumperbot/install/bumperbot_description/lib/python3.12/site-packages'
[0.383s] Level 1:colcon.colcon_core.environment:checking '/bumperbot/install/bumperbot_description/bin'
[0.383s] INFO:colcon.colcon_core.shell:Creating package script '/bumperbot/install/bumperbot_description/share/bumperbot_description/package.ps1'
[0.384s] INFO:colcon.colcon_core.shell:Creating package descriptor '/bumperbot/install/bumperbot_description/share/bumperbot_description/package.dsv'
[0.385s] INFO:colcon.colcon_core.shell:Creating package script '/bumperbot/install/bumperbot_description/share/bumperbot_description/package.sh'
[0.385s] INFO:colcon.colcon_core.shell:Creating package script '/bumperbot/install/bumperbot_description/share/bumperbot_description/package.bash'
[0.386s] INFO:colcon.colcon_core.shell:Creating package script '/bumperbot/install/bumperbot_description/share/bumperbot_description/package.zsh'
[0.386s] Level 1:colcon.colcon_core.environment:create_file_with_runtime_dependencies(/bumperbot/install/bumperbot_description/share/colcon-core/packages/bumperbot_description)
[0.387s] Level 1:colcon.colcon_core.environment:create_environment_scripts_only(bumperbot_description)
[0.387s] Level 1:colcon.colcon_core.environment:checking '/bumperbot/install/bumperbot_description' for CMake module files
[0.388s] Level 1:colcon.colcon_core.environment:checking '/bumperbot/install/bumperbot_description' for CMake config files
[0.388s] Level 1:colcon.colcon_core.shell:create_environment_hook('bumperbot_description', 'cmake_prefix_path')
[0.388s] INFO:colcon.colcon_core.shell:Creating environment hook '/bumperbot/install/bumperbot_description/share/bumperbot_description/hook/cmake_prefix_path.ps1'
[0.389s] INFO:colcon.colcon_core.shell:Creating environment descriptor '/bumperbot/install/bumperbot_description/share/bumperbot_description/hook/cmake_prefix_path.dsv'
[0.389s] INFO:colcon.colcon_core.shell:Creating environment hook '/bumperbot/install/bumperbot_description/share/bumperbot_description/hook/cmake_prefix_path.sh'
[0.390s] Level 1:colcon.colcon_core.environment:checking '/bumperbot/install/bumperbot_description/bin'
[0.390s] Level 1:colcon.colcon_core.environment:checking '/bumperbot/install/bumperbot_description/lib/pkgconfig/bumperbot_description.pc'
[0.390s] Level 1:colcon.colcon_core.environment:checking '/bumperbot/install/bumperbot_description/lib/python3.12/site-packages'
[0.391s] Level 1:colcon.colcon_core.environment:checking '/bumperbot/install/bumperbot_description/bin'
[0.391s] INFO:colcon.colcon_core.shell:Creating package script '/bumperbot/install/bumperbot_description/share/bumperbot_description/package.ps1'
[0.391s] INFO:colcon.colcon_core.shell:Creating package descriptor '/bumperbot/install/bumperbot_description/share/bumperbot_description/package.dsv'
[0.392s] INFO:colcon.colcon_core.shell:Creating package script '/bumperbot/install/bumperbot_description/share/bumperbot_description/package.sh'
[0.392s] INFO:colcon.colcon_core.shell:Creating package script '/bumperbot/install/bumperbot_description/share/bumperbot_description/package.bash'
[0.393s] INFO:colcon.colcon_core.shell:Creating package script '/bumperbot/install/bumperbot_description/share/bumperbot_description/package.zsh'
[0.393s] Level 1:colcon.colcon_core.environment:create_file_with_runtime_dependencies(/bumperbot/install/bumperbot_description/share/colcon-core/packages/bumperbot_description)
[0.398s] Level 1:colcon.colcon_core.environment:create_environment_scripts_only(bumperbot_planning)
[0.398s] Level 1:colcon.colcon_core.environment:checking '/bumperbot/install/bumperbot_planning' for CMake module files
[0.402s] Level 1:colcon.colcon_core.environment:checking '/bumperbot/install/bumperbot_planning' for CMake config files
[0.408s] Level 1:colcon.colcon_core.shell:create_environment_hook('bumperbot_planning', 'cmake_prefix_path')
[0.409s] INFO:colcon.colcon_core.shell:Creating environment hook '/bumperbot/install/bumperbot_planning/share/bumperbot_planning/hook/cmake_prefix_path.ps1'
[0.410s] INFO:colcon.colcon_core.shell:Creating environment descriptor '/bumperbot/install/bumperbot_planning/share/bumperbot_planning/hook/cmake_prefix_path.dsv'
[0.414s] INFO:colcon.colcon_core.shell:Creating environment hook '/bumperbot/install/bumperbot_planning/share/bumperbot_planning/hook/cmake_prefix_path.sh'
[0.418s] Level 1:colcon.colcon_core.environment:checking '/bumperbot/install/bumperbot_planning/lib'
[0.418s] Level 1:colcon.colcon_core.environment:checking '/bumperbot/install/bumperbot_planning/bin'
[0.418s] Level 1:colcon.colcon_core.environment:checking '/bumperbot/install/bumperbot_planning/lib/pkgconfig/bumperbot_planning.pc'
[0.419s] Level 1:colcon.colcon_core.environment:checking '/bumperbot/install/bumperbot_planning/lib/python3.12/site-packages'
[0.420s] Level 1:colcon.colcon_core.environment:checking '/bumperbot/install/bumperbot_planning/bin'
[0.420s] INFO:colcon.colcon_core.shell:Creating package script '/bumperbot/install/bumperbot_planning/share/bumperbot_planning/package.ps1'
[0.422s] INFO:colcon.colcon_core.shell:Creating package descriptor '/bumperbot/install/bumperbot_planning/share/bumperbot_planning/package.dsv'
[0.423s] INFO:colcon.colcon_core.shell:Creating package script '/bumperbot/install/bumperbot_planning/share/bumperbot_planning/package.sh'
[0.424s] INFO:colcon.colcon_core.shell:Creating package script '/bumperbot/install/bumperbot_planning/share/bumperbot_planning/package.bash'
[0.426s] INFO:colcon.colcon_core.shell:Creating package script '/bumperbot/install/bumperbot_planning/share/bumperbot_planning/package.zsh'
[0.427s] Level 1:colcon.colcon_core.environment:create_file_with_runtime_dependencies(/bumperbot/install/bumperbot_planning/share/colcon-core/packages/bumperbot_planning)
[0.429s] Level 1:colcon.colcon_core.environment:create_environment_scripts_only(bumperbot_planning)
[0.430s] Level 1:colcon.colcon_core.environment:checking '/bumperbot/install/bumperbot_planning' for CMake module files
[0.433s] Level 1:colcon.colcon_core.environment:checking '/bumperbot/install/bumperbot_planning' for CMake config files
[0.437s] Level 1:colcon.colcon_core.shell:create_environment_hook('bumperbot_planning', 'cmake_prefix_path')
[0.437s] INFO:colcon.colcon_core.shell:Creating environment hook '/bumperbot/install/bumperbot_planning/share/bumperbot_planning/hook/cmake_prefix_path.ps1'
[0.438s] INFO:colcon.colcon_core.shell:Creating environment descriptor '/bumperbot/install/bumperbot_planning/share/bumperbot_planning/hook/cmake_prefix_path.dsv'
[0.439s] INFO:colcon.colcon_core.shell:Creating environment hook '/bumperbot/install/bumperbot_planning/share/bumperbot_planning/hook/cmake_prefix_path.sh'
[0.442s] Level 1:colcon.colcon_core.environment:checking '/bumperbot/install/bumperbot_planning/lib'
[0.442s] Level 1:colcon.colcon_core.environment:checking '/bumperbot/install/bumperbot_planning/bin'
[0.443s] Level 1:colcon.colcon_core.environment:checking '/bumperbot/install/bumperbot_planning/lib/pkgconfig/bumperbot_planning.pc'
[0.443s] Level 1:colcon.colcon_core.environment:checking '/bumperbot/install/bumperbot_planning/lib/python3.12/site-packages'
[0.444s] Level 1:colcon.colcon_core.environment:checking '/bumperbot/install/bumperbot_planning/bin'
[0.445s] INFO:colcon.colcon_core.shell:Creating package script '/bumperbot/install/bumperbot_planning/share/bumperbot_planning/package.ps1'
[0.456s] INFO:colcon.colcon_core.shell:Creating package descriptor '/bumperbot/install/bumperbot_planning/share/bumperbot_planning/package.dsv'
[0.457s] INFO:colcon.colcon_core.shell:Creating package script '/bumperbot/install/bumperbot_planning/share/bumperbot_planning/package.sh'
[0.458s] INFO:colcon.colcon_core.shell:Creating package script '/bumperbot/install/bumperbot_planning/share/bumperbot_planning/package.bash'
[0.463s] INFO:colcon.colcon_core.shell:Creating package script '/bumperbot/install/bumperbot_planning/share/bumperbot_planning/package.zsh'
[0.464s] Level 1:colcon.colcon_core.environment:create_file_with_runtime_dependencies(/bumperbot/install/bumperbot_planning/share/colcon-core/packages/bumperbot_planning)
[0.508s] DEBUG:colcon.colcon_core.event_handler.log_command:Invoked command in '/bumperbot/build/bumperbot_planning' returned '0': CMAKE_PREFIX_PATH=${CMAKE_PREFIX_PATH}:/opt/ros/jazzy /usr/bin/cmake --build /bumperbot/build/bumperbot_planning -- -j8 -l8
[0.508s] DEBUG:colcon.colcon_core.event_handler.log_command:Invoking command in '/bumperbot/build/bumperbot_planning': CMAKE_PREFIX_PATH=${CMAKE_PREFIX_PATH}:/opt/ros/jazzy /usr/bin/cmake --install /bumperbot/build/bumperbot_planning
[0.517s] DEBUG:colcon.colcon_core.event_handler.log_command:Invoked command in '/bumperbot/build/bumperbot_description' returned '0': CMAKE_PREFIX_PATH=${CMAKE_PREFIX_PATH}:/opt/ros/jazzy /usr/bin/cmake --install /bumperbot/build/bumperbot_description
[0.519s] DEBUG:colcon.colcon_core.event_handler.log_command:Invoked command in '/bumperbot/build/bumperbot_planning' returned '0': CMAKE_PREFIX_PATH=${CMAKE_PREFIX_PATH}:/opt/ros/jazzy /usr/bin/cmake --install /bumperbot/build/bumperbot_planning
[0.765s] DEBUG:colcon.colcon_core.event_handler.log_command:Invoked command in '/bumperbot/build/bumperbot_mapping' returned '0': CMAKE_PREFIX_PATH=${CMAKE_PREFIX_PATH}:/opt/ros/jazzy /usr/bin/cmake --build /bumperbot/build/bumperbot_mapping -- -j8 -l8
[0.767s] DEBUG:colcon.colcon_core.event_handler.log_command:Invoking command in '/bumperbot/build/bumperbot_mapping': CMAKE_PREFIX_PATH=${CMAKE_PREFIX_PATH}:/opt/ros/jazzy /usr/bin/cmake --install /bumperbot/build/bumperbot_mapping
[0.831s] Level 1:colcon.colcon_core.environment:create_environment_scripts_only(bumperbot_mapping)
[0.831s] Level 1:colcon.colcon_core.environment:checking '/bumperbot/install/bumperbot_mapping' for CMake module files
[0.832s] Level 1:colcon.colcon_core.environment:checking '/bumperbot/install/bumperbot_mapping' for CMake config files
[0.833s] Level 1:colcon.colcon_core.shell:create_environment_hook('bumperbot_mapping', 'cmake_prefix_path')
[0.833s] INFO:colcon.colcon_core.shell:Creating environment hook '/bumperbot/install/bumperbot_mapping/share/bumperbot_mapping/hook/cmake_prefix_path.ps1'
[0.834s] INFO:colcon.colcon_core.shell:Creating environment descriptor '/bumperbot/install/bumperbot_mapping/share/bumperbot_mapping/hook/cmake_prefix_path.dsv'
[0.835s] DEBUG:colcon.colcon_core.event_handler.log_command:Invoked command in '/bumperbot/build/bumperbot_mapping' returned '0': CMAKE_PREFIX_PATH=${CMAKE_PREFIX_PATH}:/opt/ros/jazzy /usr/bin/cmake --install /bumperbot/build/bumperbot_mapping
[0.835s] INFO:colcon.colcon_core.shell:Creating environment hook '/bumperbot/install/bumperbot_mapping/share/bumperbot_mapping/hook/cmake_prefix_path.sh'
[0.836s] Level 1:colcon.colcon_core.environment:checking '/bumperbot/install/bumperbot_mapping/lib'
[0.836s] Level 1:colcon.colcon_core.environment:checking '/bumperbot/install/bumperbot_mapping/bin'
[0.836s] Level 1:colcon.colcon_core.environment:checking '/bumperbot/install/bumperbot_mapping/lib/pkgconfig/bumperbot_mapping.pc'
[0.836s] Level 1:colcon.colcon_core.environment:checking '/bumperbot/install/bumperbot_mapping/lib/python3.12/site-packages'
[0.836s] Level 1:colcon.colcon_core.shell:create_environment_hook('bumperbot_mapping', 'pythonpath')
[0.837s] INFO:colcon.colcon_core.shell:Creating environment hook '/bumperbot/install/bumperbot_mapping/share/bumperbot_mapping/hook/pythonpath.ps1'
[0.837s] INFO:colcon.colcon_core.shell:Creating environment descriptor '/bumperbot/install/bumperbot_mapping/share/bumperbot_mapping/hook/pythonpath.dsv'
[0.838s] INFO:colcon.colcon_core.shell:Creating environment hook '/bumperbot/install/bumperbot_mapping/share/bumperbot_mapping/hook/pythonpath.sh'
[0.838s] Level 1:colcon.colcon_core.environment:checking '/bumperbot/install/bumperbot_mapping/bin'
[0.838s] INFO:colcon.colcon_core.shell:Creating package script '/bumperbot/install/bumperbot_mapping/share/bumperbot_mapping/package.ps1'
[0.839s] INFO:colcon.colcon_core.shell:Creating package descriptor '/bumperbot/install/bumperbot_mapping/share/bumperbot_mapping/package.dsv'
[0.839s] INFO:colcon.colcon_core.shell:Creating package script '/bumperbot/install/bumperbot_mapping/share/bumperbot_mapping/package.sh'
[0.840s] INFO:colcon.colcon_core.shell:Creating package script '/bumperbot/install/bumperbot_mapping/share/bumperbot_mapping/package.bash'
[0.840s] INFO:colcon.colcon_core.shell:Creating package script '/bumperbot/install/bumperbot_mapping/share/bumperbot_mapping/package.zsh'
[0.841s] Level 1:colcon.colcon_core.environment:create_file_with_runtime_dependencies(/bumperbot/install/bumperbot_mapping/share/colcon-core/packages/bumperbot_mapping)
[0.841s] Level 1:colcon.colcon_core.environment:create_environment_scripts_only(bumperbot_mapping)
[0.841s] Level 1:colcon.colcon_core.environment:checking '/bumperbot/install/bumperbot_mapping' for CMake module files
[0.842s] Level 1:colcon.colcon_core.environment:checking '/bumperbot/install/bumperbot_mapping' for CMake config files
[0.843s] Level 1:colcon.colcon_core.shell:create_environment_hook('bumperbot_mapping', 'cmake_prefix_path')
[0.843s] INFO:colcon.colcon_core.shell:Creating environment hook '/bumperbot/install/bumperbot_mapping/share/bumperbot_mapping/hook/cmake_prefix_path.ps1'
[0.843s] INFO:colcon.colcon_core.shell:Creating environment descriptor '/bumperbot/install/bumperbot_mapping/share/bumperbot_mapping/hook/cmake_prefix_path.dsv'
[0.844s] INFO:colcon.colcon_core.shell:Creating environment hook '/bumperbot/install/bumperbot_mapping/share/bumperbot_mapping/hook/cmake_prefix_path.sh'
[0.845s] Level 1:colcon.colcon_core.environment:checking '/bumperbot/install/bumperbot_mapping/lib'
[0.845s] Level 1:colcon.colcon_core.environment:checking '/bumperbot/install/bumperbot_mapping/bin'
[0.845s] Level 1:colcon.colcon_core.environment:checking '/bumperbot/install/bumperbot_mapping/lib/pkgconfig/bumperbot_mapping.pc'
[0.845s] Level 1:colcon.colcon_core.environment:checking '/bumperbot/install/bumperbot_mapping/lib/python3.12/site-packages'
[0.845s] Level 1:colcon.colcon_core.shell:create_environment_hook('bumperbot_mapping', 'pythonpath')
[0.846s] INFO:colcon.colcon_core.shell:Creating environment hook '/bumperbot/install/bumperbot_mapping/share/bumperbot_mapping/hook/pythonpath.ps1'
[0.846s] INFO:colcon.colcon_core.shell:Creating environment descriptor '/bumperbot/install/bumperbot_mapping/share/bumperbot_mapping/hook/pythonpath.dsv'
[0.846s] INFO:colcon.colcon_core.shell:Creating environment hook '/bumperbot/install/bumperbot_mapping/share/bumperbot_mapping/hook/pythonpath.sh'
[0.847s] Level 1:colcon.colcon_core.environment:checking '/bumperbot/install/bumperbot_mapping/bin'
[0.847s] INFO:colcon.colcon_core.shell:Creating package script '/bumperbot/install/bumperbot_mapping/share/bumperbot_mapping/package.ps1'
[0.848s] INFO:colcon.colcon_core.shell:Creating package descriptor '/bumperbot/install/bumperbot_mapping/share/bumperbot_mapping/package.dsv'
[0.848s] INFO:colcon.colcon_core.shell:Creating package script '/bumperbot/install/bumperbot_mapping/share/bumperbot_mapping/package.sh'
[0.849s] INFO:colcon.colcon_core.shell:Creating package script '/bumperbot/install/bumperbot_mapping/share/bumperbot_mapping/package.bash'
[0.849s] INFO:colcon.colcon_core.shell:Creating package script '/bumperbot/install/bumperbot_mapping/share/bumperbot_mapping/package.zsh'
[0.850s] Level 1:colcon.colcon_core.environment:create_file_with_runtime_dependencies(/bumperbot/install/bumperbot_mapping/share/colcon-core/packages/bumperbot_mapping)
[1.903s] DEBUG:colcon.colcon_core.event_handler.log_command:Invoked command in '/bumperbot/build/bumperbot_controller' returned '0': CMAKE_PREFIX_PATH=${CMAKE_PREFIX_PATH}:/opt/ros/jazzy /usr/bin/cmake /bumperbot/src/bumperbot_controller -DCMAKE_INSTALL_PREFIX=/bumperbot/install/bumperbot_controller
[1.904s] DEBUG:colcon.colcon_core.event_handler.log_command:Invoking command in '/bumperbot/build/bumperbot_controller': CMAKE_PREFIX_PATH=${CMAKE_PREFIX_PATH}:/opt/ros/jazzy /usr/bin/cmake --build /bumperbot/build/bumperbot_controller -- -j8 -l8
[17.460s] DEBUG:colcon.colcon_core.event_handler.log_command:Invoked command in '/bumperbot/build/bumperbot_controller' returned '0': CMAKE_PREFIX_PATH=${CMAKE_PREFIX_PATH}:/opt/ros/jazzy /usr/bin/cmake --build /bumperbot/build/bumperbot_controller -- -j8 -l8
[17.462s] DEBUG:colcon.colcon_core.event_handler.log_command:Invoking command in '/bumperbot/build/bumperbot_controller': CMAKE_PREFIX_PATH=${CMAKE_PREFIX_PATH}:/opt/ros/jazzy /usr/bin/cmake --install /bumperbot/build/bumperbot_controller
[17.586s] Level 1:colcon.colcon_core.environment:create_environment_scripts_only(bumperbot_controller)
[17.586s] Level 1:colcon.colcon_core.environment:checking '/bumperbot/install/bumperbot_controller' for CMake module files
[17.587s] DEBUG:colcon.colcon_core.event_handler.log_command:Invoked command in '/bumperbot/build/bumperbot_controller' returned '0': CMAKE_PREFIX_PATH=${CMAKE_PREFIX_PATH}:/opt/ros/jazzy /usr/bin/cmake --install /bumperbot/build/bumperbot_controller
[17.588s] Level 1:colcon.colcon_core.environment:checking '/bumperbot/install/bumperbot_controller' for CMake config files
[17.588s] Level 1:colcon.colcon_core.shell:create_environment_hook('bumperbot_controller', 'cmake_prefix_path')
[17.588s] INFO:colcon.colcon_core.shell:Creating environment hook '/bumperbot/install/bumperbot_controller/share/bumperbot_controller/hook/cmake_prefix_path.ps1'
[17.590s] INFO:colcon.colcon_core.shell:Creating environment descriptor '/bumperbot/install/bumperbot_controller/share/bumperbot_controller/hook/cmake_prefix_path.dsv'
[17.591s] INFO:colcon.colcon_core.shell:Creating environment hook '/bumperbot/install/bumperbot_controller/share/bumperbot_controller/hook/cmake_prefix_path.sh'
[17.592s] Level 1:colcon.colcon_core.environment:checking '/bumperbot/install/bumperbot_controller/lib'
[17.592s] Level 1:colcon.colcon_core.environment:checking '/bumperbot/install/bumperbot_controller/bin'
[17.592s] Level 1:colcon.colcon_core.environment:checking '/bumperbot/install/bumperbot_controller/lib/pkgconfig/bumperbot_controller.pc'
[17.592s] Level 1:colcon.colcon_core.environment:checking '/bumperbot/install/bumperbot_controller/lib/python3.12/site-packages'
[17.592s] Level 1:colcon.colcon_core.shell:create_environment_hook('bumperbot_controller', 'pythonpath')
[17.593s] INFO:colcon.colcon_core.shell:Creating environment hook '/bumperbot/install/bumperbot_controller/share/bumperbot_controller/hook/pythonpath.ps1'
[17.593s] INFO:colcon.colcon_core.shell:Creating environment descriptor '/bumperbot/install/bumperbot_controller/share/bumperbot_controller/hook/pythonpath.dsv'
[17.593s] INFO:colcon.colcon_core.shell:Creating environment hook '/bumperbot/install/bumperbot_controller/share/bumperbot_controller/hook/pythonpath.sh'
[17.594s] Level 1:colcon.colcon_core.environment:checking '/bumperbot/install/bumperbot_controller/bin'
[17.594s] INFO:colcon.colcon_core.shell:Creating package script '/bumperbot/install/bumperbot_controller/share/bumperbot_controller/package.ps1'
[17.595s] INFO:colcon.colcon_core.shell:Creating package descriptor '/bumperbot/install/bumperbot_controller/share/bumperbot_controller/package.dsv'
[17.595s] INFO:colcon.colcon_core.shell:Creating package script '/bumperbot/install/bumperbot_controller/share/bumperbot_controller/package.sh'
[17.596s] INFO:colcon.colcon_core.shell:Creating package script '/bumperbot/install/bumperbot_controller/share/bumperbot_controller/package.bash'
[17.597s] INFO:colcon.colcon_core.shell:Creating package script '/bumperbot/install/bumperbot_controller/share/bumperbot_controller/package.zsh'
[17.598s] Level 1:colcon.colcon_core.environment:create_file_with_runtime_dependencies(/bumperbot/install/bumperbot_controller/share/colcon-core/packages/bumperbot_controller)
[17.598s] Level 1:colcon.colcon_core.environment:create_environment_scripts_only(bumperbot_controller)
[17.598s] Level 1:colcon.colcon_core.environment:checking '/bumperbot/install/bumperbot_controller' for CMake module files
[17.599s] Level 1:colcon.colcon_core.environment:checking '/bumperbot/install/bumperbot_controller' for CMake config files
[17.599s] Level 1:colcon.colcon_core.shell:create_environment_hook('bumperbot_controller', 'cmake_prefix_path')
[17.599s] INFO:colcon.colcon_core.shell:Creating environment hook '/bumperbot/install/bumperbot_controller/share/bumperbot_controller/hook/cmake_prefix_path.ps1'
[17.600s] INFO:colcon.colcon_core.shell:Creating environment descriptor '/bumperbot/install/bumperbot_controller/share/bumperbot_controller/hook/cmake_prefix_path.dsv'
[17.600s] INFO:colcon.colcon_core.shell:Creating environment hook '/bumperbot/install/bumperbot_controller/share/bumperbot_controller/hook/cmake_prefix_path.sh'
[17.601s] Level 1:colcon.colcon_core.environment:checking '/bumperbot/install/bumperbot_controller/lib'
[17.601s] Level 1:colcon.colcon_core.environment:checking '/bumperbot/install/bumperbot_controller/bin'
[17.601s] Level 1:colcon.colcon_core.environment:checking '/bumperbot/install/bumperbot_controller/lib/pkgconfig/bumperbot_controller.pc'
[17.601s] Level 1:colcon.colcon_core.environment:checking '/bumperbot/install/bumperbot_controller/lib/python3.12/site-packages'
[17.601s] Level 1:colcon.colcon_core.shell:create_environment_hook('bumperbot_controller', 'pythonpath')
[17.601s] INFO:colcon.colcon_core.shell:Creating environment hook '/bumperbot/install/bumperbot_controller/share/bumperbot_controller/hook/pythonpath.ps1'
[17.602s] INFO:colcon.colcon_core.shell:Creating environment descriptor '/bumperbot/install/bumperbot_controller/share/bumperbot_controller/hook/pythonpath.dsv'
[17.602s] INFO:colcon.colcon_core.shell:Creating environment hook '/bumperbot/install/bumperbot_controller/share/bumperbot_controller/hook/pythonpath.sh'
[17.603s] Level 1:colcon.colcon_core.environment:checking '/bumperbot/install/bumperbot_controller/bin'
[17.603s] INFO:colcon.colcon_core.shell:Creating package script '/bumperbot/install/bumperbot_controller/share/bumperbot_controller/package.ps1'
[17.603s] INFO:colcon.colcon_core.shell:Creating package descriptor '/bumperbot/install/bumperbot_controller/share/bumperbot_controller/package.dsv'
[17.604s] INFO:colcon.colcon_core.shell:Creating package script '/bumperbot/install/bumperbot_controller/share/bumperbot_controller/package.sh'
[17.605s] INFO:colcon.colcon_core.shell:Creating package script '/bumperbot/install/bumperbot_controller/share/bumperbot_controller/package.bash'
[17.606s] INFO:colcon.colcon_core.shell:Creating package script '/bumperbot/install/bumperbot_controller/share/bumperbot_controller/package.zsh'
[17.606s] Level 1:colcon.colcon_core.environment:create_file_with_runtime_dependencies(/bumperbot/install/bumperbot_controller/share/colcon-core/packages/bumperbot_controller)
[17.607s] INFO:colcon.colcon_ros.task.ament_cmake.build:Building ROS package in '/bumperbot/src/bumperbot_bringup' with build type 'ament_cmake'
[17.607s] INFO:colcon.colcon_cmake.task.cmake.build:Building CMake package in '/bumperbot/src/bumperbot_bringup'
[17.607s] INFO:colcon.colcon_core.shell:Skip shell extension 'powershell' for command environment: Not usable outside of PowerShell
[17.608s] DEBUG:colcon.colcon_core.shell:Skip shell extension 'dsv' for command environment
[17.623s] DEBUG:colcon.colcon_core.event_handler.log_command:Invoking command in '/bumperbot/build/bumperbot_bringup': AMENT_PREFIX_PATH=/bumperbot/install/bumperbot_controller:${AMENT_PREFIX_PATH} CMAKE_PREFIX_PATH=/bumperbot/install/bumperbot_mapping:/bumperbot/install/bumperbot_description:/bumperbot/install/bumperbot_controller:/bumperbot/install/bumperbot_planning:/bumperbot/install/bumperbot_cpp_examples:/bumperbot/install/bumperbot_bringup:/opt/ros/jazzy PYTHONPATH=/bumperbot/install/bumperbot_mapping/lib/python3.12/site-packages:/bumperbot/install/bumperbot_controller/lib/python3.12/site-packages:/opt/ros/jazzy/lib/python3.12/site-packages /usr/bin/cmake --build /bumperbot/build/bumperbot_bringup -- -j8 -l8
[17.662s] DEBUG:colcon.colcon_core.event_handler.log_command:Invoked command in '/bumperbot/build/bumperbot_bringup' returned '0': AMENT_PREFIX_PATH=/bumperbot/install/bumperbot_controller:${AMENT_PREFIX_PATH} CMAKE_PREFIX_PATH=/bumperbot/install/bumperbot_mapping:/bumperbot/install/bumperbot_description:/bumperbot/install/bumperbot_controller:/bumperbot/install/bumperbot_planning:/bumperbot/install/bumperbot_cpp_examples:/bumperbot/install/bumperbot_bringup:/opt/ros/jazzy PYTHONPATH=/bumperbot/install/bumperbot_mapping/lib/python3.12/site-packages:/bumperbot/install/bumperbot_controller/lib/python3.12/site-packages:/opt/ros/jazzy/lib/python3.12/site-packages /usr/bin/cmake --build /bumperbot/build/bumperbot_bringup -- -j8 -l8
[17.664s] DEBUG:colcon.colcon_core.event_handler.log_command:Invoking command in '/bumperbot/build/bumperbot_bringup': AMENT_PREFIX_PATH=/bumperbot/install/bumperbot_controller:${AMENT_PREFIX_PATH} CMAKE_PREFIX_PATH=/bumperbot/install/bumperbot_mapping:/bumperbot/install/bumperbot_description:/bumperbot/install/bumperbot_controller:/bumperbot/install/bumperbot_planning:/bumperbot/install/bumperbot_cpp_examples:/bumperbot/install/bumperbot_bringup:/opt/ros/jazzy PYTHONPATH=/bumperbot/install/bumperbot_mapping/lib/python3.12/site-packages:/bumperbot/install/bumperbot_controller/lib/python3.12/site-packages:/opt/ros/jazzy/lib/python3.12/site-packages /usr/bin/cmake --install /bumperbot/build/bumperbot_bringup
[17.675s] Level 1:colcon.colcon_core.environment:create_environment_scripts_only(bumperbot_bringup)
[17.675s] Level 1:colcon.colcon_core.environment:checking '/bumperbot/install/bumperbot_bringup' for CMake module files
[17.676s] DEBUG:colcon.colcon_core.event_handler.log_command:Invoked command in '/bumperbot/build/bumperbot_bringup' returned '0': AMENT_PREFIX_PATH=/bumperbot/install/bumperbot_controller:${AMENT_PREFIX_PATH} CMAKE_PREFIX_PATH=/bumperbot/install/bumperbot_mapping:/bumperbot/install/bumperbot_description:/bumperbot/install/bumperbot_controller:/bumperbot/install/bumperbot_planning:/bumperbot/install/bumperbot_cpp_examples:/bumperbot/install/bumperbot_bringup:/opt/ros/jazzy PYTHONPATH=/bumperbot/install/bumperbot_mapping/lib/python3.12/site-packages:/bumperbot/install/bumperbot_controller/lib/python3.12/site-packages:/opt/ros/jazzy/lib/python3.12/site-packages /usr/bin/cmake --install /bumperbot/build/bumperbot_bringup
[17.677s] Level 1:colcon.colcon_core.environment:checking '/bumperbot/install/bumperbot_bringup' for CMake config files
[17.677s] Level 1:colcon.colcon_core.shell:create_environment_hook('bumperbot_bringup', 'cmake_prefix_path')
[17.677s] INFO:colcon.colcon_core.shell:Creating environment hook '/bumperbot/install/bumperbot_bringup/share/bumperbot_bringup/hook/cmake_prefix_path.ps1'
[17.678s] INFO:colcon.colcon_core.shell:Creating environment descriptor '/bumperbot/install/bumperbot_bringup/share/bumperbot_bringup/hook/cmake_prefix_path.dsv'
[17.678s] INFO:colcon.colcon_core.shell:Creating environment hook '/bumperbot/install/bumperbot_bringup/share/bumperbot_bringup/hook/cmake_prefix_path.sh'
[17.679s] Level 1:colcon.colcon_core.environment:checking '/bumperbot/install/bumperbot_bringup/bin'
[17.679s] Level 1:colcon.colcon_core.environment:checking '/bumperbot/install/bumperbot_bringup/lib/pkgconfig/bumperbot_bringup.pc'
[17.679s] Level 1:colcon.colcon_core.environment:checking '/bumperbot/install/bumperbot_bringup/lib/python3.12/site-packages'
[17.680s] Level 1:colcon.colcon_core.environment:checking '/bumperbot/install/bumperbot_bringup/bin'
[17.680s] INFO:colcon.colcon_core.shell:Creating package script '/bumperbot/install/bumperbot_bringup/share/bumperbot_bringup/package.ps1'
[17.681s] INFO:colcon.colcon_core.shell:Creating package descriptor '/bumperbot/install/bumperbot_bringup/share/bumperbot_bringup/package.dsv'
[17.681s] INFO:colcon.colcon_core.shell:Creating package script '/bumperbot/install/bumperbot_bringup/share/bumperbot_bringup/package.sh'
[17.682s] INFO:colcon.colcon_core.shell:Creating package script '/bumperbot/install/bumperbot_bringup/share/bumperbot_bringup/package.bash'
[17.682s] INFO:colcon.colcon_core.shell:Creating package script '/bumperbot/install/bumperbot_bringup/share/bumperbot_bringup/package.zsh'
[17.682s] Level 1:colcon.colcon_core.environment:create_file_with_runtime_dependencies(/bumperbot/install/bumperbot_bringup/share/colcon-core/packages/bumperbot_bringup)
[17.683s] Level 1:colcon.colcon_core.environment:create_environment_scripts_only(bumperbot_bringup)
[17.683s] Level 1:colcon.colcon_core.environment:checking '/bumperbot/install/bumperbot_bringup' for CMake module files
[17.684s] Level 1:colcon.colcon_core.environment:checking '/bumperbot/install/bumperbot_bringup' for CMake config files
[17.684s] Level 1:colcon.colcon_core.shell:create_environment_hook('bumperbot_bringup', 'cmake_prefix_path')
[17.684s] INFO:colcon.colcon_core.shell:Creating environment hook '/bumperbot/install/bumperbot_bringup/share/bumperbot_bringup/hook/cmake_prefix_path.ps1'
[17.685s] INFO:colcon.colcon_core.shell:Creating environment descriptor '/bumperbot/install/bumperbot_bringup/share/bumperbot_bringup/hook/cmake_prefix_path.dsv'
[17.685s] INFO:colcon.colcon_core.shell:Creating environment hook '/bumperbot/install/bumperbot_bringup/share/bumperbot_bringup/hook/cmake_prefix_path.sh'
[17.685s] Level 1:colcon.colcon_core.environment:checking '/bumperbot/install/bumperbot_bringup/bin'
[17.686s] Level 1:colcon.colcon_core.environment:checking '/bumperbot/install/bumperbot_bringup/lib/pkgconfig/bumperbot_bringup.pc'
[17.686s] Level 1:colcon.colcon_core.environment:checking '/bumperbot/install/bumperbot_bringup/lib/python3.12/site-packages'
[17.686s] Level 1:colcon.colcon_core.environment:checking '/bumperbot/install/bumperbot_bringup/bin'
[17.686s] INFO:colcon.colcon_core.shell:Creating package script '/bumperbot/install/bumperbot_bringup/share/bumperbot_bringup/package.ps1'
[17.687s] INFO:colcon.colcon_core.shell:Creating package descriptor '/bumperbot/install/bumperbot_bringup/share/bumperbot_bringup/package.dsv'
[17.687s] INFO:colcon.colcon_core.shell:Creating package script '/bumperbot/install/bumperbot_bringup/share/bumperbot_bringup/package.sh'
[17.688s] INFO:colcon.colcon_core.shell:Creating package script '/bumperbot/install/bumperbot_bringup/share/bumperbot_bringup/package.bash'
[17.688s] INFO:colcon.colcon_core.shell:Creating package script '/bumperbot/install/bumperbot_bringup/share/bumperbot_bringup/package.zsh'
[17.689s] Level 1:colcon.colcon_core.environment:create_file_with_runtime_dependencies(/bumperbot/install/bumperbot_bringup/share/colcon-core/packages/bumperbot_bringup)
[17.689s] DEBUG:colcon.colcon_parallel_executor.executor.parallel:closing loop
[17.690s] DEBUG:colcon.colcon_parallel_executor.executor.parallel:loop closed
[17.690s] DEBUG:colcon.colcon_parallel_executor.executor.parallel:run_until_complete finished with '0'
[17.691s] DEBUG:colcon.colcon_core.event_reactor:joining thread
[17.707s] INFO:colcon.colcon_core.plugin_system:Skipping extension 'colcon_notification.desktop_notification.terminal_notifier': Not used on non-Darwin systems
[17.708s] INFO:colcon.colcon_core.plugin_system:Skipping extension 'colcon_notification.desktop_notification.win32': Not used on non-Windows systems
[17.708s] INFO:colcon.colcon_notification.desktop_notification:Sending desktop notification using 'notify2'
[17.712s] DEBUG:colcon.colcon_notification.desktop_notification.notify2:Failed to initialize notify2: org.freedesktop.DBus.Error.Spawn.ExecFailed: /usr/bin/dbus-launch terminated abnormally without any error message
[17.712s] DEBUG:colcon.colcon_core.event_reactor:joined thread
[17.713s] INFO:colcon.colcon_core.shell:Creating prefix script '/bumperbot/install/local_setup.ps1'
[17.715s] INFO:colcon.colcon_core.shell:Creating prefix util module '/bumperbot/install/_local_setup_util_ps1.py'
[17.717s] INFO:colcon.colcon_core.shell:Creating prefix chain script '/bumperbot/install/setup.ps1'
[17.718s] INFO:colcon.colcon_core.shell:Creating prefix script '/bumperbot/install/local_setup.sh'
[17.719s] INFO:colcon.colcon_core.shell:Creating prefix util module '/bumperbot/install/_local_setup_util_sh.py'
[17.720s] INFO:colcon.colcon_core.shell:Creating prefix chain script '/bumperbot/install/setup.sh'
[17.721s] INFO:colcon.colcon_core.shell:Creating prefix script '/bumperbot/install/local_setup.bash'
[17.722s] INFO:colcon.colcon_core.shell:Creating prefix chain script '/bumperbot/install/setup.bash'
[17.723s] INFO:colcon.colcon_core.shell:Creating prefix script '/bumperbot/install/local_setup.zsh'
[17.724s] INFO:colcon.colcon_core.shell:Creating prefix chain script '/bumperbot/install/setup.zsh'
