[0.014s] Invoking command in '/bumperbot_ws/build/bumperbot_cpp_examples': CMAKE_PREFIX_PATH=${CMAKE_PREFIX_PATH}:/opt/ros/jazzy /usr/bin/cmake /bumperbot_ws/src/bumperbot_cpp_examples -DCMAKE_INSTALL_PREFIX=/bumperbot_ws/install/bumperbot_cpp_examples
[0.029s] -- Found ament_cmake: 2.5.4 (/opt/ros/jazzy/share/ament_cmake/cmake)
[0.186s] -- Found rclcpp: 28.1.12 (/opt/ros/jazzy/share/rclcpp/cmake)
[0.206s] -- Found rosidl_generator_c: 4.6.6 (/opt/ros/jazzy/share/rosidl_generator_c/cmake)
[0.213s] -- Found rosidl_generator_cpp: 4.6.6 (/opt/ros/jazzy/share/rosidl_generator_cpp/cmake)
[0.221s] -- Using all available rosidl_typesupport_c: rosidl_typesupport_fastrtps_c;rosidl_typesupport_introspection_c
[0.230s] -- Using all available rosidl_typesupport_cpp: rosidl_typesupport_fastrtps_cpp;rosidl_typesupport_introspection_cpp
[0.288s] -- Found rmw_implementation_cmake: 7.3.2 (/opt/ros/jazzy/share/rmw_implementation_cmake/cmake)
[0.290s] -- Found rmw_zenoh_cpp: 0.2.7 (/opt/ros/jazzy/share/rmw_zenoh_cpp/cmake)
[0.290s] -- Using RMW implementation 'rmw_zenoh_cpp' as default
[0.345s] -- Found rclcpp_action: 28.1.12 (/opt/ros/jazzy/share/rclcpp_action/cmake)
[0.383s] -- Found rclcpp_components: 28.1.12 (/opt/ros/jazzy/share/rclcpp_components/cmake)
[0.417s] -- Found std_msgs: 5.3.6 (/opt/ros/jazzy/share/std_msgs/cmake)
[0.417s] -- Found turtlesim: 1.8.3 (/opt/ros/jazzy/share/turtlesim/cmake)
[0.427s] CMake Error at CMakeLists.txt:15 (find_package):
[0.427s]   By not providing "Findbumperbot_msgs.cmake" in CMAKE_MODULE_PATH this
[0.427s]   project has asked CMake to find a package configuration file provided by
[0.427s]   "bumperbot_msgs", but CMake did not find one.
[0.427s] 
[0.427s]   Could not find a package configuration file provided by "bumperbot_msgs"
[0.427s]   with any of the following names:
[0.427s] 
[0.427s]     bumperbot_msgsConfig.cmake
[0.427s]     bumperbot_msgs-config.cmake
[0.427s] 
[0.427s]   Add the installation prefix of "bumperbot_msgs" to CMAKE_PREFIX_PATH or set
[0.427s]   "bumperbot_msgs_DIR" to a directory containing one of the above files.  If
[0.427s]   "bumperbot_msgs" provides a separate development package or SDK, be sure it
[0.427s]   has been installed.
[0.428s] 
[0.428s] 
[0.428s] -- Configuring incomplete, errors occurred!
[0.430s] Invoked command in '/bumperbot_ws/build/bumperbot_cpp_examples' returned '1': CMAKE_PREFIX_PATH=${CMAKE_PREFIX_PATH}:/opt/ros/jazzy /usr/bin/cmake /bumperbot_ws/src/bumperbot_cpp_examples -DCMAKE_INSTALL_PREFIX=/bumperbot_ws/install/bumperbot_cpp_examples
