-- Found ament_cmake: 2.5.4 (/opt/ros/jazzy/share/ament_cmake/cmake)
-- Found rclcpp: 28.1.12 (/opt/ros/jazzy/share/rclcpp/cmake)
-- Found rosidl_generator_c: 4.6.6 (/opt/ros/jazzy/share/rosidl_generator_c/cmake)
-- Found rosidl_generator_cpp: 4.6.6 (/opt/ros/jazzy/share/rosidl_generator_cpp/cmake)
-- Using all available rosidl_typesupport_c: rosidl_typesupport_fastrtps_c;rosidl_typesupport_introspection_c
-- Using all available rosidl_typesupport_cpp: rosidl_typesupport_fastrtps_cpp;rosidl_typesupport_introspection_cpp
-- Found rmw_implementation_cmake: 7.3.2 (/opt/ros/jazzy/share/rmw_implementation_cmake/cmake)
-- Found rmw_fastrtps_cpp: 8.4.3 (/opt/ros/jazzy/share/rmw_fastrtps_cpp/cmake)
-- Using RMW implementation 'rmw_fastrtps_cpp' as default
-- Found std_msgs: 5.3.6 (/opt/ros/jazzy/share/std_msgs/cmake)
-- Found rclcpp_lifecycle: 28.1.12 (/opt/ros/jazzy/share/rclcpp_lifecycle/cmake)
-- Configuring done (0.4s)
-- Generating done (0.0s)
-- Build files have been written to: /home/dummy/development/bumperbot_ws/build/bumperbot_cpp_examples
Change Dir: '/home/dummy/development/bumperbot_ws/build/bumperbot_cpp_examples'

Run Build Command(s): /usr/bin/cmake -E env VERBOSE=1 /usr/bin/gmake -f Makefile -j16 -l16
/usr/bin/cmake -S/home/dummy/development/bumperbot_ws/src/bumperbot_cpp_examples -B/home/dummy/development/bumperbot_ws/build/bumperbot_cpp_examples --check-build-system CMakeFiles/Makefile.cmake 0
/usr/bin/cmake -E cmake_progress_start /home/dummy/development/bumperbot_ws/build/bumperbot_cpp_examples/CMakeFiles /home/dummy/development/bumperbot_ws/build/bumperbot_cpp_examples//CMakeFiles/progress.marks
/usr/bin/gmake  -f CMakeFiles/Makefile2 all
gmake[1]: Entering directory '/home/dummy/development/bumperbot_ws/build/bumperbot_cpp_examples'
/usr/bin/gmake  -f CMakeFiles/simple_publisher.dir/build.make CMakeFiles/simple_publisher.dir/depend
/usr/bin/gmake  -f CMakeFiles/simple_subscriber.dir/build.make CMakeFiles/simple_subscriber.dir/depend
/usr/bin/gmake  -f CMakeFiles/simple_lifecycle_node.dir/build.make CMakeFiles/simple_lifecycle_node.dir/depend
gmake[2]: Entering directory '/home/dummy/development/bumperbot_ws/build/bumperbot_cpp_examples'
cd /home/dummy/development/bumperbot_ws/build/bumperbot_cpp_examples && /usr/bin/cmake -E cmake_depends "Unix Makefiles" /home/dummy/development/bumperbot_ws/src/bumperbot_cpp_examples /home/dummy/development/bumperbot_ws/src/bumperbot_cpp_examples /home/dummy/development/bumperbot_ws/build/bumperbot_cpp_examples /home/dummy/development/bumperbot_ws/build/bumperbot_cpp_examples /home/dummy/development/bumperbot_ws/build/bumperbot_cpp_examples/CMakeFiles/simple_publisher.dir/DependInfo.cmake "--color="
gmake[2]: Entering directory '/home/dummy/development/bumperbot_ws/build/bumperbot_cpp_examples'
cd /home/dummy/development/bumperbot_ws/build/bumperbot_cpp_examples && /usr/bin/cmake -E cmake_depends "Unix Makefiles" /home/dummy/development/bumperbot_ws/src/bumperbot_cpp_examples /home/dummy/development/bumperbot_ws/src/bumperbot_cpp_examples /home/dummy/development/bumperbot_ws/build/bumperbot_cpp_examples /home/dummy/development/bumperbot_ws/build/bumperbot_cpp_examples /home/dummy/development/bumperbot_ws/build/bumperbot_cpp_examples/CMakeFiles/simple_subscriber.dir/DependInfo.cmake "--color="
gmake[2]: Entering directory '/home/dummy/development/bumperbot_ws/build/bumperbot_cpp_examples'
cd /home/dummy/development/bumperbot_ws/build/bumperbot_cpp_examples && /usr/bin/cmake -E cmake_depends "Unix Makefiles" /home/dummy/development/bumperbot_ws/src/bumperbot_cpp_examples /home/dummy/development/bumperbot_ws/src/bumperbot_cpp_examples /home/dummy/development/bumperbot_ws/build/bumperbot_cpp_examples /home/dummy/development/bumperbot_ws/build/bumperbot_cpp_examples /home/dummy/development/bumperbot_ws/build/bumperbot_cpp_examples/CMakeFiles/simple_lifecycle_node.dir/DependInfo.cmake "--color="
Dependencies file "CMakeFiles/simple_subscriber.dir/src/simple_subscriber.cpp.o.d" is newer than depends file "/home/dummy/development/bumperbot_ws/build/bumperbot_cpp_examples/CMakeFiles/simple_subscriber.dir/compiler_depend.internal".
Dependencies file "CMakeFiles/simple_publisher.dir/src/simple_publisher.cpp.o.d" is newer than depends file "/home/dummy/development/bumperbot_ws/build/bumperbot_cpp_examples/CMakeFiles/simple_publisher.dir/compiler_depend.internal".
Dependencies file "CMakeFiles/simple_lifecycle_node.dir/src/simple_lifecycle_node.cpp.o.d" is newer than depends file "/home/dummy/development/bumperbot_ws/build/bumperbot_cpp_examples/CMakeFiles/simple_lifecycle_node.dir/compiler_depend.internal".
[35m[1mConsolidate compiler generated dependencies of target simple_subscriber[0m
[35m[1mConsolidate compiler generated dependencies of target simple_publisher[0m
[35m[1mConsolidate compiler generated dependencies of target simple_lifecycle_node[0m
gmake[2]: Leaving directory '/home/dummy/development/bumperbot_ws/build/bumperbot_cpp_examples'
gmake[2]: Leaving directory '/home/dummy/development/bumperbot_ws/build/bumperbot_cpp_examples'
/usr/bin/gmake  -f CMakeFiles/simple_publisher.dir/build.make CMakeFiles/simple_publisher.dir/build
gmake[2]: Leaving directory '/home/dummy/development/bumperbot_ws/build/bumperbot_cpp_examples'
/usr/bin/gmake  -f CMakeFiles/simple_subscriber.dir/build.make CMakeFiles/simple_subscriber.dir/build
/usr/bin/gmake  -f CMakeFiles/simple_lifecycle_node.dir/build.make CMakeFiles/simple_lifecycle_node.dir/build
gmake[2]: Entering directory '/home/dummy/development/bumperbot_ws/build/bumperbot_cpp_examples'
gmake[2]: Nothing to be done for 'CMakeFiles/simple_subscriber.dir/build'.
gmake[2]: Entering directory '/home/dummy/development/bumperbot_ws/build/bumperbot_cpp_examples'
gmake[2]: Nothing to be done for 'CMakeFiles/simple_publisher.dir/build'.
gmake[2]: Leaving directory '/home/dummy/development/bumperbot_ws/build/bumperbot_cpp_examples'
gmake[2]: Leaving directory '/home/dummy/development/bumperbot_ws/build/bumperbot_cpp_examples'
gmake[2]: Entering directory '/home/dummy/development/bumperbot_ws/build/bumperbot_cpp_examples'
gmake[2]: Nothing to be done for 'CMakeFiles/simple_lifecycle_node.dir/build'.
gmake[2]: Leaving directory '/home/dummy/development/bumperbot_ws/build/bumperbot_cpp_examples'
[100%] Built target simple_lifecycle_node
[100%] Built target simple_publisher
[100%] Built target simple_subscriber
gmake[1]: Leaving directory '/home/dummy/development/bumperbot_ws/build/bumperbot_cpp_examples'
/usr/bin/cmake -E cmake_progress_start /home/dummy/development/bumperbot_ws/build/bumperbot_cpp_examples/CMakeFiles 0

-- Install configuration: ""
-- Up-to-date: /home/dummy/development/bumperbot_ws/install/bumperbot_cpp_examples/lib/bumperbot_cpp_examples/simple_publisher
-- Up-to-date: /home/dummy/development/bumperbot_ws/install/bumperbot_cpp_examples/lib/bumperbot_cpp_examples/simple_subscriber
-- Up-to-date: /home/dummy/development/bumperbot_ws/install/bumperbot_cpp_examples/lib/bumperbot_cpp_examples/simple_lifecycle_node
-- Up-to-date: /home/dummy/development/bumperbot_ws/install/bumperbot_cpp_examples/share/ament_index/resource_index/package_run_dependencies/bumperbot_cpp_examples
-- Up-to-date: /home/dummy/development/bumperbot_ws/install/bumperbot_cpp_examples/share/ament_index/resource_index/parent_prefix_path/bumperbot_cpp_examples
-- Up-to-date: /home/dummy/development/bumperbot_ws/install/bumperbot_cpp_examples/share/bumperbot_cpp_examples/environment/ament_prefix_path.sh
-- Up-to-date: /home/dummy/development/bumperbot_ws/install/bumperbot_cpp_examples/share/bumperbot_cpp_examples/environment/ament_prefix_path.dsv
-- Up-to-date: /home/dummy/development/bumperbot_ws/install/bumperbot_cpp_examples/share/bumperbot_cpp_examples/environment/path.sh
-- Up-to-date: /home/dummy/development/bumperbot_ws/install/bumperbot_cpp_examples/share/bumperbot_cpp_examples/environment/path.dsv
-- Up-to-date: /home/dummy/development/bumperbot_ws/install/bumperbot_cpp_examples/share/bumperbot_cpp_examples/local_setup.bash
-- Up-to-date: /home/dummy/development/bumperbot_ws/install/bumperbot_cpp_examples/share/bumperbot_cpp_examples/local_setup.sh
-- Up-to-date: /home/dummy/development/bumperbot_ws/install/bumperbot_cpp_examples/share/bumperbot_cpp_examples/local_setup.zsh
-- Up-to-date: /home/dummy/development/bumperbot_ws/install/bumperbot_cpp_examples/share/bumperbot_cpp_examples/local_setup.dsv
-- Installing: /home/dummy/development/bumperbot_ws/install/bumperbot_cpp_examples/share/bumperbot_cpp_examples/package.dsv
-- Up-to-date: /home/dummy/development/bumperbot_ws/install/bumperbot_cpp_examples/share/ament_index/resource_index/packages/bumperbot_cpp_examples
-- Up-to-date: /home/dummy/development/bumperbot_ws/install/bumperbot_cpp_examples/share/bumperbot_cpp_examples/cmake/bumperbot_cpp_examplesConfig.cmake
-- Up-to-date: /home/dummy/development/bumperbot_ws/install/bumperbot_cpp_examples/share/bumperbot_cpp_examples/cmake/bumperbot_cpp_examplesConfig-version.cmake
-- Up-to-date: /home/dummy/development/bumperbot_ws/install/bumperbot_cpp_examples/share/bumperbot_cpp_examples/package.xml
