[0.006s] Invoking command in '/home/dummy/development/bumperbot_ws/build/bumperbot_cpp_examples': CMAKE_PREFIX_PATH=${CMAKE_PREFIX_PATH}:/opt/ros/jazzy CONDA_PROMPT_MODIFIER=(base) DEBUGINFOD_URLS=https://debuginfod.ubuntu.com /usr/bin/cmake /home/dummy/development/bumperbot_ws/src/bumperbot_cpp_examples -DCMAKE_EXPORT_COMPILE_COMMANDS=ON -DCMAKE_INSTALL_PREFIX=/home/dummy/development/bumperbot_ws/install/bumperbot_cpp_examples
[0.017s] -- Found ament_cmake: 2.5.4 (/opt/ros/jazzy/share/ament_cmake/cmake)
[0.151s] -- Found rclcpp: 28.1.12 (/opt/ros/jazzy/share/rclcpp/cmake)
[0.170s] -- Found rosidl_generator_c: 4.6.6 (/opt/ros/jazzy/share/rosidl_generator_c/cmake)
[0.175s] -- Found rosidl_generator_cpp: 4.6.6 (/opt/ros/jazzy/share/rosidl_generator_cpp/cmake)
[0.183s] -- Using all available rosidl_typesupport_c: rosidl_typesupport_fastrtps_c;rosidl_typesupport_introspection_c
[0.191s] -- Using all available rosidl_typesupport_cpp: rosidl_typesupport_fastrtps_cpp;rosidl_typesupport_introspection_cpp
[0.232s] -- Found rmw_implementation_cmake: 7.3.2 (/opt/ros/jazzy/share/rmw_implementation_cmake/cmake)
[0.233s] -- Found rmw_fastrtps_cpp: 8.4.3 (/opt/ros/jazzy/share/rmw_fastrtps_cpp/cmake)
[0.273s] -- Using RMW implementation 'rmw_fastrtps_cpp' as default
[0.315s] -- Found std_msgs: 5.3.6 (/opt/ros/jazzy/share/std_msgs/cmake)
[0.324s] -- Found rclcpp_lifecycle: 28.1.12 (/opt/ros/jazzy/share/rclcpp_lifecycle/cmake)
[0.397s] -- Configuring done (0.4s)
[0.407s] -- Generating done (0.0s)
[0.412s] -- Build files have been written to: /home/dummy/development/bumperbot_ws/build/bumperbot_cpp_examples
[0.418s] Invoked command in '/home/dummy/development/bumperbot_ws/build/bumperbot_cpp_examples' returned '0': CMAKE_PREFIX_PATH=${CMAKE_PREFIX_PATH}:/opt/ros/jazzy CONDA_PROMPT_MODIFIER=(base) DEBUGINFOD_URLS=https://debuginfod.ubuntu.com /usr/bin/cmake /home/dummy/development/bumperbot_ws/src/bumperbot_cpp_examples -DCMAKE_EXPORT_COMPILE_COMMANDS=ON -DCMAKE_INSTALL_PREFIX=/home/dummy/development/bumperbot_ws/install/bumperbot_cpp_examples
[0.418s] Invoking command in '/home/dummy/development/bumperbot_ws/build/bumperbot_cpp_examples': CMAKE_PREFIX_PATH=${CMAKE_PREFIX_PATH}:/opt/ros/jazzy CONDA_PROMPT_MODIFIER=(base) DEBUGINFOD_URLS=https://debuginfod.ubuntu.com /usr/bin/cmake --build /home/dummy/development/bumperbot_ws/build/bumperbot_cpp_examples -- -j16 -l16
[0.424s] Change Dir: '/home/dummy/development/bumperbot_ws/build/bumperbot_cpp_examples'
[0.424s] 
[0.424s] Run Build Command(s): /usr/bin/cmake -E env VERBOSE=1 /usr/bin/gmake -f Makefile -j16 -l16
[0.430s] /usr/bin/cmake -S/home/dummy/development/bumperbot_ws/src/bumperbot_cpp_examples -B/home/dummy/development/bumperbot_ws/build/bumperbot_cpp_examples --check-build-system CMakeFiles/Makefile.cmake 0
[0.437s] /usr/bin/cmake -E cmake_progress_start /home/dummy/development/bumperbot_ws/build/bumperbot_cpp_examples/CMakeFiles /home/dummy/development/bumperbot_ws/build/bumperbot_cpp_examples//CMakeFiles/progress.marks
[0.442s] /usr/bin/gmake  -f CMakeFiles/Makefile2 all
[0.443s] gmake[1]: Entering directory '/home/dummy/development/bumperbot_ws/build/bumperbot_cpp_examples'
[0.443s] /usr/bin/gmake  -f CMakeFiles/simple_publisher.dir/build.make CMakeFiles/simple_publisher.dir/depend
[0.443s] /usr/bin/gmake  -f CMakeFiles/simple_subscriber.dir/build.make CMakeFiles/simple_subscriber.dir/depend
[0.443s] /usr/bin/gmake  -f CMakeFiles/simple_lifecycle_node.dir/build.make CMakeFiles/simple_lifecycle_node.dir/depend
[0.444s] gmake[2]: Entering directory '/home/dummy/development/bumperbot_ws/build/bumperbot_cpp_examples'
[0.444s] cd /home/dummy/development/bumperbot_ws/build/bumperbot_cpp_examples && /usr/bin/cmake -E cmake_depends "Unix Makefiles" /home/dummy/development/bumperbot_ws/src/bumperbot_cpp_examples /home/dummy/development/bumperbot_ws/src/bumperbot_cpp_examples /home/dummy/development/bumperbot_ws/build/bumperbot_cpp_examples /home/dummy/development/bumperbot_ws/build/bumperbot_cpp_examples /home/dummy/development/bumperbot_ws/build/bumperbot_cpp_examples/CMakeFiles/simple_publisher.dir/DependInfo.cmake "--color="
[0.444s] gmake[2]: Entering directory '/home/dummy/development/bumperbot_ws/build/bumperbot_cpp_examples'
[0.444s] cd /home/dummy/development/bumperbot_ws/build/bumperbot_cpp_examples && /usr/bin/cmake -E cmake_depends "Unix Makefiles" /home/dummy/development/bumperbot_ws/src/bumperbot_cpp_examples /home/dummy/development/bumperbot_ws/src/bumperbot_cpp_examples /home/dummy/development/bumperbot_ws/build/bumperbot_cpp_examples /home/dummy/development/bumperbot_ws/build/bumperbot_cpp_examples /home/dummy/development/bumperbot_ws/build/bumperbot_cpp_examples/CMakeFiles/simple_subscriber.dir/DependInfo.cmake "--color="
[0.444s] gmake[2]: Entering directory '/home/dummy/development/bumperbot_ws/build/bumperbot_cpp_examples'
[0.444s] cd /home/dummy/development/bumperbot_ws/build/bumperbot_cpp_examples && /usr/bin/cmake -E cmake_depends "Unix Makefiles" /home/dummy/development/bumperbot_ws/src/bumperbot_cpp_examples /home/dummy/development/bumperbot_ws/src/bumperbot_cpp_examples /home/dummy/development/bumperbot_ws/build/bumperbot_cpp_examples /home/dummy/development/bumperbot_ws/build/bumperbot_cpp_examples /home/dummy/development/bumperbot_ws/build/bumperbot_cpp_examples/CMakeFiles/simple_lifecycle_node.dir/DependInfo.cmake "--color="
[0.449s] Dependencies file "CMakeFiles/simple_subscriber.dir/src/simple_subscriber.cpp.o.d" is newer than depends file "/home/dummy/development/bumperbot_ws/build/bumperbot_cpp_examples/CMakeFiles/simple_subscriber.dir/compiler_depend.internal".
[0.449s] Dependencies file "CMakeFiles/simple_publisher.dir/src/simple_publisher.cpp.o.d" is newer than depends file "/home/dummy/development/bumperbot_ws/build/bumperbot_cpp_examples/CMakeFiles/simple_publisher.dir/compiler_depend.internal".
[0.449s] Dependencies file "CMakeFiles/simple_lifecycle_node.dir/src/simple_lifecycle_node.cpp.o.d" is newer than depends file "/home/dummy/development/bumperbot_ws/build/bumperbot_cpp_examples/CMakeFiles/simple_lifecycle_node.dir/compiler_depend.internal".
[0.449s] [35m[1mConsolidate compiler generated dependencies of target simple_subscriber[0m
[0.450s] [35m[1mConsolidate compiler generated dependencies of target simple_publisher[0m
[0.450s] [35m[1mConsolidate compiler generated dependencies of target simple_lifecycle_node[0m
[0.452s] gmake[2]: Leaving directory '/home/dummy/development/bumperbot_ws/build/bumperbot_cpp_examples'
[0.453s] gmake[2]: Leaving directory '/home/dummy/development/bumperbot_ws/build/bumperbot_cpp_examples'
[0.453s] /usr/bin/gmake  -f CMakeFiles/simple_publisher.dir/build.make CMakeFiles/simple_publisher.dir/build
[0.453s] gmake[2]: Leaving directory '/home/dummy/development/bumperbot_ws/build/bumperbot_cpp_examples'
[0.453s] /usr/bin/gmake  -f CMakeFiles/simple_subscriber.dir/build.make CMakeFiles/simple_subscriber.dir/build
[0.453s] /usr/bin/gmake  -f CMakeFiles/simple_lifecycle_node.dir/build.make CMakeFiles/simple_lifecycle_node.dir/build
[0.455s] gmake[2]: Entering directory '/home/dummy/development/bumperbot_ws/build/bumperbot_cpp_examples'
[0.456s] gmake[2]: Nothing to be done for 'CMakeFiles/simple_subscriber.dir/build'.
[0.456s] gmake[2]: Entering directory '/home/dummy/development/bumperbot_ws/build/bumperbot_cpp_examples'
[0.456s] gmake[2]: Nothing to be done for 'CMakeFiles/simple_publisher.dir/build'.
[0.456s] gmake[2]: Leaving directory '/home/dummy/development/bumperbot_ws/build/bumperbot_cpp_examples'
[0.456s] gmake[2]: Leaving directory '/home/dummy/development/bumperbot_ws/build/bumperbot_cpp_examples'
[0.456s] gmake[2]: Entering directory '/home/dummy/development/bumperbot_ws/build/bumperbot_cpp_examples'
[0.456s] gmake[2]: Nothing to be done for 'CMakeFiles/simple_lifecycle_node.dir/build'.
[0.456s] gmake[2]: Leaving directory '/home/dummy/development/bumperbot_ws/build/bumperbot_cpp_examples'
[0.461s] [100%] Built target simple_lifecycle_node
[0.461s] [100%] Built target simple_publisher
[0.461s] [100%] Built target simple_subscriber
[0.462s] gmake[1]: Leaving directory '/home/dummy/development/bumperbot_ws/build/bumperbot_cpp_examples'
[0.462s] /usr/bin/cmake -E cmake_progress_start /home/dummy/development/bumperbot_ws/build/bumperbot_cpp_examples/CMakeFiles 0
[0.468s] 
[0.469s] Invoked command in '/home/dummy/development/bumperbot_ws/build/bumperbot_cpp_examples' returned '0': CMAKE_PREFIX_PATH=${CMAKE_PREFIX_PATH}:/opt/ros/jazzy CONDA_PROMPT_MODIFIER=(base) DEBUGINFOD_URLS=https://debuginfod.ubuntu.com /usr/bin/cmake --build /home/dummy/development/bumperbot_ws/build/bumperbot_cpp_examples -- -j16 -l16
[0.475s] Invoking command in '/home/dummy/development/bumperbot_ws/build/bumperbot_cpp_examples': CMAKE_PREFIX_PATH=${CMAKE_PREFIX_PATH}:/opt/ros/jazzy CONDA_PROMPT_MODIFIER=(base) DEBUGINFOD_URLS=https://debuginfod.ubuntu.com /usr/bin/cmake --install /home/dummy/development/bumperbot_ws/build/bumperbot_cpp_examples
[0.481s] -- Install configuration: ""
[0.481s] -- Up-to-date: /home/dummy/development/bumperbot_ws/install/bumperbot_cpp_examples/lib/bumperbot_cpp_examples/simple_publisher
[0.481s] -- Up-to-date: /home/dummy/development/bumperbot_ws/install/bumperbot_cpp_examples/lib/bumperbot_cpp_examples/simple_subscriber
[0.481s] -- Up-to-date: /home/dummy/development/bumperbot_ws/install/bumperbot_cpp_examples/lib/bumperbot_cpp_examples/simple_lifecycle_node
[0.481s] -- Up-to-date: /home/dummy/development/bumperbot_ws/install/bumperbot_cpp_examples/share/ament_index/resource_index/package_run_dependencies/bumperbot_cpp_examples
[0.481s] -- Up-to-date: /home/dummy/development/bumperbot_ws/install/bumperbot_cpp_examples/share/ament_index/resource_index/parent_prefix_path/bumperbot_cpp_examples
[0.481s] -- Up-to-date: /home/dummy/development/bumperbot_ws/install/bumperbot_cpp_examples/share/bumperbot_cpp_examples/environment/ament_prefix_path.sh
[0.481s] -- Up-to-date: /home/dummy/development/bumperbot_ws/install/bumperbot_cpp_examples/share/bumperbot_cpp_examples/environment/ament_prefix_path.dsv
[0.481s] -- Up-to-date: /home/dummy/development/bumperbot_ws/install/bumperbot_cpp_examples/share/bumperbot_cpp_examples/environment/path.sh
[0.481s] -- Up-to-date: /home/dummy/development/bumperbot_ws/install/bumperbot_cpp_examples/share/bumperbot_cpp_examples/environment/path.dsv
[0.481s] -- Up-to-date: /home/dummy/development/bumperbot_ws/install/bumperbot_cpp_examples/share/bumperbot_cpp_examples/local_setup.bash
[0.481s] -- Up-to-date: /home/dummy/development/bumperbot_ws/install/bumperbot_cpp_examples/share/bumperbot_cpp_examples/local_setup.sh
[0.481s] -- Up-to-date: /home/dummy/development/bumperbot_ws/install/bumperbot_cpp_examples/share/bumperbot_cpp_examples/local_setup.zsh
[0.481s] -- Up-to-date: /home/dummy/development/bumperbot_ws/install/bumperbot_cpp_examples/share/bumperbot_cpp_examples/local_setup.dsv
[0.482s] -- Installing: /home/dummy/development/bumperbot_ws/install/bumperbot_cpp_examples/share/bumperbot_cpp_examples/package.dsv
[0.482s] -- Up-to-date: /home/dummy/development/bumperbot_ws/install/bumperbot_cpp_examples/share/ament_index/resource_index/packages/bumperbot_cpp_examples
[0.482s] -- Up-to-date: /home/dummy/development/bumperbot_ws/install/bumperbot_cpp_examples/share/bumperbot_cpp_examples/cmake/bumperbot_cpp_examplesConfig.cmake
[0.482s] -- Up-to-date: /home/dummy/development/bumperbot_ws/install/bumperbot_cpp_examples/share/bumperbot_cpp_examples/cmake/bumperbot_cpp_examplesConfig-version.cmake
[0.482s] -- Up-to-date: /home/dummy/development/bumperbot_ws/install/bumperbot_cpp_examples/share/bumperbot_cpp_examples/package.xml
[0.482s] Invoked command in '/home/dummy/development/bumperbot_ws/build/bumperbot_cpp_examples' returned '0': CMAKE_PREFIX_PATH=${CMAKE_PREFIX_PATH}:/opt/ros/jazzy CONDA_PROMPT_MODIFIER=(base) DEBUGINFOD_URLS=https://debuginfod.ubuntu.com /usr/bin/cmake --install /home/dummy/development/bumperbot_ws/build/bumperbot_cpp_examples
