[0.013s] Invoking command in '/bumperbot_ws/build/bumperbot_motion': CMAKE_PREFIX_PATH=${CMAKE_PREFIX_PATH}:/opt/ros/jazzy /usr/bin/cmake --build /bumperbot_ws/build/bumperbot_motion -- -j16 -l16
[0.126s] [  0%] Built target ament_cmake_python_copy_bumperbot_motion
[0.136s] [ 50%] Built target pure_pursuit
[0.138s] [100%] Built target pd_motion_planner
[0.232s] running egg_info
[0.244s] writing bumperbot_motion.egg-info/PKG-INFO
[0.244s] writing dependency_links to bumperbot_motion.egg-info/dependency_links.txt
[0.244s] writing top-level names to bumperbot_motion.egg-info/top_level.txt
[0.277s] reading manifest file 'bumperbot_motion.egg-info/SOURCES.txt'
[0.277s] writing manifest file 'bumperbot_motion.egg-info/SOURCES.txt'
[0.309s] [100%] Built target ament_cmake_python_build_bumperbot_motion_egg
[0.318s] Invoked command in '/bumperbot_ws/build/bumperbot_motion' returned '0': CMAKE_PREFIX_PATH=${CMAKE_PREFIX_PATH}:/opt/ros/jazzy /usr/bin/cmake --build /bumperbot_ws/build/bumperbot_motion -- -j16 -l16
[0.318s] Invoking command in '/bumperbot_ws/build/bumperbot_motion': CMAKE_PREFIX_PATH=${CMAKE_PREFIX_PATH}:/opt/ros/jazzy /usr/bin/cmake --install /bumperbot_ws/build/bumperbot_motion
[0.325s] -- Install configuration: ""
[0.325s] -- Up-to-date: /bumperbot_ws/install/bumperbot_motion/share/bumperbot_motion/environment/pythonpath.sh
[0.325s] -- Up-to-date: /bumperbot_ws/install/bumperbot_motion/share/bumperbot_motion/environment/pythonpath.dsv
[0.325s] -- Up-to-date: /bumperbot_ws/install/bumperbot_motion/lib/python3.12/site-packages/bumperbot_motion-0.0.0-py3.12.egg-info
[0.325s] -- Installing: /bumperbot_ws/install/bumperbot_motion/lib/python3.12/site-packages/bumperbot_motion-0.0.0-py3.12.egg-info/top_level.txt
[0.326s] -- Installing: /bumperbot_ws/install/bumperbot_motion/lib/python3.12/site-packages/bumperbot_motion-0.0.0-py3.12.egg-info/PKG-INFO
[0.326s] -- Installing: /bumperbot_ws/install/bumperbot_motion/lib/python3.12/site-packages/bumperbot_motion-0.0.0-py3.12.egg-info/SOURCES.txt
[0.326s] -- Installing: /bumperbot_ws/install/bumperbot_motion/lib/python3.12/site-packages/bumperbot_motion-0.0.0-py3.12.egg-info/dependency_links.txt
[0.326s] -- Up-to-date: /bumperbot_ws/install/bumperbot_motion/lib/python3.12/site-packages/bumperbot_motion
[0.326s] -- Up-to-date: /bumperbot_ws/install/bumperbot_motion/lib/python3.12/site-packages/bumperbot_motion/pure_pursuit.py
[0.326s] -- Up-to-date: /bumperbot_ws/install/bumperbot_motion/lib/python3.12/site-packages/bumperbot_motion/pd_motion_planner.py
[0.326s] -- Up-to-date: /bumperbot_ws/install/bumperbot_motion/lib/python3.12/site-packages/bumperbot_motion/__init__.py
[0.363s] Listing '/bumperbot_ws/install/bumperbot_motion/lib/python3.12/site-packages/bumperbot_motion'...
[0.363s] -- Up-to-date: /bumperbot_ws/install/bumperbot_motion/share/bumperbot_motion/motion_planner_plugins.xml
[0.363s] -- Up-to-date: /bumperbot_ws/install/bumperbot_motion/lib/libpd_motion_planner.so
[0.363s] -- Up-to-date: /bumperbot_ws/install/bumperbot_motion/lib/libpure_pursuit.so
[0.363s] -- Up-to-date: /bumperbot_ws/install/bumperbot_motion/include/include
[0.363s] -- Up-to-date: /bumperbot_ws/install/bumperbot_motion/include/include/bumperbot_motion
[0.364s] -- Up-to-date: /bumperbot_ws/install/bumperbot_motion/include/include/bumperbot_motion/pure_pursuit.hpp
[0.364s] -- Up-to-date: /bumperbot_ws/install/bumperbot_motion/include/include/bumperbot_motion/pd_motion_planner.hpp
[0.364s] -- Up-to-date: /bumperbot_ws/install/bumperbot_motion/lib/bumperbot_motion/pd_motion_planner.py
[0.364s] -- Up-to-date: /bumperbot_ws/install/bumperbot_motion/lib/bumperbot_motion/pure_pursuit.py
[0.364s] -- Up-to-date: /bumperbot_ws/install/bumperbot_motion/share/bumperbot_motion/environment/library_path.sh
[0.364s] -- Up-to-date: /bumperbot_ws/install/bumperbot_motion/share/bumperbot_motion/environment/library_path.dsv
[0.364s] -- Up-to-date: /bumperbot_ws/install/bumperbot_motion/share/ament_index/resource_index/package_run_dependencies/bumperbot_motion
[0.364s] -- Up-to-date: /bumperbot_ws/install/bumperbot_motion/share/ament_index/resource_index/parent_prefix_path/bumperbot_motion
[0.364s] -- Up-to-date: /bumperbot_ws/install/bumperbot_motion/share/bumperbot_motion/environment/ament_prefix_path.sh
[0.364s] -- Up-to-date: /bumperbot_ws/install/bumperbot_motion/share/bumperbot_motion/environment/ament_prefix_path.dsv
[0.364s] -- Up-to-date: /bumperbot_ws/install/bumperbot_motion/share/bumperbot_motion/environment/path.sh
[0.364s] -- Up-to-date: /bumperbot_ws/install/bumperbot_motion/share/bumperbot_motion/environment/path.dsv
[0.364s] -- Up-to-date: /bumperbot_ws/install/bumperbot_motion/share/bumperbot_motion/local_setup.bash
[0.364s] -- Up-to-date: /bumperbot_ws/install/bumperbot_motion/share/bumperbot_motion/local_setup.sh
[0.364s] -- Up-to-date: /bumperbot_ws/install/bumperbot_motion/share/bumperbot_motion/local_setup.zsh
[0.364s] -- Up-to-date: /bumperbot_ws/install/bumperbot_motion/share/bumperbot_motion/local_setup.dsv
[0.364s] -- Installing: /bumperbot_ws/install/bumperbot_motion/share/bumperbot_motion/package.dsv
[0.364s] -- Up-to-date: /bumperbot_ws/install/bumperbot_motion/share/ament_index/resource_index/packages/bumperbot_motion
[0.365s] -- Up-to-date: /bumperbot_ws/install/bumperbot_motion/share/ament_index/resource_index/nav2_core__pluginlib__plugin/bumperbot_motion
[0.365s] -- Up-to-date: /bumperbot_ws/install/bumperbot_motion/share/bumperbot_motion/cmake/ament_cmake_export_include_directories-extras.cmake
[0.365s] -- Up-to-date: /bumperbot_ws/install/bumperbot_motion/share/bumperbot_motion/cmake/ament_cmake_export_libraries-extras.cmake
[0.365s] -- Up-to-date: /bumperbot_ws/install/bumperbot_motion/share/bumperbot_motion/cmake/ament_cmake_export_dependencies-extras.cmake
[0.365s] -- Up-to-date: /bumperbot_ws/install/bumperbot_motion/share/bumperbot_motion/cmake/bumperbot_motionConfig.cmake
[0.365s] -- Up-to-date: /bumperbot_ws/install/bumperbot_motion/share/bumperbot_motion/cmake/bumperbot_motionConfig-version.cmake
[0.365s] -- Up-to-date: /bumperbot_ws/install/bumperbot_motion/share/bumperbot_motion/package.xml
[0.370s] Invoked command in '/bumperbot_ws/build/bumperbot_motion' returned '0': CMAKE_PREFIX_PATH=${CMAKE_PREFIX_PATH}:/opt/ros/jazzy /usr/bin/cmake --install /bumperbot_ws/build/bumperbot_motion
