[0.015s] Invoking command in '/bumperbot_ws/build/bumperbot_planning': CMAKE_PREFIX_PATH=${CMAKE_PREFIX_PATH}:/opt/ros/jazzy /usr/bin/cmake --build /bumperbot_ws/build/bumperbot_planning -- -j16 -l16
[0.112s] [ 50%] Built target dijkstra_planner
[0.116s] [100%] Built target a_star_planner
[0.121s] [100%] Built target ament_cmake_python_copy_bumperbot_planning
[0.221s] running egg_info
[0.232s] writing bumperbot_planning.egg-info/PKG-INFO
[0.232s] writing dependency_links to bumperbot_planning.egg-info/dependency_links.txt
[0.232s] writing top-level names to bumperbot_planning.egg-info/top_level.txt
[0.265s] reading manifest file 'bumperbot_planning.egg-info/SOURCES.txt'
[0.266s] writing manifest file 'bumperbot_planning.egg-info/SOURCES.txt'
[0.288s] [100%] Built target ament_cmake_python_build_bumperbot_planning_egg
[0.297s] Invoked command in '/bumperbot_ws/build/bumperbot_planning' returned '0': CMAKE_PREFIX_PATH=${CMAKE_PREFIX_PATH}:/opt/ros/jazzy /usr/bin/cmake --build /bumperbot_ws/build/bumperbot_planning -- -j16 -l16
[0.298s] Invoking command in '/bumperbot_ws/build/bumperbot_planning': CMAKE_PREFIX_PATH=${CMAKE_PREFIX_PATH}:/opt/ros/jazzy /usr/bin/cmake --install /bumperbot_ws/build/bumperbot_planning
[0.302s] -- Install configuration: ""
[0.302s] -- Up-to-date: /bumperbot_ws/install/bumperbot_planning/share/bumperbot_planning/environment/pythonpath.sh
[0.302s] -- Up-to-date: /bumperbot_ws/install/bumperbot_planning/share/bumperbot_planning/environment/pythonpath.dsv
[0.303s] -- Up-to-date: /bumperbot_ws/install/bumperbot_planning/lib/python3.12/site-packages/bumperbot_planning-0.0.0-py3.12.egg-info
[0.303s] -- Installing: /bumperbot_ws/install/bumperbot_planning/lib/python3.12/site-packages/bumperbot_planning-0.0.0-py3.12.egg-info/top_level.txt
[0.303s] -- Installing: /bumperbot_ws/install/bumperbot_planning/lib/python3.12/site-packages/bumperbot_planning-0.0.0-py3.12.egg-info/PKG-INFO
[0.303s] -- Installing: /bumperbot_ws/install/bumperbot_planning/lib/python3.12/site-packages/bumperbot_planning-0.0.0-py3.12.egg-info/SOURCES.txt
[0.303s] -- Installing: /bumperbot_ws/install/bumperbot_planning/lib/python3.12/site-packages/bumperbot_planning-0.0.0-py3.12.egg-info/dependency_links.txt
[0.303s] -- Up-to-date: /bumperbot_ws/install/bumperbot_planning/lib/python3.12/site-packages/bumperbot_planning
[0.303s] -- Up-to-date: /bumperbot_ws/install/bumperbot_planning/lib/python3.12/site-packages/bumperbot_planning/a_star_planner.py
[0.303s] -- Up-to-date: /bumperbot_ws/install/bumperbot_planning/lib/python3.12/site-packages/bumperbot_planning/__init__.py
[0.303s] -- Up-to-date: /bumperbot_ws/install/bumperbot_planning/lib/python3.12/site-packages/bumperbot_planning/dijkstra_planner.py
[0.327s] Listing '/bumperbot_ws/install/bumperbot_planning/lib/python3.12/site-packages/bumperbot_planning'...
[0.329s] -- Up-to-date: /bumperbot_ws/install/bumperbot_planning/include/include
[0.329s] -- Up-to-date: /bumperbot_ws/install/bumperbot_planning/include/include/bumperbot_planning
[0.330s] -- Up-to-date: /bumperbot_ws/install/bumperbot_planning/include/include/bumperbot_planning/dijkstra_planner.hpp
[0.330s] -- Up-to-date: /bumperbot_ws/install/bumperbot_planning/include/include/bumperbot_planning/a_star_planner.hpp
[0.330s] -- Up-to-date: /bumperbot_ws/install/bumperbot_planning/lib/bumperbot_planning/dijkstra_planner
[0.330s] -- Up-to-date: /bumperbot_ws/install/bumperbot_planning/lib/bumperbot_planning/a_star_planner
[0.330s] -- Up-to-date: /bumperbot_ws/install/bumperbot_planning/lib/bumperbot_planning/a_star_planner.py
[0.330s] -- Up-to-date: /bumperbot_ws/install/bumperbot_planning/lib/bumperbot_planning/dijkstra_planner.py
[0.330s] -- Up-to-date: /bumperbot_ws/install/bumperbot_planning/share/ament_index/resource_index/package_run_dependencies/bumperbot_planning
[0.331s] -- Up-to-date: /bumperbot_ws/install/bumperbot_planning/share/ament_index/resource_index/parent_prefix_path/bumperbot_planning
[0.331s] -- Up-to-date: /bumperbot_ws/install/bumperbot_planning/share/bumperbot_planning/environment/ament_prefix_path.sh
[0.331s] -- Up-to-date: /bumperbot_ws/install/bumperbot_planning/share/bumperbot_planning/environment/ament_prefix_path.dsv
[0.331s] -- Up-to-date: /bumperbot_ws/install/bumperbot_planning/share/bumperbot_planning/environment/path.sh
[0.331s] -- Up-to-date: /bumperbot_ws/install/bumperbot_planning/share/bumperbot_planning/environment/path.dsv
[0.331s] -- Up-to-date: /bumperbot_ws/install/bumperbot_planning/share/bumperbot_planning/local_setup.bash
[0.331s] -- Up-to-date: /bumperbot_ws/install/bumperbot_planning/share/bumperbot_planning/local_setup.sh
[0.331s] -- Up-to-date: /bumperbot_ws/install/bumperbot_planning/share/bumperbot_planning/local_setup.zsh
[0.331s] -- Up-to-date: /bumperbot_ws/install/bumperbot_planning/share/bumperbot_planning/local_setup.dsv
[0.331s] -- Installing: /bumperbot_ws/install/bumperbot_planning/share/bumperbot_planning/package.dsv
[0.331s] -- Up-to-date: /bumperbot_ws/install/bumperbot_planning/share/ament_index/resource_index/packages/bumperbot_planning
[0.331s] -- Up-to-date: /bumperbot_ws/install/bumperbot_planning/share/bumperbot_planning/cmake/ament_cmake_export_include_directories-extras.cmake
[0.331s] -- Up-to-date: /bumperbot_ws/install/bumperbot_planning/share/bumperbot_planning/cmake/ament_cmake_export_dependencies-extras.cmake
[0.331s] -- Up-to-date: /bumperbot_ws/install/bumperbot_planning/share/bumperbot_planning/cmake/bumperbot_planningConfig.cmake
[0.332s] -- Up-to-date: /bumperbot_ws/install/bumperbot_planning/share/bumperbot_planning/cmake/bumperbot_planningConfig-version.cmake
[0.332s] -- Up-to-date: /bumperbot_ws/install/bumperbot_planning/share/bumperbot_planning/package.xml
[0.362s] Invoked command in '/bumperbot_ws/build/bumperbot_planning' returned '0': CMAKE_PREFIX_PATH=${CMAKE_PREFIX_PATH}:/opt/ros/jazzy /usr/bin/cmake --install /bumperbot_ws/build/bumperbot_planning
