[0.105s] DEBUG:colcon:Command line arguments: ['/usr/bin/colcon', 'build']
[0.105s] DEBUG:colcon:Parsed command line arguments: Namespace(log_base=None, log_level=None, verb_name='build', build_base='build', install_base='install', merge_install=False, symlink_install=False, test_result_base=None, continue_on_error=False, executor='parallel', parallel_workers=8, event_handlers=None, ignore_user_meta=False, metas=['./colcon.meta'], base_paths=['.'], packages_ignore=None, packages_ignore_regex=None, paths=None, packages_up_to=None, packages_up_to_regex=None, packages_above=None, packages_above_and_dependencies=None, packages_above_depth=None, packages_select_by_dep=None, packages_skip_by_dep=None, packages_skip_up_to=None, packages_select_build_failed=False, packages_skip_build_finished=False, packages_select_test_failures=False, packages_skip_test_passed=False, packages_select=None, packages_skip=None, packages_select_regex=None, packages_skip_regex=None, packages_start=None, packages_end=None, cmake_args=None, cmake_target=None, cmake_target_skip_unavailable=False, cmake_clean_cache=False, cmake_clean_first=False, cmake_force_configure=False, ament_cmake_args=None, catkin_cmake_args=None, catkin_skip_building_tests=False, mixin_files=None, mixin=None, verb_parser=<colcon_mixin.mixin.mixin_argument.MixinArgumentDecorator object at 0x7f4862a5f620>, verb_extension=<colcon_core.verb.build.BuildVerb object at 0x7f4862988890>, main=<bound method BuildVerb.main of <colcon_core.verb.build.BuildVerb object at 0x7f4862988890>>, mixin_verb=('build',))
[0.145s] Level 1:colcon.colcon_core.package_discovery:discover_packages(colcon_meta) check parameters
[0.145s] Level 1:colcon.colcon_core.package_discovery:discover_packages(recursive) check parameters
[0.145s] Level 1:colcon.colcon_core.package_discovery:discover_packages(ignore) check parameters
[0.145s] Level 1:colcon.colcon_core.package_discovery:discover_packages(path) check parameters
[0.145s] Level 1:colcon.colcon_core.package_discovery:discover_packages(colcon_meta) discover
[0.145s] Level 1:colcon.colcon_core.package_discovery:discover_packages(recursive) discover
[0.145s] INFO:colcon.colcon_core.package_discovery:Crawling recursively for packages in '/bumperbot'
[0.146s] Level 1:colcon.colcon_core.package_identification:_identify(.) by extensions ['ignore', 'ignore_ament_install']
[0.146s] Level 1:colcon.colcon_core.package_identification:_identify(.) by extension 'ignore'
[0.146s] Level 1:colcon.colcon_core.package_identification:_identify(.) by extension 'ignore_ament_install'
[0.146s] Level 1:colcon.colcon_core.package_identification:_identify(.) by extensions ['colcon_pkg']
[0.146s] Level 1:colcon.colcon_core.package_identification:_identify(.) by extension 'colcon_pkg'
[0.146s] Level 1:colcon.colcon_core.package_identification:_identify(.) by extensions ['colcon_meta']
[0.146s] Level 1:colcon.colcon_core.package_identification:_identify(.) by extension 'colcon_meta'
[0.146s] Level 1:colcon.colcon_core.package_identification:_identify(.) by extensions ['ros']
[0.146s] Level 1:colcon.colcon_core.package_identification:_identify(.) by extension 'ros'
[0.174s] Level 1:colcon.colcon_core.package_identification:_identify(.) by extensions ['cmake', 'python']
[0.174s] Level 1:colcon.colcon_core.package_identification:_identify(.) by extension 'cmake'
[0.174s] Level 1:colcon.colcon_core.package_identification:_identify(.) by extension 'python'
[0.174s] Level 1:colcon.colcon_core.package_identification:_identify(.) by extensions ['python_setup_py']
[0.174s] Level 1:colcon.colcon_core.package_identification:_identify(.) by extension 'python_setup_py'
[0.175s] Level 1:colcon.colcon_core.package_identification:_identify(build) by extensions ['ignore', 'ignore_ament_install']
[0.175s] Level 1:colcon.colcon_core.package_identification:_identify(build) by extension 'ignore'
[0.175s] Level 1:colcon.colcon_core.package_identification:_identify(build) ignored
[0.175s] Level 1:colcon.colcon_core.package_identification:_identify(install) by extensions ['ignore', 'ignore_ament_install']
[0.175s] Level 1:colcon.colcon_core.package_identification:_identify(install) by extension 'ignore'
[0.175s] Level 1:colcon.colcon_core.package_identification:_identify(install) ignored
[0.175s] Level 1:colcon.colcon_core.package_identification:_identify(log) by extensions ['ignore', 'ignore_ament_install']
[0.175s] Level 1:colcon.colcon_core.package_identification:_identify(log) by extension 'ignore'
[0.175s] Level 1:colcon.colcon_core.package_identification:_identify(log) ignored
[0.176s] Level 1:colcon.colcon_core.package_identification:_identify(src) by extensions ['ignore', 'ignore_ament_install']
[0.176s] Level 1:colcon.colcon_core.package_identification:_identify(src) by extension 'ignore'
[0.176s] Level 1:colcon.colcon_core.package_identification:_identify(src) by extension 'ignore_ament_install'
[0.176s] Level 1:colcon.colcon_core.package_identification:_identify(src) by extensions ['colcon_pkg']
[0.176s] Level 1:colcon.colcon_core.package_identification:_identify(src) by extension 'colcon_pkg'
[0.176s] Level 1:colcon.colcon_core.package_identification:_identify(src) by extensions ['colcon_meta']
[0.176s] Level 1:colcon.colcon_core.package_identification:_identify(src) by extension 'colcon_meta'
[0.176s] Level 1:colcon.colcon_core.package_identification:_identify(src) by extensions ['ros']
[0.176s] Level 1:colcon.colcon_core.package_identification:_identify(src) by extension 'ros'
[0.176s] Level 1:colcon.colcon_core.package_identification:_identify(src) by extensions ['cmake', 'python']
[0.176s] Level 1:colcon.colcon_core.package_identification:_identify(src) by extension 'cmake'
[0.176s] Level 1:colcon.colcon_core.package_identification:_identify(src) by extension 'python'
[0.176s] Level 1:colcon.colcon_core.package_identification:_identify(src) by extensions ['python_setup_py']
[0.176s] Level 1:colcon.colcon_core.package_identification:_identify(src) by extension 'python_setup_py'
[0.176s] Level 1:colcon.colcon_core.package_identification:_identify(src/bumperbot_bringup) by extensions ['ignore', 'ignore_ament_install']
[0.176s] Level 1:colcon.colcon_core.package_identification:_identify(src/bumperbot_bringup) by extension 'ignore'
[0.176s] Level 1:colcon.colcon_core.package_identification:_identify(src/bumperbot_bringup) by extension 'ignore_ament_install'
[0.177s] Level 1:colcon.colcon_core.package_identification:_identify(src/bumperbot_bringup) by extensions ['colcon_pkg']
[0.177s] Level 1:colcon.colcon_core.package_identification:_identify(src/bumperbot_bringup) by extension 'colcon_pkg'
[0.177s] Level 1:colcon.colcon_core.package_identification:_identify(src/bumperbot_bringup) by extensions ['colcon_meta']
[0.177s] Level 1:colcon.colcon_core.package_identification:_identify(src/bumperbot_bringup) by extension 'colcon_meta'
[0.177s] Level 1:colcon.colcon_core.package_identification:_identify(src/bumperbot_bringup) by extensions ['ros']
[0.177s] Level 1:colcon.colcon_core.package_identification:_identify(src/bumperbot_bringup) by extension 'ros'
[0.179s] DEBUG:colcon.colcon_core.package_identification:Package 'src/bumperbot_bringup' with type 'ros.ament_cmake' and name 'bumperbot_bringup'
[0.179s] Level 1:colcon.colcon_core.package_identification:_identify(src/bumperbot_controller) by extensions ['ignore', 'ignore_ament_install']
[0.179s] Level 1:colcon.colcon_core.package_identification:_identify(src/bumperbot_controller) by extension 'ignore'
[0.179s] Level 1:colcon.colcon_core.package_identification:_identify(src/bumperbot_controller) by extension 'ignore_ament_install'
[0.180s] Level 1:colcon.colcon_core.package_identification:_identify(src/bumperbot_controller) by extensions ['colcon_pkg']
[0.180s] Level 1:colcon.colcon_core.package_identification:_identify(src/bumperbot_controller) by extension 'colcon_pkg'
[0.180s] Level 1:colcon.colcon_core.package_identification:_identify(src/bumperbot_controller) by extensions ['colcon_meta']
[0.180s] Level 1:colcon.colcon_core.package_identification:_identify(src/bumperbot_controller) by extension 'colcon_meta'
[0.180s] Level 1:colcon.colcon_core.package_identification:_identify(src/bumperbot_controller) by extensions ['ros']
[0.180s] Level 1:colcon.colcon_core.package_identification:_identify(src/bumperbot_controller) by extension 'ros'
[0.181s] DEBUG:colcon.colcon_core.package_identification:Package 'src/bumperbot_controller' with type 'ros.ament_cmake' and name 'bumperbot_controller'
[0.181s] Level 1:colcon.colcon_core.package_identification:_identify(src/bumperbot_description) by extensions ['ignore', 'ignore_ament_install']
[0.181s] Level 1:colcon.colcon_core.package_identification:_identify(src/bumperbot_description) by extension 'ignore'
[0.181s] Level 1:colcon.colcon_core.package_identification:_identify(src/bumperbot_description) by extension 'ignore_ament_install'
[0.182s] Level 1:colcon.colcon_core.package_identification:_identify(src/bumperbot_description) by extensions ['colcon_pkg']
[0.182s] Level 1:colcon.colcon_core.package_identification:_identify(src/bumperbot_description) by extension 'colcon_pkg'
[0.182s] Level 1:colcon.colcon_core.package_identification:_identify(src/bumperbot_description) by extensions ['colcon_meta']
[0.182s] Level 1:colcon.colcon_core.package_identification:_identify(src/bumperbot_description) by extension 'colcon_meta'
[0.182s] Level 1:colcon.colcon_core.package_identification:_identify(src/bumperbot_description) by extensions ['ros']
[0.182s] Level 1:colcon.colcon_core.package_identification:_identify(src/bumperbot_description) by extension 'ros'
[0.186s] DEBUG:colcon.colcon_core.package_identification:Package 'src/bumperbot_description' with type 'ros.ament_cmake' and name 'bumperbot_description'
[0.186s] Level 1:colcon.colcon_core.package_identification:_identify(src/bumperbot_localization) by extensions ['ignore', 'ignore_ament_install']
[0.186s] Level 1:colcon.colcon_core.package_identification:_identify(src/bumperbot_localization) by extension 'ignore'
[0.186s] Level 1:colcon.colcon_core.package_identification:_identify(src/bumperbot_localization) by extension 'ignore_ament_install'
[0.187s] Level 1:colcon.colcon_core.package_identification:_identify(src/bumperbot_localization) by extensions ['colcon_pkg']
[0.187s] Level 1:colcon.colcon_core.package_identification:_identify(src/bumperbot_localization) by extension 'colcon_pkg'
[0.187s] Level 1:colcon.colcon_core.package_identification:_identify(src/bumperbot_localization) by extensions ['colcon_meta']
[0.187s] Level 1:colcon.colcon_core.package_identification:_identify(src/bumperbot_localization) by extension 'colcon_meta'
[0.187s] Level 1:colcon.colcon_core.package_identification:_identify(src/bumperbot_localization) by extensions ['ros']
[0.187s] Level 1:colcon.colcon_core.package_identification:_identify(src/bumperbot_localization) by extension 'ros'
[0.188s] DEBUG:colcon.colcon_core.package_identification:Package 'src/bumperbot_localization' with type 'ros.ament_cmake' and name 'bumperbot_localization'
[0.188s] Level 1:colcon.colcon_core.package_identification:_identify(src/bumperbot_mapping) by extensions ['ignore', 'ignore_ament_install']
[0.188s] Level 1:colcon.colcon_core.package_identification:_identify(src/bumperbot_mapping) by extension 'ignore'
[0.188s] Level 1:colcon.colcon_core.package_identification:_identify(src/bumperbot_mapping) by extension 'ignore_ament_install'
[0.188s] Level 1:colcon.colcon_core.package_identification:_identify(src/bumperbot_mapping) by extensions ['colcon_pkg']
[0.188s] Level 1:colcon.colcon_core.package_identification:_identify(src/bumperbot_mapping) by extension 'colcon_pkg'
[0.188s] Level 1:colcon.colcon_core.package_identification:_identify(src/bumperbot_mapping) by extensions ['colcon_meta']
[0.188s] Level 1:colcon.colcon_core.package_identification:_identify(src/bumperbot_mapping) by extension 'colcon_meta'
[0.188s] Level 1:colcon.colcon_core.package_identification:_identify(src/bumperbot_mapping) by extensions ['ros']
[0.188s] Level 1:colcon.colcon_core.package_identification:_identify(src/bumperbot_mapping) by extension 'ros'
[0.189s] DEBUG:colcon.colcon_core.package_identification:Package 'src/bumperbot_mapping' with type 'ros.ament_cmake' and name 'bumperbot_mapping'
[0.189s] Level 1:colcon.colcon_core.package_identification:_identify(src/bumperbot_planning) by extensions ['ignore', 'ignore_ament_install']
[0.189s] Level 1:colcon.colcon_core.package_identification:_identify(src/bumperbot_planning) by extension 'ignore'
[0.189s] Level 1:colcon.colcon_core.package_identification:_identify(src/bumperbot_planning) by extension 'ignore_ament_install'
[0.189s] Level 1:colcon.colcon_core.package_identification:_identify(src/bumperbot_planning) by extensions ['colcon_pkg']
[0.189s] Level 1:colcon.colcon_core.package_identification:_identify(src/bumperbot_planning) by extension 'colcon_pkg'
[0.189s] Level 1:colcon.colcon_core.package_identification:_identify(src/bumperbot_planning) by extensions ['colcon_meta']
[0.189s] Level 1:colcon.colcon_core.package_identification:_identify(src/bumperbot_planning) by extension 'colcon_meta'
[0.189s] Level 1:colcon.colcon_core.package_identification:_identify(src/bumperbot_planning) by extensions ['ros']
[0.190s] Level 1:colcon.colcon_core.package_identification:_identify(src/bumperbot_planning) by extension 'ros'
[0.190s] DEBUG:colcon.colcon_core.package_identification:Package 'src/bumperbot_planning' with type 'ros.ament_cmake' and name 'bumperbot_planning'
[0.190s] Level 1:colcon.colcon_core.package_discovery:discover_packages(recursive) using defaults
[0.190s] Level 1:colcon.colcon_core.package_discovery:discover_packages(ignore) discover
[0.190s] Level 1:colcon.colcon_core.package_discovery:discover_packages(ignore) using defaults
[0.190s] Level 1:colcon.colcon_core.package_discovery:discover_packages(path) discover
[0.190s] Level 1:colcon.colcon_core.package_discovery:discover_packages(path) using defaults
[0.211s] Level 5:colcon.colcon_core.verb:set package 'bumperbot_controller' build argument 'cmake_args' from command line to 'None'
[0.211s] Level 5:colcon.colcon_core.verb:set package 'bumperbot_controller' build argument 'cmake_target' from command line to 'None'
[0.211s] Level 5:colcon.colcon_core.verb:set package 'bumperbot_controller' build argument 'cmake_target_skip_unavailable' from command line to 'False'
[0.211s] Level 5:colcon.colcon_core.verb:set package 'bumperbot_controller' build argument 'cmake_clean_cache' from command line to 'False'
[0.211s] Level 5:colcon.colcon_core.verb:set package 'bumperbot_controller' build argument 'cmake_clean_first' from command line to 'False'
[0.211s] Level 5:colcon.colcon_core.verb:set package 'bumperbot_controller' build argument 'cmake_force_configure' from command line to 'False'
[0.211s] Level 5:colcon.colcon_core.verb:set package 'bumperbot_controller' build argument 'ament_cmake_args' from command line to 'None'
[0.211s] Level 5:colcon.colcon_core.verb:set package 'bumperbot_controller' build argument 'catkin_cmake_args' from command line to 'None'
[0.211s] Level 5:colcon.colcon_core.verb:set package 'bumperbot_controller' build argument 'catkin_skip_building_tests' from command line to 'False'
[0.211s] DEBUG:colcon.colcon_core.verb:Building package 'bumperbot_controller' with the following arguments: {'ament_cmake_args': None, 'build_base': '/bumperbot/build/bumperbot_controller', 'catkin_cmake_args': None, 'catkin_skip_building_tests': False, 'cmake_args': None, 'cmake_clean_cache': False, 'cmake_clean_first': False, 'cmake_force_configure': False, 'cmake_target': None, 'cmake_target_skip_unavailable': False, 'install_base': '/bumperbot/install/bumperbot_controller', 'merge_install': False, 'path': '/bumperbot/src/bumperbot_controller', 'symlink_install': False, 'test_result_base': None}
[0.212s] Level 5:colcon.colcon_core.verb:set package 'bumperbot_description' build argument 'cmake_args' from command line to 'None'
[0.212s] Level 5:colcon.colcon_core.verb:set package 'bumperbot_description' build argument 'cmake_target' from command line to 'None'
[0.212s] Level 5:colcon.colcon_core.verb:set package 'bumperbot_description' build argument 'cmake_target_skip_unavailable' from command line to 'False'
[0.212s] Level 5:colcon.colcon_core.verb:set package 'bumperbot_description' build argument 'cmake_clean_cache' from command line to 'False'
[0.212s] Level 5:colcon.colcon_core.verb:set package 'bumperbot_description' build argument 'cmake_clean_first' from command line to 'False'
[0.212s] Level 5:colcon.colcon_core.verb:set package 'bumperbot_description' build argument 'cmake_force_configure' from command line to 'False'
[0.212s] Level 5:colcon.colcon_core.verb:set package 'bumperbot_description' build argument 'ament_cmake_args' from command line to 'None'
[0.212s] Level 5:colcon.colcon_core.verb:set package 'bumperbot_description' build argument 'catkin_cmake_args' from command line to 'None'
[0.212s] Level 5:colcon.colcon_core.verb:set package 'bumperbot_description' build argument 'catkin_skip_building_tests' from command line to 'False'
[0.212s] DEBUG:colcon.colcon_core.verb:Building package 'bumperbot_description' with the following arguments: {'ament_cmake_args': None, 'build_base': '/bumperbot/build/bumperbot_description', 'catkin_cmake_args': None, 'catkin_skip_building_tests': False, 'cmake_args': None, 'cmake_clean_cache': False, 'cmake_clean_first': False, 'cmake_force_configure': False, 'cmake_target': None, 'cmake_target_skip_unavailable': False, 'install_base': '/bumperbot/install/bumperbot_description', 'merge_install': False, 'path': '/bumperbot/src/bumperbot_description', 'symlink_install': False, 'test_result_base': None}
[0.212s] Level 5:colcon.colcon_core.verb:set package 'bumperbot_localization' build argument 'cmake_args' from command line to 'None'
[0.212s] Level 5:colcon.colcon_core.verb:set package 'bumperbot_localization' build argument 'cmake_target' from command line to 'None'
[0.212s] Level 5:colcon.colcon_core.verb:set package 'bumperbot_localization' build argument 'cmake_target_skip_unavailable' from command line to 'False'
[0.212s] Level 5:colcon.colcon_core.verb:set package 'bumperbot_localization' build argument 'cmake_clean_cache' from command line to 'False'
[0.212s] Level 5:colcon.colcon_core.verb:set package 'bumperbot_localization' build argument 'cmake_clean_first' from command line to 'False'
[0.212s] Level 5:colcon.colcon_core.verb:set package 'bumperbot_localization' build argument 'cmake_force_configure' from command line to 'False'
[0.212s] Level 5:colcon.colcon_core.verb:set package 'bumperbot_localization' build argument 'ament_cmake_args' from command line to 'None'
[0.212s] Level 5:colcon.colcon_core.verb:set package 'bumperbot_localization' build argument 'catkin_cmake_args' from command line to 'None'
[0.212s] Level 5:colcon.colcon_core.verb:set package 'bumperbot_localization' build argument 'catkin_skip_building_tests' from command line to 'False'
[0.212s] DEBUG:colcon.colcon_core.verb:Building package 'bumperbot_localization' with the following arguments: {'ament_cmake_args': None, 'build_base': '/bumperbot/build/bumperbot_localization', 'catkin_cmake_args': None, 'catkin_skip_building_tests': False, 'cmake_args': None, 'cmake_clean_cache': False, 'cmake_clean_first': False, 'cmake_force_configure': False, 'cmake_target': None, 'cmake_target_skip_unavailable': False, 'install_base': '/bumperbot/install/bumperbot_localization', 'merge_install': False, 'path': '/bumperbot/src/bumperbot_localization', 'symlink_install': False, 'test_result_base': None}
[0.213s] Level 5:colcon.colcon_core.verb:set package 'bumperbot_mapping' build argument 'cmake_args' from command line to 'None'
[0.213s] Level 5:colcon.colcon_core.verb:set package 'bumperbot_mapping' build argument 'cmake_target' from command line to 'None'
[0.213s] Level 5:colcon.colcon_core.verb:set package 'bumperbot_mapping' build argument 'cmake_target_skip_unavailable' from command line to 'False'
[0.213s] Level 5:colcon.colcon_core.verb:set package 'bumperbot_mapping' build argument 'cmake_clean_cache' from command line to 'False'
[0.213s] Level 5:colcon.colcon_core.verb:set package 'bumperbot_mapping' build argument 'cmake_clean_first' from command line to 'False'
[0.213s] Level 5:colcon.colcon_core.verb:set package 'bumperbot_mapping' build argument 'cmake_force_configure' from command line to 'False'
[0.213s] Level 5:colcon.colcon_core.verb:set package 'bumperbot_mapping' build argument 'ament_cmake_args' from command line to 'None'
[0.213s] Level 5:colcon.colcon_core.verb:set package 'bumperbot_mapping' build argument 'catkin_cmake_args' from command line to 'None'
[0.213s] Level 5:colcon.colcon_core.verb:set package 'bumperbot_mapping' build argument 'catkin_skip_building_tests' from command line to 'False'
[0.213s] DEBUG:colcon.colcon_core.verb:Building package 'bumperbot_mapping' with the following arguments: {'ament_cmake_args': None, 'build_base': '/bumperbot/build/bumperbot_mapping', 'catkin_cmake_args': None, 'catkin_skip_building_tests': False, 'cmake_args': None, 'cmake_clean_cache': False, 'cmake_clean_first': False, 'cmake_force_configure': False, 'cmake_target': None, 'cmake_target_skip_unavailable': False, 'install_base': '/bumperbot/install/bumperbot_mapping', 'merge_install': False, 'path': '/bumperbot/src/bumperbot_mapping', 'symlink_install': False, 'test_result_base': None}
[0.213s] Level 5:colcon.colcon_core.verb:set package 'bumperbot_planning' build argument 'cmake_args' from command line to 'None'
[0.213s] Level 5:colcon.colcon_core.verb:set package 'bumperbot_planning' build argument 'cmake_target' from command line to 'None'
[0.213s] Level 5:colcon.colcon_core.verb:set package 'bumperbot_planning' build argument 'cmake_target_skip_unavailable' from command line to 'False'
[0.213s] Level 5:colcon.colcon_core.verb:set package 'bumperbot_planning' build argument 'cmake_clean_cache' from command line to 'False'
[0.213s] Level 5:colcon.colcon_core.verb:set package 'bumperbot_planning' build argument 'cmake_clean_first' from command line to 'False'
[0.213s] Level 5:colcon.colcon_core.verb:set package 'bumperbot_planning' build argument 'cmake_force_configure' from command line to 'False'
[0.213s] Level 5:colcon.colcon_core.verb:set package 'bumperbot_planning' build argument 'ament_cmake_args' from command line to 'None'
[0.213s] Level 5:colcon.colcon_core.verb:set package 'bumperbot_planning' build argument 'catkin_cmake_args' from command line to 'None'
[0.213s] Level 5:colcon.colcon_core.verb:set package 'bumperbot_planning' build argument 'catkin_skip_building_tests' from command line to 'False'
[0.213s] DEBUG:colcon.colcon_core.verb:Building package 'bumperbot_planning' with the following arguments: {'ament_cmake_args': None, 'build_base': '/bumperbot/build/bumperbot_planning', 'catkin_cmake_args': None, 'catkin_skip_building_tests': False, 'cmake_args': None, 'cmake_clean_cache': False, 'cmake_clean_first': False, 'cmake_force_configure': False, 'cmake_target': None, 'cmake_target_skip_unavailable': False, 'install_base': '/bumperbot/install/bumperbot_planning', 'merge_install': False, 'path': '/bumperbot/src/bumperbot_planning', 'symlink_install': False, 'test_result_base': None}
[0.214s] Level 5:colcon.colcon_core.verb:set package 'bumperbot_bringup' build argument 'cmake_args' from command line to 'None'
[0.214s] Level 5:colcon.colcon_core.verb:set package 'bumperbot_bringup' build argument 'cmake_target' from command line to 'None'
[0.214s] Level 5:colcon.colcon_core.verb:set package 'bumperbot_bringup' build argument 'cmake_target_skip_unavailable' from command line to 'False'
[0.214s] Level 5:colcon.colcon_core.verb:set package 'bumperbot_bringup' build argument 'cmake_clean_cache' from command line to 'False'
[0.214s] Level 5:colcon.colcon_core.verb:set package 'bumperbot_bringup' build argument 'cmake_clean_first' from command line to 'False'
[0.214s] Level 5:colcon.colcon_core.verb:set package 'bumperbot_bringup' build argument 'cmake_force_configure' from command line to 'False'
[0.214s] Level 5:colcon.colcon_core.verb:set package 'bumperbot_bringup' build argument 'ament_cmake_args' from command line to 'None'
[0.214s] Level 5:colcon.colcon_core.verb:set package 'bumperbot_bringup' build argument 'catkin_cmake_args' from command line to 'None'
[0.214s] Level 5:colcon.colcon_core.verb:set package 'bumperbot_bringup' build argument 'catkin_skip_building_tests' from command line to 'False'
[0.214s] DEBUG:colcon.colcon_core.verb:Building package 'bumperbot_bringup' with the following arguments: {'ament_cmake_args': None, 'build_base': '/bumperbot/build/bumperbot_bringup', 'catkin_cmake_args': None, 'catkin_skip_building_tests': False, 'cmake_args': None, 'cmake_clean_cache': False, 'cmake_clean_first': False, 'cmake_force_configure': False, 'cmake_target': None, 'cmake_target_skip_unavailable': False, 'install_base': '/bumperbot/install/bumperbot_bringup', 'merge_install': False, 'path': '/bumperbot/src/bumperbot_bringup', 'symlink_install': False, 'test_result_base': None}
[0.214s] INFO:colcon.colcon_core.executor:Executing jobs using 'parallel' executor
[0.216s] DEBUG:colcon.colcon_parallel_executor.executor.parallel:run_until_complete
[0.216s] INFO:colcon.colcon_ros.task.ament_cmake.build:Building ROS package in '/bumperbot/src/bumperbot_controller' with build type 'ament_cmake'
[0.216s] INFO:colcon.colcon_cmake.task.cmake.build:Building CMake package in '/bumperbot/src/bumperbot_controller'
[0.219s] INFO:colcon.colcon_core.plugin_system:Skipping extension 'colcon_core.shell.bat': Not used on non-Windows systems
[0.219s] INFO:colcon.colcon_core.shell:Skip shell extension 'powershell' for command environment: Not usable outside of PowerShell
[0.219s] DEBUG:colcon.colcon_core.shell:Skip shell extension 'dsv' for command environment
[0.225s] INFO:colcon.colcon_ros.task.ament_cmake.build:Building ROS package in '/bumperbot/src/bumperbot_description' with build type 'ament_cmake'
[0.225s] INFO:colcon.colcon_cmake.task.cmake.build:Building CMake package in '/bumperbot/src/bumperbot_description'
[0.226s] INFO:colcon.colcon_core.shell:Skip shell extension 'powershell' for command environment: Not usable outside of PowerShell
[0.226s] DEBUG:colcon.colcon_core.shell:Skip shell extension 'dsv' for command environment
[0.230s] INFO:colcon.colcon_ros.task.ament_cmake.build:Building ROS package in '/bumperbot/src/bumperbot_localization' with build type 'ament_cmake'
[0.230s] INFO:colcon.colcon_cmake.task.cmake.build:Building CMake package in '/bumperbot/src/bumperbot_localization'
[0.231s] INFO:colcon.colcon_core.shell:Skip shell extension 'powershell' for command environment: Not usable outside of PowerShell
[0.231s] DEBUG:colcon.colcon_core.shell:Skip shell extension 'dsv' for command environment
[0.236s] INFO:colcon.colcon_ros.task.ament_cmake.build:Building ROS package in '/bumperbot/src/bumperbot_mapping' with build type 'ament_cmake'
[0.236s] INFO:colcon.colcon_cmake.task.cmake.build:Building CMake package in '/bumperbot/src/bumperbot_mapping'
[0.237s] INFO:colcon.colcon_core.shell:Skip shell extension 'powershell' for command environment: Not usable outside of PowerShell
[0.237s] DEBUG:colcon.colcon_core.shell:Skip shell extension 'dsv' for command environment
[0.242s] INFO:colcon.colcon_ros.task.ament_cmake.build:Building ROS package in '/bumperbot/src/bumperbot_planning' with build type 'ament_cmake'
[0.242s] INFO:colcon.colcon_cmake.task.cmake.build:Building CMake package in '/bumperbot/src/bumperbot_planning'
[0.242s] INFO:colcon.colcon_core.shell:Skip shell extension 'powershell' for command environment: Not usable outside of PowerShell
[0.242s] DEBUG:colcon.colcon_core.shell:Skip shell extension 'dsv' for command environment
[0.251s] DEBUG:colcon.colcon_core.event_handler.log_command:Invoking command in '/bumperbot/build/bumperbot_controller': CMAKE_PREFIX_PATH=${CMAKE_PREFIX_PATH}:/opt/ros/jazzy /usr/bin/cmake --build /bumperbot/build/bumperbot_controller -- -j8 -l8
[0.254s] DEBUG:colcon.colcon_core.event_handler.log_command:Invoking command in '/bumperbot/build/bumperbot_description': CMAKE_PREFIX_PATH=${CMAKE_PREFIX_PATH}:/opt/ros/jazzy /usr/bin/cmake --build /bumperbot/build/bumperbot_description -- -j8 -l8
[0.257s] DEBUG:colcon.colcon_core.event_handler.log_command:Invoking command in '/bumperbot/build/bumperbot_localization': CMAKE_PREFIX_PATH=${CMAKE_PREFIX_PATH}:/opt/ros/jazzy /usr/bin/cmake --build /bumperbot/build/bumperbot_localization -- -j8 -l8
[0.259s] DEBUG:colcon.colcon_core.event_handler.log_command:Invoking command in '/bumperbot/build/bumperbot_mapping': CMAKE_PREFIX_PATH=${CMAKE_PREFIX_PATH}:/opt/ros/jazzy /usr/bin/cmake --build /bumperbot/build/bumperbot_mapping -- -j8 -l8
[0.267s] DEBUG:colcon.colcon_core.event_handler.log_command:Invoking command in '/bumperbot/build/bumperbot_planning': CMAKE_PREFIX_PATH=${CMAKE_PREFIX_PATH}:/opt/ros/jazzy /usr/bin/cmake --build /bumperbot/build/bumperbot_planning -- -j8 -l8
[0.321s] DEBUG:colcon.colcon_core.event_handler.log_command:Invoked command in '/bumperbot/build/bumperbot_description' returned '0': CMAKE_PREFIX_PATH=${CMAKE_PREFIX_PATH}:/opt/ros/jazzy /usr/bin/cmake --build /bumperbot/build/bumperbot_description -- -j8 -l8
[0.341s] DEBUG:colcon.colcon_core.event_handler.log_command:Invoking command in '/bumperbot/build/bumperbot_description': CMAKE_PREFIX_PATH=${CMAKE_PREFIX_PATH}:/opt/ros/jazzy /usr/bin/cmake --install /bumperbot/build/bumperbot_description
[0.425s] Level 1:colcon.colcon_core.environment:create_environment_scripts_only(bumperbot_description)
[0.431s] Level 1:colcon.colcon_core.environment:checking '/bumperbot/install/bumperbot_description' for CMake module files
[0.434s] Level 1:colcon.colcon_core.environment:checking '/bumperbot/install/bumperbot_description' for CMake config files
[0.437s] Level 1:colcon.colcon_core.shell:create_environment_hook('bumperbot_description', 'cmake_prefix_path')
[0.438s] INFO:colcon.colcon_core.shell:Creating environment hook '/bumperbot/install/bumperbot_description/share/bumperbot_description/hook/cmake_prefix_path.ps1'
[0.439s] INFO:colcon.colcon_core.shell:Creating environment descriptor '/bumperbot/install/bumperbot_description/share/bumperbot_description/hook/cmake_prefix_path.dsv'
[0.440s] INFO:colcon.colcon_core.shell:Creating environment hook '/bumperbot/install/bumperbot_description/share/bumperbot_description/hook/cmake_prefix_path.sh'
[0.442s] Level 1:colcon.colcon_core.environment:checking '/bumperbot/install/bumperbot_description/bin'
[0.442s] Level 1:colcon.colcon_core.environment:checking '/bumperbot/install/bumperbot_description/lib/pkgconfig/bumperbot_description.pc'
[0.446s] Level 1:colcon.colcon_core.environment:checking '/bumperbot/install/bumperbot_description/lib/python3.12/site-packages'
[0.446s] Level 1:colcon.colcon_core.environment:checking '/bumperbot/install/bumperbot_description/bin'
[0.446s] INFO:colcon.colcon_core.shell:Creating package script '/bumperbot/install/bumperbot_description/share/bumperbot_description/package.ps1'
[0.448s] INFO:colcon.colcon_core.shell:Creating package descriptor '/bumperbot/install/bumperbot_description/share/bumperbot_description/package.dsv'
[0.449s] INFO:colcon.colcon_core.shell:Creating package script '/bumperbot/install/bumperbot_description/share/bumperbot_description/package.sh'
[0.450s] INFO:colcon.colcon_core.shell:Creating package script '/bumperbot/install/bumperbot_description/share/bumperbot_description/package.bash'
[0.451s] INFO:colcon.colcon_core.shell:Creating package script '/bumperbot/install/bumperbot_description/share/bumperbot_description/package.zsh'
[0.452s] Level 1:colcon.colcon_core.environment:create_file_with_runtime_dependencies(/bumperbot/install/bumperbot_description/share/colcon-core/packages/bumperbot_description)
[0.454s] Level 1:colcon.colcon_core.environment:create_environment_scripts_only(bumperbot_description)
[0.454s] Level 1:colcon.colcon_core.environment:checking '/bumperbot/install/bumperbot_description' for CMake module files
[0.457s] Level 1:colcon.colcon_core.environment:checking '/bumperbot/install/bumperbot_description' for CMake config files
[0.460s] Level 1:colcon.colcon_core.shell:create_environment_hook('bumperbot_description', 'cmake_prefix_path')
[0.460s] INFO:colcon.colcon_core.shell:Creating environment hook '/bumperbot/install/bumperbot_description/share/bumperbot_description/hook/cmake_prefix_path.ps1'
[0.461s] INFO:colcon.colcon_core.shell:Creating environment descriptor '/bumperbot/install/bumperbot_description/share/bumperbot_description/hook/cmake_prefix_path.dsv'
[0.462s] INFO:colcon.colcon_core.shell:Creating environment hook '/bumperbot/install/bumperbot_description/share/bumperbot_description/hook/cmake_prefix_path.sh'
[0.463s] Level 1:colcon.colcon_core.environment:checking '/bumperbot/install/bumperbot_description/bin'
[0.463s] Level 1:colcon.colcon_core.environment:checking '/bumperbot/install/bumperbot_description/lib/pkgconfig/bumperbot_description.pc'
[0.464s] Level 1:colcon.colcon_core.environment:checking '/bumperbot/install/bumperbot_description/lib/python3.12/site-packages'
[0.464s] Level 1:colcon.colcon_core.environment:checking '/bumperbot/install/bumperbot_description/bin'
[0.464s] INFO:colcon.colcon_core.shell:Creating package script '/bumperbot/install/bumperbot_description/share/bumperbot_description/package.ps1'
[0.465s] INFO:colcon.colcon_core.shell:Creating package descriptor '/bumperbot/install/bumperbot_description/share/bumperbot_description/package.dsv'
[0.466s] INFO:colcon.colcon_core.shell:Creating package script '/bumperbot/install/bumperbot_description/share/bumperbot_description/package.sh'
[0.467s] INFO:colcon.colcon_core.shell:Creating package script '/bumperbot/install/bumperbot_description/share/bumperbot_description/package.bash'
[0.468s] INFO:colcon.colcon_core.shell:Creating package script '/bumperbot/install/bumperbot_description/share/bumperbot_description/package.zsh'
[0.469s] Level 1:colcon.colcon_core.environment:create_file_with_runtime_dependencies(/bumperbot/install/bumperbot_description/share/colcon-core/packages/bumperbot_description)
[0.490s] Level 1:colcon.colcon_core.environment:create_environment_scripts_only(bumperbot_planning)
[0.490s] Level 1:colcon.colcon_core.environment:checking '/bumperbot/install/bumperbot_planning' for CMake module files
[0.494s] Level 1:colcon.colcon_core.environment:checking '/bumperbot/install/bumperbot_planning' for CMake config files
[0.498s] Level 1:colcon.colcon_core.shell:create_environment_hook('bumperbot_planning', 'cmake_prefix_path')
[0.498s] INFO:colcon.colcon_core.shell:Creating environment hook '/bumperbot/install/bumperbot_planning/share/bumperbot_planning/hook/cmake_prefix_path.ps1'
[0.499s] INFO:colcon.colcon_core.shell:Creating environment descriptor '/bumperbot/install/bumperbot_planning/share/bumperbot_planning/hook/cmake_prefix_path.dsv'
[0.500s] INFO:colcon.colcon_core.shell:Creating environment hook '/bumperbot/install/bumperbot_planning/share/bumperbot_planning/hook/cmake_prefix_path.sh'
[0.502s] Level 1:colcon.colcon_core.environment:checking '/bumperbot/install/bumperbot_planning/lib'
[0.502s] Level 1:colcon.colcon_core.environment:checking '/bumperbot/install/bumperbot_planning/bin'
[0.503s] Level 1:colcon.colcon_core.environment:checking '/bumperbot/install/bumperbot_planning/lib/pkgconfig/bumperbot_planning.pc'
[0.503s] Level 1:colcon.colcon_core.environment:checking '/bumperbot/install/bumperbot_planning/lib/python3.12/site-packages'
[0.504s] Level 1:colcon.colcon_core.environment:checking '/bumperbot/install/bumperbot_planning/bin'
[0.504s] INFO:colcon.colcon_core.shell:Creating package script '/bumperbot/install/bumperbot_planning/share/bumperbot_planning/package.ps1'
[0.509s] INFO:colcon.colcon_core.shell:Creating package descriptor '/bumperbot/install/bumperbot_planning/share/bumperbot_planning/package.dsv'
[0.512s] INFO:colcon.colcon_core.shell:Creating package script '/bumperbot/install/bumperbot_planning/share/bumperbot_planning/package.sh'
[0.517s] INFO:colcon.colcon_core.shell:Creating package script '/bumperbot/install/bumperbot_planning/share/bumperbot_planning/package.bash'
[0.519s] INFO:colcon.colcon_core.shell:Creating package script '/bumperbot/install/bumperbot_planning/share/bumperbot_planning/package.zsh'
[0.520s] Level 1:colcon.colcon_core.environment:create_file_with_runtime_dependencies(/bumperbot/install/bumperbot_planning/share/colcon-core/packages/bumperbot_planning)
[0.521s] Level 1:colcon.colcon_core.environment:create_environment_scripts_only(bumperbot_planning)
[0.522s] Level 1:colcon.colcon_core.environment:checking '/bumperbot/install/bumperbot_planning' for CMake module files
[0.525s] Level 1:colcon.colcon_core.environment:checking '/bumperbot/install/bumperbot_planning' for CMake config files
[0.526s] Level 1:colcon.colcon_core.shell:create_environment_hook('bumperbot_planning', 'cmake_prefix_path')
[0.526s] INFO:colcon.colcon_core.shell:Creating environment hook '/bumperbot/install/bumperbot_planning/share/bumperbot_planning/hook/cmake_prefix_path.ps1'
[0.528s] INFO:colcon.colcon_core.shell:Creating environment descriptor '/bumperbot/install/bumperbot_planning/share/bumperbot_planning/hook/cmake_prefix_path.dsv'
[0.528s] INFO:colcon.colcon_core.shell:Creating environment hook '/bumperbot/install/bumperbot_planning/share/bumperbot_planning/hook/cmake_prefix_path.sh'
[0.529s] Level 1:colcon.colcon_core.environment:checking '/bumperbot/install/bumperbot_planning/lib'
[0.529s] Level 1:colcon.colcon_core.environment:checking '/bumperbot/install/bumperbot_planning/bin'
[0.529s] Level 1:colcon.colcon_core.environment:checking '/bumperbot/install/bumperbot_planning/lib/pkgconfig/bumperbot_planning.pc'
[0.530s] Level 1:colcon.colcon_core.environment:checking '/bumperbot/install/bumperbot_planning/lib/python3.12/site-packages'
[0.530s] Level 1:colcon.colcon_core.environment:checking '/bumperbot/install/bumperbot_planning/bin'
[0.530s] INFO:colcon.colcon_core.shell:Creating package script '/bumperbot/install/bumperbot_planning/share/bumperbot_planning/package.ps1'
[0.531s] INFO:colcon.colcon_core.shell:Creating package descriptor '/bumperbot/install/bumperbot_planning/share/bumperbot_planning/package.dsv'
[0.532s] INFO:colcon.colcon_core.shell:Creating package script '/bumperbot/install/bumperbot_planning/share/bumperbot_planning/package.sh'
[0.533s] INFO:colcon.colcon_core.shell:Creating package script '/bumperbot/install/bumperbot_planning/share/bumperbot_planning/package.bash'
[0.533s] INFO:colcon.colcon_core.shell:Creating package script '/bumperbot/install/bumperbot_planning/share/bumperbot_planning/package.zsh'
[0.534s] Level 1:colcon.colcon_core.environment:create_file_with_runtime_dependencies(/bumperbot/install/bumperbot_planning/share/colcon-core/packages/bumperbot_planning)
[0.574s] DEBUG:colcon.colcon_core.event_handler.log_command:Invoked command in '/bumperbot/build/bumperbot_description' returned '0': CMAKE_PREFIX_PATH=${CMAKE_PREFIX_PATH}:/opt/ros/jazzy /usr/bin/cmake --install /bumperbot/build/bumperbot_description
[0.574s] DEBUG:colcon.colcon_core.event_handler.log_command:Invoked command in '/bumperbot/build/bumperbot_planning' returned '0': CMAKE_PREFIX_PATH=${CMAKE_PREFIX_PATH}:/opt/ros/jazzy /usr/bin/cmake --build /bumperbot/build/bumperbot_planning -- -j8 -l8
[0.575s] DEBUG:colcon.colcon_core.event_handler.log_command:Invoking command in '/bumperbot/build/bumperbot_planning': CMAKE_PREFIX_PATH=${CMAKE_PREFIX_PATH}:/opt/ros/jazzy /usr/bin/cmake --install /bumperbot/build/bumperbot_planning
[0.578s] DEBUG:colcon.colcon_core.event_handler.log_command:Invoked command in '/bumperbot/build/bumperbot_planning' returned '0': CMAKE_PREFIX_PATH=${CMAKE_PREFIX_PATH}:/opt/ros/jazzy /usr/bin/cmake --install /bumperbot/build/bumperbot_planning
[0.814s] DEBUG:colcon.colcon_core.event_handler.log_command:Invoked command in '/bumperbot/build/bumperbot_localization' returned '0': CMAKE_PREFIX_PATH=${CMAKE_PREFIX_PATH}:/opt/ros/jazzy /usr/bin/cmake --build /bumperbot/build/bumperbot_localization -- -j8 -l8
[0.815s] DEBUG:colcon.colcon_core.event_handler.log_command:Invoking command in '/bumperbot/build/bumperbot_localization': CMAKE_PREFIX_PATH=${CMAKE_PREFIX_PATH}:/opt/ros/jazzy /usr/bin/cmake --install /bumperbot/build/bumperbot_localization
[0.866s] DEBUG:colcon.colcon_core.event_handler.log_command:Invoked command in '/bumperbot/build/bumperbot_controller' returned '0': CMAKE_PREFIX_PATH=${CMAKE_PREFIX_PATH}:/opt/ros/jazzy /usr/bin/cmake --build /bumperbot/build/bumperbot_controller -- -j8 -l8
[0.867s] DEBUG:colcon.colcon_core.event_handler.log_command:Invoking command in '/bumperbot/build/bumperbot_controller': CMAKE_PREFIX_PATH=${CMAKE_PREFIX_PATH}:/opt/ros/jazzy /usr/bin/cmake --install /bumperbot/build/bumperbot_controller
[0.872s] DEBUG:colcon.colcon_core.event_handler.log_command:Invoked command in '/bumperbot/build/bumperbot_mapping' returned '0': CMAKE_PREFIX_PATH=${CMAKE_PREFIX_PATH}:/opt/ros/jazzy /usr/bin/cmake --build /bumperbot/build/bumperbot_mapping -- -j8 -l8
[0.873s] DEBUG:colcon.colcon_core.event_handler.log_command:Invoking command in '/bumperbot/build/bumperbot_mapping': CMAKE_PREFIX_PATH=${CMAKE_PREFIX_PATH}:/opt/ros/jazzy /usr/bin/cmake --install /bumperbot/build/bumperbot_mapping
[0.886s] Level 1:colcon.colcon_core.environment:create_environment_scripts_only(bumperbot_localization)
[0.886s] Level 1:colcon.colcon_core.environment:checking '/bumperbot/install/bumperbot_localization' for CMake module files
[0.889s] Level 1:colcon.colcon_core.environment:checking '/bumperbot/install/bumperbot_localization' for CMake config files
[0.890s] DEBUG:colcon.colcon_core.event_handler.log_command:Invoked command in '/bumperbot/build/bumperbot_localization' returned '0': CMAKE_PREFIX_PATH=${CMAKE_PREFIX_PATH}:/opt/ros/jazzy /usr/bin/cmake --install /bumperbot/build/bumperbot_localization
[0.892s] Level 1:colcon.colcon_core.shell:create_environment_hook('bumperbot_localization', 'cmake_prefix_path')
[0.892s] INFO:colcon.colcon_core.shell:Creating environment hook '/bumperbot/install/bumperbot_localization/share/bumperbot_localization/hook/cmake_prefix_path.ps1'
[0.892s] INFO:colcon.colcon_core.shell:Creating environment descriptor '/bumperbot/install/bumperbot_localization/share/bumperbot_localization/hook/cmake_prefix_path.dsv'
[0.893s] INFO:colcon.colcon_core.shell:Creating environment hook '/bumperbot/install/bumperbot_localization/share/bumperbot_localization/hook/cmake_prefix_path.sh'
[0.893s] Level 1:colcon.colcon_core.environment:checking '/bumperbot/install/bumperbot_localization/lib'
[0.893s] Level 1:colcon.colcon_core.environment:checking '/bumperbot/install/bumperbot_localization/bin'
[0.893s] Level 1:colcon.colcon_core.shell:create_environment_hook('bumperbot_localization', 'path')
[0.893s] INFO:colcon.colcon_core.shell:Creating environment hook '/bumperbot/install/bumperbot_localization/share/bumperbot_localization/hook/path.ps1'
[0.894s] INFO:colcon.colcon_core.shell:Creating environment descriptor '/bumperbot/install/bumperbot_localization/share/bumperbot_localization/hook/path.dsv'
[0.894s] INFO:colcon.colcon_core.shell:Creating environment hook '/bumperbot/install/bumperbot_localization/share/bumperbot_localization/hook/path.sh'
[0.895s] Level 1:colcon.colcon_core.environment:checking '/bumperbot/install/bumperbot_localization/lib/pkgconfig/bumperbot_localization.pc'
[0.895s] Level 1:colcon.colcon_core.environment:checking '/bumperbot/install/bumperbot_localization/lib/python3.12/site-packages'
[0.895s] Level 1:colcon.colcon_core.shell:create_environment_hook('bumperbot_localization', 'pythonpath')
[0.895s] INFO:colcon.colcon_core.shell:Creating environment hook '/bumperbot/install/bumperbot_localization/share/bumperbot_localization/hook/pythonpath.ps1'
[0.896s] INFO:colcon.colcon_core.shell:Creating environment descriptor '/bumperbot/install/bumperbot_localization/share/bumperbot_localization/hook/pythonpath.dsv'
[0.896s] INFO:colcon.colcon_core.shell:Creating environment hook '/bumperbot/install/bumperbot_localization/share/bumperbot_localization/hook/pythonpath.sh'
[0.897s] Level 1:colcon.colcon_core.environment:checking '/bumperbot/install/bumperbot_localization/bin'
[0.897s] Level 1:colcon.colcon_core.shell:create_environment_hook('bumperbot_localization', 'pythonscriptspath')
[0.897s] INFO:colcon.colcon_core.shell:Creating environment hook '/bumperbot/install/bumperbot_localization/share/bumperbot_localization/hook/pythonscriptspath.ps1'
[0.898s] INFO:colcon.colcon_core.shell:Creating environment descriptor '/bumperbot/install/bumperbot_localization/share/bumperbot_localization/hook/pythonscriptspath.dsv'
[0.898s] INFO:colcon.colcon_core.shell:Creating environment hook '/bumperbot/install/bumperbot_localization/share/bumperbot_localization/hook/pythonscriptspath.sh'
[0.899s] INFO:colcon.colcon_core.shell:Creating package script '/bumperbot/install/bumperbot_localization/share/bumperbot_localization/package.ps1'
[0.899s] INFO:colcon.colcon_core.shell:Creating package descriptor '/bumperbot/install/bumperbot_localization/share/bumperbot_localization/package.dsv'
[0.900s] INFO:colcon.colcon_core.shell:Creating package script '/bumperbot/install/bumperbot_localization/share/bumperbot_localization/package.sh'
[0.900s] INFO:colcon.colcon_core.shell:Creating package script '/bumperbot/install/bumperbot_localization/share/bumperbot_localization/package.bash'
[0.901s] INFO:colcon.colcon_core.shell:Creating package script '/bumperbot/install/bumperbot_localization/share/bumperbot_localization/package.zsh'
[0.901s] Level 1:colcon.colcon_core.environment:create_file_with_runtime_dependencies(/bumperbot/install/bumperbot_localization/share/colcon-core/packages/bumperbot_localization)
[0.902s] Level 1:colcon.colcon_core.environment:create_environment_scripts_only(bumperbot_localization)
[0.902s] Level 1:colcon.colcon_core.environment:checking '/bumperbot/install/bumperbot_localization' for CMake module files
[0.903s] Level 1:colcon.colcon_core.environment:checking '/bumperbot/install/bumperbot_localization' for CMake config files
[0.903s] Level 1:colcon.colcon_core.shell:create_environment_hook('bumperbot_localization', 'cmake_prefix_path')
[0.903s] INFO:colcon.colcon_core.shell:Creating environment hook '/bumperbot/install/bumperbot_localization/share/bumperbot_localization/hook/cmake_prefix_path.ps1'
[0.904s] INFO:colcon.colcon_core.shell:Creating environment descriptor '/bumperbot/install/bumperbot_localization/share/bumperbot_localization/hook/cmake_prefix_path.dsv'
[0.904s] INFO:colcon.colcon_core.shell:Creating environment hook '/bumperbot/install/bumperbot_localization/share/bumperbot_localization/hook/cmake_prefix_path.sh'
[0.905s] Level 1:colcon.colcon_core.environment:checking '/bumperbot/install/bumperbot_localization/lib'
[0.905s] Level 1:colcon.colcon_core.environment:checking '/bumperbot/install/bumperbot_localization/bin'
[0.905s] Level 1:colcon.colcon_core.shell:create_environment_hook('bumperbot_localization', 'path')
[0.905s] INFO:colcon.colcon_core.shell:Creating environment hook '/bumperbot/install/bumperbot_localization/share/bumperbot_localization/hook/path.ps1'
[0.905s] INFO:colcon.colcon_core.shell:Creating environment descriptor '/bumperbot/install/bumperbot_localization/share/bumperbot_localization/hook/path.dsv'
[0.906s] INFO:colcon.colcon_core.shell:Creating environment hook '/bumperbot/install/bumperbot_localization/share/bumperbot_localization/hook/path.sh'
[0.907s] Level 1:colcon.colcon_core.environment:checking '/bumperbot/install/bumperbot_localization/lib/pkgconfig/bumperbot_localization.pc'
[0.907s] Level 1:colcon.colcon_core.environment:checking '/bumperbot/install/bumperbot_localization/lib/python3.12/site-packages'
[0.907s] Level 1:colcon.colcon_core.shell:create_environment_hook('bumperbot_localization', 'pythonpath')
[0.908s] INFO:colcon.colcon_core.shell:Creating environment hook '/bumperbot/install/bumperbot_localization/share/bumperbot_localization/hook/pythonpath.ps1'
[0.908s] INFO:colcon.colcon_core.shell:Creating environment descriptor '/bumperbot/install/bumperbot_localization/share/bumperbot_localization/hook/pythonpath.dsv'
[0.908s] INFO:colcon.colcon_core.shell:Creating environment hook '/bumperbot/install/bumperbot_localization/share/bumperbot_localization/hook/pythonpath.sh'
[0.909s] Level 1:colcon.colcon_core.environment:checking '/bumperbot/install/bumperbot_localization/bin'
[0.909s] Level 1:colcon.colcon_core.shell:create_environment_hook('bumperbot_localization', 'pythonscriptspath')
[0.909s] INFO:colcon.colcon_core.shell:Creating environment hook '/bumperbot/install/bumperbot_localization/share/bumperbot_localization/hook/pythonscriptspath.ps1'
[0.910s] INFO:colcon.colcon_core.shell:Creating environment descriptor '/bumperbot/install/bumperbot_localization/share/bumperbot_localization/hook/pythonscriptspath.dsv'
[0.910s] INFO:colcon.colcon_core.shell:Creating environment hook '/bumperbot/install/bumperbot_localization/share/bumperbot_localization/hook/pythonscriptspath.sh'
[0.911s] INFO:colcon.colcon_core.shell:Creating package script '/bumperbot/install/bumperbot_localization/share/bumperbot_localization/package.ps1'
[0.912s] INFO:colcon.colcon_core.shell:Creating package descriptor '/bumperbot/install/bumperbot_localization/share/bumperbot_localization/package.dsv'
[0.912s] INFO:colcon.colcon_core.shell:Creating package script '/bumperbot/install/bumperbot_localization/share/bumperbot_localization/package.sh'
[0.913s] INFO:colcon.colcon_core.shell:Creating package script '/bumperbot/install/bumperbot_localization/share/bumperbot_localization/package.bash'
[0.913s] INFO:colcon.colcon_core.shell:Creating package script '/bumperbot/install/bumperbot_localization/share/bumperbot_localization/package.zsh'
[0.914s] Level 1:colcon.colcon_core.environment:create_file_with_runtime_dependencies(/bumperbot/install/bumperbot_localization/share/colcon-core/packages/bumperbot_localization)
[0.934s] Level 1:colcon.colcon_core.environment:create_environment_scripts_only(bumperbot_controller)
[0.935s] Level 1:colcon.colcon_core.environment:checking '/bumperbot/install/bumperbot_controller' for CMake module files
[0.937s] DEBUG:colcon.colcon_core.event_handler.log_command:Invoked command in '/bumperbot/build/bumperbot_controller' returned '0': CMAKE_PREFIX_PATH=${CMAKE_PREFIX_PATH}:/opt/ros/jazzy /usr/bin/cmake --install /bumperbot/build/bumperbot_controller
[0.937s] Level 1:colcon.colcon_core.environment:checking '/bumperbot/install/bumperbot_controller' for CMake config files
[0.938s] Level 1:colcon.colcon_core.shell:create_environment_hook('bumperbot_controller', 'cmake_prefix_path')
[0.938s] INFO:colcon.colcon_core.shell:Creating environment hook '/bumperbot/install/bumperbot_controller/share/bumperbot_controller/hook/cmake_prefix_path.ps1'
[0.939s] INFO:colcon.colcon_core.shell:Creating environment descriptor '/bumperbot/install/bumperbot_controller/share/bumperbot_controller/hook/cmake_prefix_path.dsv'
[0.939s] INFO:colcon.colcon_core.shell:Creating environment hook '/bumperbot/install/bumperbot_controller/share/bumperbot_controller/hook/cmake_prefix_path.sh'
[0.940s] Level 1:colcon.colcon_core.environment:checking '/bumperbot/install/bumperbot_controller/lib'
[0.941s] Level 1:colcon.colcon_core.environment:checking '/bumperbot/install/bumperbot_controller/bin'
[0.941s] Level 1:colcon.colcon_core.environment:checking '/bumperbot/install/bumperbot_controller/lib/pkgconfig/bumperbot_controller.pc'
[0.942s] Level 1:colcon.colcon_core.environment:checking '/bumperbot/install/bumperbot_controller/lib/python3.12/site-packages'
[0.942s] Level 1:colcon.colcon_core.shell:create_environment_hook('bumperbot_controller', 'pythonpath')
[0.943s] INFO:colcon.colcon_core.shell:Creating environment hook '/bumperbot/install/bumperbot_controller/share/bumperbot_controller/hook/pythonpath.ps1'
[0.944s] INFO:colcon.colcon_core.shell:Creating environment descriptor '/bumperbot/install/bumperbot_controller/share/bumperbot_controller/hook/pythonpath.dsv'
[0.945s] INFO:colcon.colcon_core.shell:Creating environment hook '/bumperbot/install/bumperbot_controller/share/bumperbot_controller/hook/pythonpath.sh'
[0.946s] Level 1:colcon.colcon_core.environment:checking '/bumperbot/install/bumperbot_controller/bin'
[0.947s] INFO:colcon.colcon_core.shell:Creating package script '/bumperbot/install/bumperbot_controller/share/bumperbot_controller/package.ps1'
[0.948s] INFO:colcon.colcon_core.shell:Creating package descriptor '/bumperbot/install/bumperbot_controller/share/bumperbot_controller/package.dsv'
[0.948s] INFO:colcon.colcon_core.shell:Creating package script '/bumperbot/install/bumperbot_controller/share/bumperbot_controller/package.sh'
[0.949s] INFO:colcon.colcon_core.shell:Creating package script '/bumperbot/install/bumperbot_controller/share/bumperbot_controller/package.bash'
[0.950s] INFO:colcon.colcon_core.shell:Creating package script '/bumperbot/install/bumperbot_controller/share/bumperbot_controller/package.zsh'
[0.950s] Level 1:colcon.colcon_core.environment:create_file_with_runtime_dependencies(/bumperbot/install/bumperbot_controller/share/colcon-core/packages/bumperbot_controller)
[0.951s] Level 1:colcon.colcon_core.environment:create_environment_scripts_only(bumperbot_controller)
[0.951s] Level 1:colcon.colcon_core.environment:checking '/bumperbot/install/bumperbot_controller' for CMake module files
[0.952s] Level 1:colcon.colcon_core.environment:checking '/bumperbot/install/bumperbot_controller' for CMake config files
[0.953s] Level 1:colcon.colcon_core.shell:create_environment_hook('bumperbot_controller', 'cmake_prefix_path')
[0.953s] INFO:colcon.colcon_core.shell:Creating environment hook '/bumperbot/install/bumperbot_controller/share/bumperbot_controller/hook/cmake_prefix_path.ps1'
[0.953s] INFO:colcon.colcon_core.shell:Creating environment descriptor '/bumperbot/install/bumperbot_controller/share/bumperbot_controller/hook/cmake_prefix_path.dsv'
[0.954s] INFO:colcon.colcon_core.shell:Creating environment hook '/bumperbot/install/bumperbot_controller/share/bumperbot_controller/hook/cmake_prefix_path.sh'
[0.954s] Level 1:colcon.colcon_core.environment:checking '/bumperbot/install/bumperbot_controller/lib'
[0.954s] Level 1:colcon.colcon_core.environment:checking '/bumperbot/install/bumperbot_controller/bin'
[0.955s] Level 1:colcon.colcon_core.environment:checking '/bumperbot/install/bumperbot_controller/lib/pkgconfig/bumperbot_controller.pc'
[0.955s] Level 1:colcon.colcon_core.environment:checking '/bumperbot/install/bumperbot_controller/lib/python3.12/site-packages'
[0.955s] Level 1:colcon.colcon_core.shell:create_environment_hook('bumperbot_controller', 'pythonpath')
[0.955s] INFO:colcon.colcon_core.shell:Creating environment hook '/bumperbot/install/bumperbot_controller/share/bumperbot_controller/hook/pythonpath.ps1'
[0.956s] INFO:colcon.colcon_core.shell:Creating environment descriptor '/bumperbot/install/bumperbot_controller/share/bumperbot_controller/hook/pythonpath.dsv'
[0.956s] INFO:colcon.colcon_core.shell:Creating environment hook '/bumperbot/install/bumperbot_controller/share/bumperbot_controller/hook/pythonpath.sh'
[0.956s] Level 1:colcon.colcon_core.environment:checking '/bumperbot/install/bumperbot_controller/bin'
[0.957s] INFO:colcon.colcon_core.shell:Creating package script '/bumperbot/install/bumperbot_controller/share/bumperbot_controller/package.ps1'
[0.957s] INFO:colcon.colcon_core.shell:Creating package descriptor '/bumperbot/install/bumperbot_controller/share/bumperbot_controller/package.dsv'
[0.958s] INFO:colcon.colcon_core.shell:Creating package script '/bumperbot/install/bumperbot_controller/share/bumperbot_controller/package.sh'
[0.958s] INFO:colcon.colcon_core.shell:Creating package script '/bumperbot/install/bumperbot_controller/share/bumperbot_controller/package.bash'
[0.959s] INFO:colcon.colcon_core.shell:Creating package script '/bumperbot/install/bumperbot_controller/share/bumperbot_controller/package.zsh'
[0.959s] Level 1:colcon.colcon_core.environment:create_file_with_runtime_dependencies(/bumperbot/install/bumperbot_controller/share/colcon-core/packages/bumperbot_controller)
[0.960s] Level 1:colcon.colcon_core.environment:create_environment_scripts_only(bumperbot_mapping)
[0.960s] Level 1:colcon.colcon_core.environment:checking '/bumperbot/install/bumperbot_mapping' for CMake module files
[0.961s] DEBUG:colcon.colcon_core.event_handler.log_command:Invoked command in '/bumperbot/build/bumperbot_mapping' returned '0': CMAKE_PREFIX_PATH=${CMAKE_PREFIX_PATH}:/opt/ros/jazzy /usr/bin/cmake --install /bumperbot/build/bumperbot_mapping
[0.962s] Level 1:colcon.colcon_core.environment:checking '/bumperbot/install/bumperbot_mapping' for CMake config files
[0.962s] Level 1:colcon.colcon_core.shell:create_environment_hook('bumperbot_mapping', 'cmake_prefix_path')
[0.962s] INFO:colcon.colcon_core.shell:Creating environment hook '/bumperbot/install/bumperbot_mapping/share/bumperbot_mapping/hook/cmake_prefix_path.ps1'
[0.963s] INFO:colcon.colcon_core.shell:Creating environment descriptor '/bumperbot/install/bumperbot_mapping/share/bumperbot_mapping/hook/cmake_prefix_path.dsv'
[0.963s] INFO:colcon.colcon_core.shell:Creating environment hook '/bumperbot/install/bumperbot_mapping/share/bumperbot_mapping/hook/cmake_prefix_path.sh'
[0.964s] Level 1:colcon.colcon_core.environment:checking '/bumperbot/install/bumperbot_mapping/lib'
[0.964s] Level 1:colcon.colcon_core.environment:checking '/bumperbot/install/bumperbot_mapping/bin'
[0.964s] Level 1:colcon.colcon_core.environment:checking '/bumperbot/install/bumperbot_mapping/lib/pkgconfig/bumperbot_mapping.pc'
[0.964s] Level 1:colcon.colcon_core.environment:checking '/bumperbot/install/bumperbot_mapping/lib/python3.12/site-packages'
[0.965s] Level 1:colcon.colcon_core.shell:create_environment_hook('bumperbot_mapping', 'pythonpath')
[0.965s] INFO:colcon.colcon_core.shell:Creating environment hook '/bumperbot/install/bumperbot_mapping/share/bumperbot_mapping/hook/pythonpath.ps1'
[0.965s] INFO:colcon.colcon_core.shell:Creating environment descriptor '/bumperbot/install/bumperbot_mapping/share/bumperbot_mapping/hook/pythonpath.dsv'
[0.965s] INFO:colcon.colcon_core.shell:Creating environment hook '/bumperbot/install/bumperbot_mapping/share/bumperbot_mapping/hook/pythonpath.sh'
[0.966s] Level 1:colcon.colcon_core.environment:checking '/bumperbot/install/bumperbot_mapping/bin'
[0.966s] INFO:colcon.colcon_core.shell:Creating package script '/bumperbot/install/bumperbot_mapping/share/bumperbot_mapping/package.ps1'
[0.967s] INFO:colcon.colcon_core.shell:Creating package descriptor '/bumperbot/install/bumperbot_mapping/share/bumperbot_mapping/package.dsv'
[0.967s] INFO:colcon.colcon_core.shell:Creating package script '/bumperbot/install/bumperbot_mapping/share/bumperbot_mapping/package.sh'
[0.967s] INFO:colcon.colcon_core.shell:Creating package script '/bumperbot/install/bumperbot_mapping/share/bumperbot_mapping/package.bash'
[0.968s] INFO:colcon.colcon_core.shell:Creating package script '/bumperbot/install/bumperbot_mapping/share/bumperbot_mapping/package.zsh'
[0.968s] Level 1:colcon.colcon_core.environment:create_file_with_runtime_dependencies(/bumperbot/install/bumperbot_mapping/share/colcon-core/packages/bumperbot_mapping)
[0.968s] Level 1:colcon.colcon_core.environment:create_environment_scripts_only(bumperbot_mapping)
[0.969s] Level 1:colcon.colcon_core.environment:checking '/bumperbot/install/bumperbot_mapping' for CMake module files
[0.970s] Level 1:colcon.colcon_core.environment:checking '/bumperbot/install/bumperbot_mapping' for CMake config files
[0.970s] Level 1:colcon.colcon_core.shell:create_environment_hook('bumperbot_mapping', 'cmake_prefix_path')
[0.970s] INFO:colcon.colcon_core.shell:Creating environment hook '/bumperbot/install/bumperbot_mapping/share/bumperbot_mapping/hook/cmake_prefix_path.ps1'
[0.970s] INFO:colcon.colcon_core.shell:Creating environment descriptor '/bumperbot/install/bumperbot_mapping/share/bumperbot_mapping/hook/cmake_prefix_path.dsv'
[0.971s] INFO:colcon.colcon_core.shell:Creating environment hook '/bumperbot/install/bumperbot_mapping/share/bumperbot_mapping/hook/cmake_prefix_path.sh'
[0.971s] Level 1:colcon.colcon_core.environment:checking '/bumperbot/install/bumperbot_mapping/lib'
[0.971s] Level 1:colcon.colcon_core.environment:checking '/bumperbot/install/bumperbot_mapping/bin'
[0.972s] Level 1:colcon.colcon_core.environment:checking '/bumperbot/install/bumperbot_mapping/lib/pkgconfig/bumperbot_mapping.pc'
[0.972s] Level 1:colcon.colcon_core.environment:checking '/bumperbot/install/bumperbot_mapping/lib/python3.12/site-packages'
[0.972s] Level 1:colcon.colcon_core.shell:create_environment_hook('bumperbot_mapping', 'pythonpath')
[0.972s] INFO:colcon.colcon_core.shell:Creating environment hook '/bumperbot/install/bumperbot_mapping/share/bumperbot_mapping/hook/pythonpath.ps1'
[0.973s] INFO:colcon.colcon_core.shell:Creating environment descriptor '/bumperbot/install/bumperbot_mapping/share/bumperbot_mapping/hook/pythonpath.dsv'
[0.973s] INFO:colcon.colcon_core.shell:Creating environment hook '/bumperbot/install/bumperbot_mapping/share/bumperbot_mapping/hook/pythonpath.sh'
[0.974s] Level 1:colcon.colcon_core.environment:checking '/bumperbot/install/bumperbot_mapping/bin'
[0.974s] INFO:colcon.colcon_core.shell:Creating package script '/bumperbot/install/bumperbot_mapping/share/bumperbot_mapping/package.ps1'
[0.974s] INFO:colcon.colcon_core.shell:Creating package descriptor '/bumperbot/install/bumperbot_mapping/share/bumperbot_mapping/package.dsv'
[0.975s] INFO:colcon.colcon_core.shell:Creating package script '/bumperbot/install/bumperbot_mapping/share/bumperbot_mapping/package.sh'
[0.975s] INFO:colcon.colcon_core.shell:Creating package script '/bumperbot/install/bumperbot_mapping/share/bumperbot_mapping/package.bash'
[0.976s] INFO:colcon.colcon_core.shell:Creating package script '/bumperbot/install/bumperbot_mapping/share/bumperbot_mapping/package.zsh'
[0.976s] Level 1:colcon.colcon_core.environment:create_file_with_runtime_dependencies(/bumperbot/install/bumperbot_mapping/share/colcon-core/packages/bumperbot_mapping)
[0.977s] INFO:colcon.colcon_ros.task.ament_cmake.build:Building ROS package in '/bumperbot/src/bumperbot_bringup' with build type 'ament_cmake'
[0.977s] INFO:colcon.colcon_cmake.task.cmake.build:Building CMake package in '/bumperbot/src/bumperbot_bringup'
[0.977s] INFO:colcon.colcon_core.shell:Skip shell extension 'powershell' for command environment: Not usable outside of PowerShell
[0.977s] DEBUG:colcon.colcon_core.shell:Skip shell extension 'dsv' for command environment
[0.992s] DEBUG:colcon.colcon_core.event_handler.log_command:Invoking command in '/bumperbot/build/bumperbot_bringup': CMAKE_PREFIX_PATH=/bumperbot/install/bumperbot_mapping:/bumperbot/install/bumperbot_localization:/bumperbot/install/bumperbot_description:/bumperbot/install/bumperbot_controller:/opt/ros/jazzy/opt/gz_sim_vendor:/opt/ros/jazzy/opt/gz_sensors_vendor:/opt/ros/jazzy/opt/gz_physics_vendor:/opt/ros/jazzy/opt/sdformat_vendor:/opt/ros/jazzy/opt/gz_gui_vendor:/opt/ros/jazzy/opt/gz_transport_vendor:/opt/ros/jazzy/opt/gz_rendering_vendor:/opt/ros/jazzy/opt/gz_plugin_vendor:/opt/ros/jazzy/opt/gz_fuel_tools_vendor:/opt/ros/jazzy/opt/gz_msgs_vendor:/opt/ros/jazzy/opt/gz_common_vendor:/opt/ros/jazzy/opt/gz_math_vendor:/opt/ros/jazzy/opt/gz_utils_vendor:/opt/ros/jazzy/opt/gz_tools_vendor:/opt/ros/jazzy/opt/gz_ogre_next_vendor:/opt/ros/jazzy/opt/gz_dartsim_vendor:/opt/ros/jazzy/opt/gz_cmake_vendor:/bumperbot/install/bumperbot_planning:/bumperbot/install/bumperbot_cpp_examples:/bumperbot/install/bumperbot_bringup:/opt/ros/jazzy PATH=/bumperbot/install/bumperbot_localization/bin:/opt/ros/jazzy/opt/gz_msgs_vendor/bin:/opt/ros/jazzy/opt/gz_tools_vendor/bin:/opt/ros/jazzy/opt/gz_ogre_next_vendor/bin:/opt/ros/jazzy/bin:/usr/local/sbin:/usr/local/bin:/usr/sbin:/usr/bin:/sbin:/bin PYTHONPATH=/bumperbot/install/bumperbot_mapping/lib/python3.12/site-packages:/bumperbot/install/bumperbot_localization/lib/python3.12/site-packages:/bumperbot/install/bumperbot_controller/lib/python3.12/site-packages:/opt/ros/jazzy/lib/python3.12/site-packages /usr/bin/cmake --build /bumperbot/build/bumperbot_bringup -- -j8 -l8
[1.041s] DEBUG:colcon.colcon_core.event_handler.log_command:Invoked command in '/bumperbot/build/bumperbot_bringup' returned '0': CMAKE_PREFIX_PATH=/bumperbot/install/bumperbot_mapping:/bumperbot/install/bumperbot_localization:/bumperbot/install/bumperbot_description:/bumperbot/install/bumperbot_controller:/opt/ros/jazzy/opt/gz_sim_vendor:/opt/ros/jazzy/opt/gz_sensors_vendor:/opt/ros/jazzy/opt/gz_physics_vendor:/opt/ros/jazzy/opt/sdformat_vendor:/opt/ros/jazzy/opt/gz_gui_vendor:/opt/ros/jazzy/opt/gz_transport_vendor:/opt/ros/jazzy/opt/gz_rendering_vendor:/opt/ros/jazzy/opt/gz_plugin_vendor:/opt/ros/jazzy/opt/gz_fuel_tools_vendor:/opt/ros/jazzy/opt/gz_msgs_vendor:/opt/ros/jazzy/opt/gz_common_vendor:/opt/ros/jazzy/opt/gz_math_vendor:/opt/ros/jazzy/opt/gz_utils_vendor:/opt/ros/jazzy/opt/gz_tools_vendor:/opt/ros/jazzy/opt/gz_ogre_next_vendor:/opt/ros/jazzy/opt/gz_dartsim_vendor:/opt/ros/jazzy/opt/gz_cmake_vendor:/bumperbot/install/bumperbot_planning:/bumperbot/install/bumperbot_cpp_examples:/bumperbot/install/bumperbot_bringup:/opt/ros/jazzy PATH=/bumperbot/install/bumperbot_localization/bin:/opt/ros/jazzy/opt/gz_msgs_vendor/bin:/opt/ros/jazzy/opt/gz_tools_vendor/bin:/opt/ros/jazzy/opt/gz_ogre_next_vendor/bin:/opt/ros/jazzy/bin:/usr/local/sbin:/usr/local/bin:/usr/sbin:/usr/bin:/sbin:/bin PYTHONPATH=/bumperbot/install/bumperbot_mapping/lib/python3.12/site-packages:/bumperbot/install/bumperbot_localization/lib/python3.12/site-packages:/bumperbot/install/bumperbot_controller/lib/python3.12/site-packages:/opt/ros/jazzy/lib/python3.12/site-packages /usr/bin/cmake --build /bumperbot/build/bumperbot_bringup -- -j8 -l8
[1.043s] DEBUG:colcon.colcon_core.event_handler.log_command:Invoking command in '/bumperbot/build/bumperbot_bringup': CMAKE_PREFIX_PATH=/bumperbot/install/bumperbot_mapping:/bumperbot/install/bumperbot_localization:/bumperbot/install/bumperbot_description:/bumperbot/install/bumperbot_controller:/opt/ros/jazzy/opt/gz_sim_vendor:/opt/ros/jazzy/opt/gz_sensors_vendor:/opt/ros/jazzy/opt/gz_physics_vendor:/opt/ros/jazzy/opt/sdformat_vendor:/opt/ros/jazzy/opt/gz_gui_vendor:/opt/ros/jazzy/opt/gz_transport_vendor:/opt/ros/jazzy/opt/gz_rendering_vendor:/opt/ros/jazzy/opt/gz_plugin_vendor:/opt/ros/jazzy/opt/gz_fuel_tools_vendor:/opt/ros/jazzy/opt/gz_msgs_vendor:/opt/ros/jazzy/opt/gz_common_vendor:/opt/ros/jazzy/opt/gz_math_vendor:/opt/ros/jazzy/opt/gz_utils_vendor:/opt/ros/jazzy/opt/gz_tools_vendor:/opt/ros/jazzy/opt/gz_ogre_next_vendor:/opt/ros/jazzy/opt/gz_dartsim_vendor:/opt/ros/jazzy/opt/gz_cmake_vendor:/bumperbot/install/bumperbot_planning:/bumperbot/install/bumperbot_cpp_examples:/bumperbot/install/bumperbot_bringup:/opt/ros/jazzy PATH=/bumperbot/install/bumperbot_localization/bin:/opt/ros/jazzy/opt/gz_msgs_vendor/bin:/opt/ros/jazzy/opt/gz_tools_vendor/bin:/opt/ros/jazzy/opt/gz_ogre_next_vendor/bin:/opt/ros/jazzy/bin:/usr/local/sbin:/usr/local/bin:/usr/sbin:/usr/bin:/sbin:/bin PYTHONPATH=/bumperbot/install/bumperbot_mapping/lib/python3.12/site-packages:/bumperbot/install/bumperbot_localization/lib/python3.12/site-packages:/bumperbot/install/bumperbot_controller/lib/python3.12/site-packages:/opt/ros/jazzy/lib/python3.12/site-packages /usr/bin/cmake --install /bumperbot/build/bumperbot_bringup
[1.057s] Level 1:colcon.colcon_core.environment:create_environment_scripts_only(bumperbot_bringup)
[1.057s] Level 1:colcon.colcon_core.environment:checking '/bumperbot/install/bumperbot_bringup' for CMake module files
[1.057s] DEBUG:colcon.colcon_core.event_handler.log_command:Invoked command in '/bumperbot/build/bumperbot_bringup' returned '0': CMAKE_PREFIX_PATH=/bumperbot/install/bumperbot_mapping:/bumperbot/install/bumperbot_localization:/bumperbot/install/bumperbot_description:/bumperbot/install/bumperbot_controller:/opt/ros/jazzy/opt/gz_sim_vendor:/opt/ros/jazzy/opt/gz_sensors_vendor:/opt/ros/jazzy/opt/gz_physics_vendor:/opt/ros/jazzy/opt/sdformat_vendor:/opt/ros/jazzy/opt/gz_gui_vendor:/opt/ros/jazzy/opt/gz_transport_vendor:/opt/ros/jazzy/opt/gz_rendering_vendor:/opt/ros/jazzy/opt/gz_plugin_vendor:/opt/ros/jazzy/opt/gz_fuel_tools_vendor:/opt/ros/jazzy/opt/gz_msgs_vendor:/opt/ros/jazzy/opt/gz_common_vendor:/opt/ros/jazzy/opt/gz_math_vendor:/opt/ros/jazzy/opt/gz_utils_vendor:/opt/ros/jazzy/opt/gz_tools_vendor:/opt/ros/jazzy/opt/gz_ogre_next_vendor:/opt/ros/jazzy/opt/gz_dartsim_vendor:/opt/ros/jazzy/opt/gz_cmake_vendor:/bumperbot/install/bumperbot_planning:/bumperbot/install/bumperbot_cpp_examples:/bumperbot/install/bumperbot_bringup:/opt/ros/jazzy PATH=/bumperbot/install/bumperbot_localization/bin:/opt/ros/jazzy/opt/gz_msgs_vendor/bin:/opt/ros/jazzy/opt/gz_tools_vendor/bin:/opt/ros/jazzy/opt/gz_ogre_next_vendor/bin:/opt/ros/jazzy/bin:/usr/local/sbin:/usr/local/bin:/usr/sbin:/usr/bin:/sbin:/bin PYTHONPATH=/bumperbot/install/bumperbot_mapping/lib/python3.12/site-packages:/bumperbot/install/bumperbot_localization/lib/python3.12/site-packages:/bumperbot/install/bumperbot_controller/lib/python3.12/site-packages:/opt/ros/jazzy/lib/python3.12/site-packages /usr/bin/cmake --install /bumperbot/build/bumperbot_bringup
[1.058s] Level 1:colcon.colcon_core.environment:checking '/bumperbot/install/bumperbot_bringup' for CMake config files
[1.058s] Level 1:colcon.colcon_core.shell:create_environment_hook('bumperbot_bringup', 'cmake_prefix_path')
[1.058s] INFO:colcon.colcon_core.shell:Creating environment hook '/bumperbot/install/bumperbot_bringup/share/bumperbot_bringup/hook/cmake_prefix_path.ps1'
[1.059s] INFO:colcon.colcon_core.shell:Creating environment descriptor '/bumperbot/install/bumperbot_bringup/share/bumperbot_bringup/hook/cmake_prefix_path.dsv'
[1.059s] INFO:colcon.colcon_core.shell:Creating environment hook '/bumperbot/install/bumperbot_bringup/share/bumperbot_bringup/hook/cmake_prefix_path.sh'
[1.060s] Level 1:colcon.colcon_core.environment:checking '/bumperbot/install/bumperbot_bringup/bin'
[1.060s] Level 1:colcon.colcon_core.environment:checking '/bumperbot/install/bumperbot_bringup/lib/pkgconfig/bumperbot_bringup.pc'
[1.060s] Level 1:colcon.colcon_core.environment:checking '/bumperbot/install/bumperbot_bringup/lib/python3.12/site-packages'
[1.060s] Level 1:colcon.colcon_core.environment:checking '/bumperbot/install/bumperbot_bringup/bin'
[1.060s] INFO:colcon.colcon_core.shell:Creating package script '/bumperbot/install/bumperbot_bringup/share/bumperbot_bringup/package.ps1'
[1.061s] INFO:colcon.colcon_core.shell:Creating package descriptor '/bumperbot/install/bumperbot_bringup/share/bumperbot_bringup/package.dsv'
[1.061s] INFO:colcon.colcon_core.shell:Creating package script '/bumperbot/install/bumperbot_bringup/share/bumperbot_bringup/package.sh'
[1.062s] INFO:colcon.colcon_core.shell:Creating package script '/bumperbot/install/bumperbot_bringup/share/bumperbot_bringup/package.bash'
[1.062s] INFO:colcon.colcon_core.shell:Creating package script '/bumperbot/install/bumperbot_bringup/share/bumperbot_bringup/package.zsh'
[1.062s] Level 1:colcon.colcon_core.environment:create_file_with_runtime_dependencies(/bumperbot/install/bumperbot_bringup/share/colcon-core/packages/bumperbot_bringup)
[1.063s] Level 1:colcon.colcon_core.environment:create_environment_scripts_only(bumperbot_bringup)
[1.063s] Level 1:colcon.colcon_core.environment:checking '/bumperbot/install/bumperbot_bringup' for CMake module files
[1.063s] Level 1:colcon.colcon_core.environment:checking '/bumperbot/install/bumperbot_bringup' for CMake config files
[1.064s] Level 1:colcon.colcon_core.shell:create_environment_hook('bumperbot_bringup', 'cmake_prefix_path')
[1.064s] INFO:colcon.colcon_core.shell:Creating environment hook '/bumperbot/install/bumperbot_bringup/share/bumperbot_bringup/hook/cmake_prefix_path.ps1'
[1.064s] INFO:colcon.colcon_core.shell:Creating environment descriptor '/bumperbot/install/bumperbot_bringup/share/bumperbot_bringup/hook/cmake_prefix_path.dsv'
[1.065s] INFO:colcon.colcon_core.shell:Creating environment hook '/bumperbot/install/bumperbot_bringup/share/bumperbot_bringup/hook/cmake_prefix_path.sh'
[1.066s] Level 1:colcon.colcon_core.environment:checking '/bumperbot/install/bumperbot_bringup/bin'
[1.066s] Level 1:colcon.colcon_core.environment:checking '/bumperbot/install/bumperbot_bringup/lib/pkgconfig/bumperbot_bringup.pc'
[1.066s] Level 1:colcon.colcon_core.environment:checking '/bumperbot/install/bumperbot_bringup/lib/python3.12/site-packages'
[1.066s] Level 1:colcon.colcon_core.environment:checking '/bumperbot/install/bumperbot_bringup/bin'
[1.066s] INFO:colcon.colcon_core.shell:Creating package script '/bumperbot/install/bumperbot_bringup/share/bumperbot_bringup/package.ps1'
[1.067s] INFO:colcon.colcon_core.shell:Creating package descriptor '/bumperbot/install/bumperbot_bringup/share/bumperbot_bringup/package.dsv'
[1.067s] INFO:colcon.colcon_core.shell:Creating package script '/bumperbot/install/bumperbot_bringup/share/bumperbot_bringup/package.sh'
[1.068s] INFO:colcon.colcon_core.shell:Creating package script '/bumperbot/install/bumperbot_bringup/share/bumperbot_bringup/package.bash'
[1.068s] INFO:colcon.colcon_core.shell:Creating package script '/bumperbot/install/bumperbot_bringup/share/bumperbot_bringup/package.zsh'
[1.068s] Level 1:colcon.colcon_core.environment:create_file_with_runtime_dependencies(/bumperbot/install/bumperbot_bringup/share/colcon-core/packages/bumperbot_bringup)
[1.069s] DEBUG:colcon.colcon_parallel_executor.executor.parallel:closing loop
[1.069s] DEBUG:colcon.colcon_parallel_executor.executor.parallel:loop closed
[1.069s] DEBUG:colcon.colcon_parallel_executor.executor.parallel:run_until_complete finished with '0'
[1.069s] DEBUG:colcon.colcon_core.event_reactor:joining thread
[1.076s] INFO:colcon.colcon_core.plugin_system:Skipping extension 'colcon_notification.desktop_notification.terminal_notifier': Not used on non-Darwin systems
[1.076s] INFO:colcon.colcon_core.plugin_system:Skipping extension 'colcon_notification.desktop_notification.win32': Not used on non-Windows systems
[1.076s] INFO:colcon.colcon_notification.desktop_notification:Sending desktop notification using 'notify2'
[1.078s] DEBUG:colcon.colcon_notification.desktop_notification.notify2:Failed to initialize notify2: org.freedesktop.DBus.Error.Spawn.ExecFailed: /usr/bin/dbus-launch terminated abnormally without any error message
[1.078s] DEBUG:colcon.colcon_core.event_reactor:joined thread
[1.078s] INFO:colcon.colcon_core.shell:Creating prefix script '/bumperbot/install/local_setup.ps1'
[1.079s] INFO:colcon.colcon_core.shell:Creating prefix util module '/bumperbot/install/_local_setup_util_ps1.py'
[1.081s] INFO:colcon.colcon_core.shell:Creating prefix chain script '/bumperbot/install/setup.ps1'
[1.082s] INFO:colcon.colcon_core.shell:Creating prefix script '/bumperbot/install/local_setup.sh'
[1.083s] INFO:colcon.colcon_core.shell:Creating prefix util module '/bumperbot/install/_local_setup_util_sh.py'
[1.083s] INFO:colcon.colcon_core.shell:Creating prefix chain script '/bumperbot/install/setup.sh'
[1.084s] INFO:colcon.colcon_core.shell:Creating prefix script '/bumperbot/install/local_setup.bash'
[1.085s] INFO:colcon.colcon_core.shell:Creating prefix chain script '/bumperbot/install/setup.bash'
[1.086s] INFO:colcon.colcon_core.shell:Creating prefix script '/bumperbot/install/local_setup.zsh'
[1.087s] INFO:colcon.colcon_core.shell:Creating prefix chain script '/bumperbot/install/setup.zsh'
