-- Install configuration: ""
-- Up-to-date: /bumperbot_ws/install/bumperbot_navigation/share/bumperbot_navigation/config
-- Installing: /bumperbot_ws/install/bumperbot_navigation/share/bumperbot_navigation/config/bt_navigator.yaml
-- Up-to-date: /bumperbot_ws/install/bumperbot_navigation/share/bumperbot_navigation/config/planner_server.yaml
-- Up-to-date: /bumperbot_ws/install/bumperbot_navigation/share/bumperbot_navigation/config/costmap.yaml
-- Up-to-date: /bumperbot_ws/install/bumperbot_navigation/share/bumperbot_navigation/config/controller_server.yaml
-- Up-to-date: /bumperbot_ws/install/bumperbot_navigation/share/bumperbot_navigation/config/smoother_server.yaml
-- Up-to-date: /bumperbot_ws/install/bumperbot_navigation/share/bumperbot_navigation/launch
-- Up-to-date: /bumperbot_ws/install/bumperbot_navigation/share/bumperbot_navigation/launch/navigation.launch.py
-- Up-to-date: /bumperbot_ws/install/bumperbot_navigation/share/bumperbot_navigation/behavior_tree
-- Up-to-date: /bumperbot_ws/install/bumperbot_navigation/share/bumperbot_navigation/behavior_tree/simple_navigation.xml
-- Up-to-date: /bumperbot_ws/install/bumperbot_navigation/share/ament_index/resource_index/package_run_dependencies/bumperbot_navigation
-- Up-to-date: /bumperbot_ws/install/bumperbot_navigation/share/ament_index/resource_index/parent_prefix_path/bumperbot_navigation
-- Up-to-date: /bumperbot_ws/install/bumperbot_navigation/share/bumperbot_navigation/environment/ament_prefix_path.sh
-- Up-to-date: /bumperbot_ws/install/bumperbot_navigation/share/bumperbot_navigation/environment/ament_prefix_path.dsv
-- Up-to-date: /bumperbot_ws/install/bumperbot_navigation/share/bumperbot_navigation/environment/path.sh
-- Up-to-date: /bumperbot_ws/install/bumperbot_navigation/share/bumperbot_navigation/environment/path.dsv
-- Up-to-date: /bumperbot_ws/install/bumperbot_navigation/share/bumperbot_navigation/local_setup.bash
-- Up-to-date: /bumperbot_ws/install/bumperbot_navigation/share/bumperbot_navigation/local_setup.sh
-- Up-to-date: /bumperbot_ws/install/bumperbot_navigation/share/bumperbot_navigation/local_setup.zsh
-- Up-to-date: /bumperbot_ws/install/bumperbot_navigation/share/bumperbot_navigation/local_setup.dsv
-- Installing: /bumperbot_ws/install/bumperbot_navigation/share/bumperbot_navigation/package.dsv
-- Up-to-date: /bumperbot_ws/install/bumperbot_navigation/share/ament_index/resource_index/packages/bumperbot_navigation
-- Up-to-date: /bumperbot_ws/install/bumperbot_navigation/share/bumperbot_navigation/cmake/bumperbot_navigationConfig.cmake
-- Up-to-date: /bumperbot_ws/install/bumperbot_navigation/share/bumperbot_navigation/cmake/bumperbot_navigationConfig-version.cmake
-- Up-to-date: /bumperbot_ws/install/bumperbot_navigation/share/bumperbot_navigation/package.xml
