[0.030s] Invoking command in '/bumperbot_ws/build/bumperbot_navigation': CMAKE_PREFIX_PATH=${CMAKE_PREFIX_PATH}:/opt/ros/jazzy /usr/bin/cmake --build /bumperbot_ws/build/bumperbot_navigation -- -j16 -l16
[0.133s] Invoked command in '/bumperbot_ws/build/bumperbot_navigation' returned '0': CMAKE_PREFIX_PATH=${CMAKE_PREFIX_PATH}:/opt/ros/jazzy /usr/bin/cmake --build /bumperbot_ws/build/bumperbot_navigation -- -j16 -l16
[0.133s] Invoking command in '/bumperbot_ws/build/bumperbot_navigation': CMAKE_PREFIX_PATH=${CMAKE_PREFIX_PATH}:/opt/ros/jazzy /usr/bin/cmake --install /bumperbot_ws/build/bumperbot_navigation
[0.225s] -- Install configuration: ""
[0.225s] -- Up-to-date: /bumperbot_ws/install/bumperbot_navigation/share/bumperbot_navigation/config
[0.225s] -- Installing: /bumperbot_ws/install/bumperbot_navigation/share/bumperbot_navigation/config/bt_navigator.yaml
[0.226s] -- Up-to-date: /bumperbot_ws/install/bumperbot_navigation/share/bumperbot_navigation/config/planner_server.yaml
[0.226s] -- Up-to-date: /bumperbot_ws/install/bumperbot_navigation/share/bumperbot_navigation/config/costmap.yaml
[0.226s] -- Up-to-date: /bumperbot_ws/install/bumperbot_navigation/share/bumperbot_navigation/config/controller_server.yaml
[0.226s] -- Up-to-date: /bumperbot_ws/install/bumperbot_navigation/share/bumperbot_navigation/config/smoother_server.yaml
[0.226s] -- Up-to-date: /bumperbot_ws/install/bumperbot_navigation/share/bumperbot_navigation/launch
[0.226s] -- Up-to-date: /bumperbot_ws/install/bumperbot_navigation/share/bumperbot_navigation/launch/navigation.launch.py
[0.226s] -- Up-to-date: /bumperbot_ws/install/bumperbot_navigation/share/bumperbot_navigation/behavior_tree
[0.226s] -- Up-to-date: /bumperbot_ws/install/bumperbot_navigation/share/bumperbot_navigation/behavior_tree/simple_navigation.xml
[0.226s] -- Up-to-date: /bumperbot_ws/install/bumperbot_navigation/share/ament_index/resource_index/package_run_dependencies/bumperbot_navigation
[0.226s] -- Up-to-date: /bumperbot_ws/install/bumperbot_navigation/share/ament_index/resource_index/parent_prefix_path/bumperbot_navigation
[0.227s] -- Up-to-date: /bumperbot_ws/install/bumperbot_navigation/share/bumperbot_navigation/environment/ament_prefix_path.sh
[0.227s] -- Up-to-date: /bumperbot_ws/install/bumperbot_navigation/share/bumperbot_navigation/environment/ament_prefix_path.dsv
[0.227s] -- Up-to-date: /bumperbot_ws/install/bumperbot_navigation/share/bumperbot_navigation/environment/path.sh
[0.227s] -- Up-to-date: /bumperbot_ws/install/bumperbot_navigation/share/bumperbot_navigation/environment/path.dsv
[0.227s] -- Up-to-date: /bumperbot_ws/install/bumperbot_navigation/share/bumperbot_navigation/local_setup.bash
[0.227s] -- Up-to-date: /bumperbot_ws/install/bumperbot_navigation/share/bumperbot_navigation/local_setup.sh
[0.227s] -- Up-to-date: /bumperbot_ws/install/bumperbot_navigation/share/bumperbot_navigation/local_setup.zsh
[0.227s] -- Up-to-date: /bumperbot_ws/install/bumperbot_navigation/share/bumperbot_navigation/local_setup.dsv
[0.227s] -- Installing: /bumperbot_ws/install/bumperbot_navigation/share/bumperbot_navigation/package.dsv
[0.227s] -- Up-to-date: /bumperbot_ws/install/bumperbot_navigation/share/ament_index/resource_index/packages/bumperbot_navigation
[0.227s] -- Up-to-date: /bumperbot_ws/install/bumperbot_navigation/share/bumperbot_navigation/cmake/bumperbot_navigationConfig.cmake
[0.228s] -- Up-to-date: /bumperbot_ws/install/bumperbot_navigation/share/bumperbot_navigation/cmake/bumperbot_navigationConfig-version.cmake
[0.228s] -- Up-to-date: /bumperbot_ws/install/bumperbot_navigation/share/bumperbot_navigation/package.xml
[0.230s] Invoked command in '/bumperbot_ws/build/bumperbot_navigation' returned '0': CMAKE_PREFIX_PATH=${CMAKE_PREFIX_PATH}:/opt/ros/jazzy /usr/bin/cmake --install /bumperbot_ws/build/bumperbot_navigation
