[0.020s] Invoking command in '/bumperbot_ws/build/bumperbot_motion': CMAKE_PREFIX_PATH=${CMAKE_PREFIX_PATH}:/opt/ros/jazzy /usr/bin/cmake --build /bumperbot_ws/build/bumperbot_motion -- -j16 -l16
[0.112s] [  0%] Built target ament_cmake_python_copy_bumperbot_motion
[0.236s] [ 50%] Built target pd_motion_planner
[0.253s] [100%] Built target pure_pursuit
[0.356s] running egg_info
[0.374s] writing bumperbot_motion.egg-info/PKG-INFO
[0.374s] writing dependency_links to bumperbot_motion.egg-info/dependency_links.txt
[0.374s] writing top-level names to bumperbot_motion.egg-info/top_level.txt
[0.423s] reading manifest file 'bumperbot_motion.egg-info/SOURCES.txt'
[0.424s] writing manifest file 'bumperbot_motion.egg-info/SOURCES.txt'
[0.458s] [100%] Built target ament_cmake_python_build_bumperbot_motion_egg
[0.476s] Invoked command in '/bumperbot_ws/build/bumperbot_motion' returned '0': CMAKE_PREFIX_PATH=${CMAKE_PREFIX_PATH}:/opt/ros/jazzy /usr/bin/cmake --build /bumperbot_ws/build/bumperbot_motion -- -j16 -l16
[0.477s] Invoking command in '/bumperbot_ws/build/bumperbot_motion': CMAKE_PREFIX_PATH=${CMAKE_PREFIX_PATH}:/opt/ros/jazzy /usr/bin/cmake --install /bumperbot_ws/build/bumperbot_motion
[0.486s] -- Install configuration: ""
[0.486s] -- Up-to-date: /bumperbot_ws/install/bumperbot_motion/share/bumperbot_motion/environment/pythonpath.sh
[0.486s] -- Up-to-date: /bumperbot_ws/install/bumperbot_motion/share/bumperbot_motion/environment/pythonpath.dsv
[0.486s] -- Up-to-date: /bumperbot_ws/install/bumperbot_motion/lib/python3.12/site-packages/bumperbot_motion-0.0.0-py3.12.egg-info
[0.487s] -- Installing: /bumperbot_ws/install/bumperbot_motion/lib/python3.12/site-packages/bumperbot_motion-0.0.0-py3.12.egg-info/top_level.txt
[0.487s] -- Installing: /bumperbot_ws/install/bumperbot_motion/lib/python3.12/site-packages/bumperbot_motion-0.0.0-py3.12.egg-info/PKG-INFO
[0.487s] -- Installing: /bumperbot_ws/install/bumperbot_motion/lib/python3.12/site-packages/bumperbot_motion-0.0.0-py3.12.egg-info/SOURCES.txt
[0.487s] -- Installing: /bumperbot_ws/install/bumperbot_motion/lib/python3.12/site-packages/bumperbot_motion-0.0.0-py3.12.egg-info/dependency_links.txt
[0.487s] -- Up-to-date: /bumperbot_ws/install/bumperbot_motion/lib/python3.12/site-packages/bumperbot_motion
[0.487s] -- Up-to-date: /bumperbot_ws/install/bumperbot_motion/lib/python3.12/site-packages/bumperbot_motion/pure_pursuit.py
[0.487s] -- Up-to-date: /bumperbot_ws/install/bumperbot_motion/lib/python3.12/site-packages/bumperbot_motion/pd_motion_planner.py
[0.487s] -- Up-to-date: /bumperbot_ws/install/bumperbot_motion/lib/python3.12/site-packages/bumperbot_motion/__init__.py
[0.521s] Listing '/bumperbot_ws/install/bumperbot_motion/lib/python3.12/site-packages/bumperbot_motion'...
[0.532s] -- Up-to-date: /bumperbot_ws/install/bumperbot_motion/include/include
[0.533s] -- Up-to-date: /bumperbot_ws/install/bumperbot_motion/include/include/bumperbot_motion
[0.533s] -- Up-to-date: /bumperbot_ws/install/bumperbot_motion/include/include/bumperbot_motion/pure_pursuit.hpp
[0.533s] -- Up-to-date: /bumperbot_ws/install/bumperbot_motion/include/include/bumperbot_motion/pd_motion_planner.hpp
[0.534s] -- Up-to-date: /bumperbot_ws/install/bumperbot_motion/lib/bumperbot_motion/pd_motion_planner
[0.534s] -- Up-to-date: /bumperbot_ws/install/bumperbot_motion/lib/bumperbot_motion/pure_pursuit
[0.534s] -- Up-to-date: /bumperbot_ws/install/bumperbot_motion/lib/bumperbot_motion/pd_motion_planner.py
[0.535s] -- Up-to-date: /bumperbot_ws/install/bumperbot_motion/lib/bumperbot_motion/pure_pursuit.py
[0.535s] -- Up-to-date: /bumperbot_ws/install/bumperbot_motion/share/ament_index/resource_index/package_run_dependencies/bumperbot_motion
[0.536s] -- Up-to-date: /bumperbot_ws/install/bumperbot_motion/share/ament_index/resource_index/parent_prefix_path/bumperbot_motion
[0.536s] -- Up-to-date: /bumperbot_ws/install/bumperbot_motion/share/bumperbot_motion/environment/ament_prefix_path.sh
[0.536s] -- Up-to-date: /bumperbot_ws/install/bumperbot_motion/share/bumperbot_motion/environment/ament_prefix_path.dsv
[0.537s] -- Up-to-date: /bumperbot_ws/install/bumperbot_motion/share/bumperbot_motion/environment/path.sh
[0.537s] -- Up-to-date: /bumperbot_ws/install/bumperbot_motion/share/bumperbot_motion/environment/path.dsv
[0.537s] -- Up-to-date: /bumperbot_ws/install/bumperbot_motion/share/bumperbot_motion/local_setup.bash
[0.537s] -- Up-to-date: /bumperbot_ws/install/bumperbot_motion/share/bumperbot_motion/local_setup.sh
[0.537s] -- Up-to-date: /bumperbot_ws/install/bumperbot_motion/share/bumperbot_motion/local_setup.zsh
[0.537s] -- Up-to-date: /bumperbot_ws/install/bumperbot_motion/share/bumperbot_motion/local_setup.dsv
[0.537s] -- Installing: /bumperbot_ws/install/bumperbot_motion/share/bumperbot_motion/package.dsv
[0.537s] -- Up-to-date: /bumperbot_ws/install/bumperbot_motion/share/ament_index/resource_index/packages/bumperbot_motion
[0.537s] -- Up-to-date: /bumperbot_ws/install/bumperbot_motion/share/bumperbot_motion/cmake/ament_cmake_export_include_directories-extras.cmake
[0.538s] -- Up-to-date: /bumperbot_ws/install/bumperbot_motion/share/bumperbot_motion/cmake/ament_cmake_export_dependencies-extras.cmake
[0.538s] -- Up-to-date: /bumperbot_ws/install/bumperbot_motion/share/bumperbot_motion/cmake/bumperbot_motionConfig.cmake
[0.538s] -- Up-to-date: /bumperbot_ws/install/bumperbot_motion/share/bumperbot_motion/cmake/bumperbot_motionConfig-version.cmake
[0.538s] -- Up-to-date: /bumperbot_ws/install/bumperbot_motion/share/bumperbot_motion/package.xml
[0.559s] Invoked command in '/bumperbot_ws/build/bumperbot_motion' returned '0': CMAKE_PREFIX_PATH=${CMAKE_PREFIX_PATH}:/opt/ros/jazzy /usr/bin/cmake --install /bumperbot_ws/build/bumperbot_motion
