[0.006s] Invoking command in '/bumperbot_ws/build/nav2_util': AMENT_PREFIX_PATH=/bumperbot_ws/install/nav2_msgs:/bumperbot_ws/install/nav2_common:${AMENT_PREFIX_PATH} CMAKE_PREFIX_PATH=/bumperbot_ws/install/nav2_msgs:/bumperbot_ws/install/nav2_common:/opt/ros/jazzy/opt/gz_sim_vendor:/opt/ros/jazzy/opt/gz_sensors_vendor:/opt/ros/jazzy/opt/gz_physics_vendor:/opt/ros/jazzy/opt/sdformat_vendor:/opt/ros/jazzy/opt/gz_gui_vendor:/opt/ros/jazzy/opt/gz_transport_vendor:/opt/ros/jazzy/opt/gz_rendering_vendor:/opt/ros/jazzy/opt/gz_plugin_vendor:/opt/ros/jazzy/opt/gz_fuel_tools_vendor:/opt/ros/jazzy/opt/gz_msgs_vendor:/opt/ros/jazzy/opt/gz_common_vendor:/opt/ros/jazzy/opt/gz_math_vendor:/opt/ros/jazzy/opt/gz_utils_vendor:/opt/ros/jazzy/opt/gz_tools_vendor:/opt/ros/jazzy/opt/gz_ogre_next_vendor:/opt/ros/jazzy/opt/gz_dartsim_vendor:/opt/ros/jazzy/opt/gz_cmake_vendor:/opt/ros/jazzy LD_LIBRARY_PATH=/bumperbot_ws/install/nav2_msgs/lib:${LD_LIBRARY_PATH} PYTHONPATH=/bumperbot_ws/install/nav2_msgs/lib/python3.12/site-packages:/bumperbot_ws/install/nav2_common/lib/python3.12/site-packages:${PYTHONPATH} /usr/bin/cmake /bumperbot_ws/src/navigation2/nav2_util -DAMENT_CMAKE_SYMLINK_INSTALL=1 -DCMAKE_INSTALL_PREFIX=/bumperbot_ws/install/nav2_util
[0.040s] -- The C compiler identification is GNU 13.3.0
[0.074s] -- The CXX compiler identification is GNU 13.3.0
[0.084s] -- Detecting C compiler ABI info
[0.139s] -- Detecting C compiler ABI info - done
[0.144s] -- Check for working C compiler: /usr/bin/cc - skipped
[0.144s] -- Detecting C compile features
[0.145s] -- Detecting C compile features - done
[0.151s] -- Detecting CXX compiler ABI info
[0.212s] -- Detecting CXX compiler ABI info - done
[0.218s] -- Check for working CXX compiler: /usr/bin/c++ - skipped
[0.218s] -- Detecting CXX compile features
[0.218s] -- Detecting CXX compile features - done
[0.222s] -- Found ament_cmake: 2.5.4 (/opt/ros/jazzy/share/ament_cmake/cmake)
[0.318s] -- Found Python3: /usr/bin/python3 (found version "3.12.3") found components: Interpreter 
[0.367s] -- Override CMake install command with custom implementation using symlinks instead of copying resources
[0.404s] -- Found nav2_common: 1.1.19 (/bumperbot_ws/install/nav2_common/share/nav2_common/cmake)
[0.404s] -- Found nav2_msgs: 1.1.19 (/bumperbot_ws/install/nav2_msgs/share/nav2_msgs/cmake)
[0.442s] -- Found rosidl_generator_c: 4.6.6 (/opt/ros/jazzy/share/rosidl_generator_c/cmake)
[0.455s] -- Found rosidl_generator_cpp: 4.6.6 (/opt/ros/jazzy/share/rosidl_generator_cpp/cmake)
[0.471s] -- Using all available rosidl_typesupport_c: rosidl_typesupport_fastrtps_c;rosidl_typesupport_introspection_c
[0.487s] -- Using all available rosidl_typesupport_cpp: rosidl_typesupport_fastrtps_cpp;rosidl_typesupport_introspection_cpp
[0.618s] -- Found tf2_ros: 0.36.14 (/opt/ros/jazzy/share/tf2_ros/cmake)
[0.695s] -- Found rmw_implementation_cmake: 7.3.2 (/opt/ros/jazzy/share/rmw_implementation_cmake/cmake)
[0.698s] -- Found rmw_zenoh_cpp: 0.2.7 (/opt/ros/jazzy/share/rmw_zenoh_cpp/cmake)
[0.699s] -- Using RMW implementation 'rmw_zenoh_cpp' as default
[0.800s] -- Found tf2_geometry_msgs: 0.36.14 (/opt/ros/jazzy/share/tf2_geometry_msgs/cmake)
[0.815s] -- Found eigen3_cmake_module: 0.3.0 (/opt/ros/jazzy/share/eigen3_cmake_module/cmake)
[0.816s] -- Found Eigen3: TRUE (found version "3.4.0") 
[0.816s] -- Ensuring Eigen3 include directory is part of orocos-kdl CMake target
[0.820s] -- Found lifecycle_msgs: 2.0.3 (/opt/ros/jazzy/share/lifecycle_msgs/cmake)
[0.833s] -- Found rclcpp_lifecycle: 28.1.12 (/opt/ros/jazzy/share/rclcpp_lifecycle/cmake)
[0.845s] -- Found bondcpp: 4.1.2 (/opt/ros/jazzy/share/bondcpp/cmake)
[0.865s] -- Setting build type to Release as none was specified.
[0.880s] -- Found Boost: /usr/lib/x86_64-linux-gnu/cmake/Boost-1.83.0/BoostConfig.cmake (found version "1.83.0") found components: program_options 
[0.883s] -- Found ament_lint_auto: 0.17.3 (/opt/ros/jazzy/share/ament_lint_auto/cmake)
[0.886s] -- Found ament_cmake_pytest: 2.5.4 (/opt/ros/jazzy/share/ament_cmake_pytest/cmake)
[0.889s] -- Found launch_testing_ament_cmake: 3.4.6 (/opt/ros/jazzy/share/launch_testing_ament_cmake/cmake)
[0.891s] -- Found python_cmake_module: 0.11.1 (/opt/ros/jazzy/share/python_cmake_module/cmake)
[0.965s] -- Found PythonExtra: /usr/bin/python3  
[1.089s] -- Found gtest sources under '/opt/ros/jazzy/src/gtest_vendor': C++ tests using 'Google Test' will be built
[1.091s] -- Performing Test CMAKE_HAVE_LIBC_PTHREAD
[1.145s] -- Performing Test CMAKE_HAVE_LIBC_PTHREAD - Success
[1.146s] -- Found Threads: TRUE  
[1.155s] CMake Error at test/CMakeLists.txt:7 (find_package):
[1.155s]   By not providing "Findtest_msgs.cmake" in CMAKE_MODULE_PATH this project
[1.156s]   has asked CMake to find a package configuration file provided by
[1.156s]   "test_msgs", but CMake did not find one.
[1.156s] 
[1.156s]   Could not find a package configuration file provided by "test_msgs" with
[1.156s]   any of the following names:
[1.156s] 
[1.156s]     test_msgsConfig.cmake
[1.156s]     test_msgs-config.cmake
[1.156s] 
[1.156s]   Add the installation prefix of "test_msgs" to CMAKE_PREFIX_PATH or set
[1.156s]   "test_msgs_DIR" to a directory containing one of the above files.  If
[1.156s]   "test_msgs" provides a separate development package or SDK, be sure it has
[1.156s]   been installed.
[1.156s] 
[1.156s] 
[1.156s] -- Configuring incomplete, errors occurred!
[1.163s] Invoked command in '/bumperbot_ws/build/nav2_util' returned '1': AMENT_PREFIX_PATH=/bumperbot_ws/install/nav2_msgs:/bumperbot_ws/install/nav2_common:${AMENT_PREFIX_PATH} CMAKE_PREFIX_PATH=/bumperbot_ws/install/nav2_msgs:/bumperbot_ws/install/nav2_common:/opt/ros/jazzy/opt/gz_sim_vendor:/opt/ros/jazzy/opt/gz_sensors_vendor:/opt/ros/jazzy/opt/gz_physics_vendor:/opt/ros/jazzy/opt/sdformat_vendor:/opt/ros/jazzy/opt/gz_gui_vendor:/opt/ros/jazzy/opt/gz_transport_vendor:/opt/ros/jazzy/opt/gz_rendering_vendor:/opt/ros/jazzy/opt/gz_plugin_vendor:/opt/ros/jazzy/opt/gz_fuel_tools_vendor:/opt/ros/jazzy/opt/gz_msgs_vendor:/opt/ros/jazzy/opt/gz_common_vendor:/opt/ros/jazzy/opt/gz_math_vendor:/opt/ros/jazzy/opt/gz_utils_vendor:/opt/ros/jazzy/opt/gz_tools_vendor:/opt/ros/jazzy/opt/gz_ogre_next_vendor:/opt/ros/jazzy/opt/gz_dartsim_vendor:/opt/ros/jazzy/opt/gz_cmake_vendor:/opt/ros/jazzy LD_LIBRARY_PATH=/bumperbot_ws/install/nav2_msgs/lib:${LD_LIBRARY_PATH} PYTHONPATH=/bumperbot_ws/install/nav2_msgs/lib/python3.12/site-packages:/bumperbot_ws/install/nav2_common/lib/python3.12/site-packages:${PYTHONPATH} /usr/bin/cmake /bumperbot_ws/src/navigation2/nav2_util -DAMENT_CMAKE_SYMLINK_INSTALL=1 -DCMAKE_INSTALL_PREFIX=/bumperbot_ws/install/nav2_util
