[0.024s] Invoking command in '/bumperbot/build/bumperbot_localization': CMAKE_PREFIX_PATH=${CMAKE_PREFIX_PATH}:/opt/ros/jazzy /usr/bin/cmake --build /bumperbot/build/bumperbot_localization -- -j8 -l8
[0.156s] [ 16%] [32mBuilding CXX object CMakeFiles/imu_republisher.dir/src/imu_republisher.cpp.o[0m
[0.202s] [ 33%] [32mBuilding CXX object CMakeFiles/odometry_motion_model.dir/src/odometry_motion_model.cpp.o[0m
[0.207s] [ 50%] [32mBuilding CXX object CMakeFiles/kalman_filter.dir/src/kalman_filter.cpp.o[0m
[0.209s] [ 50%] Built target ament_cmake_python_copy_bumperbot_localization
[0.611s] running egg_info
[0.615s] creating bumperbot_localization.egg-info
[0.652s] writing bumperbot_localization.egg-info/PKG-INFO
[0.652s] writing dependency_links to bumperbot_localization.egg-info/dependency_links.txt
[0.653s] writing top-level names to bumperbot_localization.egg-info/top_level.txt
[0.654s] writing manifest file 'bumperbot_localization.egg-info/SOURCES.txt'
[0.739s] reading manifest file 'bumperbot_localization.egg-info/SOURCES.txt'
[0.740s] writing manifest file 'bumperbot_localization.egg-info/SOURCES.txt'
[0.800s] [ 50%] Built target ament_cmake_python_build_bumperbot_localization_egg
[9.355s] [ 66%] [32m[1mLinking CXX executable imu_republisher[0m
[9.864s] [ 66%] Built target imu_republisher
[10.453s] [ 83%] [32m[1mLinking CXX executable odometry_motion_model[0m
[10.876s] [ 83%] Built target odometry_motion_model
[11.980s] [100%] [32m[1mLinking CXX executable kalman_filter[0m
[12.435s] [100%] Built target kalman_filter
[12.447s] Invoked command in '/bumperbot/build/bumperbot_localization' returned '0': CMAKE_PREFIX_PATH=${CMAKE_PREFIX_PATH}:/opt/ros/jazzy /usr/bin/cmake --build /bumperbot/build/bumperbot_localization -- -j8 -l8
[12.448s] Invoking command in '/bumperbot/build/bumperbot_localization': CMAKE_PREFIX_PATH=${CMAKE_PREFIX_PATH}:/opt/ros/jazzy /usr/bin/cmake --install /bumperbot/build/bumperbot_localization
[12.457s] -- Install configuration: ""
[12.458s] -- Installing: /bumperbot/install/bumperbot_localization/share/bumperbot_localization/environment/pythonpath.sh
[12.458s] -- Installing: /bumperbot/install/bumperbot_localization/share/bumperbot_localization/environment/pythonpath.dsv
[12.458s] -- Installing: /bumperbot/install/bumperbot_localization/lib/python3.12/site-packages/bumperbot_localization-0.0.0-py3.12.egg-info
[12.458s] -- Installing: /bumperbot/install/bumperbot_localization/lib/python3.12/site-packages/bumperbot_localization-0.0.0-py3.12.egg-info/dependency_links.txt
[12.458s] -- Installing: /bumperbot/install/bumperbot_localization/lib/python3.12/site-packages/bumperbot_localization-0.0.0-py3.12.egg-info/SOURCES.txt
[12.459s] -- Installing: /bumperbot/install/bumperbot_localization/lib/python3.12/site-packages/bumperbot_localization-0.0.0-py3.12.egg-info/PKG-INFO
[12.459s] -- Installing: /bumperbot/install/bumperbot_localization/lib/python3.12/site-packages/bumperbot_localization-0.0.0-py3.12.egg-info/top_level.txt
[12.459s] -- Installing: /bumperbot/install/bumperbot_localization/lib/python3.12/site-packages/bumperbot_localization
[12.459s] -- Installing: /bumperbot/install/bumperbot_localization/lib/python3.12/site-packages/bumperbot_localization/imu_republisher.py
[12.459s] -- Installing: /bumperbot/install/bumperbot_localization/lib/python3.12/site-packages/bumperbot_localization/odometry_motion_model.py
[12.459s] -- Installing: /bumperbot/install/bumperbot_localization/lib/python3.12/site-packages/bumperbot_localization/kalman_filter.py
[12.459s] -- Installing: /bumperbot/install/bumperbot_localization/lib/python3.12/site-packages/bumperbot_localization/__init__.py
[12.512s] Listing '/bumperbot/install/bumperbot_localization/lib/python3.12/site-packages/bumperbot_localization'...
[12.512s] Compiling '/bumperbot/install/bumperbot_localization/lib/python3.12/site-packages/bumperbot_localization/__init__.py'...
[12.512s] Compiling '/bumperbot/install/bumperbot_localization/lib/python3.12/site-packages/bumperbot_localization/imu_republisher.py'...
[12.513s] Compiling '/bumperbot/install/bumperbot_localization/lib/python3.12/site-packages/bumperbot_localization/kalman_filter.py'...
[12.513s] Compiling '/bumperbot/install/bumperbot_localization/lib/python3.12/site-packages/bumperbot_localization/odometry_motion_model.py'...
[12.518s] -- Installing: /bumperbot/install/bumperbot_localization/include/include
[12.518s] -- Installing: /bumperbot/install/bumperbot_localization/include/include/bumperbot_localization
[12.518s] -- Installing: /bumperbot/install/bumperbot_localization/include/include/bumperbot_localization/kalman_filter.hpp
[12.518s] -- Installing: /bumperbot/install/bumperbot_localization/include/include/bumperbot_localization/odometry_motion_model.hpp
[12.519s] -- Installing: /bumperbot/install/bumperbot_localization/bin/odometry_motion_model
[12.525s] -- Set non-toolchain portion of runtime path of "/bumperbot/install/bumperbot_localization/bin/odometry_motion_model" to ""
[12.525s] -- Installing: /bumperbot/install/bumperbot_localization/lib/bumperbot_localization/kalman_filter
[12.532s] -- Set non-toolchain portion of runtime path of "/bumperbot/install/bumperbot_localization/lib/bumperbot_localization/kalman_filter" to ""
[12.532s] -- Installing: /bumperbot/install/bumperbot_localization/lib/bumperbot_localization/imu_republisher
[12.537s] -- Set non-toolchain portion of runtime path of "/bumperbot/install/bumperbot_localization/lib/bumperbot_localization/imu_republisher" to ""
[12.538s] -- Installing: /bumperbot/install/bumperbot_localization/lib/bumperbot_localization/odometry_motion_model
[12.543s] -- Set non-toolchain portion of runtime path of "/bumperbot/install/bumperbot_localization/lib/bumperbot_localization/odometry_motion_model" to ""
[12.543s] -- Installing: /bumperbot/install/bumperbot_localization/share/bumperbot_localization/launch
[12.544s] -- Installing: /bumperbot/install/bumperbot_localization/share/bumperbot_localization/launch/global_localization.launch.py
[12.544s] -- Installing: /bumperbot/install/bumperbot_localization/share/bumperbot_localization/launch/local_localization.launch.py
[12.544s] -- Installing: /bumperbot/install/bumperbot_localization/share/bumperbot_localization/config
[12.544s] -- Installing: /bumperbot/install/bumperbot_localization/share/bumperbot_localization/config/amcl.yaml
[12.544s] -- Installing: /bumperbot/install/bumperbot_localization/share/bumperbot_localization/config/ekf.yaml
[12.544s] -- Installing: /bumperbot/install/bumperbot_localization/share/bumperbot_localization/config/odometry_motion_model.rviz
[12.545s] -- Installing: /bumperbot/install/bumperbot_localization/share/bumperbot_localization/rviz
[12.545s] -- Installing: /bumperbot/install/bumperbot_localization/share/bumperbot_localization/rviz/global_localization.rviz
[12.545s] -- Installing: /bumperbot/install/bumperbot_localization/lib/bumperbot_localization/kalman_filter.py
[12.545s] -- Installing: /bumperbot/install/bumperbot_localization/lib/bumperbot_localization/imu_republisher.py
[12.545s] -- Installing: /bumperbot/install/bumperbot_localization/lib/bumperbot_localization/odometry_motion_model.py
[12.546s] -- Installing: /bumperbot/install/bumperbot_localization/share/ament_index/resource_index/package_run_dependencies/bumperbot_localization
[12.546s] -- Installing: /bumperbot/install/bumperbot_localization/share/ament_index/resource_index/parent_prefix_path/bumperbot_localization
[12.546s] -- Installing: /bumperbot/install/bumperbot_localization/share/bumperbot_localization/environment/ament_prefix_path.sh
[12.546s] -- Installing: /bumperbot/install/bumperbot_localization/share/bumperbot_localization/environment/ament_prefix_path.dsv
[12.547s] -- Installing: /bumperbot/install/bumperbot_localization/share/bumperbot_localization/environment/path.sh
[12.547s] -- Installing: /bumperbot/install/bumperbot_localization/share/bumperbot_localization/environment/path.dsv
[12.547s] -- Installing: /bumperbot/install/bumperbot_localization/share/bumperbot_localization/local_setup.bash
[12.547s] -- Installing: /bumperbot/install/bumperbot_localization/share/bumperbot_localization/local_setup.sh
[12.547s] -- Installing: /bumperbot/install/bumperbot_localization/share/bumperbot_localization/local_setup.zsh
[12.548s] -- Installing: /bumperbot/install/bumperbot_localization/share/bumperbot_localization/local_setup.dsv
[12.548s] -- Installing: /bumperbot/install/bumperbot_localization/share/bumperbot_localization/package.dsv
[12.548s] -- Installing: /bumperbot/install/bumperbot_localization/share/ament_index/resource_index/packages/bumperbot_localization
[12.548s] -- Installing: /bumperbot/install/bumperbot_localization/share/bumperbot_localization/cmake/bumperbot_localizationConfig.cmake
[12.548s] -- Installing: /bumperbot/install/bumperbot_localization/share/bumperbot_localization/cmake/bumperbot_localizationConfig-version.cmake
[12.548s] -- Installing: /bumperbot/install/bumperbot_localization/share/bumperbot_localization/package.xml
[12.551s] Invoked command in '/bumperbot/build/bumperbot_localization' returned '0': CMAKE_PREFIX_PATH=${CMAKE_PREFIX_PATH}:/opt/ros/jazzy /usr/bin/cmake --install /bumperbot/build/bumperbot_localization
