[0.019s] Invoking command in '/bumperbot/build/bumperbot_utils': CMAKE_PREFIX_PATH=${CMAKE_PREFIX_PATH}:/opt/ros/jazzy /usr/bin/cmake /bumperbot/src/bumperbot_utils -DCMAKE_INSTALL_PREFIX=/bumperbot/install/bumperbot_utils
[0.038s] -- Found ament_cmake: 2.5.4 (/opt/ros/jazzy/share/ament_cmake/cmake)
[0.367s] -- Found rclcpp: 28.1.12 (/opt/ros/jazzy/share/rclcpp/cmake)
[0.415s] -- Found rosidl_generator_c: 4.6.6 (/opt/ros/jazzy/share/rosidl_generator_c/cmake)
[0.436s] -- Found rosidl_generator_cpp: 4.6.6 (/opt/ros/jazzy/share/rosidl_generator_cpp/cmake)
[0.462s] -- Using all available rosidl_typesupport_c: rosidl_typesupport_fastrtps_c;rosidl_typesupport_introspection_c
[0.487s] -- Using all available rosidl_typesupport_cpp: rosidl_typesupport_fastrtps_cpp;rosidl_typesupport_introspection_cpp
[0.574s] -- Found rmw_implementation_cmake: 7.3.2 (/opt/ros/jazzy/share/rmw_implementation_cmake/cmake)
[0.576s] -- Found rmw_zenoh_cpp: 0.2.7 (/opt/ros/jazzy/share/rmw_zenoh_cpp/cmake)
[0.578s] -- Using RMW implementation 'rmw_zenoh_cpp' as default
[0.679s] -- Found rclpy: 7.1.5 (/opt/ros/jazzy/share/rclpy/cmake)
[0.679s] -- Found geometry_msgs: 5.3.6 (/opt/ros/jazzy/share/geometry_msgs/cmake)
[0.722s] -- Found sensor_msgs: 5.3.6 (/opt/ros/jazzy/share/sensor_msgs/cmake)
[0.761s] [31mCMake Error at CMakeLists.txt:16 (find_package):
[0.761s]   By not providing "Findtwist_mux_msgs.cmake" in CMAKE_MODULE_PATH this
[0.761s]   project has asked CMake to find a package configuration file provided by
[0.762s]   "twist_mux_msgs", but CMake did not find one.
[0.762s] 
[0.762s]   Could not find a package configuration file provided by "twist_mux_msgs"
[0.762s]   with any of the following names:
[0.762s] 
[0.762s]     twist_mux_msgsConfig.cmake
[0.762s]     twist_mux_msgs-config.cmake
[0.763s] 
[0.763s]   Add the installation prefix of "twist_mux_msgs" to CMAKE_PREFIX_PATH or set
[0.763s]   "twist_mux_msgs_DIR" to a directory containing one of the above files.  If
[0.763s]   "twist_mux_msgs" provides a separate development package or SDK, be sure it
[0.763s]   has been installed.
[0.763s] 
[0.763s] [0m
[0.764s] -- Configuring incomplete, errors occurred!
[0.767s] Invoked command in '/bumperbot/build/bumperbot_utils' returned '1': CMAKE_PREFIX_PATH=${CMAKE_PREFIX_PATH}:/opt/ros/jazzy /usr/bin/cmake /bumperbot/src/bumperbot_utils -DCMAKE_INSTALL_PREFIX=/bumperbot/install/bumperbot_utils
