Change Dir: '/home/dummy/development/bumperbot_ws/build/bumperbot_cpp_examples'

Run Build Command(s): /usr/bin/cmake -E env VERBOSE=1 /usr/bin/gmake -f Makefile -j16 -l16
/usr/bin/cmake -S/home/dummy/development/bumperbot_ws/src/bumperbot_cpp_examples -B/home/dummy/development/bumperbot_ws/build/bumperbot_cpp_examples --check-build-system CMakeFiles/Makefile.cmake 0
/usr/bin/cmake -E cmake_progress_start /home/dummy/development/bumperbot_ws/build/bumperbot_cpp_examples/CMakeFiles /home/dummy/development/bumperbot_ws/build/bumperbot_cpp_examples//CMakeFiles/progress.marks
/usr/bin/gmake  -f CMakeFiles/Makefile2 all
gmake[1]: Entering directory '/home/dummy/development/bumperbot_ws/build/bumperbot_cpp_examples'
/usr/bin/gmake  -f CMakeFiles/simple_publisher.dir/build.make CMakeFiles/simple_publisher.dir/depend
/usr/bin/gmake  -f CMakeFiles/simple_subscriber.dir/build.make CMakeFiles/simple_subscriber.dir/depend
/usr/bin/gmake  -f CMakeFiles/simple_lifecycle_node.dir/build.make CMakeFiles/simple_lifecycle_node.dir/depend
/usr/bin/gmake  -f CMakeFiles/simple_qos_publisher.dir/build.make CMakeFiles/simple_qos_publisher.dir/depend
/usr/bin/gmake  -f CMakeFiles/simple_qos_subscriber.dir/build.make CMakeFiles/simple_qos_subscriber.dir/depend
gmake[2]: Entering directory '/home/dummy/development/bumperbot_ws/build/bumperbot_cpp_examples'
cd /home/dummy/development/bumperbot_ws/build/bumperbot_cpp_examples && /usr/bin/cmake -E cmake_depends "Unix Makefiles" /home/dummy/development/bumperbot_ws/src/bumperbot_cpp_examples /home/dummy/development/bumperbot_ws/src/bumperbot_cpp_examples /home/dummy/development/bumperbot_ws/build/bumperbot_cpp_examples /home/dummy/development/bumperbot_ws/build/bumperbot_cpp_examples /home/dummy/development/bumperbot_ws/build/bumperbot_cpp_examples/CMakeFiles/simple_qos_publisher.dir/DependInfo.cmake "--color="
gmake[2]: Entering directory '/home/dummy/development/bumperbot_ws/build/bumperbot_cpp_examples'
cd /home/dummy/development/bumperbot_ws/build/bumperbot_cpp_examples && /usr/bin/cmake -E cmake_depends "Unix Makefiles" /home/dummy/development/bumperbot_ws/src/bumperbot_cpp_examples /home/dummy/development/bumperbot_ws/src/bumperbot_cpp_examples /home/dummy/development/bumperbot_ws/build/bumperbot_cpp_examples /home/dummy/development/bumperbot_ws/build/bumperbot_cpp_examples /home/dummy/development/bumperbot_ws/build/bumperbot_cpp_examples/CMakeFiles/simple_qos_subscriber.dir/DependInfo.cmake "--color="
gmake[2]: Entering directory '/home/dummy/development/bumperbot_ws/build/bumperbot_cpp_examples'
cd /home/dummy/development/bumperbot_ws/build/bumperbot_cpp_examples && /usr/bin/cmake -E cmake_depends "Unix Makefiles" /home/dummy/development/bumperbot_ws/src/bumperbot_cpp_examples /home/dummy/development/bumperbot_ws/src/bumperbot_cpp_examples /home/dummy/development/bumperbot_ws/build/bumperbot_cpp_examples /home/dummy/development/bumperbot_ws/build/bumperbot_cpp_examples /home/dummy/development/bumperbot_ws/build/bumperbot_cpp_examples/CMakeFiles/simple_publisher.dir/DependInfo.cmake "--color="
gmake[2]: Entering directory '/home/dummy/development/bumperbot_ws/build/bumperbot_cpp_examples'
cd /home/dummy/development/bumperbot_ws/build/bumperbot_cpp_examples && /usr/bin/cmake -E cmake_depends "Unix Makefiles" /home/dummy/development/bumperbot_ws/src/bumperbot_cpp_examples /home/dummy/development/bumperbot_ws/src/bumperbot_cpp_examples /home/dummy/development/bumperbot_ws/build/bumperbot_cpp_examples /home/dummy/development/bumperbot_ws/build/bumperbot_cpp_examples /home/dummy/development/bumperbot_ws/build/bumperbot_cpp_examples/CMakeFiles/simple_subscriber.dir/DependInfo.cmake "--color="
gmake[2]: Entering directory '/home/dummy/development/bumperbot_ws/build/bumperbot_cpp_examples'
cd /home/dummy/development/bumperbot_ws/build/bumperbot_cpp_examples && /usr/bin/cmake -E cmake_depends "Unix Makefiles" /home/dummy/development/bumperbot_ws/src/bumperbot_cpp_examples /home/dummy/development/bumperbot_ws/src/bumperbot_cpp_examples /home/dummy/development/bumperbot_ws/build/bumperbot_cpp_examples /home/dummy/development/bumperbot_ws/build/bumperbot_cpp_examples /home/dummy/development/bumperbot_ws/build/bumperbot_cpp_examples/CMakeFiles/simple_lifecycle_node.dir/DependInfo.cmake "--color="
Dependencies file "CMakeFiles/simple_qos_subscriber.dir/src/simple_qos_subscriber.cpp.o.d" is newer than depends file "/home/dummy/development/bumperbot_ws/build/bumperbot_cpp_examples/CMakeFiles/simple_qos_subscriber.dir/compiler_depend.internal".
Dependencies file "CMakeFiles/simple_qos_publisher.dir/src/simple_qos_publisher.cpp.o.d" is newer than depends file "/home/dummy/development/bumperbot_ws/build/bumperbot_cpp_examples/CMakeFiles/simple_qos_publisher.dir/compiler_depend.internal".
gmake[2]: Leaving directory '/home/dummy/development/bumperbot_ws/build/bumperbot_cpp_examples'
gmake[2]: Leaving directory '/home/dummy/development/bumperbot_ws/build/bumperbot_cpp_examples'
gmake[2]: Leaving directory '/home/dummy/development/bumperbot_ws/build/bumperbot_cpp_examples'
[35m[1mConsolidate compiler generated dependencies of target simple_qos_subscriber[0m
[35m[1mConsolidate compiler generated dependencies of target simple_qos_publisher[0m
/usr/bin/gmake  -f CMakeFiles/simple_publisher.dir/build.make CMakeFiles/simple_publisher.dir/build
/usr/bin/gmake  -f CMakeFiles/simple_subscriber.dir/build.make CMakeFiles/simple_subscriber.dir/build
/usr/bin/gmake  -f CMakeFiles/simple_lifecycle_node.dir/build.make CMakeFiles/simple_lifecycle_node.dir/build
gmake[2]: Leaving directory '/home/dummy/development/bumperbot_ws/build/bumperbot_cpp_examples'
gmake[2]: Leaving directory '/home/dummy/development/bumperbot_ws/build/bumperbot_cpp_examples'
/usr/bin/gmake  -f CMakeFiles/simple_qos_publisher.dir/build.make CMakeFiles/simple_qos_publisher.dir/build
/usr/bin/gmake  -f CMakeFiles/simple_qos_subscriber.dir/build.make CMakeFiles/simple_qos_subscriber.dir/build
gmake[2]: Entering directory '/home/dummy/development/bumperbot_ws/build/bumperbot_cpp_examples'
gmake[2]: Entering directory '/home/dummy/development/bumperbot_ws/build/bumperbot_cpp_examples'
gmake[2]: Nothing to be done for 'CMakeFiles/simple_publisher.dir/build'.
gmake[2]: Nothing to be done for 'CMakeFiles/simple_subscriber.dir/build'.
gmake[2]: Leaving directory '/home/dummy/development/bumperbot_ws/build/bumperbot_cpp_examples'
gmake[2]: Entering directory '/home/dummy/development/bumperbot_ws/build/bumperbot_cpp_examples'
gmake[2]: Leaving directory '/home/dummy/development/bumperbot_ws/build/bumperbot_cpp_examples'
gmake[2]: Nothing to be done for 'CMakeFiles/simple_lifecycle_node.dir/build'.
gmake[2]: Leaving directory '/home/dummy/development/bumperbot_ws/build/bumperbot_cpp_examples'
gmake[2]: Entering directory '/home/dummy/development/bumperbot_ws/build/bumperbot_cpp_examples'
gmake[2]: Nothing to be done for 'CMakeFiles/simple_qos_subscriber.dir/build'.
gmake[2]: Leaving directory '/home/dummy/development/bumperbot_ws/build/bumperbot_cpp_examples'
gmake[2]: Entering directory '/home/dummy/development/bumperbot_ws/build/bumperbot_cpp_examples'
gmake[2]: Nothing to be done for 'CMakeFiles/simple_qos_publisher.dir/build'.
gmake[2]: Leaving directory '/home/dummy/development/bumperbot_ws/build/bumperbot_cpp_examples'
[ 60%] Built target simple_subscriber
[ 60%] Built target simple_publisher
[ 60%] Built target simple_lifecycle_node
[ 80%] Built target simple_qos_subscriber
[100%] Built target simple_qos_publisher
gmake[1]: Leaving directory '/home/dummy/development/bumperbot_ws/build/bumperbot_cpp_examples'
/usr/bin/cmake -E cmake_progress_start /home/dummy/development/bumperbot_ws/build/bumperbot_cpp_examples/CMakeFiles 0

-- Install configuration: ""
-- Up-to-date: /home/dummy/development/bumperbot_ws/install/bumperbot_cpp_examples/lib/bumperbot_cpp_examples/simple_publisher
-- Up-to-date: /home/dummy/development/bumperbot_ws/install/bumperbot_cpp_examples/lib/bumperbot_cpp_examples/simple_subscriber
-- Up-to-date: /home/dummy/development/bumperbot_ws/install/bumperbot_cpp_examples/lib/bumperbot_cpp_examples/simple_lifecycle_node
-- Up-to-date: /home/dummy/development/bumperbot_ws/install/bumperbot_cpp_examples/lib/bumperbot_cpp_examples/simple_qos_publisher
-- Up-to-date: /home/dummy/development/bumperbot_ws/install/bumperbot_cpp_examples/lib/bumperbot_cpp_examples/simple_qos_subscriber
-- Up-to-date: /home/dummy/development/bumperbot_ws/install/bumperbot_cpp_examples/share/ament_index/resource_index/package_run_dependencies/bumperbot_cpp_examples
-- Up-to-date: /home/dummy/development/bumperbot_ws/install/bumperbot_cpp_examples/share/ament_index/resource_index/parent_prefix_path/bumperbot_cpp_examples
-- Up-to-date: /home/dummy/development/bumperbot_ws/install/bumperbot_cpp_examples/share/bumperbot_cpp_examples/environment/ament_prefix_path.sh
-- Up-to-date: /home/dummy/development/bumperbot_ws/install/bumperbot_cpp_examples/share/bumperbot_cpp_examples/environment/ament_prefix_path.dsv
-- Up-to-date: /home/dummy/development/bumperbot_ws/install/bumperbot_cpp_examples/share/bumperbot_cpp_examples/environment/path.sh
-- Up-to-date: /home/dummy/development/bumperbot_ws/install/bumperbot_cpp_examples/share/bumperbot_cpp_examples/environment/path.dsv
-- Up-to-date: /home/dummy/development/bumperbot_ws/install/bumperbot_cpp_examples/share/bumperbot_cpp_examples/local_setup.bash
-- Up-to-date: /home/dummy/development/bumperbot_ws/install/bumperbot_cpp_examples/share/bumperbot_cpp_examples/local_setup.sh
-- Up-to-date: /home/dummy/development/bumperbot_ws/install/bumperbot_cpp_examples/share/bumperbot_cpp_examples/local_setup.zsh
-- Up-to-date: /home/dummy/development/bumperbot_ws/install/bumperbot_cpp_examples/share/bumperbot_cpp_examples/local_setup.dsv
-- Installing: /home/dummy/development/bumperbot_ws/install/bumperbot_cpp_examples/share/bumperbot_cpp_examples/package.dsv
-- Up-to-date: /home/dummy/development/bumperbot_ws/install/bumperbot_cpp_examples/share/ament_index/resource_index/packages/bumperbot_cpp_examples
-- Up-to-date: /home/dummy/development/bumperbot_ws/install/bumperbot_cpp_examples/share/bumperbot_cpp_examples/cmake/bumperbot_cpp_examplesConfig.cmake
-- Up-to-date: /home/dummy/development/bumperbot_ws/install/bumperbot_cpp_examples/share/bumperbot_cpp_examples/cmake/bumperbot_cpp_examplesConfig-version.cmake
-- Up-to-date: /home/dummy/development/bumperbot_ws/install/bumperbot_cpp_examples/share/bumperbot_cpp_examples/package.xml
