[0.007s] Invoking command in '/home/dummy/development/bumperbot_ws/build/bumperbot_cpp_examples': CMAKE_PREFIX_PATH=${CMAKE_PREFIX_PATH}:/opt/ros/jazzy CONDA_PROMPT_MODIFIER=(base) DEBUGINFOD_URLS=https://debuginfod.ubuntu.com /usr/bin/cmake --build /home/dummy/development/bumperbot_ws/build/bumperbot_cpp_examples -- -j16 -l16
[0.012s] Change Dir: '/home/dummy/development/bumperbot_ws/build/bumperbot_cpp_examples'
[0.012s] 
[0.013s] Run Build Command(s): /usr/bin/cmake -E env VERBOSE=1 /usr/bin/gmake -f Makefile -j16 -l16
[0.018s] /usr/bin/cmake -S/home/dummy/development/bumperbot_ws/src/bumperbot_cpp_examples -B/home/dummy/development/bumperbot_ws/build/bumperbot_cpp_examples --check-build-system CMakeFiles/Makefile.cmake 0
[0.038s] /usr/bin/cmake -E cmake_progress_start /home/dummy/development/bumperbot_ws/build/bumperbot_cpp_examples/CMakeFiles /home/dummy/development/bumperbot_ws/build/bumperbot_cpp_examples//CMakeFiles/progress.marks
[0.043s] /usr/bin/gmake  -f CMakeFiles/Makefile2 all
[0.044s] gmake[1]: Entering directory '/home/dummy/development/bumperbot_ws/build/bumperbot_cpp_examples'
[0.044s] /usr/bin/gmake  -f CMakeFiles/simple_publisher.dir/build.make CMakeFiles/simple_publisher.dir/depend
[0.044s] /usr/bin/gmake  -f CMakeFiles/simple_subscriber.dir/build.make CMakeFiles/simple_subscriber.dir/depend
[0.044s] /usr/bin/gmake  -f CMakeFiles/simple_lifecycle_node.dir/build.make CMakeFiles/simple_lifecycle_node.dir/depend
[0.044s] /usr/bin/gmake  -f CMakeFiles/simple_qos_publisher.dir/build.make CMakeFiles/simple_qos_publisher.dir/depend
[0.044s] /usr/bin/gmake  -f CMakeFiles/simple_qos_subscriber.dir/build.make CMakeFiles/simple_qos_subscriber.dir/depend
[0.045s] gmake[2]: Entering directory '/home/dummy/development/bumperbot_ws/build/bumperbot_cpp_examples'
[0.045s] cd /home/dummy/development/bumperbot_ws/build/bumperbot_cpp_examples && /usr/bin/cmake -E cmake_depends "Unix Makefiles" /home/dummy/development/bumperbot_ws/src/bumperbot_cpp_examples /home/dummy/development/bumperbot_ws/src/bumperbot_cpp_examples /home/dummy/development/bumperbot_ws/build/bumperbot_cpp_examples /home/dummy/development/bumperbot_ws/build/bumperbot_cpp_examples /home/dummy/development/bumperbot_ws/build/bumperbot_cpp_examples/CMakeFiles/simple_qos_publisher.dir/DependInfo.cmake "--color="
[0.045s] gmake[2]: Entering directory '/home/dummy/development/bumperbot_ws/build/bumperbot_cpp_examples'
[0.045s] cd /home/dummy/development/bumperbot_ws/build/bumperbot_cpp_examples && /usr/bin/cmake -E cmake_depends "Unix Makefiles" /home/dummy/development/bumperbot_ws/src/bumperbot_cpp_examples /home/dummy/development/bumperbot_ws/src/bumperbot_cpp_examples /home/dummy/development/bumperbot_ws/build/bumperbot_cpp_examples /home/dummy/development/bumperbot_ws/build/bumperbot_cpp_examples /home/dummy/development/bumperbot_ws/build/bumperbot_cpp_examples/CMakeFiles/simple_qos_subscriber.dir/DependInfo.cmake "--color="
[0.046s] gmake[2]: Entering directory '/home/dummy/development/bumperbot_ws/build/bumperbot_cpp_examples'
[0.046s] cd /home/dummy/development/bumperbot_ws/build/bumperbot_cpp_examples && /usr/bin/cmake -E cmake_depends "Unix Makefiles" /home/dummy/development/bumperbot_ws/src/bumperbot_cpp_examples /home/dummy/development/bumperbot_ws/src/bumperbot_cpp_examples /home/dummy/development/bumperbot_ws/build/bumperbot_cpp_examples /home/dummy/development/bumperbot_ws/build/bumperbot_cpp_examples /home/dummy/development/bumperbot_ws/build/bumperbot_cpp_examples/CMakeFiles/simple_publisher.dir/DependInfo.cmake "--color="
[0.046s] gmake[2]: Entering directory '/home/dummy/development/bumperbot_ws/build/bumperbot_cpp_examples'
[0.046s] cd /home/dummy/development/bumperbot_ws/build/bumperbot_cpp_examples && /usr/bin/cmake -E cmake_depends "Unix Makefiles" /home/dummy/development/bumperbot_ws/src/bumperbot_cpp_examples /home/dummy/development/bumperbot_ws/src/bumperbot_cpp_examples /home/dummy/development/bumperbot_ws/build/bumperbot_cpp_examples /home/dummy/development/bumperbot_ws/build/bumperbot_cpp_examples /home/dummy/development/bumperbot_ws/build/bumperbot_cpp_examples/CMakeFiles/simple_subscriber.dir/DependInfo.cmake "--color="
[0.046s] gmake[2]: Entering directory '/home/dummy/development/bumperbot_ws/build/bumperbot_cpp_examples'
[0.046s] cd /home/dummy/development/bumperbot_ws/build/bumperbot_cpp_examples && /usr/bin/cmake -E cmake_depends "Unix Makefiles" /home/dummy/development/bumperbot_ws/src/bumperbot_cpp_examples /home/dummy/development/bumperbot_ws/src/bumperbot_cpp_examples /home/dummy/development/bumperbot_ws/build/bumperbot_cpp_examples /home/dummy/development/bumperbot_ws/build/bumperbot_cpp_examples /home/dummy/development/bumperbot_ws/build/bumperbot_cpp_examples/CMakeFiles/simple_lifecycle_node.dir/DependInfo.cmake "--color="
[0.051s] Dependencies file "CMakeFiles/simple_qos_subscriber.dir/src/simple_qos_subscriber.cpp.o.d" is newer than depends file "/home/dummy/development/bumperbot_ws/build/bumperbot_cpp_examples/CMakeFiles/simple_qos_subscriber.dir/compiler_depend.internal".
[0.051s] Dependencies file "CMakeFiles/simple_qos_publisher.dir/src/simple_qos_publisher.cpp.o.d" is newer than depends file "/home/dummy/development/bumperbot_ws/build/bumperbot_cpp_examples/CMakeFiles/simple_qos_publisher.dir/compiler_depend.internal".
[0.052s] gmake[2]: Leaving directory '/home/dummy/development/bumperbot_ws/build/bumperbot_cpp_examples'
[0.052s] gmake[2]: Leaving directory '/home/dummy/development/bumperbot_ws/build/bumperbot_cpp_examples'
[0.052s] gmake[2]: Leaving directory '/home/dummy/development/bumperbot_ws/build/bumperbot_cpp_examples'
[0.052s] [35m[1mConsolidate compiler generated dependencies of target simple_qos_subscriber[0m
[0.052s] [35m[1mConsolidate compiler generated dependencies of target simple_qos_publisher[0m
[0.052s] /usr/bin/gmake  -f CMakeFiles/simple_publisher.dir/build.make CMakeFiles/simple_publisher.dir/build
[0.052s] /usr/bin/gmake  -f CMakeFiles/simple_subscriber.dir/build.make CMakeFiles/simple_subscriber.dir/build
[0.052s] /usr/bin/gmake  -f CMakeFiles/simple_lifecycle_node.dir/build.make CMakeFiles/simple_lifecycle_node.dir/build
[0.055s] gmake[2]: Leaving directory '/home/dummy/development/bumperbot_ws/build/bumperbot_cpp_examples'
[0.055s] gmake[2]: Leaving directory '/home/dummy/development/bumperbot_ws/build/bumperbot_cpp_examples'
[0.055s] /usr/bin/gmake  -f CMakeFiles/simple_qos_publisher.dir/build.make CMakeFiles/simple_qos_publisher.dir/build
[0.055s] /usr/bin/gmake  -f CMakeFiles/simple_qos_subscriber.dir/build.make CMakeFiles/simple_qos_subscriber.dir/build
[0.055s] gmake[2]: Entering directory '/home/dummy/development/bumperbot_ws/build/bumperbot_cpp_examples'
[0.055s] gmake[2]: Entering directory '/home/dummy/development/bumperbot_ws/build/bumperbot_cpp_examples'
[0.055s] gmake[2]: Nothing to be done for 'CMakeFiles/simple_publisher.dir/build'.
[0.055s] gmake[2]: Nothing to be done for 'CMakeFiles/simple_subscriber.dir/build'.
[0.056s] gmake[2]: Leaving directory '/home/dummy/development/bumperbot_ws/build/bumperbot_cpp_examples'
[0.056s] gmake[2]: Entering directory '/home/dummy/development/bumperbot_ws/build/bumperbot_cpp_examples'
[0.056s] gmake[2]: Leaving directory '/home/dummy/development/bumperbot_ws/build/bumperbot_cpp_examples'
[0.056s] gmake[2]: Nothing to be done for 'CMakeFiles/simple_lifecycle_node.dir/build'.
[0.056s] gmake[2]: Leaving directory '/home/dummy/development/bumperbot_ws/build/bumperbot_cpp_examples'
[0.058s] gmake[2]: Entering directory '/home/dummy/development/bumperbot_ws/build/bumperbot_cpp_examples'
[0.058s] gmake[2]: Nothing to be done for 'CMakeFiles/simple_qos_subscriber.dir/build'.
[0.058s] gmake[2]: Leaving directory '/home/dummy/development/bumperbot_ws/build/bumperbot_cpp_examples'
[0.058s] gmake[2]: Entering directory '/home/dummy/development/bumperbot_ws/build/bumperbot_cpp_examples'
[0.058s] gmake[2]: Nothing to be done for 'CMakeFiles/simple_qos_publisher.dir/build'.
[0.058s] gmake[2]: Leaving directory '/home/dummy/development/bumperbot_ws/build/bumperbot_cpp_examples'
[0.060s] [ 60%] Built target simple_subscriber
[0.060s] [ 60%] Built target simple_publisher
[0.061s] [ 60%] Built target simple_lifecycle_node
[0.063s] [ 80%] Built target simple_qos_subscriber
[0.063s] [100%] Built target simple_qos_publisher
[0.063s] gmake[1]: Leaving directory '/home/dummy/development/bumperbot_ws/build/bumperbot_cpp_examples'
[0.063s] /usr/bin/cmake -E cmake_progress_start /home/dummy/development/bumperbot_ws/build/bumperbot_cpp_examples/CMakeFiles 0
[0.069s] 
[0.070s] Invoked command in '/home/dummy/development/bumperbot_ws/build/bumperbot_cpp_examples' returned '0': CMAKE_PREFIX_PATH=${CMAKE_PREFIX_PATH}:/opt/ros/jazzy CONDA_PROMPT_MODIFIER=(base) DEBUGINFOD_URLS=https://debuginfod.ubuntu.com /usr/bin/cmake --build /home/dummy/development/bumperbot_ws/build/bumperbot_cpp_examples -- -j16 -l16
[0.076s] Invoking command in '/home/dummy/development/bumperbot_ws/build/bumperbot_cpp_examples': CMAKE_PREFIX_PATH=${CMAKE_PREFIX_PATH}:/opt/ros/jazzy CONDA_PROMPT_MODIFIER=(base) DEBUGINFOD_URLS=https://debuginfod.ubuntu.com /usr/bin/cmake --install /home/dummy/development/bumperbot_ws/build/bumperbot_cpp_examples
[0.081s] -- Install configuration: ""
[0.082s] -- Up-to-date: /home/dummy/development/bumperbot_ws/install/bumperbot_cpp_examples/lib/bumperbot_cpp_examples/simple_publisher
[0.082s] -- Up-to-date: /home/dummy/development/bumperbot_ws/install/bumperbot_cpp_examples/lib/bumperbot_cpp_examples/simple_subscriber
[0.082s] -- Up-to-date: /home/dummy/development/bumperbot_ws/install/bumperbot_cpp_examples/lib/bumperbot_cpp_examples/simple_lifecycle_node
[0.082s] -- Up-to-date: /home/dummy/development/bumperbot_ws/install/bumperbot_cpp_examples/lib/bumperbot_cpp_examples/simple_qos_publisher
[0.082s] -- Up-to-date: /home/dummy/development/bumperbot_ws/install/bumperbot_cpp_examples/lib/bumperbot_cpp_examples/simple_qos_subscriber
[0.082s] -- Up-to-date: /home/dummy/development/bumperbot_ws/install/bumperbot_cpp_examples/share/ament_index/resource_index/package_run_dependencies/bumperbot_cpp_examples
[0.082s] -- Up-to-date: /home/dummy/development/bumperbot_ws/install/bumperbot_cpp_examples/share/ament_index/resource_index/parent_prefix_path/bumperbot_cpp_examples
[0.082s] -- Up-to-date: /home/dummy/development/bumperbot_ws/install/bumperbot_cpp_examples/share/bumperbot_cpp_examples/environment/ament_prefix_path.sh
[0.082s] -- Up-to-date: /home/dummy/development/bumperbot_ws/install/bumperbot_cpp_examples/share/bumperbot_cpp_examples/environment/ament_prefix_path.dsv
[0.083s] -- Up-to-date: /home/dummy/development/bumperbot_ws/install/bumperbot_cpp_examples/share/bumperbot_cpp_examples/environment/path.sh
[0.083s] -- Up-to-date: /home/dummy/development/bumperbot_ws/install/bumperbot_cpp_examples/share/bumperbot_cpp_examples/environment/path.dsv
[0.083s] -- Up-to-date: /home/dummy/development/bumperbot_ws/install/bumperbot_cpp_examples/share/bumperbot_cpp_examples/local_setup.bash
[0.083s] -- Up-to-date: /home/dummy/development/bumperbot_ws/install/bumperbot_cpp_examples/share/bumperbot_cpp_examples/local_setup.sh
[0.083s] -- Up-to-date: /home/dummy/development/bumperbot_ws/install/bumperbot_cpp_examples/share/bumperbot_cpp_examples/local_setup.zsh
[0.083s] -- Up-to-date: /home/dummy/development/bumperbot_ws/install/bumperbot_cpp_examples/share/bumperbot_cpp_examples/local_setup.dsv
[0.083s] -- Installing: /home/dummy/development/bumperbot_ws/install/bumperbot_cpp_examples/share/bumperbot_cpp_examples/package.dsv
[0.083s] -- Up-to-date: /home/dummy/development/bumperbot_ws/install/bumperbot_cpp_examples/share/ament_index/resource_index/packages/bumperbot_cpp_examples
[0.083s] -- Up-to-date: /home/dummy/development/bumperbot_ws/install/bumperbot_cpp_examples/share/bumperbot_cpp_examples/cmake/bumperbot_cpp_examplesConfig.cmake
[0.083s] -- Up-to-date: /home/dummy/development/bumperbot_ws/install/bumperbot_cpp_examples/share/bumperbot_cpp_examples/cmake/bumperbot_cpp_examplesConfig-version.cmake
[0.083s] -- Up-to-date: /home/dummy/development/bumperbot_ws/install/bumperbot_cpp_examples/share/bumperbot_cpp_examples/package.xml
[0.084s] Invoked command in '/home/dummy/development/bumperbot_ws/build/bumperbot_cpp_examples' returned '0': CMAKE_PREFIX_PATH=${CMAKE_PREFIX_PATH}:/opt/ros/jazzy CONDA_PROMPT_MODIFIER=(base) DEBUGINFOD_URLS=https://debuginfod.ubuntu.com /usr/bin/cmake --install /home/dummy/development/bumperbot_ws/build/bumperbot_cpp_examples
