-- Found ament_cmake: 2.5.4 (/opt/ros/jazzy/share/ament_cmake/cmake)
-- Found rclcpp: 28.1.12 (/opt/ros/jazzy/share/rclcpp/cmake)
-- Found rosidl_generator_c: 4.6.6 (/opt/ros/jazzy/share/rosidl_generator_c/cmake)
-- Found rosidl_generator_cpp: 4.6.6 (/opt/ros/jazzy/share/rosidl_generator_cpp/cmake)
-- Using all available rosidl_typesupport_c: rosidl_typesupport_fastrtps_c;rosidl_typesupport_introspection_c
-- Using all available rosidl_typesupport_cpp: rosidl_typesupport_fastrtps_cpp;rosidl_typesupport_introspection_cpp
-- Found rmw_implementation_cmake: 7.3.2 (/opt/ros/jazzy/share/rmw_implementation_cmake/cmake)
-- Found rmw_fastrtps_cpp: 8.4.3 (/opt/ros/jazzy/share/rmw_fastrtps_cpp/cmake)
-- Using RMW implementation 'rmw_fastrtps_cpp' as default
-- Found std_msgs: 5.3.6 (/opt/ros/jazzy/share/std_msgs/cmake)
-- Found rclcpp_lifecycle: 28.1.12 (/opt/ros/jazzy/share/rclcpp_lifecycle/cmake)
-- Configuring done (0.4s)
-- Generating done (0.0s)
-- Build files have been written to: /home/dummy/development/bumperbot_ws/build/bumperbot_cpp_examples
Change Dir: '/home/dummy/development/bumperbot_ws/build/bumperbot_cpp_examples'

Run Build Command(s): /usr/bin/cmake -E env VERBOSE=1 /usr/bin/gmake -f Makefile -j16 -l16
/usr/bin/cmake -S/home/dummy/development/bumperbot_ws/src/bumperbot_cpp_examples -B/home/dummy/development/bumperbot_ws/build/bumperbot_cpp_examples --check-build-system CMakeFiles/Makefile.cmake 0
/usr/bin/cmake -E cmake_progress_start /home/dummy/development/bumperbot_ws/build/bumperbot_cpp_examples/CMakeFiles /home/dummy/development/bumperbot_ws/build/bumperbot_cpp_examples//CMakeFiles/progress.marks
/usr/bin/gmake  -f CMakeFiles/Makefile2 all
gmake[1]: Entering directory '/home/dummy/development/bumperbot_ws/build/bumperbot_cpp_examples'
/usr/bin/gmake  -f CMakeFiles/simple_publisher.dir/build.make CMakeFiles/simple_publisher.dir/depend
/usr/bin/gmake  -f CMakeFiles/simple_subscriber.dir/build.make CMakeFiles/simple_subscriber.dir/depend
/usr/bin/gmake  -f CMakeFiles/simple_lifecycle_node.dir/build.make CMakeFiles/simple_lifecycle_node.dir/depend
/usr/bin/gmake  -f CMakeFiles/simple_qos_publisher.dir/build.make CMakeFiles/simple_qos_publisher.dir/depend
/usr/bin/gmake  -f CMakeFiles/simple_qos_subscriber.dir/build.make CMakeFiles/simple_qos_subscriber.dir/depend
gmake[2]: Entering directory '/home/dummy/development/bumperbot_ws/build/bumperbot_cpp_examples'
cd /home/dummy/development/bumperbot_ws/build/bumperbot_cpp_examples && /usr/bin/cmake -E cmake_depends "Unix Makefiles" /home/dummy/development/bumperbot_ws/src/bumperbot_cpp_examples /home/dummy/development/bumperbot_ws/src/bumperbot_cpp_examples /home/dummy/development/bumperbot_ws/build/bumperbot_cpp_examples /home/dummy/development/bumperbot_ws/build/bumperbot_cpp_examples /home/dummy/development/bumperbot_ws/build/bumperbot_cpp_examples/CMakeFiles/simple_publisher.dir/DependInfo.cmake "--color="
gmake[2]: Entering directory '/home/dummy/development/bumperbot_ws/build/bumperbot_cpp_examples'
cd /home/dummy/development/bumperbot_ws/build/bumperbot_cpp_examples && /usr/bin/cmake -E cmake_depends "Unix Makefiles" /home/dummy/development/bumperbot_ws/src/bumperbot_cpp_examples /home/dummy/development/bumperbot_ws/src/bumperbot_cpp_examples /home/dummy/development/bumperbot_ws/build/bumperbot_cpp_examples /home/dummy/development/bumperbot_ws/build/bumperbot_cpp_examples /home/dummy/development/bumperbot_ws/build/bumperbot_cpp_examples/CMakeFiles/simple_subscriber.dir/DependInfo.cmake "--color="
gmake[2]: Entering directory '/home/dummy/development/bumperbot_ws/build/bumperbot_cpp_examples'
cd /home/dummy/development/bumperbot_ws/build/bumperbot_cpp_examples && /usr/bin/cmake -E cmake_depends "Unix Makefiles" /home/dummy/development/bumperbot_ws/src/bumperbot_cpp_examples /home/dummy/development/bumperbot_ws/src/bumperbot_cpp_examples /home/dummy/development/bumperbot_ws/build/bumperbot_cpp_examples /home/dummy/development/bumperbot_ws/build/bumperbot_cpp_examples /home/dummy/development/bumperbot_ws/build/bumperbot_cpp_examples/CMakeFiles/simple_lifecycle_node.dir/DependInfo.cmake "--color="
gmake[2]: Entering directory '/home/dummy/development/bumperbot_ws/build/bumperbot_cpp_examples'
cd /home/dummy/development/bumperbot_ws/build/bumperbot_cpp_examples && /usr/bin/cmake -E cmake_depends "Unix Makefiles" /home/dummy/development/bumperbot_ws/src/bumperbot_cpp_examples /home/dummy/development/bumperbot_ws/src/bumperbot_cpp_examples /home/dummy/development/bumperbot_ws/build/bumperbot_cpp_examples /home/dummy/development/bumperbot_ws/build/bumperbot_cpp_examples /home/dummy/development/bumperbot_ws/build/bumperbot_cpp_examples/CMakeFiles/simple_qos_publisher.dir/DependInfo.cmake "--color="
gmake[2]: Entering directory '/home/dummy/development/bumperbot_ws/build/bumperbot_cpp_examples'
cd /home/dummy/development/bumperbot_ws/build/bumperbot_cpp_examples && /usr/bin/cmake -E cmake_depends "Unix Makefiles" /home/dummy/development/bumperbot_ws/src/bumperbot_cpp_examples /home/dummy/development/bumperbot_ws/src/bumperbot_cpp_examples /home/dummy/development/bumperbot_ws/build/bumperbot_cpp_examples /home/dummy/development/bumperbot_ws/build/bumperbot_cpp_examples /home/dummy/development/bumperbot_ws/build/bumperbot_cpp_examples/CMakeFiles/simple_qos_subscriber.dir/DependInfo.cmake "--color="
Dependencies file "CMakeFiles/simple_publisher.dir/src/simple_publisher.cpp.o.d" is newer than depends file "/home/dummy/development/bumperbot_ws/build/bumperbot_cpp_examples/CMakeFiles/simple_publisher.dir/compiler_depend.internal".
Dependencies file "CMakeFiles/simple_lifecycle_node.dir/src/simple_lifecycle_node.cpp.o.d" is newer than depends file "/home/dummy/development/bumperbot_ws/build/bumperbot_cpp_examples/CMakeFiles/simple_lifecycle_node.dir/compiler_depend.internal".
Dependencies file "CMakeFiles/simple_subscriber.dir/src/simple_subscriber.cpp.o.d" is newer than depends file "/home/dummy/development/bumperbot_ws/build/bumperbot_cpp_examples/CMakeFiles/simple_subscriber.dir/compiler_depend.internal".
[35m[1mConsolidate compiler generated dependencies of target simple_publisher[0m
[35m[1mConsolidate compiler generated dependencies of target simple_subscriber[0m
[35m[1mConsolidate compiler generated dependencies of target simple_lifecycle_node[0m
gmake[2]: Leaving directory '/home/dummy/development/bumperbot_ws/build/bumperbot_cpp_examples'
gmake[2]: Leaving directory '/home/dummy/development/bumperbot_ws/build/bumperbot_cpp_examples'
/usr/bin/gmake  -f CMakeFiles/simple_qos_publisher.dir/build.make CMakeFiles/simple_qos_publisher.dir/build
/usr/bin/gmake  -f CMakeFiles/simple_qos_subscriber.dir/build.make CMakeFiles/simple_qos_subscriber.dir/build
gmake[2]: Entering directory '/home/dummy/development/bumperbot_ws/build/bumperbot_cpp_examples'
gmake[2]: Entering directory '/home/dummy/development/bumperbot_ws/build/bumperbot_cpp_examples'
gmake[2]: Leaving directory '/home/dummy/development/bumperbot_ws/build/bumperbot_cpp_examples'
/usr/bin/gmake  -f CMakeFiles/simple_subscriber.dir/build.make CMakeFiles/simple_subscriber.dir/build
gmake[2]: Leaving directory '/home/dummy/development/bumperbot_ws/build/bumperbot_cpp_examples'
gmake[2]: Leaving directory '/home/dummy/development/bumperbot_ws/build/bumperbot_cpp_examples'
/usr/bin/gmake  -f CMakeFiles/simple_publisher.dir/build.make CMakeFiles/simple_publisher.dir/build
/usr/bin/gmake  -f CMakeFiles/simple_lifecycle_node.dir/build.make CMakeFiles/simple_lifecycle_node.dir/build
[ 10%] [32mBuilding CXX object CMakeFiles/simple_qos_subscriber.dir/src/simple_qos_subscriber.cpp.o[0m
gmake[2]: Entering directory '/home/dummy/development/bumperbot_ws/build/bumperbot_cpp_examples'
gmake[2]: Nothing to be done for 'CMakeFiles/simple_subscriber.dir/build'.
gmake[2]: Leaving directory '/home/dummy/development/bumperbot_ws/build/bumperbot_cpp_examples'
[ 20%] [32mBuilding CXX object CMakeFiles/simple_qos_publisher.dir/src/simple_qos_publisher.cpp.o[0m
gmake[2]: Entering directory '/home/dummy/development/bumperbot_ws/build/bumperbot_cpp_examples'
gmake[2]: Entering directory '/home/dummy/development/bumperbot_ws/build/bumperbot_cpp_examples'
gmake[2]: Nothing to be done for 'CMakeFiles/simple_publisher.dir/build'.
gmake[2]: Nothing to be done for 'CMakeFiles/simple_lifecycle_node.dir/build'.
gmake[2]: Leaving directory '/home/dummy/development/bumperbot_ws/build/bumperbot_cpp_examples'
gmake[2]: Leaving directory '/home/dummy/development/bumperbot_ws/build/bumperbot_cpp_examples'
/usr/bin/c++ -DDEFAULT_RMW_IMPLEMENTATION=rmw_fastrtps_cpp -DFASTCDR_DYN_LINK -isystem /opt/ros/jazzy/include/rclcpp -isystem /opt/ros/jazzy/include/std_msgs -isystem /opt/ros/jazzy/include/builtin_interfaces -isystem /opt/ros/jazzy/include/rosidl_runtime_c -isystem /opt/ros/jazzy/include/rcutils -isystem /opt/ros/jazzy/include/rosidl_typesupport_interface -isystem /opt/ros/jazzy/include/fastcdr -isystem /opt/ros/jazzy/include/rosidl_runtime_cpp -isystem /opt/ros/jazzy/include/rosidl_typesupport_fastrtps_cpp -isystem /opt/ros/jazzy/include/rmw -isystem /opt/ros/jazzy/include/rosidl_dynamic_typesupport -isystem /opt/ros/jazzy/include/rosidl_typesupport_fastrtps_c -isystem /opt/ros/jazzy/include/rosidl_typesupport_introspection_c -isystem /opt/ros/jazzy/include/rosidl_typesupport_introspection_cpp -isystem /opt/ros/jazzy/include/libstatistics_collector -isystem /opt/ros/jazzy/include/rcl -isystem /opt/ros/jazzy/include/rcl_interfaces -isystem /opt/ros/jazzy/include/service_msgs -isystem /opt/ros/jazzy/include/rcl_logging_interface -isystem /opt/ros/jazzy/include/rcl_yaml_param_parser -isystem /opt/ros/jazzy/include/type_description_interfaces -isystem /opt/ros/jazzy/include/rcpputils -isystem /opt/ros/jazzy/include/statistics_msgs -isystem /opt/ros/jazzy/include/rosgraph_msgs -isystem /opt/ros/jazzy/include/rosidl_typesupport_cpp -isystem /opt/ros/jazzy/include/rosidl_typesupport_c -isystem /opt/ros/jazzy/include/tracetools -std=gnu++17 -Wall -Wextra -Wpedantic -MD -MT CMakeFiles/simple_qos_subscriber.dir/src/simple_qos_subscriber.cpp.o -MF CMakeFiles/simple_qos_subscriber.dir/src/simple_qos_subscriber.cpp.o.d -o CMakeFiles/simple_qos_subscriber.dir/src/simple_qos_subscriber.cpp.o -c /home/dummy/development/bumperbot_ws/src/bumperbot_cpp_examples/src/simple_qos_subscriber.cpp
/usr/bin/c++ -DDEFAULT_RMW_IMPLEMENTATION=rmw_fastrtps_cpp -DFASTCDR_DYN_LINK -isystem /opt/ros/jazzy/include/rclcpp -isystem /opt/ros/jazzy/include/std_msgs -isystem /opt/ros/jazzy/include/builtin_interfaces -isystem /opt/ros/jazzy/include/rosidl_runtime_c -isystem /opt/ros/jazzy/include/rcutils -isystem /opt/ros/jazzy/include/rosidl_typesupport_interface -isystem /opt/ros/jazzy/include/fastcdr -isystem /opt/ros/jazzy/include/rosidl_runtime_cpp -isystem /opt/ros/jazzy/include/rosidl_typesupport_fastrtps_cpp -isystem /opt/ros/jazzy/include/rmw -isystem /opt/ros/jazzy/include/rosidl_dynamic_typesupport -isystem /opt/ros/jazzy/include/rosidl_typesupport_fastrtps_c -isystem /opt/ros/jazzy/include/rosidl_typesupport_introspection_c -isystem /opt/ros/jazzy/include/rosidl_typesupport_introspection_cpp -isystem /opt/ros/jazzy/include/libstatistics_collector -isystem /opt/ros/jazzy/include/rcl -isystem /opt/ros/jazzy/include/rcl_interfaces -isystem /opt/ros/jazzy/include/service_msgs -isystem /opt/ros/jazzy/include/rcl_logging_interface -isystem /opt/ros/jazzy/include/rcl_yaml_param_parser -isystem /opt/ros/jazzy/include/type_description_interfaces -isystem /opt/ros/jazzy/include/rcpputils -isystem /opt/ros/jazzy/include/statistics_msgs -isystem /opt/ros/jazzy/include/rosgraph_msgs -isystem /opt/ros/jazzy/include/rosidl_typesupport_cpp -isystem /opt/ros/jazzy/include/rosidl_typesupport_c -isystem /opt/ros/jazzy/include/tracetools -std=gnu++17 -Wall -Wextra -Wpedantic -MD -MT CMakeFiles/simple_qos_publisher.dir/src/simple_qos_publisher.cpp.o -MF CMakeFiles/simple_qos_publisher.dir/src/simple_qos_publisher.cpp.o.d -o CMakeFiles/simple_qos_publisher.dir/src/simple_qos_publisher.cpp.o -c /home/dummy/development/bumperbot_ws/src/bumperbot_cpp_examples/src/simple_qos_publisher.cpp
[ 80%] Built target simple_lifecycle_node
[ 80%] Built target simple_subscriber
[ 80%] Built target simple_publisher
[ 90%] [32m[1mLinking CXX executable simple_qos_publisher[0m
/usr/bin/cmake -E cmake_link_script CMakeFiles/simple_qos_publisher.dir/link.txt --verbose=1
/usr/bin/c++ CMakeFiles/simple_qos_publisher.dir/src/simple_qos_publisher.cpp.o -o simple_qos_publisher  -Wl,-rpath,/opt/ros/jazzy/lib: /opt/ros/jazzy/lib/librclcpp.so /opt/ros/jazzy/lib/libstd_msgs__rosidl_typesupport_fastrtps_c.so /opt/ros/jazzy/lib/libstd_msgs__rosidl_typesupport_fastrtps_cpp.so /opt/ros/jazzy/lib/libstd_msgs__rosidl_typesupport_introspection_c.so /opt/ros/jazzy/lib/libstd_msgs__rosidl_typesupport_introspection_cpp.so /opt/ros/jazzy/lib/libstd_msgs__rosidl_typesupport_cpp.so /opt/ros/jazzy/lib/libstd_msgs__rosidl_generator_py.so /opt/ros/jazzy/lib/liblibstatistics_collector.so /opt/ros/jazzy/lib/librcl.so /opt/ros/jazzy/lib/librmw_implementation.so /opt/ros/jazzy/lib/libtype_description_interfaces__rosidl_typesupport_fastrtps_c.so /opt/ros/jazzy/lib/libtype_description_interfaces__rosidl_typesupport_introspection_c.so /opt/ros/jazzy/lib/libtype_description_interfaces__rosidl_typesupport_fastrtps_cpp.so /opt/ros/jazzy/lib/libtype_description_interfaces__rosidl_typesupport_introspection_cpp.so /opt/ros/jazzy/lib/libtype_description_interfaces__rosidl_typesupport_cpp.so /opt/ros/jazzy/lib/libtype_description_interfaces__rosidl_generator_py.so /opt/ros/jazzy/lib/libtype_description_interfaces__rosidl_typesupport_c.so /opt/ros/jazzy/lib/libtype_description_interfaces__rosidl_generator_c.so /opt/ros/jazzy/lib/librcl_interfaces__rosidl_typesupport_fastrtps_c.so /opt/ros/jazzy/lib/librcl_interfaces__rosidl_typesupport_introspection_c.so /opt/ros/jazzy/lib/librcl_interfaces__rosidl_typesupport_fastrtps_cpp.so /opt/ros/jazzy/lib/librcl_interfaces__rosidl_typesupport_introspection_cpp.so /opt/ros/jazzy/lib/librcl_interfaces__rosidl_typesupport_cpp.so /opt/ros/jazzy/lib/librcl_interfaces__rosidl_generator_py.so /opt/ros/jazzy/lib/librcl_interfaces__rosidl_typesupport_c.so /opt/ros/jazzy/lib/librcl_interfaces__rosidl_generator_c.so /opt/ros/jazzy/lib/libservice_msgs__rosidl_typesupport_fastrtps_c.so /opt/ros/jazzy/lib/libservice_msgs__rosidl_typesupport_introspection_c.so /opt/ros/jazzy/lib/libservice_msgs__rosidl_typesupport_fastrtps_cpp.so /opt/ros/jazzy/lib/libservice_msgs__rosidl_typesupport_introspection_cpp.so /opt/ros/jazzy/lib/libservice_msgs__rosidl_typesupport_cpp.so /opt/ros/jazzy/lib/libservice_msgs__rosidl_typesupport_c.so /opt/ros/jazzy/lib/libservice_msgs__rosidl_generator_c.so /opt/ros/jazzy/lib/librcl_yaml_param_parser.so /opt/ros/jazzy/lib/librosgraph_msgs__rosidl_typesupport_fastrtps_c.so /opt/ros/jazzy/lib/librosgraph_msgs__rosidl_typesupport_fastrtps_cpp.so /opt/ros/jazzy/lib/librosgraph_msgs__rosidl_typesupport_introspection_c.so /opt/ros/jazzy/lib/librosgraph_msgs__rosidl_typesupport_introspection_cpp.so /opt/ros/jazzy/lib/librosgraph_msgs__rosidl_typesupport_cpp.so /opt/ros/jazzy/lib/librosgraph_msgs__rosidl_generator_py.so /opt/ros/jazzy/lib/librosgraph_msgs__rosidl_typesupport_c.so /opt/ros/jazzy/lib/librosgraph_msgs__rosidl_generator_c.so /opt/ros/jazzy/lib/libstatistics_msgs__rosidl_typesupport_fastrtps_c.so /opt/ros/jazzy/lib/libstatistics_msgs__rosidl_typesupport_fastrtps_cpp.so /opt/ros/jazzy/lib/libstatistics_msgs__rosidl_typesupport_introspection_c.so /opt/ros/jazzy/lib/libstatistics_msgs__rosidl_typesupport_introspection_cpp.so /opt/ros/jazzy/lib/libstatistics_msgs__rosidl_typesupport_cpp.so /opt/ros/jazzy/lib/libstatistics_msgs__rosidl_generator_py.so /opt/ros/jazzy/lib/libstatistics_msgs__rosidl_typesupport_c.so /opt/ros/jazzy/lib/libstatistics_msgs__rosidl_generator_c.so /opt/ros/jazzy/lib/libtracetools.so -llttng-ust -llttng-ust-common -rdynamic -ldl /opt/ros/jazzy/lib/librcl_logging_interface.so /opt/ros/jazzy/lib/libstd_msgs__rosidl_typesupport_c.so /opt/ros/jazzy/lib/libstd_msgs__rosidl_generator_c.so /opt/ros/jazzy/lib/libbuiltin_interfaces__rosidl_typesupport_fastrtps_c.so /opt/ros/jazzy/lib/librosidl_typesupport_fastrtps_c.so /opt/ros/jazzy/lib/libbuiltin_interfaces__rosidl_typesupport_introspection_c.so /opt/ros/jazzy/lib/libbuiltin_interfaces__rosidl_typesupport_fastrtps_cpp.so /opt/ros/jazzy/lib/librosidl_typesupport_fastrtps_cpp.so /opt/ros/jazzy/lib/librmw.so /opt/ros/jazzy/lib/librosidl_dynamic_typesupport.so /opt/ros/jazzy/lib/libfastcdr.so.2.2.5 /opt/ros/jazzy/lib/libbuiltin_interfaces__rosidl_typesupport_introspection_cpp.so /opt/ros/jazzy/lib/librosidl_typesupport_introspection_cpp.so /opt/ros/jazzy/lib/librosidl_typesupport_introspection_c.so /opt/ros/jazzy/lib/libbuiltin_interfaces__rosidl_typesupport_cpp.so /opt/ros/jazzy/lib/librosidl_typesupport_cpp.so /opt/ros/jazzy/lib/libbuiltin_interfaces__rosidl_generator_py.so /opt/ros/jazzy/lib/libbuiltin_interfaces__rosidl_typesupport_c.so /opt/ros/jazzy/lib/libbuiltin_interfaces__rosidl_generator_c.so /opt/ros/jazzy/lib/librosidl_typesupport_c.so /opt/ros/jazzy/lib/librcpputils.so /opt/ros/jazzy/lib/librosidl_runtime_c.so /opt/ros/jazzy/lib/librcutils.so -ldl -Wl,-rpath-link,/opt/ros/jazzy/lib 
gmake[2]: Leaving directory '/home/dummy/development/bumperbot_ws/build/bumperbot_cpp_examples'
[ 90%] Built target simple_qos_publisher
[100%] [32m[1mLinking CXX executable simple_qos_subscriber[0m
/usr/bin/cmake -E cmake_link_script CMakeFiles/simple_qos_subscriber.dir/link.txt --verbose=1
/usr/bin/c++ CMakeFiles/simple_qos_subscriber.dir/src/simple_qos_subscriber.cpp.o -o simple_qos_subscriber  -Wl,-rpath,/opt/ros/jazzy/lib: /opt/ros/jazzy/lib/librclcpp.so /opt/ros/jazzy/lib/libstd_msgs__rosidl_typesupport_fastrtps_c.so /opt/ros/jazzy/lib/libstd_msgs__rosidl_typesupport_fastrtps_cpp.so /opt/ros/jazzy/lib/libstd_msgs__rosidl_typesupport_introspection_c.so /opt/ros/jazzy/lib/libstd_msgs__rosidl_typesupport_introspection_cpp.so /opt/ros/jazzy/lib/libstd_msgs__rosidl_typesupport_cpp.so /opt/ros/jazzy/lib/libstd_msgs__rosidl_generator_py.so /opt/ros/jazzy/lib/liblibstatistics_collector.so /opt/ros/jazzy/lib/librcl.so /opt/ros/jazzy/lib/librmw_implementation.so /opt/ros/jazzy/lib/libtype_description_interfaces__rosidl_typesupport_fastrtps_c.so /opt/ros/jazzy/lib/libtype_description_interfaces__rosidl_typesupport_introspection_c.so /opt/ros/jazzy/lib/libtype_description_interfaces__rosidl_typesupport_fastrtps_cpp.so /opt/ros/jazzy/lib/libtype_description_interfaces__rosidl_typesupport_introspection_cpp.so /opt/ros/jazzy/lib/libtype_description_interfaces__rosidl_typesupport_cpp.so /opt/ros/jazzy/lib/libtype_description_interfaces__rosidl_generator_py.so /opt/ros/jazzy/lib/libtype_description_interfaces__rosidl_typesupport_c.so /opt/ros/jazzy/lib/libtype_description_interfaces__rosidl_generator_c.so /opt/ros/jazzy/lib/librcl_interfaces__rosidl_typesupport_fastrtps_c.so /opt/ros/jazzy/lib/librcl_interfaces__rosidl_typesupport_introspection_c.so /opt/ros/jazzy/lib/librcl_interfaces__rosidl_typesupport_fastrtps_cpp.so /opt/ros/jazzy/lib/librcl_interfaces__rosidl_typesupport_introspection_cpp.so /opt/ros/jazzy/lib/librcl_interfaces__rosidl_typesupport_cpp.so /opt/ros/jazzy/lib/librcl_interfaces__rosidl_generator_py.so /opt/ros/jazzy/lib/librcl_interfaces__rosidl_typesupport_c.so /opt/ros/jazzy/lib/librcl_interfaces__rosidl_generator_c.so /opt/ros/jazzy/lib/libservice_msgs__rosidl_typesupport_fastrtps_c.so /opt/ros/jazzy/lib/libservice_msgs__rosidl_typesupport_introspection_c.so /opt/ros/jazzy/lib/libservice_msgs__rosidl_typesupport_fastrtps_cpp.so /opt/ros/jazzy/lib/libservice_msgs__rosidl_typesupport_introspection_cpp.so /opt/ros/jazzy/lib/libservice_msgs__rosidl_typesupport_cpp.so /opt/ros/jazzy/lib/libservice_msgs__rosidl_typesupport_c.so /opt/ros/jazzy/lib/libservice_msgs__rosidl_generator_c.so /opt/ros/jazzy/lib/librcl_yaml_param_parser.so /opt/ros/jazzy/lib/librosgraph_msgs__rosidl_typesupport_fastrtps_c.so /opt/ros/jazzy/lib/librosgraph_msgs__rosidl_typesupport_fastrtps_cpp.so /opt/ros/jazzy/lib/librosgraph_msgs__rosidl_typesupport_introspection_c.so /opt/ros/jazzy/lib/librosgraph_msgs__rosidl_typesupport_introspection_cpp.so /opt/ros/jazzy/lib/librosgraph_msgs__rosidl_typesupport_cpp.so /opt/ros/jazzy/lib/librosgraph_msgs__rosidl_generator_py.so /opt/ros/jazzy/lib/librosgraph_msgs__rosidl_typesupport_c.so /opt/ros/jazzy/lib/librosgraph_msgs__rosidl_generator_c.so /opt/ros/jazzy/lib/libstatistics_msgs__rosidl_typesupport_fastrtps_c.so /opt/ros/jazzy/lib/libstatistics_msgs__rosidl_typesupport_fastrtps_cpp.so /opt/ros/jazzy/lib/libstatistics_msgs__rosidl_typesupport_introspection_c.so /opt/ros/jazzy/lib/libstatistics_msgs__rosidl_typesupport_introspection_cpp.so /opt/ros/jazzy/lib/libstatistics_msgs__rosidl_typesupport_cpp.so /opt/ros/jazzy/lib/libstatistics_msgs__rosidl_generator_py.so /opt/ros/jazzy/lib/libstatistics_msgs__rosidl_typesupport_c.so /opt/ros/jazzy/lib/libstatistics_msgs__rosidl_generator_c.so /opt/ros/jazzy/lib/libtracetools.so -llttng-ust -llttng-ust-common -rdynamic -ldl /opt/ros/jazzy/lib/librcl_logging_interface.so /opt/ros/jazzy/lib/libstd_msgs__rosidl_typesupport_c.so /opt/ros/jazzy/lib/libstd_msgs__rosidl_generator_c.so /opt/ros/jazzy/lib/libbuiltin_interfaces__rosidl_typesupport_fastrtps_c.so /opt/ros/jazzy/lib/librosidl_typesupport_fastrtps_c.so /opt/ros/jazzy/lib/libbuiltin_interfaces__rosidl_typesupport_introspection_c.so /opt/ros/jazzy/lib/libbuiltin_interfaces__rosidl_typesupport_fastrtps_cpp.so /opt/ros/jazzy/lib/librosidl_typesupport_fastrtps_cpp.so /opt/ros/jazzy/lib/librmw.so /opt/ros/jazzy/lib/librosidl_dynamic_typesupport.so /opt/ros/jazzy/lib/libfastcdr.so.2.2.5 /opt/ros/jazzy/lib/libbuiltin_interfaces__rosidl_typesupport_introspection_cpp.so /opt/ros/jazzy/lib/librosidl_typesupport_introspection_cpp.so /opt/ros/jazzy/lib/librosidl_typesupport_introspection_c.so /opt/ros/jazzy/lib/libbuiltin_interfaces__rosidl_typesupport_cpp.so /opt/ros/jazzy/lib/librosidl_typesupport_cpp.so /opt/ros/jazzy/lib/libbuiltin_interfaces__rosidl_generator_py.so /opt/ros/jazzy/lib/libbuiltin_interfaces__rosidl_typesupport_c.so /opt/ros/jazzy/lib/libbuiltin_interfaces__rosidl_generator_c.so /opt/ros/jazzy/lib/librosidl_typesupport_c.so /opt/ros/jazzy/lib/librcpputils.so /opt/ros/jazzy/lib/librosidl_runtime_c.so /opt/ros/jazzy/lib/librcutils.so -ldl -Wl,-rpath-link,/opt/ros/jazzy/lib 
gmake[2]: Leaving directory '/home/dummy/development/bumperbot_ws/build/bumperbot_cpp_examples'
[100%] Built target simple_qos_subscriber
gmake[1]: Leaving directory '/home/dummy/development/bumperbot_ws/build/bumperbot_cpp_examples'
/usr/bin/cmake -E cmake_progress_start /home/dummy/development/bumperbot_ws/build/bumperbot_cpp_examples/CMakeFiles 0

-- Install configuration: ""
-- Up-to-date: /home/dummy/development/bumperbot_ws/install/bumperbot_cpp_examples/lib/bumperbot_cpp_examples/simple_publisher
-- Up-to-date: /home/dummy/development/bumperbot_ws/install/bumperbot_cpp_examples/lib/bumperbot_cpp_examples/simple_subscriber
-- Up-to-date: /home/dummy/development/bumperbot_ws/install/bumperbot_cpp_examples/lib/bumperbot_cpp_examples/simple_lifecycle_node
-- Installing: /home/dummy/development/bumperbot_ws/install/bumperbot_cpp_examples/lib/bumperbot_cpp_examples/simple_qos_publisher
-- Set non-toolchain portion of runtime path of "/home/dummy/development/bumperbot_ws/install/bumperbot_cpp_examples/lib/bumperbot_cpp_examples/simple_qos_publisher" to ""
-- Installing: /home/dummy/development/bumperbot_ws/install/bumperbot_cpp_examples/lib/bumperbot_cpp_examples/simple_qos_subscriber
-- Set non-toolchain portion of runtime path of "/home/dummy/development/bumperbot_ws/install/bumperbot_cpp_examples/lib/bumperbot_cpp_examples/simple_qos_subscriber" to ""
-- Up-to-date: /home/dummy/development/bumperbot_ws/install/bumperbot_cpp_examples/share/ament_index/resource_index/package_run_dependencies/bumperbot_cpp_examples
-- Installing: /home/dummy/development/bumperbot_ws/install/bumperbot_cpp_examples/share/ament_index/resource_index/parent_prefix_path/bumperbot_cpp_examples
-- Up-to-date: /home/dummy/development/bumperbot_ws/install/bumperbot_cpp_examples/share/bumperbot_cpp_examples/environment/ament_prefix_path.sh
-- Up-to-date: /home/dummy/development/bumperbot_ws/install/bumperbot_cpp_examples/share/bumperbot_cpp_examples/environment/ament_prefix_path.dsv
-- Up-to-date: /home/dummy/development/bumperbot_ws/install/bumperbot_cpp_examples/share/bumperbot_cpp_examples/environment/path.sh
-- Up-to-date: /home/dummy/development/bumperbot_ws/install/bumperbot_cpp_examples/share/bumperbot_cpp_examples/environment/path.dsv
-- Up-to-date: /home/dummy/development/bumperbot_ws/install/bumperbot_cpp_examples/share/bumperbot_cpp_examples/local_setup.bash
-- Up-to-date: /home/dummy/development/bumperbot_ws/install/bumperbot_cpp_examples/share/bumperbot_cpp_examples/local_setup.sh
-- Up-to-date: /home/dummy/development/bumperbot_ws/install/bumperbot_cpp_examples/share/bumperbot_cpp_examples/local_setup.zsh
-- Up-to-date: /home/dummy/development/bumperbot_ws/install/bumperbot_cpp_examples/share/bumperbot_cpp_examples/local_setup.dsv
-- Installing: /home/dummy/development/bumperbot_ws/install/bumperbot_cpp_examples/share/bumperbot_cpp_examples/package.dsv
-- Up-to-date: /home/dummy/development/bumperbot_ws/install/bumperbot_cpp_examples/share/ament_index/resource_index/packages/bumperbot_cpp_examples
-- Up-to-date: /home/dummy/development/bumperbot_ws/install/bumperbot_cpp_examples/share/bumperbot_cpp_examples/cmake/bumperbot_cpp_examplesConfig.cmake
-- Up-to-date: /home/dummy/development/bumperbot_ws/install/bumperbot_cpp_examples/share/bumperbot_cpp_examples/cmake/bumperbot_cpp_examplesConfig-version.cmake
-- Up-to-date: /home/dummy/development/bumperbot_ws/install/bumperbot_cpp_examples/share/bumperbot_cpp_examples/package.xml
