[0.014s] Invoking command in '/bumperbot_ws/build/bumperbot_motion': CMAKE_PREFIX_PATH=${CMAKE_PREFIX_PATH}:/opt/ros/jazzy /usr/bin/cmake /bumperbot_ws/src/bumperbot_motion -DCMAKE_INSTALL_PREFIX=/bumperbot_ws/install/bumperbot_motion
[0.126s] -- The C compiler identification is GNU 13.3.0
[0.151s] -- The CXX compiler identification is GNU 13.3.0
[0.162s] -- Detecting C compiler ABI info
[0.226s] -- Detecting C compiler ABI info - done
[0.232s] -- Check for working C compiler: /usr/bin/cc - skipped
[0.232s] -- Detecting C compile features
[0.233s] -- Detecting C compile features - done
[0.239s] -- Detecting CXX compiler ABI info
[0.309s] -- Detecting CXX compiler ABI info - done
[0.316s] -- Check for working CXX compiler: /usr/bin/c++ - skipped
[0.317s] -- Detecting CXX compile features
[0.317s] -- Detecting CXX compile features - done
[0.325s] -- Found ament_cmake: 2.5.4 (/opt/ros/jazzy/share/ament_cmake/cmake)
[0.418s] -- Found Python3: /usr/bin/python3 (found version "3.12.3") found components: Interpreter 
[0.503s] -- Found ament_lint_auto: 0.17.3 (/opt/ros/jazzy/share/ament_lint_auto/cmake)
[0.583s] -- Added test 'cppcheck' to perform static code analysis on C / C++ code
[0.583s] -- Configured cppcheck include dirs: 
[0.583s] -- Configured cppcheck exclude dirs and/or files: 
[0.584s] -- Added test 'lint_cmake' to check CMake code style
[0.584s] -- Added test 'uncrustify' to check C / C++ code style
[0.584s] -- Configured uncrustify additional arguments: 
[0.585s] -- Added test 'xmllint' to check XML markup files
[0.586s] -- Configuring done (0.6s)
[0.588s] -- Generating done (0.0s)
[0.589s] -- Build files have been written to: /bumperbot_ws/build/bumperbot_motion
[0.592s] Invoked command in '/bumperbot_ws/build/bumperbot_motion' returned '0': CMAKE_PREFIX_PATH=${CMAKE_PREFIX_PATH}:/opt/ros/jazzy /usr/bin/cmake /bumperbot_ws/src/bumperbot_motion -DCMAKE_INSTALL_PREFIX=/bumperbot_ws/install/bumperbot_motion
[0.592s] Invoking command in '/bumperbot_ws/build/bumperbot_motion': CMAKE_PREFIX_PATH=${CMAKE_PREFIX_PATH}:/opt/ros/jazzy /usr/bin/cmake --build /bumperbot_ws/build/bumperbot_motion -- -j16 -l16
[0.617s] Invoked command in '/bumperbot_ws/build/bumperbot_motion' returned '0': CMAKE_PREFIX_PATH=${CMAKE_PREFIX_PATH}:/opt/ros/jazzy /usr/bin/cmake --build /bumperbot_ws/build/bumperbot_motion -- -j16 -l16
[0.618s] Invoking command in '/bumperbot_ws/build/bumperbot_motion': CMAKE_PREFIX_PATH=${CMAKE_PREFIX_PATH}:/opt/ros/jazzy /usr/bin/cmake --install /bumperbot_ws/build/bumperbot_motion
[0.623s] -- Install configuration: ""
[0.623s] -- Installing: /bumperbot_ws/install/bumperbot_motion/share/ament_index/resource_index/package_run_dependencies/bumperbot_motion
[0.623s] -- Installing: /bumperbot_ws/install/bumperbot_motion/share/ament_index/resource_index/parent_prefix_path/bumperbot_motion
[0.624s] -- Installing: /bumperbot_ws/install/bumperbot_motion/share/bumperbot_motion/environment/ament_prefix_path.sh
[0.624s] -- Installing: /bumperbot_ws/install/bumperbot_motion/share/bumperbot_motion/environment/ament_prefix_path.dsv
[0.624s] -- Installing: /bumperbot_ws/install/bumperbot_motion/share/bumperbot_motion/environment/path.sh
[0.624s] -- Installing: /bumperbot_ws/install/bumperbot_motion/share/bumperbot_motion/environment/path.dsv
[0.624s] -- Installing: /bumperbot_ws/install/bumperbot_motion/share/bumperbot_motion/local_setup.bash
[0.624s] -- Installing: /bumperbot_ws/install/bumperbot_motion/share/bumperbot_motion/local_setup.sh
[0.624s] -- Installing: /bumperbot_ws/install/bumperbot_motion/share/bumperbot_motion/local_setup.zsh
[0.624s] -- Installing: /bumperbot_ws/install/bumperbot_motion/share/bumperbot_motion/local_setup.dsv
[0.624s] -- Installing: /bumperbot_ws/install/bumperbot_motion/share/bumperbot_motion/package.dsv
[0.624s] -- Installing: /bumperbot_ws/install/bumperbot_motion/share/ament_index/resource_index/packages/bumperbot_motion
[0.624s] -- Installing: /bumperbot_ws/install/bumperbot_motion/share/bumperbot_motion/cmake/bumperbot_motionConfig.cmake
[0.624s] -- Installing: /bumperbot_ws/install/bumperbot_motion/share/bumperbot_motion/cmake/bumperbot_motionConfig-version.cmake
[0.624s] -- Installing: /bumperbot_ws/install/bumperbot_motion/share/bumperbot_motion/package.xml
[0.626s] Invoked command in '/bumperbot_ws/build/bumperbot_motion' returned '0': CMAKE_PREFIX_PATH=${CMAKE_PREFIX_PATH}:/opt/ros/jazzy /usr/bin/cmake --install /bumperbot_ws/build/bumperbot_motion
