[0.020s] Invoking command in '/bumperbot/build/bumperbot_utils': CMAKE_PREFIX_PATH=${CMAKE_PREFIX_PATH}:/opt/ros/jazzy /usr/bin/cmake /bumperbot/src/bumperbot_utils -DCMAKE_INSTALL_PREFIX=/bumperbot/install/bumperbot_utils
[0.113s] -- The C compiler identification is GNU 13.3.0
[0.217s] -- The CXX compiler identification is GNU 13.3.0
[0.242s] -- Detecting C compiler ABI info
[0.371s] -- Detecting C compiler ABI info - done
[0.386s] -- Check for working C compiler: /usr/bin/cc - skipped
[0.386s] -- Detecting C compile features
[0.387s] -- Detecting C compile features - done
[0.400s] -- Detecting CXX compiler ABI info
[0.545s] -- Detecting CXX compiler ABI info - done
[0.564s] -- Check for working CXX compiler: /usr/bin/c++ - skipped
[0.564s] -- Detecting CXX compile features
[0.565s] -- Detecting CXX compile features - done
[0.569s] -- Found ament_cmake: 2.5.4 (/opt/ros/jazzy/share/ament_cmake/cmake)
[0.739s] -- Found Python3: /usr/bin/python3 (found version "3.12.3") found components: Interpreter 
[0.868s] -- Found rclcpp: 28.1.12 (/opt/ros/jazzy/share/rclcpp/cmake)
[0.928s] -- Found rosidl_generator_c: 4.6.6 (/opt/ros/jazzy/share/rosidl_generator_c/cmake)
[0.958s] -- Found rosidl_generator_cpp: 4.6.6 (/opt/ros/jazzy/share/rosidl_generator_cpp/cmake)
[0.991s] -- Using all available rosidl_typesupport_c: rosidl_typesupport_fastrtps_c;rosidl_typesupport_introspection_c
[1.030s] -- Using all available rosidl_typesupport_cpp: rosidl_typesupport_fastrtps_cpp;rosidl_typesupport_introspection_cpp
[1.140s] -- Found rmw_implementation_cmake: 7.3.2 (/opt/ros/jazzy/share/rmw_implementation_cmake/cmake)
[1.143s] -- Found rmw_zenoh_cpp: 0.2.7 (/opt/ros/jazzy/share/rmw_zenoh_cpp/cmake)
[1.145s] -- Using RMW implementation 'rmw_zenoh_cpp' as default
[1.252s] -- Found rclpy: 7.1.5 (/opt/ros/jazzy/share/rclpy/cmake)
[1.255s] -- Found geometry_msgs: 5.3.6 (/opt/ros/jazzy/share/geometry_msgs/cmake)
[1.308s] -- Found sensor_msgs: 5.3.6 (/opt/ros/jazzy/share/sensor_msgs/cmake)
[1.353s] [31mCMake Error at CMakeLists.txt:16 (find_package):
[1.353s]   By not providing "Findtwist_mux_msgs.cmake" in CMAKE_MODULE_PATH this
[1.353s]   project has asked CMake to find a package configuration file provided by
[1.353s]   "twist_mux_msgs", but CMake did not find one.
[1.353s] 
[1.354s]   Could not find a package configuration file provided by "twist_mux_msgs"
[1.354s]   with any of the following names:
[1.354s] 
[1.354s]     twist_mux_msgsConfig.cmake
[1.354s]     twist_mux_msgs-config.cmake
[1.354s] 
[1.354s]   Add the installation prefix of "twist_mux_msgs" to CMAKE_PREFIX_PATH or set
[1.354s]   "twist_mux_msgs_DIR" to a directory containing one of the above files.  If
[1.354s]   "twist_mux_msgs" provides a separate development package or SDK, be sure it
[1.354s]   has been installed.
[1.354s] 
[1.354s] [0m
[1.354s] -- Configuring incomplete, errors occurred!
