[0.027s] Invoking command in '/bumperbot/build/bumperbot_description': CMAKE_PREFIX_PATH=${CMAKE_PREFIX_PATH}:/opt/ros/jazzy /usr/bin/cmake /bumperbot/src/bumperbot_description -DCMAKE_INSTALL_PREFIX=/bumperbot/install/bumperbot_description
[0.097s] -- The C compiler identification is GNU 13.3.0
[0.196s] -- The CXX compiler identification is GNU 13.3.0
[0.234s] -- Detecting C compiler ABI info
[0.355s] -- Detecting C compiler ABI info - done
[0.375s] -- Check for working C compiler: /usr/bin/cc - skipped
[0.376s] -- Detecting C compile features
[0.376s] -- Detecting C compile features - done
[0.390s] -- Detecting CXX compiler ABI info
[0.546s] -- Detecting CXX compiler ABI info - done
[0.559s] -- Check for working CXX compiler: /usr/bin/c++ - skipped
[0.559s] -- Detecting CXX compile features
[0.560s] -- Detecting CXX compile features - done
[0.564s] -- Found ament_cmake: 2.5.4 (/opt/ros/jazzy/share/ament_cmake/cmake)
[0.729s] -- Found Python3: /usr/bin/python3 (found version "3.12.3") found components: Interpreter 
[0.855s] -- Found urdf: 2.10.0 (/opt/ros/jazzy/share/urdf/cmake)
[0.907s] -- Found TinyXML2 via Config file: /usr/lib/x86_64-linux-gnu/cmake/tinyxml2
[0.926s] -- Found ament_lint_auto: 0.17.3 (/opt/ros/jazzy/share/ament_lint_auto/cmake)
[1.084s] -- Added test 'copyright' to check source files copyright and LICENSE
[1.210s] -- Added test 'flake8' to check Python code syntax and style conventions
[1.210s] -- Configured 'flake8' exclude dirs and/or files: 
[1.224s] -- Added test 'lint_cmake' to check CMake code style
[1.233s] -- Added test 'pep257' to check Python code against some of the docstring style conventions in PEP 257
[1.299s] -- Added test 'xmllint' to check XML markup files
[1.300s] -- Configuring done (1.3s)
[1.306s] -- Generating done (0.0s)
[1.307s] -- Build files have been written to: /bumperbot/build/bumperbot_description
