[0.014s] Invoking command in '/bumperbot_ws/build/bumperbot_planning': CMAKE_PREFIX_PATH=${CMAKE_PREFIX_PATH}:/opt/ros/jazzy /usr/bin/cmake /bumperbot_ws/src/bumperbot_planning -DCMAKE_INSTALL_PREFIX=/bumperbot_ws/install/bumperbot_planning
[0.056s] -- The C compiler identification is GNU 13.3.0
[0.097s] -- The CXX compiler identification is GNU 13.3.0
[0.108s] -- Detecting C compiler ABI info
[0.173s] -- Detecting C compiler ABI info - done
[0.180s] -- Check for working C compiler: /usr/bin/cc - skipped
[0.180s] -- Detecting C compile features
[0.181s] -- Detecting C compile features - done
[0.188s] -- Detecting CXX compiler ABI info
[0.258s] -- Detecting CXX compiler ABI info - done
[0.264s] -- Check for working CXX compiler: /usr/bin/c++ - skipped
[0.264s] -- Detecting CXX compile features
[0.264s] -- Detecting CXX compile features - done
[0.268s] -- Found ament_cmake: 2.5.4 (/opt/ros/jazzy/share/ament_cmake/cmake)
[0.373s] -- Found Python3: /usr/bin/python3 (found version "3.12.3") found components: Interpreter 
[0.483s] -- Found rclcpp: 28.1.12 (/opt/ros/jazzy/share/rclcpp/cmake)
[0.530s] -- Found rosidl_generator_c: 4.6.6 (/opt/ros/jazzy/share/rosidl_generator_c/cmake)
[0.546s] -- Found rosidl_generator_cpp: 4.6.6 (/opt/ros/jazzy/share/rosidl_generator_cpp/cmake)
[0.564s] -- Using all available rosidl_typesupport_c: rosidl_typesupport_fastrtps_c;rosidl_typesupport_introspection_c
[0.583s] -- Using all available rosidl_typesupport_cpp: rosidl_typesupport_fastrtps_cpp;rosidl_typesupport_introspection_cpp
[0.659s] -- Found rmw_implementation_cmake: 7.3.2 (/opt/ros/jazzy/share/rmw_implementation_cmake/cmake)
[0.663s] -- Found rmw_zenoh_cpp: 0.2.7 (/opt/ros/jazzy/share/rmw_zenoh_cpp/cmake)
[0.664s] -- Using RMW implementation 'rmw_zenoh_cpp' as default
[0.729s] -- Found rclcpp_action: 28.1.12 (/opt/ros/jazzy/share/rclcpp_action/cmake)
[0.770s] -- Found rclpy: 7.1.5 (/opt/ros/jazzy/share/rclpy/cmake)
[0.772s] -- Found nav_msgs: 5.3.6 (/opt/ros/jazzy/share/nav_msgs/cmake)
[0.823s] -- Found tf2_ros: 0.36.14 (/opt/ros/jazzy/share/tf2_ros/cmake)
[0.902s] -- Found nav2_core: 1.3.8 (/opt/ros/jazzy/share/nav2_core/cmake)
[1.129s] -- Found eigen3_cmake_module: 0.3.0 (/opt/ros/jazzy/share/eigen3_cmake_module/cmake)
[1.130s] -- Found Eigen3: TRUE (found version "3.4.0") 
[1.130s] -- Ensuring Eigen3 include directory is part of orocos-kdl CMake target
[1.151s] -- Found TinyXML2 via Config file: /usr/lib/x86_64-linux-gnu/cmake/tinyxml2
[1.564s] -- Configuring done (1.5s)
[1.681s] -- Generating done (0.1s)
[1.692s] -- Build files have been written to: /bumperbot_ws/build/bumperbot_planning
[1.709s] Invoked command in '/bumperbot_ws/build/bumperbot_planning' returned '0': CMAKE_PREFIX_PATH=${CMAKE_PREFIX_PATH}:/opt/ros/jazzy /usr/bin/cmake /bumperbot_ws/src/bumperbot_planning -DCMAKE_INSTALL_PREFIX=/bumperbot_ws/install/bumperbot_planning
[1.709s] Invoking command in '/bumperbot_ws/build/bumperbot_planning': CMAKE_PREFIX_PATH=${CMAKE_PREFIX_PATH}:/opt/ros/jazzy /usr/bin/cmake --build /bumperbot_ws/build/bumperbot_planning -- -j16 -l16
[1.771s] [ 25%] [32mBuilding CXX object CMakeFiles/a_star_planner.dir/src/a_star_planner.cpp.o[0m
[1.772s] [ 50%] [32mBuilding CXX object CMakeFiles/dijkstra_planner.dir/src/dijkstra_planner.cpp.o[0m
[1.779s] [ 50%] Built target ament_cmake_python_copy_bumperbot_planning
[2.035s] running egg_info
[2.038s] creating bumperbot_planning.egg-info
[2.058s] writing bumperbot_planning.egg-info/PKG-INFO
[2.058s] writing dependency_links to bumperbot_planning.egg-info/dependency_links.txt
[2.059s] writing top-level names to bumperbot_planning.egg-info/top_level.txt
[2.059s] writing manifest file 'bumperbot_planning.egg-info/SOURCES.txt'
[2.126s] reading manifest file 'bumperbot_planning.egg-info/SOURCES.txt'
[2.126s] writing manifest file 'bumperbot_planning.egg-info/SOURCES.txt'
[2.168s] [ 50%] Built target ament_cmake_python_build_bumperbot_planning_egg
[8.192s] [ 75%] [32m[1mLinking CXX shared library liba_star_planner.so[0m
[8.522s] [ 75%] Built target a_star_planner
[8.759s] [100%] [32m[1mLinking CXX shared library libdijkstra_planner.so[0m
[9.283s] [100%] Built target dijkstra_planner
[9.318s] Invoked command in '/bumperbot_ws/build/bumperbot_planning' returned '0': CMAKE_PREFIX_PATH=${CMAKE_PREFIX_PATH}:/opt/ros/jazzy /usr/bin/cmake --build /bumperbot_ws/build/bumperbot_planning -- -j16 -l16
[9.319s] Invoking command in '/bumperbot_ws/build/bumperbot_planning': CMAKE_PREFIX_PATH=${CMAKE_PREFIX_PATH}:/opt/ros/jazzy /usr/bin/cmake --install /bumperbot_ws/build/bumperbot_planning
[9.328s] -- Install configuration: ""
[9.328s] -- Installing: /bumperbot_ws/install/bumperbot_planning/share/bumperbot_planning/environment/pythonpath.sh
[9.329s] -- Installing: /bumperbot_ws/install/bumperbot_planning/share/bumperbot_planning/environment/pythonpath.dsv
[9.329s] -- Installing: /bumperbot_ws/install/bumperbot_planning/lib/python3.12/site-packages/bumperbot_planning-0.0.0-py3.12.egg-info
[9.329s] -- Installing: /bumperbot_ws/install/bumperbot_planning/lib/python3.12/site-packages/bumperbot_planning-0.0.0-py3.12.egg-info/top_level.txt
[9.329s] -- Installing: /bumperbot_ws/install/bumperbot_planning/lib/python3.12/site-packages/bumperbot_planning-0.0.0-py3.12.egg-info/PKG-INFO
[9.329s] -- Installing: /bumperbot_ws/install/bumperbot_planning/lib/python3.12/site-packages/bumperbot_planning-0.0.0-py3.12.egg-info/SOURCES.txt
[9.329s] -- Installing: /bumperbot_ws/install/bumperbot_planning/lib/python3.12/site-packages/bumperbot_planning-0.0.0-py3.12.egg-info/dependency_links.txt
[9.329s] -- Installing: /bumperbot_ws/install/bumperbot_planning/lib/python3.12/site-packages/bumperbot_planning
[9.329s] -- Installing: /bumperbot_ws/install/bumperbot_planning/lib/python3.12/site-packages/bumperbot_planning/a_star_planner.py
[9.329s] -- Installing: /bumperbot_ws/install/bumperbot_planning/lib/python3.12/site-packages/bumperbot_planning/__init__.py
[9.329s] -- Installing: /bumperbot_ws/install/bumperbot_planning/lib/python3.12/site-packages/bumperbot_planning/dijkstra_planner.py
[9.369s] Listing '/bumperbot_ws/install/bumperbot_planning/lib/python3.12/site-packages/bumperbot_planning'...
[9.369s] Compiling '/bumperbot_ws/install/bumperbot_planning/lib/python3.12/site-packages/bumperbot_planning/__init__.py'...
[9.370s] Compiling '/bumperbot_ws/install/bumperbot_planning/lib/python3.12/site-packages/bumperbot_planning/a_star_planner.py'...
[9.370s] Compiling '/bumperbot_ws/install/bumperbot_planning/lib/python3.12/site-packages/bumperbot_planning/dijkstra_planner.py'...
[9.374s] -- Installing: /bumperbot_ws/install/bumperbot_planning/share/bumperbot_planning/global_planner_plugins.xml
[9.374s] -- Installing: /bumperbot_ws/install/bumperbot_planning/lib/libdijkstra_planner.so
[9.377s] -- Set non-toolchain portion of runtime path of "/bumperbot_ws/install/bumperbot_planning/lib/libdijkstra_planner.so" to ""
[9.377s] -- Installing: /bumperbot_ws/install/bumperbot_planning/lib/liba_star_planner.so
[9.377s] -- Set non-toolchain portion of runtime path of "/bumperbot_ws/install/bumperbot_planning/lib/liba_star_planner.so" to ""
[9.377s] -- Installing: /bumperbot_ws/install/bumperbot_planning/include/include
[9.377s] -- Installing: /bumperbot_ws/install/bumperbot_planning/include/include/bumperbot_planning
[9.377s] -- Installing: /bumperbot_ws/install/bumperbot_planning/include/include/bumperbot_planning/dijkstra_planner.hpp
[9.377s] -- Installing: /bumperbot_ws/install/bumperbot_planning/include/include/bumperbot_planning/a_star_planner.hpp
[9.377s] -- Up-to-date: /bumperbot_ws/install/bumperbot_planning/share/bumperbot_planning/global_planner_plugins.xml
[9.377s] -- Installing: /bumperbot_ws/install/bumperbot_planning/lib/bumperbot_planning/a_star_planner.py
[9.378s] -- Installing: /bumperbot_ws/install/bumperbot_planning/lib/bumperbot_planning/dijkstra_planner.py
[9.378s] -- Installing: /bumperbot_ws/install/bumperbot_planning/share/bumperbot_planning/environment/library_path.sh
[9.378s] -- Installing: /bumperbot_ws/install/bumperbot_planning/share/bumperbot_planning/environment/library_path.dsv
[9.378s] -- Installing: /bumperbot_ws/install/bumperbot_planning/share/ament_index/resource_index/package_run_dependencies/bumperbot_planning
[9.378s] -- Installing: /bumperbot_ws/install/bumperbot_planning/share/ament_index/resource_index/parent_prefix_path/bumperbot_planning
[9.378s] -- Installing: /bumperbot_ws/install/bumperbot_planning/share/bumperbot_planning/environment/ament_prefix_path.sh
[9.378s] -- Installing: /bumperbot_ws/install/bumperbot_planning/share/bumperbot_planning/environment/ament_prefix_path.dsv
[9.378s] -- Installing: /bumperbot_ws/install/bumperbot_planning/share/bumperbot_planning/environment/path.sh
[9.378s] -- Installing: /bumperbot_ws/install/bumperbot_planning/share/bumperbot_planning/environment/path.dsv
[9.378s] -- Installing: /bumperbot_ws/install/bumperbot_planning/share/bumperbot_planning/local_setup.bash
[9.379s] -- Installing: /bumperbot_ws/install/bumperbot_planning/share/bumperbot_planning/local_setup.sh
[9.379s] -- Installing: /bumperbot_ws/install/bumperbot_planning/share/bumperbot_planning/local_setup.zsh
[9.379s] -- Installing: /bumperbot_ws/install/bumperbot_planning/share/bumperbot_planning/local_setup.dsv
[9.379s] -- Installing: /bumperbot_ws/install/bumperbot_planning/share/bumperbot_planning/package.dsv
[9.379s] -- Installing: /bumperbot_ws/install/bumperbot_planning/share/ament_index/resource_index/packages/bumperbot_planning
[9.379s] -- Installing: /bumperbot_ws/install/bumperbot_planning/share/ament_index/resource_index/nav2_core__pluginlib__plugin/bumperbot_planning
[9.379s] -- Installing: /bumperbot_ws/install/bumperbot_planning/share/bumperbot_planning/cmake/ament_cmake_export_include_directories-extras.cmake
[9.379s] -- Installing: /bumperbot_ws/install/bumperbot_planning/share/bumperbot_planning/cmake/ament_cmake_export_libraries-extras.cmake
[9.379s] -- Installing: /bumperbot_ws/install/bumperbot_planning/share/bumperbot_planning/cmake/ament_cmake_export_dependencies-extras.cmake
[9.379s] -- Installing: /bumperbot_ws/install/bumperbot_planning/share/bumperbot_planning/cmake/bumperbot_planningConfig.cmake
[9.379s] -- Installing: /bumperbot_ws/install/bumperbot_planning/share/bumperbot_planning/cmake/bumperbot_planningConfig-version.cmake
[9.380s] -- Installing: /bumperbot_ws/install/bumperbot_planning/share/bumperbot_planning/package.xml
[9.381s] Invoked command in '/bumperbot_ws/build/bumperbot_planning' returned '0': CMAKE_PREFIX_PATH=${CMAKE_PREFIX_PATH}:/opt/ros/jazzy /usr/bin/cmake --install /bumperbot_ws/build/bumperbot_planning
